[  2%] Built target rmctrl_msgs__cpp
[ 12%] Built target rmctrl_msgs__rosidl_generator_c
[ 12%] Built target ament_cmake_python_copy_rmctrl_msgs
[ 23%] Built target rmctrl_msgs__rosidl_typesupport_fastrtps_cpp
[ 34%] Built target rmctrl_msgs__rosidl_typesupport_cpp
[ 44%] Built target rmctrl_msgs__rosidl_typesupport_introspection_cpp
[ 55%] Built target rmctrl_msgs__rosidl_typesupport_introspection_c
[ 65%] Built target rmctrl_msgs__rosidl_typesupport_c
[ 76%] Built target rmctrl_msgs__rosidl_typesupport_fastrtps_c
[ 76%] Built target rmctrl_msgs
[ 78%] Built target rmctrl_msgs__py
[ 87%] Built target rmctrl_msgs__rosidl_generator_py
[ 95%] Built target rmctrl_msgs__rosidl_typesupport_fastrtps_c__pyext
[ 95%] Built target rmctrl_msgs__rosidl_typesupport_c__pyext
[100%] Built target rmctrl_msgs__rosidl_typesupport_introspection_c__pyext
running egg_info
writing rmctrl_msgs.egg-info/PKG-INFO
writing dependency_links to rmctrl_msgs.egg-info/dependency_links.txt
writing top-level names to rmctrl_msgs.egg-info/top_level.txt
reading manifest file 'rmctrl_msgs.egg-info/SOURCES.txt'
writing manifest file 'rmctrl_msgs.egg-info/SOURCES.txt'
[100%] Built target ament_cmake_python_build_rmctrl_msgs_egg
-- Install configuration: ""
-- Up-to-date: /home/zrk/engineer_up/engineer/install/rmctrl_msgs/share/ament_index/resource_index/rosidl_interfaces/rmctrl_msgs
-- Up-to-date: /home/zrk/engineer_up/engineer/install/rmctrl_msgs/include/rmctrl_msgs/rmctrl_msgs
-- Up-to-date: /home/zrk/engineer_up/engineer/install/rmctrl_msgs/include/rmctrl_msgs/rmctrl_msgs/msg
-- Up-to-date: /home/zrk/engineer_up/engineer/install/rmctrl_msgs/include/rmctrl_msgs/rmctrl_msgs/msg/detail
-- Up-to-date: /home/zrk/engineer_up/engineer/install/rmctrl_msgs/include/rmctrl_msgs/rmctrl_msgs/msg/detail/imu__functions.h
-- Up-to-date: /home/zrk/engineer_up/engineer/install/rmctrl_msgs/include/rmctrl_msgs/rmctrl_msgs/msg/detail/imu__functions.c
-- Up-to-date: /home/zrk/engineer_up/engineer/install/rmctrl_msgs/include/rmctrl_msgs/rmctrl_msgs/msg/detail/odom__struct.h
-- Up-to-date: /home/zrk/engineer_up/engineer/install/rmctrl_msgs/include/rmctrl_msgs/rmctrl_msgs/msg/detail/chassis__functions.c
-- Up-to-date: /home/zrk/engineer_up/engineer/install/rmctrl_msgs/include/rmctrl_msgs/rmctrl_msgs/msg/detail/chassis__functions.h
-- Up-to-date: /home/zrk/engineer_up/engineer/install/rmctrl_msgs/include/rmctrl_msgs/rmctrl_msgs/msg/detail/chassis__type_support.h
-- Up-to-date: /home/zrk/engineer_up/engineer/install/rmctrl_msgs/include/rmctrl_msgs/rmctrl_msgs/msg/detail/imu__type_support.h
-- Up-to-date: /home/zrk/engineer_up/engineer/install/rmctrl_msgs/include/rmctrl_msgs/rmctrl_msgs/msg/detail/imu__struct.h
-- Up-to-date: /home/zrk/engineer_up/engineer/install/rmctrl_msgs/include/rmctrl_msgs/rmctrl_msgs/msg/detail/odom__functions.h
-- Up-to-date: /home/zrk/engineer_up/engineer/install/rmctrl_msgs/include/rmctrl_msgs/rmctrl_msgs/msg/detail/chassis__struct.h
-- Up-to-date: /home/zrk/engineer_up/engineer/install/rmctrl_msgs/include/rmctrl_msgs/rmctrl_msgs/msg/detail/odom__functions.c
-- Up-to-date: /home/zrk/engineer_up/engineer/install/rmctrl_msgs/include/rmctrl_msgs/rmctrl_msgs/msg/detail/odom__type_support.h
-- Up-to-date: /home/zrk/engineer_up/engineer/install/rmctrl_msgs/include/rmctrl_msgs/rmctrl_msgs/msg/chassis.h
-- Up-to-date: /home/zrk/engineer_up/engineer/install/rmctrl_msgs/include/rmctrl_msgs/rmctrl_msgs/msg/imu.h
-- Up-to-date: /home/zrk/engineer_up/engineer/install/rmctrl_msgs/include/rmctrl_msgs/rmctrl_msgs/msg/rosidl_generator_c__visibility_control.h
-- Up-to-date: /home/zrk/engineer_up/engineer/install/rmctrl_msgs/include/rmctrl_msgs/rmctrl_msgs/msg/odom.h
-- Up-to-date: /home/zrk/engineer_up/engineer/install/rmctrl_msgs/share/rmctrl_msgs/environment/library_path.sh
-- Up-to-date: /home/zrk/engineer_up/engineer/install/rmctrl_msgs/share/rmctrl_msgs/environment/library_path.dsv
-- Up-to-date: /home/zrk/engineer_up/engineer/install/rmctrl_msgs/lib/librmctrl_msgs__rosidl_generator_c.so
-- Up-to-date: /home/zrk/engineer_up/engineer/install/rmctrl_msgs/include/rmctrl_msgs/rmctrl_msgs
-- Up-to-date: /home/zrk/engineer_up/engineer/install/rmctrl_msgs/include/rmctrl_msgs/rmctrl_msgs/msg
-- Up-to-date: /home/zrk/engineer_up/engineer/install/rmctrl_msgs/include/rmctrl_msgs/rmctrl_msgs/msg/rosidl_typesupport_fastrtps_c__visibility_control.h
-- Up-to-date: /home/zrk/engineer_up/engineer/install/rmctrl_msgs/include/rmctrl_msgs/rmctrl_msgs/msg/detail
-- Up-to-date: /home/zrk/engineer_up/engineer/install/rmctrl_msgs/include/rmctrl_msgs/rmctrl_msgs/msg/detail/chassis__rosidl_typesupport_fastrtps_c.h
-- Up-to-date: /home/zrk/engineer_up/engineer/install/rmctrl_msgs/include/rmctrl_msgs/rmctrl_msgs/msg/detail/odom__rosidl_typesupport_fastrtps_c.h
-- Up-to-date: /home/zrk/engineer_up/engineer/install/rmctrl_msgs/include/rmctrl_msgs/rmctrl_msgs/msg/detail/imu__rosidl_typesupport_fastrtps_c.h
-- Up-to-date: /home/zrk/engineer_up/engineer/install/rmctrl_msgs/lib/librmctrl_msgs__rosidl_typesupport_fastrtps_c.so
-- Up-to-date: /home/zrk/engineer_up/engineer/install/rmctrl_msgs/include/rmctrl_msgs/rmctrl_msgs
-- Up-to-date: /home/zrk/engineer_up/engineer/install/rmctrl_msgs/include/rmctrl_msgs/rmctrl_msgs/msg
-- Up-to-date: /home/zrk/engineer_up/engineer/install/rmctrl_msgs/include/rmctrl_msgs/rmctrl_msgs/msg/chassis.hpp
-- Up-to-date: /home/zrk/engineer_up/engineer/install/rmctrl_msgs/include/rmctrl_msgs/rmctrl_msgs/msg/odom.hpp
-- Up-to-date: /home/zrk/engineer_up/engineer/install/rmctrl_msgs/include/rmctrl_msgs/rmctrl_msgs/msg/imu.hpp
-- Up-to-date: /home/zrk/engineer_up/engineer/install/rmctrl_msgs/include/rmctrl_msgs/rmctrl_msgs/msg/detail
-- Up-to-date: /home/zrk/engineer_up/engineer/install/rmctrl_msgs/include/rmctrl_msgs/rmctrl_msgs/msg/detail/odom__builder.hpp
-- Up-to-date: /home/zrk/engineer_up/engineer/install/rmctrl_msgs/include/rmctrl_msgs/rmctrl_msgs/msg/detail/imu__type_support.hpp
-- Up-to-date: /home/zrk/engineer_up/engineer/install/rmctrl_msgs/include/rmctrl_msgs/rmctrl_msgs/msg/detail/odom__struct.hpp
-- Up-to-date: /home/zrk/engineer_up/engineer/install/rmctrl_msgs/include/rmctrl_msgs/rmctrl_msgs/msg/detail/imu__builder.hpp
-- Up-to-date: /home/zrk/engineer_up/engineer/install/rmctrl_msgs/include/rmctrl_msgs/rmctrl_msgs/msg/detail/chassis__builder.hpp
-- Up-to-date: /home/zrk/engineer_up/engineer/install/rmctrl_msgs/include/rmctrl_msgs/rmctrl_msgs/msg/detail/chassis__type_support.hpp
-- Up-to-date: /home/zrk/engineer_up/engineer/install/rmctrl_msgs/include/rmctrl_msgs/rmctrl_msgs/msg/detail/odom__type_support.hpp
-- Up-to-date: /home/zrk/engineer_up/engineer/install/rmctrl_msgs/include/rmctrl_msgs/rmctrl_msgs/msg/detail/imu__struct.hpp
-- Up-to-date: /home/zrk/engineer_up/engineer/install/rmctrl_msgs/include/rmctrl_msgs/rmctrl_msgs/msg/detail/chassis__traits.hpp
-- Up-to-date: /home/zrk/engineer_up/engineer/install/rmctrl_msgs/include/rmctrl_msgs/rmctrl_msgs/msg/detail/chassis__struct.hpp
-- Up-to-date: /home/zrk/engineer_up/engineer/install/rmctrl_msgs/include/rmctrl_msgs/rmctrl_msgs/msg/detail/imu__traits.hpp
-- Up-to-date: /home/zrk/engineer_up/engineer/install/rmctrl_msgs/include/rmctrl_msgs/rmctrl_msgs/msg/detail/odom__traits.hpp
-- Up-to-date: /home/zrk/engineer_up/engineer/install/rmctrl_msgs/include/rmctrl_msgs/rmctrl_msgs/msg/rosidl_generator_cpp__visibility_control.hpp
-- Up-to-date: /home/zrk/engineer_up/engineer/install/rmctrl_msgs/include/rmctrl_msgs/rmctrl_msgs
-- Up-to-date: /home/zrk/engineer_up/engineer/install/rmctrl_msgs/include/rmctrl_msgs/rmctrl_msgs/msg
-- Up-to-date: /home/zrk/engineer_up/engineer/install/rmctrl_msgs/include/rmctrl_msgs/rmctrl_msgs/msg/rosidl_typesupport_fastrtps_cpp__visibility_control.h
-- Up-to-date: /home/zrk/engineer_up/engineer/install/rmctrl_msgs/include/rmctrl_msgs/rmctrl_msgs/msg/detail
-- Up-to-date: /home/zrk/engineer_up/engineer/install/rmctrl_msgs/include/rmctrl_msgs/rmctrl_msgs/msg/detail/chassis__rosidl_typesupport_fastrtps_cpp.hpp
-- Up-to-date: /home/zrk/engineer_up/engineer/install/rmctrl_msgs/include/rmctrl_msgs/rmctrl_msgs/msg/detail/dds_fastrtps
-- Up-to-date: /home/zrk/engineer_up/engineer/install/rmctrl_msgs/include/rmctrl_msgs/rmctrl_msgs/msg/detail/odom__rosidl_typesupport_fastrtps_cpp.hpp
-- Up-to-date: /home/zrk/engineer_up/engineer/install/rmctrl_msgs/include/rmctrl_msgs/rmctrl_msgs/msg/detail/imu__rosidl_typesupport_fastrtps_cpp.hpp
-- Up-to-date: /home/zrk/engineer_up/engineer/install/rmctrl_msgs/lib/librmctrl_msgs__rosidl_typesupport_fastrtps_cpp.so
-- Up-to-date: /home/zrk/engineer_up/engineer/install/rmctrl_msgs/include/rmctrl_msgs/rmctrl_msgs
-- Up-to-date: /home/zrk/engineer_up/engineer/install/rmctrl_msgs/include/rmctrl_msgs/rmctrl_msgs/msg
-- Up-to-date: /home/zrk/engineer_up/engineer/install/rmctrl_msgs/include/rmctrl_msgs/rmctrl_msgs/msg/rosidl_typesupport_introspection_c__visibility_control.h
-- Up-to-date: /home/zrk/engineer_up/engineer/install/rmctrl_msgs/include/rmctrl_msgs/rmctrl_msgs/msg/detail
-- Up-to-date: /home/zrk/engineer_up/engineer/install/rmctrl_msgs/include/rmctrl_msgs/rmctrl_msgs/msg/detail/chassis__rosidl_typesupport_introspection_c.h
-- Up-to-date: /home/zrk/engineer_up/engineer/install/rmctrl_msgs/include/rmctrl_msgs/rmctrl_msgs/msg/detail/chassis__type_support.c
-- Up-to-date: /home/zrk/engineer_up/engineer/install/rmctrl_msgs/include/rmctrl_msgs/rmctrl_msgs/msg/detail/imu__rosidl_typesupport_introspection_c.h
-- Up-to-date: /home/zrk/engineer_up/engineer/install/rmctrl_msgs/include/rmctrl_msgs/rmctrl_msgs/msg/detail/imu__type_support.c
-- Up-to-date: /home/zrk/engineer_up/engineer/install/rmctrl_msgs/include/rmctrl_msgs/rmctrl_msgs/msg/detail/odom__type_support.c
-- Up-to-date: /home/zrk/engineer_up/engineer/install/rmctrl_msgs/include/rmctrl_msgs/rmctrl_msgs/msg/detail/odom__rosidl_typesupport_introspection_c.h
-- Up-to-date: /home/zrk/engineer_up/engineer/install/rmctrl_msgs/lib/librmctrl_msgs__rosidl_typesupport_introspection_c.so
-- Up-to-date: /home/zrk/engineer_up/engineer/install/rmctrl_msgs/lib/librmctrl_msgs__rosidl_typesupport_c.so
-- Up-to-date: /home/zrk/engineer_up/engineer/install/rmctrl_msgs/include/rmctrl_msgs/rmctrl_msgs
-- Up-to-date: /home/zrk/engineer_up/engineer/install/rmctrl_msgs/include/rmctrl_msgs/rmctrl_msgs/msg
-- Up-to-date: /home/zrk/engineer_up/engineer/install/rmctrl_msgs/include/rmctrl_msgs/rmctrl_msgs/msg/detail
-- Up-to-date: /home/zrk/engineer_up/engineer/install/rmctrl_msgs/include/rmctrl_msgs/rmctrl_msgs/msg/detail/chassis__rosidl_typesupport_introspection_cpp.hpp
-- Up-to-date: /home/zrk/engineer_up/engineer/install/rmctrl_msgs/include/rmctrl_msgs/rmctrl_msgs/msg/detail/odom__rosidl_typesupport_introspection_cpp.hpp
-- Up-to-date: /home/zrk/engineer_up/engineer/install/rmctrl_msgs/include/rmctrl_msgs/rmctrl_msgs/msg/detail/imu__type_support.cpp
-- Up-to-date: /home/zrk/engineer_up/engineer/install/rmctrl_msgs/include/rmctrl_msgs/rmctrl_msgs/msg/detail/odom__type_support.cpp
-- Up-to-date: /home/zrk/engineer_up/engineer/install/rmctrl_msgs/include/rmctrl_msgs/rmctrl_msgs/msg/detail/chassis__type_support.cpp
-- Up-to-date: /home/zrk/engineer_up/engineer/install/rmctrl_msgs/include/rmctrl_msgs/rmctrl_msgs/msg/detail/imu__rosidl_typesupport_introspection_cpp.hpp
-- Up-to-date: /home/zrk/engineer_up/engineer/install/rmctrl_msgs/lib/librmctrl_msgs__rosidl_typesupport_introspection_cpp.so
-- Up-to-date: /home/zrk/engineer_up/engineer/install/rmctrl_msgs/lib/librmctrl_msgs__rosidl_typesupport_cpp.so
-- Up-to-date: /home/zrk/engineer_up/engineer/install/rmctrl_msgs/share/rmctrl_msgs/environment/pythonpath.sh
-- Up-to-date: /home/zrk/engineer_up/engineer/install/rmctrl_msgs/share/rmctrl_msgs/environment/pythonpath.dsv
-- Up-to-date: /home/zrk/engineer_up/engineer/install/rmctrl_msgs/local/lib/python3.10/dist-packages/rmctrl_msgs-1.0.0-py3.10.egg-info
-- Installing: /home/zrk/engineer_up/engineer/install/rmctrl_msgs/local/lib/python3.10/dist-packages/rmctrl_msgs-1.0.0-py3.10.egg-info/PKG-INFO
-- Installing: /home/zrk/engineer_up/engineer/install/rmctrl_msgs/local/lib/python3.10/dist-packages/rmctrl_msgs-1.0.0-py3.10.egg-info/dependency_links.txt
-- Installing: /home/zrk/engineer_up/engineer/install/rmctrl_msgs/local/lib/python3.10/dist-packages/rmctrl_msgs-1.0.0-py3.10.egg-info/SOURCES.txt
-- Installing: /home/zrk/engineer_up/engineer/install/rmctrl_msgs/local/lib/python3.10/dist-packages/rmctrl_msgs-1.0.0-py3.10.egg-info/top_level.txt
-- Up-to-date: /home/zrk/engineer_up/engineer/install/rmctrl_msgs/local/lib/python3.10/dist-packages/rmctrl_msgs
-- Up-to-date: /home/zrk/engineer_up/engineer/install/rmctrl_msgs/local/lib/python3.10/dist-packages/rmctrl_msgs/msg
-- Up-to-date: /home/zrk/engineer_up/engineer/install/rmctrl_msgs/local/lib/python3.10/dist-packages/rmctrl_msgs/msg/__init__.py
-- Up-to-date: /home/zrk/engineer_up/engineer/install/rmctrl_msgs/local/lib/python3.10/dist-packages/rmctrl_msgs/msg/_odom.py
-- Up-to-date: /home/zrk/engineer_up/engineer/install/rmctrl_msgs/local/lib/python3.10/dist-packages/rmctrl_msgs/msg/_odom_s.c
-- Up-to-date: /home/zrk/engineer_up/engineer/install/rmctrl_msgs/local/lib/python3.10/dist-packages/rmctrl_msgs/msg/_chassis_s.c
-- Up-to-date: /home/zrk/engineer_up/engineer/install/rmctrl_msgs/local/lib/python3.10/dist-packages/rmctrl_msgs/msg/_chassis.py
-- Up-to-date: /home/zrk/engineer_up/engineer/install/rmctrl_msgs/local/lib/python3.10/dist-packages/rmctrl_msgs/msg/_imu.py
-- Up-to-date: /home/zrk/engineer_up/engineer/install/rmctrl_msgs/local/lib/python3.10/dist-packages/rmctrl_msgs/msg/_imu_s.c
-- Up-to-date: /home/zrk/engineer_up/engineer/install/rmctrl_msgs/local/lib/python3.10/dist-packages/rmctrl_msgs/librmctrl_msgs__rosidl_generator_py.so
-- Up-to-date: /home/zrk/engineer_up/engineer/install/rmctrl_msgs/local/lib/python3.10/dist-packages/rmctrl_msgs/_rmctrl_msgs_s.ep.rosidl_typesupport_fastrtps_c.c
-- Up-to-date: /home/zrk/engineer_up/engineer/install/rmctrl_msgs/local/lib/python3.10/dist-packages/rmctrl_msgs/__init__.py
-- Up-to-date: /home/zrk/engineer_up/engineer/install/rmctrl_msgs/local/lib/python3.10/dist-packages/rmctrl_msgs/rmctrl_msgs_s__rosidl_typesupport_fastrtps_c.cpython-310-x86_64-linux-gnu.so
-- Up-to-date: /home/zrk/engineer_up/engineer/install/rmctrl_msgs/local/lib/python3.10/dist-packages/rmctrl_msgs/_rmctrl_msgs_s.ep.rosidl_typesupport_introspection_c.c
-- Up-to-date: /home/zrk/engineer_up/engineer/install/rmctrl_msgs/local/lib/python3.10/dist-packages/rmctrl_msgs/rmctrl_msgs_s__rosidl_typesupport_c.cpython-310-x86_64-linux-gnu.so
-- Up-to-date: /home/zrk/engineer_up/engineer/install/rmctrl_msgs/local/lib/python3.10/dist-packages/rmctrl_msgs/rmctrl_msgs_s__rosidl_typesupport_introspection_c.cpython-310-x86_64-linux-gnu.so
-- Up-to-date: /home/zrk/engineer_up/engineer/install/rmctrl_msgs/local/lib/python3.10/dist-packages/rmctrl_msgs/_rmctrl_msgs_s.ep.rosidl_typesupport_c.c
Listing '/home/zrk/engineer_up/engineer/install/rmctrl_msgs/local/lib/python3.10/dist-packages/rmctrl_msgs'...
Listing '/home/zrk/engineer_up/engineer/install/rmctrl_msgs/local/lib/python3.10/dist-packages/rmctrl_msgs/msg'...
-- Up-to-date: /home/zrk/engineer_up/engineer/install/rmctrl_msgs/local/lib/python3.10/dist-packages/rmctrl_msgs/rmctrl_msgs_s__rosidl_typesupport_fastrtps_c.cpython-310-x86_64-linux-gnu.so
-- Up-to-date: /home/zrk/engineer_up/engineer/install/rmctrl_msgs/local/lib/python3.10/dist-packages/rmctrl_msgs/rmctrl_msgs_s__rosidl_typesupport_introspection_c.cpython-310-x86_64-linux-gnu.so
-- Up-to-date: /home/zrk/engineer_up/engineer/install/rmctrl_msgs/local/lib/python3.10/dist-packages/rmctrl_msgs/rmctrl_msgs_s__rosidl_typesupport_c.cpython-310-x86_64-linux-gnu.so
-- Up-to-date: /home/zrk/engineer_up/engineer/install/rmctrl_msgs/lib/librmctrl_msgs__rosidl_generator_py.so
-- Up-to-date: /home/zrk/engineer_up/engineer/install/rmctrl_msgs/share/rmctrl_msgs/msg/Chassis.idl
-- Up-to-date: /home/zrk/engineer_up/engineer/install/rmctrl_msgs/share/rmctrl_msgs/msg/Imu.idl
-- Up-to-date: /home/zrk/engineer_up/engineer/install/rmctrl_msgs/share/rmctrl_msgs/msg/Odom.idl
-- Up-to-date: /home/zrk/engineer_up/engineer/install/rmctrl_msgs/share/rmctrl_msgs/msg/Chassis.msg
-- Up-to-date: /home/zrk/engineer_up/engineer/install/rmctrl_msgs/share/rmctrl_msgs/msg/Imu.msg
-- Up-to-date: /home/zrk/engineer_up/engineer/install/rmctrl_msgs/share/rmctrl_msgs/msg/Odom.msg
-- Up-to-date: /home/zrk/engineer_up/engineer/install/rmctrl_msgs/share/ament_index/resource_index/package_run_dependencies/rmctrl_msgs
-- Up-to-date: /home/zrk/engineer_up/engineer/install/rmctrl_msgs/share/ament_index/resource_index/parent_prefix_path/rmctrl_msgs
-- Up-to-date: /home/zrk/engineer_up/engineer/install/rmctrl_msgs/share/rmctrl_msgs/environment/ament_prefix_path.sh
-- Up-to-date: /home/zrk/engineer_up/engineer/install/rmctrl_msgs/share/rmctrl_msgs/environment/ament_prefix_path.dsv
-- Up-to-date: /home/zrk/engineer_up/engineer/install/rmctrl_msgs/share/rmctrl_msgs/environment/path.sh
-- Up-to-date: /home/zrk/engineer_up/engineer/install/rmctrl_msgs/share/rmctrl_msgs/environment/path.dsv
-- Up-to-date: /home/zrk/engineer_up/engineer/install/rmctrl_msgs/share/rmctrl_msgs/local_setup.bash
-- Up-to-date: /home/zrk/engineer_up/engineer/install/rmctrl_msgs/share/rmctrl_msgs/local_setup.sh
-- Up-to-date: /home/zrk/engineer_up/engineer/install/rmctrl_msgs/share/rmctrl_msgs/local_setup.zsh
-- Up-to-date: /home/zrk/engineer_up/engineer/install/rmctrl_msgs/share/rmctrl_msgs/local_setup.dsv
-- Up-to-date: /home/zrk/engineer_up/engineer/install/rmctrl_msgs/share/rmctrl_msgs/package.dsv
-- Up-to-date: /home/zrk/engineer_up/engineer/install/rmctrl_msgs/share/ament_index/resource_index/packages/rmctrl_msgs
-- Up-to-date: /home/zrk/engineer_up/engineer/install/rmctrl_msgs/share/rmctrl_msgs/cmake/export_rmctrl_msgs__rosidl_generator_cExport.cmake
-- Up-to-date: /home/zrk/engineer_up/engineer/install/rmctrl_msgs/share/rmctrl_msgs/cmake/export_rmctrl_msgs__rosidl_generator_cExport-noconfig.cmake
-- Up-to-date: /home/zrk/engineer_up/engineer/install/rmctrl_msgs/share/rmctrl_msgs/cmake/export_rmctrl_msgs__rosidl_typesupport_fastrtps_cExport.cmake
-- Up-to-date: /home/zrk/engineer_up/engineer/install/rmctrl_msgs/share/rmctrl_msgs/cmake/export_rmctrl_msgs__rosidl_typesupport_fastrtps_cExport-noconfig.cmake
-- Up-to-date: /home/zrk/engineer_up/engineer/install/rmctrl_msgs/share/rmctrl_msgs/cmake/export_rmctrl_msgs__rosidl_generator_cppExport.cmake
-- Up-to-date: /home/zrk/engineer_up/engineer/install/rmctrl_msgs/share/rmctrl_msgs/cmake/export_rmctrl_msgs__rosidl_typesupport_fastrtps_cppExport.cmake
-- Up-to-date: /home/zrk/engineer_up/engineer/install/rmctrl_msgs/share/rmctrl_msgs/cmake/export_rmctrl_msgs__rosidl_typesupport_fastrtps_cppExport-noconfig.cmake
-- Up-to-date: /home/zrk/engineer_up/engineer/install/rmctrl_msgs/share/rmctrl_msgs/cmake/rmctrl_msgs__rosidl_typesupport_introspection_cExport.cmake
-- Up-to-date: /home/zrk/engineer_up/engineer/install/rmctrl_msgs/share/rmctrl_msgs/cmake/rmctrl_msgs__rosidl_typesupport_introspection_cExport-noconfig.cmake
-- Up-to-date: /home/zrk/engineer_up/engineer/install/rmctrl_msgs/share/rmctrl_msgs/cmake/rmctrl_msgs__rosidl_typesupport_cExport.cmake
-- Up-to-date: /home/zrk/engineer_up/engineer/install/rmctrl_msgs/share/rmctrl_msgs/cmake/rmctrl_msgs__rosidl_typesupport_cExport-noconfig.cmake
-- Up-to-date: /home/zrk/engineer_up/engineer/install/rmctrl_msgs/share/rmctrl_msgs/cmake/rmctrl_msgs__rosidl_typesupport_introspection_cppExport.cmake
-- Up-to-date: /home/zrk/engineer_up/engineer/install/rmctrl_msgs/share/rmctrl_msgs/cmake/rmctrl_msgs__rosidl_typesupport_introspection_cppExport-noconfig.cmake
-- Up-to-date: /home/zrk/engineer_up/engineer/install/rmctrl_msgs/share/rmctrl_msgs/cmake/rmctrl_msgs__rosidl_typesupport_cppExport.cmake
-- Up-to-date: /home/zrk/engineer_up/engineer/install/rmctrl_msgs/share/rmctrl_msgs/cmake/rmctrl_msgs__rosidl_typesupport_cppExport-noconfig.cmake
-- Up-to-date: /home/zrk/engineer_up/engineer/install/rmctrl_msgs/share/rmctrl_msgs/cmake/export_rmctrl_msgs__rosidl_generator_pyExport.cmake
-- Up-to-date: /home/zrk/engineer_up/engineer/install/rmctrl_msgs/share/rmctrl_msgs/cmake/export_rmctrl_msgs__rosidl_generator_pyExport-noconfig.cmake
-- Up-to-date: /home/zrk/engineer_up/engineer/install/rmctrl_msgs/share/rmctrl_msgs/cmake/rosidl_cmake-extras.cmake
-- Up-to-date: /home/zrk/engineer_up/engineer/install/rmctrl_msgs/share/rmctrl_msgs/cmake/ament_cmake_export_dependencies-extras.cmake
-- Up-to-date: /home/zrk/engineer_up/engineer/install/rmctrl_msgs/share/rmctrl_msgs/cmake/ament_cmake_export_include_directories-extras.cmake
-- Up-to-date: /home/zrk/engineer_up/engineer/install/rmctrl_msgs/share/rmctrl_msgs/cmake/ament_cmake_export_libraries-extras.cmake
-- Up-to-date: /home/zrk/engineer_up/engineer/install/rmctrl_msgs/share/rmctrl_msgs/cmake/ament_cmake_export_targets-extras.cmake
-- Up-to-date: /home/zrk/engineer_up/engineer/install/rmctrl_msgs/share/rmctrl_msgs/cmake/rosidl_cmake_export_typesupport_targets-extras.cmake
-- Up-to-date: /home/zrk/engineer_up/engineer/install/rmctrl_msgs/share/rmctrl_msgs/cmake/rosidl_cmake_export_typesupport_libraries-extras.cmake
-- Up-to-date: /home/zrk/engineer_up/engineer/install/rmctrl_msgs/share/rmctrl_msgs/cmake/rmctrl_msgsConfig.cmake
-- Up-to-date: /home/zrk/engineer_up/engineer/install/rmctrl_msgs/share/rmctrl_msgs/cmake/rmctrl_msgsConfig-version.cmake
-- Up-to-date: /home/zrk/engineer_up/engineer/install/rmctrl_msgs/share/rmctrl_msgs/package.xml
