[0.221s] Invoking command in '/home/zrk/engineer_up/engineer/build/rmctrl_msgs': CMAKE_PREFIX_PATH=/opt/ros/humble /usr/bin/cmake --build /home/zrk/engineer_up/engineer/build/rmctrl_msgs -- -j16 -l16
[0.267s] [  2%] Built target rmctrl_msgs__cpp
[0.278s] [ 12%] Built target rmctrl_msgs__rosidl_generator_c
[0.289s] [ 12%] Built target ament_cmake_python_copy_rmctrl_msgs
[0.300s] [ 23%] Built target rmctrl_msgs__rosidl_typesupport_fastrtps_cpp
[0.301s] [ 34%] Built target rmctrl_msgs__rosidl_typesupport_cpp
[0.304s] [ 44%] Built target rmctrl_msgs__rosidl_typesupport_introspection_cpp
[0.308s] [ 55%] Built target rmctrl_msgs__rosidl_typesupport_introspection_c
[0.309s] [ 65%] Built target rmctrl_msgs__rosidl_typesupport_c
[0.309s] [ 76%] Built target rmctrl_msgs__rosidl_typesupport_fastrtps_c
[0.327s] [ 76%] Built target rmctrl_msgs
[0.348s] [ 78%] Built target rmctrl_msgs__py
[0.374s] [ 87%] Built target rmctrl_msgs__rosidl_generator_py
[0.389s] [ 95%] Built target rmctrl_msgs__rosidl_typesupport_fastrtps_c__pyext
[0.390s] [ 95%] Built target rmctrl_msgs__rosidl_typesupport_c__pyext
[0.390s] [100%] Built target rmctrl_msgs__rosidl_typesupport_introspection_c__pyext
[0.480s] running egg_info
[0.481s] writing rmctrl_msgs.egg-info/PKG-INFO
[0.481s] writing dependency_links to rmctrl_msgs.egg-info/dependency_links.txt
[0.481s] writing top-level names to rmctrl_msgs.egg-info/top_level.txt
[0.482s] reading manifest file 'rmctrl_msgs.egg-info/SOURCES.txt'
[0.483s] writing manifest file 'rmctrl_msgs.egg-info/SOURCES.txt'
[0.508s] [100%] Built target ament_cmake_python_build_rmctrl_msgs_egg
[0.519s] Invoked command in '/home/zrk/engineer_up/engineer/build/rmctrl_msgs' returned '0': CMAKE_PREFIX_PATH=/opt/ros/humble /usr/bin/cmake --build /home/zrk/engineer_up/engineer/build/rmctrl_msgs -- -j16 -l16
[0.520s] Invoking command in '/home/zrk/engineer_up/engineer/build/rmctrl_msgs': CMAKE_PREFIX_PATH=/opt/ros/humble /usr/bin/cmake --install /home/zrk/engineer_up/engineer/build/rmctrl_msgs
[0.528s] -- Install configuration: ""
[0.528s] -- Up-to-date: /home/zrk/engineer_up/engineer/install/rmctrl_msgs/share/ament_index/resource_index/rosidl_interfaces/rmctrl_msgs
[0.528s] -- Up-to-date: /home/zrk/engineer_up/engineer/install/rmctrl_msgs/include/rmctrl_msgs/rmctrl_msgs
[0.528s] -- Up-to-date: /home/zrk/engineer_up/engineer/install/rmctrl_msgs/include/rmctrl_msgs/rmctrl_msgs/msg
[0.529s] -- Up-to-date: /home/zrk/engineer_up/engineer/install/rmctrl_msgs/include/rmctrl_msgs/rmctrl_msgs/msg/detail
[0.529s] -- Up-to-date: /home/zrk/engineer_up/engineer/install/rmctrl_msgs/include/rmctrl_msgs/rmctrl_msgs/msg/detail/imu__functions.h
[0.529s] -- Up-to-date: /home/zrk/engineer_up/engineer/install/rmctrl_msgs/include/rmctrl_msgs/rmctrl_msgs/msg/detail/imu__functions.c
[0.529s] -- Up-to-date: /home/zrk/engineer_up/engineer/install/rmctrl_msgs/include/rmctrl_msgs/rmctrl_msgs/msg/detail/odom__struct.h
[0.529s] -- Up-to-date: /home/zrk/engineer_up/engineer/install/rmctrl_msgs/include/rmctrl_msgs/rmctrl_msgs/msg/detail/chassis__functions.c
[0.529s] -- Up-to-date: /home/zrk/engineer_up/engineer/install/rmctrl_msgs/include/rmctrl_msgs/rmctrl_msgs/msg/detail/chassis__functions.h
[0.529s] -- Up-to-date: /home/zrk/engineer_up/engineer/install/rmctrl_msgs/include/rmctrl_msgs/rmctrl_msgs/msg/detail/chassis__type_support.h
[0.529s] -- Up-to-date: /home/zrk/engineer_up/engineer/install/rmctrl_msgs/include/rmctrl_msgs/rmctrl_msgs/msg/detail/imu__type_support.h
[0.529s] -- Up-to-date: /home/zrk/engineer_up/engineer/install/rmctrl_msgs/include/rmctrl_msgs/rmctrl_msgs/msg/detail/imu__struct.h
[0.529s] -- Up-to-date: /home/zrk/engineer_up/engineer/install/rmctrl_msgs/include/rmctrl_msgs/rmctrl_msgs/msg/detail/odom__functions.h
[0.529s] -- Up-to-date: /home/zrk/engineer_up/engineer/install/rmctrl_msgs/include/rmctrl_msgs/rmctrl_msgs/msg/detail/chassis__struct.h
[0.529s] -- Up-to-date: /home/zrk/engineer_up/engineer/install/rmctrl_msgs/include/rmctrl_msgs/rmctrl_msgs/msg/detail/odom__functions.c
[0.530s] -- Up-to-date: /home/zrk/engineer_up/engineer/install/rmctrl_msgs/include/rmctrl_msgs/rmctrl_msgs/msg/detail/odom__type_support.h
[0.530s] -- Up-to-date: /home/zrk/engineer_up/engineer/install/rmctrl_msgs/include/rmctrl_msgs/rmctrl_msgs/msg/chassis.h
[0.530s] -- Up-to-date: /home/zrk/engineer_up/engineer/install/rmctrl_msgs/include/rmctrl_msgs/rmctrl_msgs/msg/imu.h
[0.530s] -- Up-to-date: /home/zrk/engineer_up/engineer/install/rmctrl_msgs/include/rmctrl_msgs/rmctrl_msgs/msg/rosidl_generator_c__visibility_control.h
[0.531s] -- Up-to-date: /home/zrk/engineer_up/engineer/install/rmctrl_msgs/include/rmctrl_msgs/rmctrl_msgs/msg/odom.h
[0.531s] -- Up-to-date: /home/zrk/engineer_up/engineer/install/rmctrl_msgs/share/rmctrl_msgs/environment/library_path.sh
[0.531s] -- Up-to-date: /home/zrk/engineer_up/engineer/install/rmctrl_msgs/share/rmctrl_msgs/environment/library_path.dsv
[0.532s] -- Up-to-date: /home/zrk/engineer_up/engineer/install/rmctrl_msgs/lib/librmctrl_msgs__rosidl_generator_c.so
[0.532s] -- Up-to-date: /home/zrk/engineer_up/engineer/install/rmctrl_msgs/include/rmctrl_msgs/rmctrl_msgs
[0.532s] -- Up-to-date: /home/zrk/engineer_up/engineer/install/rmctrl_msgs/include/rmctrl_msgs/rmctrl_msgs/msg
[0.532s] -- Up-to-date: /home/zrk/engineer_up/engineer/install/rmctrl_msgs/include/rmctrl_msgs/rmctrl_msgs/msg/rosidl_typesupport_fastrtps_c__visibility_control.h
[0.532s] -- Up-to-date: /home/zrk/engineer_up/engineer/install/rmctrl_msgs/include/rmctrl_msgs/rmctrl_msgs/msg/detail
[0.532s] -- Up-to-date: /home/zrk/engineer_up/engineer/install/rmctrl_msgs/include/rmctrl_msgs/rmctrl_msgs/msg/detail/chassis__rosidl_typesupport_fastrtps_c.h
[0.532s] -- Up-to-date: /home/zrk/engineer_up/engineer/install/rmctrl_msgs/include/rmctrl_msgs/rmctrl_msgs/msg/detail/odom__rosidl_typesupport_fastrtps_c.h
[0.532s] -- Up-to-date: /home/zrk/engineer_up/engineer/install/rmctrl_msgs/include/rmctrl_msgs/rmctrl_msgs/msg/detail/imu__rosidl_typesupport_fastrtps_c.h
[0.532s] -- Up-to-date: /home/zrk/engineer_up/engineer/install/rmctrl_msgs/lib/librmctrl_msgs__rosidl_typesupport_fastrtps_c.so
[0.532s] -- Up-to-date: /home/zrk/engineer_up/engineer/install/rmctrl_msgs/include/rmctrl_msgs/rmctrl_msgs
[0.533s] -- Up-to-date: /home/zrk/engineer_up/engineer/install/rmctrl_msgs/include/rmctrl_msgs/rmctrl_msgs/msg
[0.533s] -- Up-to-date: /home/zrk/engineer_up/engineer/install/rmctrl_msgs/include/rmctrl_msgs/rmctrl_msgs/msg/chassis.hpp
[0.533s] -- Up-to-date: /home/zrk/engineer_up/engineer/install/rmctrl_msgs/include/rmctrl_msgs/rmctrl_msgs/msg/odom.hpp
[0.533s] -- Up-to-date: /home/zrk/engineer_up/engineer/install/rmctrl_msgs/include/rmctrl_msgs/rmctrl_msgs/msg/imu.hpp
[0.533s] -- Up-to-date: /home/zrk/engineer_up/engineer/install/rmctrl_msgs/include/rmctrl_msgs/rmctrl_msgs/msg/detail
[0.533s] -- Up-to-date: /home/zrk/engineer_up/engineer/install/rmctrl_msgs/include/rmctrl_msgs/rmctrl_msgs/msg/detail/odom__builder.hpp
[0.533s] -- Up-to-date: /home/zrk/engineer_up/engineer/install/rmctrl_msgs/include/rmctrl_msgs/rmctrl_msgs/msg/detail/imu__type_support.hpp
[0.533s] -- Up-to-date: /home/zrk/engineer_up/engineer/install/rmctrl_msgs/include/rmctrl_msgs/rmctrl_msgs/msg/detail/odom__struct.hpp
[0.533s] -- Up-to-date: /home/zrk/engineer_up/engineer/install/rmctrl_msgs/include/rmctrl_msgs/rmctrl_msgs/msg/detail/imu__builder.hpp
[0.533s] -- Up-to-date: /home/zrk/engineer_up/engineer/install/rmctrl_msgs/include/rmctrl_msgs/rmctrl_msgs/msg/detail/chassis__builder.hpp
[0.533s] -- Up-to-date: /home/zrk/engineer_up/engineer/install/rmctrl_msgs/include/rmctrl_msgs/rmctrl_msgs/msg/detail/chassis__type_support.hpp
[0.533s] -- Up-to-date: /home/zrk/engineer_up/engineer/install/rmctrl_msgs/include/rmctrl_msgs/rmctrl_msgs/msg/detail/odom__type_support.hpp
[0.533s] -- Up-to-date: /home/zrk/engineer_up/engineer/install/rmctrl_msgs/include/rmctrl_msgs/rmctrl_msgs/msg/detail/imu__struct.hpp
[0.533s] -- Up-to-date: /home/zrk/engineer_up/engineer/install/rmctrl_msgs/include/rmctrl_msgs/rmctrl_msgs/msg/detail/chassis__traits.hpp
[0.533s] -- Up-to-date: /home/zrk/engineer_up/engineer/install/rmctrl_msgs/include/rmctrl_msgs/rmctrl_msgs/msg/detail/chassis__struct.hpp
[0.533s] -- Up-to-date: /home/zrk/engineer_up/engineer/install/rmctrl_msgs/include/rmctrl_msgs/rmctrl_msgs/msg/detail/imu__traits.hpp
[0.533s] -- Up-to-date: /home/zrk/engineer_up/engineer/install/rmctrl_msgs/include/rmctrl_msgs/rmctrl_msgs/msg/detail/odom__traits.hpp
[0.533s] -- Up-to-date: /home/zrk/engineer_up/engineer/install/rmctrl_msgs/include/rmctrl_msgs/rmctrl_msgs/msg/rosidl_generator_cpp__visibility_control.hpp
[0.533s] -- Up-to-date: /home/zrk/engineer_up/engineer/install/rmctrl_msgs/include/rmctrl_msgs/rmctrl_msgs
[0.534s] -- Up-to-date: /home/zrk/engineer_up/engineer/install/rmctrl_msgs/include/rmctrl_msgs/rmctrl_msgs/msg
[0.534s] -- Up-to-date: /home/zrk/engineer_up/engineer/install/rmctrl_msgs/include/rmctrl_msgs/rmctrl_msgs/msg/rosidl_typesupport_fastrtps_cpp__visibility_control.h
[0.534s] -- Up-to-date: /home/zrk/engineer_up/engineer/install/rmctrl_msgs/include/rmctrl_msgs/rmctrl_msgs/msg/detail
[0.534s] -- Up-to-date: /home/zrk/engineer_up/engineer/install/rmctrl_msgs/include/rmctrl_msgs/rmctrl_msgs/msg/detail/chassis__rosidl_typesupport_fastrtps_cpp.hpp
[0.534s] -- Up-to-date: /home/zrk/engineer_up/engineer/install/rmctrl_msgs/include/rmctrl_msgs/rmctrl_msgs/msg/detail/dds_fastrtps
[0.534s] -- Up-to-date: /home/zrk/engineer_up/engineer/install/rmctrl_msgs/include/rmctrl_msgs/rmctrl_msgs/msg/detail/odom__rosidl_typesupport_fastrtps_cpp.hpp
[0.534s] -- Up-to-date: /home/zrk/engineer_up/engineer/install/rmctrl_msgs/include/rmctrl_msgs/rmctrl_msgs/msg/detail/imu__rosidl_typesupport_fastrtps_cpp.hpp
[0.534s] -- Up-to-date: /home/zrk/engineer_up/engineer/install/rmctrl_msgs/lib/librmctrl_msgs__rosidl_typesupport_fastrtps_cpp.so
[0.534s] -- Up-to-date: /home/zrk/engineer_up/engineer/install/rmctrl_msgs/include/rmctrl_msgs/rmctrl_msgs
[0.534s] -- Up-to-date: /home/zrk/engineer_up/engineer/install/rmctrl_msgs/include/rmctrl_msgs/rmctrl_msgs/msg
[0.534s] -- Up-to-date: /home/zrk/engineer_up/engineer/install/rmctrl_msgs/include/rmctrl_msgs/rmctrl_msgs/msg/rosidl_typesupport_introspection_c__visibility_control.h
[0.534s] -- Up-to-date: /home/zrk/engineer_up/engineer/install/rmctrl_msgs/include/rmctrl_msgs/rmctrl_msgs/msg/detail
[0.534s] -- Up-to-date: /home/zrk/engineer_up/engineer/install/rmctrl_msgs/include/rmctrl_msgs/rmctrl_msgs/msg/detail/chassis__rosidl_typesupport_introspection_c.h
[0.534s] -- Up-to-date: /home/zrk/engineer_up/engineer/install/rmctrl_msgs/include/rmctrl_msgs/rmctrl_msgs/msg/detail/chassis__type_support.c
[0.534s] -- Up-to-date: /home/zrk/engineer_up/engineer/install/rmctrl_msgs/include/rmctrl_msgs/rmctrl_msgs/msg/detail/imu__rosidl_typesupport_introspection_c.h
[0.534s] -- Up-to-date: /home/zrk/engineer_up/engineer/install/rmctrl_msgs/include/rmctrl_msgs/rmctrl_msgs/msg/detail/imu__type_support.c
[0.535s] -- Up-to-date: /home/zrk/engineer_up/engineer/install/rmctrl_msgs/include/rmctrl_msgs/rmctrl_msgs/msg/detail/odom__type_support.c
[0.535s] -- Up-to-date: /home/zrk/engineer_up/engineer/install/rmctrl_msgs/include/rmctrl_msgs/rmctrl_msgs/msg/detail/odom__rosidl_typesupport_introspection_c.h
[0.535s] -- Up-to-date: /home/zrk/engineer_up/engineer/install/rmctrl_msgs/lib/librmctrl_msgs__rosidl_typesupport_introspection_c.so
[0.535s] -- Up-to-date: /home/zrk/engineer_up/engineer/install/rmctrl_msgs/lib/librmctrl_msgs__rosidl_typesupport_c.so
[0.535s] -- Up-to-date: /home/zrk/engineer_up/engineer/install/rmctrl_msgs/include/rmctrl_msgs/rmctrl_msgs
[0.535s] -- Up-to-date: /home/zrk/engineer_up/engineer/install/rmctrl_msgs/include/rmctrl_msgs/rmctrl_msgs/msg
[0.535s] -- Up-to-date: /home/zrk/engineer_up/engineer/install/rmctrl_msgs/include/rmctrl_msgs/rmctrl_msgs/msg/detail
[0.535s] -- Up-to-date: /home/zrk/engineer_up/engineer/install/rmctrl_msgs/include/rmctrl_msgs/rmctrl_msgs/msg/detail/chassis__rosidl_typesupport_introspection_cpp.hpp
[0.535s] -- Up-to-date: /home/zrk/engineer_up/engineer/install/rmctrl_msgs/include/rmctrl_msgs/rmctrl_msgs/msg/detail/odom__rosidl_typesupport_introspection_cpp.hpp
[0.535s] -- Up-to-date: /home/zrk/engineer_up/engineer/install/rmctrl_msgs/include/rmctrl_msgs/rmctrl_msgs/msg/detail/imu__type_support.cpp
[0.535s] -- Up-to-date: /home/zrk/engineer_up/engineer/install/rmctrl_msgs/include/rmctrl_msgs/rmctrl_msgs/msg/detail/odom__type_support.cpp
[0.535s] -- Up-to-date: /home/zrk/engineer_up/engineer/install/rmctrl_msgs/include/rmctrl_msgs/rmctrl_msgs/msg/detail/chassis__type_support.cpp
[0.535s] -- Up-to-date: /home/zrk/engineer_up/engineer/install/rmctrl_msgs/include/rmctrl_msgs/rmctrl_msgs/msg/detail/imu__rosidl_typesupport_introspection_cpp.hpp
[0.536s] -- Up-to-date: /home/zrk/engineer_up/engineer/install/rmctrl_msgs/lib/librmctrl_msgs__rosidl_typesupport_introspection_cpp.so
[0.536s] -- Up-to-date: /home/zrk/engineer_up/engineer/install/rmctrl_msgs/lib/librmctrl_msgs__rosidl_typesupport_cpp.so
[0.536s] -- Up-to-date: /home/zrk/engineer_up/engineer/install/rmctrl_msgs/share/rmctrl_msgs/environment/pythonpath.sh
[0.536s] -- Up-to-date: /home/zrk/engineer_up/engineer/install/rmctrl_msgs/share/rmctrl_msgs/environment/pythonpath.dsv
[0.536s] -- Up-to-date: /home/zrk/engineer_up/engineer/install/rmctrl_msgs/local/lib/python3.10/dist-packages/rmctrl_msgs-1.0.0-py3.10.egg-info
[0.536s] -- Installing: /home/zrk/engineer_up/engineer/install/rmctrl_msgs/local/lib/python3.10/dist-packages/rmctrl_msgs-1.0.0-py3.10.egg-info/PKG-INFO
[0.536s] -- Installing: /home/zrk/engineer_up/engineer/install/rmctrl_msgs/local/lib/python3.10/dist-packages/rmctrl_msgs-1.0.0-py3.10.egg-info/dependency_links.txt
[0.536s] -- Installing: /home/zrk/engineer_up/engineer/install/rmctrl_msgs/local/lib/python3.10/dist-packages/rmctrl_msgs-1.0.0-py3.10.egg-info/SOURCES.txt
[0.536s] -- Installing: /home/zrk/engineer_up/engineer/install/rmctrl_msgs/local/lib/python3.10/dist-packages/rmctrl_msgs-1.0.0-py3.10.egg-info/top_level.txt
[0.537s] -- Up-to-date: /home/zrk/engineer_up/engineer/install/rmctrl_msgs/local/lib/python3.10/dist-packages/rmctrl_msgs
[0.537s] -- Up-to-date: /home/zrk/engineer_up/engineer/install/rmctrl_msgs/local/lib/python3.10/dist-packages/rmctrl_msgs/msg
[0.537s] -- Up-to-date: /home/zrk/engineer_up/engineer/install/rmctrl_msgs/local/lib/python3.10/dist-packages/rmctrl_msgs/msg/__init__.py
[0.537s] -- Up-to-date: /home/zrk/engineer_up/engineer/install/rmctrl_msgs/local/lib/python3.10/dist-packages/rmctrl_msgs/msg/_odom.py
[0.537s] -- Up-to-date: /home/zrk/engineer_up/engineer/install/rmctrl_msgs/local/lib/python3.10/dist-packages/rmctrl_msgs/msg/_odom_s.c
[0.538s] -- Up-to-date: /home/zrk/engineer_up/engineer/install/rmctrl_msgs/local/lib/python3.10/dist-packages/rmctrl_msgs/msg/_chassis_s.c
[0.538s] -- Up-to-date: /home/zrk/engineer_up/engineer/install/rmctrl_msgs/local/lib/python3.10/dist-packages/rmctrl_msgs/msg/_chassis.py
[0.538s] -- Up-to-date: /home/zrk/engineer_up/engineer/install/rmctrl_msgs/local/lib/python3.10/dist-packages/rmctrl_msgs/msg/_imu.py
[0.538s] -- Up-to-date: /home/zrk/engineer_up/engineer/install/rmctrl_msgs/local/lib/python3.10/dist-packages/rmctrl_msgs/msg/_imu_s.c
[0.538s] -- Up-to-date: /home/zrk/engineer_up/engineer/install/rmctrl_msgs/local/lib/python3.10/dist-packages/rmctrl_msgs/librmctrl_msgs__rosidl_generator_py.so
[0.538s] -- Up-to-date: /home/zrk/engineer_up/engineer/install/rmctrl_msgs/local/lib/python3.10/dist-packages/rmctrl_msgs/_rmctrl_msgs_s.ep.rosidl_typesupport_fastrtps_c.c
[0.538s] -- Up-to-date: /home/zrk/engineer_up/engineer/install/rmctrl_msgs/local/lib/python3.10/dist-packages/rmctrl_msgs/__init__.py
[0.538s] -- Up-to-date: /home/zrk/engineer_up/engineer/install/rmctrl_msgs/local/lib/python3.10/dist-packages/rmctrl_msgs/rmctrl_msgs_s__rosidl_typesupport_fastrtps_c.cpython-310-x86_64-linux-gnu.so
[0.538s] -- Up-to-date: /home/zrk/engineer_up/engineer/install/rmctrl_msgs/local/lib/python3.10/dist-packages/rmctrl_msgs/_rmctrl_msgs_s.ep.rosidl_typesupport_introspection_c.c
[0.538s] -- Up-to-date: /home/zrk/engineer_up/engineer/install/rmctrl_msgs/local/lib/python3.10/dist-packages/rmctrl_msgs/rmctrl_msgs_s__rosidl_typesupport_c.cpython-310-x86_64-linux-gnu.so
[0.539s] -- Up-to-date: /home/zrk/engineer_up/engineer/install/rmctrl_msgs/local/lib/python3.10/dist-packages/rmctrl_msgs/rmctrl_msgs_s__rosidl_typesupport_introspection_c.cpython-310-x86_64-linux-gnu.so
[0.539s] -- Up-to-date: /home/zrk/engineer_up/engineer/install/rmctrl_msgs/local/lib/python3.10/dist-packages/rmctrl_msgs/_rmctrl_msgs_s.ep.rosidl_typesupport_c.c
[0.555s] Listing '/home/zrk/engineer_up/engineer/install/rmctrl_msgs/local/lib/python3.10/dist-packages/rmctrl_msgs'...
[0.555s] Listing '/home/zrk/engineer_up/engineer/install/rmctrl_msgs/local/lib/python3.10/dist-packages/rmctrl_msgs/msg'...
[0.558s] -- Up-to-date: /home/zrk/engineer_up/engineer/install/rmctrl_msgs/local/lib/python3.10/dist-packages/rmctrl_msgs/rmctrl_msgs_s__rosidl_typesupport_fastrtps_c.cpython-310-x86_64-linux-gnu.so
[0.558s] -- Up-to-date: /home/zrk/engineer_up/engineer/install/rmctrl_msgs/local/lib/python3.10/dist-packages/rmctrl_msgs/rmctrl_msgs_s__rosidl_typesupport_introspection_c.cpython-310-x86_64-linux-gnu.so
[0.559s] -- Up-to-date: /home/zrk/engineer_up/engineer/install/rmctrl_msgs/local/lib/python3.10/dist-packages/rmctrl_msgs/rmctrl_msgs_s__rosidl_typesupport_c.cpython-310-x86_64-linux-gnu.so
[0.559s] -- Up-to-date: /home/zrk/engineer_up/engineer/install/rmctrl_msgs/lib/librmctrl_msgs__rosidl_generator_py.so
[0.559s] -- Up-to-date: /home/zrk/engineer_up/engineer/install/rmctrl_msgs/share/rmctrl_msgs/msg/Chassis.idl
[0.559s] -- Up-to-date: /home/zrk/engineer_up/engineer/install/rmctrl_msgs/share/rmctrl_msgs/msg/Imu.idl
[0.559s] -- Up-to-date: /home/zrk/engineer_up/engineer/install/rmctrl_msgs/share/rmctrl_msgs/msg/Odom.idl
[0.559s] -- Up-to-date: /home/zrk/engineer_up/engineer/install/rmctrl_msgs/share/rmctrl_msgs/msg/Chassis.msg
[0.559s] -- Up-to-date: /home/zrk/engineer_up/engineer/install/rmctrl_msgs/share/rmctrl_msgs/msg/Imu.msg
[0.559s] -- Up-to-date: /home/zrk/engineer_up/engineer/install/rmctrl_msgs/share/rmctrl_msgs/msg/Odom.msg
[0.559s] -- Up-to-date: /home/zrk/engineer_up/engineer/install/rmctrl_msgs/share/ament_index/resource_index/package_run_dependencies/rmctrl_msgs
[0.560s] -- Up-to-date: /home/zrk/engineer_up/engineer/install/rmctrl_msgs/share/ament_index/resource_index/parent_prefix_path/rmctrl_msgs
[0.560s] -- Up-to-date: /home/zrk/engineer_up/engineer/install/rmctrl_msgs/share/rmctrl_msgs/environment/ament_prefix_path.sh
[0.560s] -- Up-to-date: /home/zrk/engineer_up/engineer/install/rmctrl_msgs/share/rmctrl_msgs/environment/ament_prefix_path.dsv
[0.560s] -- Up-to-date: /home/zrk/engineer_up/engineer/install/rmctrl_msgs/share/rmctrl_msgs/environment/path.sh
[0.560s] -- Up-to-date: /home/zrk/engineer_up/engineer/install/rmctrl_msgs/share/rmctrl_msgs/environment/path.dsv
[0.560s] -- Up-to-date: /home/zrk/engineer_up/engineer/install/rmctrl_msgs/share/rmctrl_msgs/local_setup.bash
[0.560s] -- Up-to-date: /home/zrk/engineer_up/engineer/install/rmctrl_msgs/share/rmctrl_msgs/local_setup.sh
[0.560s] -- Up-to-date: /home/zrk/engineer_up/engineer/install/rmctrl_msgs/share/rmctrl_msgs/local_setup.zsh
[0.560s] -- Up-to-date: /home/zrk/engineer_up/engineer/install/rmctrl_msgs/share/rmctrl_msgs/local_setup.dsv
[0.560s] -- Up-to-date: /home/zrk/engineer_up/engineer/install/rmctrl_msgs/share/rmctrl_msgs/package.dsv
[0.560s] -- Up-to-date: /home/zrk/engineer_up/engineer/install/rmctrl_msgs/share/ament_index/resource_index/packages/rmctrl_msgs
[0.560s] -- Up-to-date: /home/zrk/engineer_up/engineer/install/rmctrl_msgs/share/rmctrl_msgs/cmake/export_rmctrl_msgs__rosidl_generator_cExport.cmake
[0.560s] -- Up-to-date: /home/zrk/engineer_up/engineer/install/rmctrl_msgs/share/rmctrl_msgs/cmake/export_rmctrl_msgs__rosidl_generator_cExport-noconfig.cmake
[0.560s] -- Up-to-date: /home/zrk/engineer_up/engineer/install/rmctrl_msgs/share/rmctrl_msgs/cmake/export_rmctrl_msgs__rosidl_typesupport_fastrtps_cExport.cmake
[0.560s] -- Up-to-date: /home/zrk/engineer_up/engineer/install/rmctrl_msgs/share/rmctrl_msgs/cmake/export_rmctrl_msgs__rosidl_typesupport_fastrtps_cExport-noconfig.cmake
[0.560s] -- Up-to-date: /home/zrk/engineer_up/engineer/install/rmctrl_msgs/share/rmctrl_msgs/cmake/export_rmctrl_msgs__rosidl_generator_cppExport.cmake
[0.561s] -- Up-to-date: /home/zrk/engineer_up/engineer/install/rmctrl_msgs/share/rmctrl_msgs/cmake/export_rmctrl_msgs__rosidl_typesupport_fastrtps_cppExport.cmake
[0.561s] -- Up-to-date: /home/zrk/engineer_up/engineer/install/rmctrl_msgs/share/rmctrl_msgs/cmake/export_rmctrl_msgs__rosidl_typesupport_fastrtps_cppExport-noconfig.cmake
[0.561s] -- Up-to-date: /home/zrk/engineer_up/engineer/install/rmctrl_msgs/share/rmctrl_msgs/cmake/rmctrl_msgs__rosidl_typesupport_introspection_cExport.cmake
[0.561s] -- Up-to-date: /home/zrk/engineer_up/engineer/install/rmctrl_msgs/share/rmctrl_msgs/cmake/rmctrl_msgs__rosidl_typesupport_introspection_cExport-noconfig.cmake
[0.561s] -- Up-to-date: /home/zrk/engineer_up/engineer/install/rmctrl_msgs/share/rmctrl_msgs/cmake/rmctrl_msgs__rosidl_typesupport_cExport.cmake
[0.561s] -- Up-to-date: /home/zrk/engineer_up/engineer/install/rmctrl_msgs/share/rmctrl_msgs/cmake/rmctrl_msgs__rosidl_typesupport_cExport-noconfig.cmake
[0.561s] -- Up-to-date: /home/zrk/engineer_up/engineer/install/rmctrl_msgs/share/rmctrl_msgs/cmake/rmctrl_msgs__rosidl_typesupport_introspection_cppExport.cmake
[0.561s] -- Up-to-date: /home/zrk/engineer_up/engineer/install/rmctrl_msgs/share/rmctrl_msgs/cmake/rmctrl_msgs__rosidl_typesupport_introspection_cppExport-noconfig.cmake
[0.561s] -- Up-to-date: /home/zrk/engineer_up/engineer/install/rmctrl_msgs/share/rmctrl_msgs/cmake/rmctrl_msgs__rosidl_typesupport_cppExport.cmake
[0.561s] -- Up-to-date: /home/zrk/engineer_up/engineer/install/rmctrl_msgs/share/rmctrl_msgs/cmake/rmctrl_msgs__rosidl_typesupport_cppExport-noconfig.cmake
[0.561s] -- Up-to-date: /home/zrk/engineer_up/engineer/install/rmctrl_msgs/share/rmctrl_msgs/cmake/export_rmctrl_msgs__rosidl_generator_pyExport.cmake
[0.561s] -- Up-to-date: /home/zrk/engineer_up/engineer/install/rmctrl_msgs/share/rmctrl_msgs/cmake/export_rmctrl_msgs__rosidl_generator_pyExport-noconfig.cmake
[0.561s] -- Up-to-date: /home/zrk/engineer_up/engineer/install/rmctrl_msgs/share/rmctrl_msgs/cmake/rosidl_cmake-extras.cmake
[0.561s] -- Up-to-date: /home/zrk/engineer_up/engineer/install/rmctrl_msgs/share/rmctrl_msgs/cmake/ament_cmake_export_dependencies-extras.cmake
[0.561s] -- Up-to-date: /home/zrk/engineer_up/engineer/install/rmctrl_msgs/share/rmctrl_msgs/cmake/ament_cmake_export_include_directories-extras.cmake
[0.561s] -- Up-to-date: /home/zrk/engineer_up/engineer/install/rmctrl_msgs/share/rmctrl_msgs/cmake/ament_cmake_export_libraries-extras.cmake
[0.561s] -- Up-to-date: /home/zrk/engineer_up/engineer/install/rmctrl_msgs/share/rmctrl_msgs/cmake/ament_cmake_export_targets-extras.cmake
[0.561s] -- Up-to-date: /home/zrk/engineer_up/engineer/install/rmctrl_msgs/share/rmctrl_msgs/cmake/rosidl_cmake_export_typesupport_targets-extras.cmake
[0.561s] -- Up-to-date: /home/zrk/engineer_up/engineer/install/rmctrl_msgs/share/rmctrl_msgs/cmake/rosidl_cmake_export_typesupport_libraries-extras.cmake
[0.561s] -- Up-to-date: /home/zrk/engineer_up/engineer/install/rmctrl_msgs/share/rmctrl_msgs/cmake/rmctrl_msgsConfig.cmake
[0.561s] -- Up-to-date: /home/zrk/engineer_up/engineer/install/rmctrl_msgs/share/rmctrl_msgs/cmake/rmctrl_msgsConfig-version.cmake
[0.561s] -- Up-to-date: /home/zrk/engineer_up/engineer/install/rmctrl_msgs/share/rmctrl_msgs/package.xml
[0.563s] Invoked command in '/home/zrk/engineer_up/engineer/build/rmctrl_msgs' returned '0': CMAKE_PREFIX_PATH=/opt/ros/humble /usr/bin/cmake --install /home/zrk/engineer_up/engineer/build/rmctrl_msgs
