[0.211s] Invoking command in '/home/nhs/engineer/build/pcd2pgm': CMAKE_PREFIX_PATH=${CMAKE_PREFIX_PATH}:/home/nhs/engineer/install/bubble_protocol:/opt/ros/humble /usr/bin/cmake /home/nhs/engineer/src/rm_localization/pcd2pgm -DROS_EDITION=ROS2 -DHUMBLE_ROS=humble -DCMAKE_INSTALL_PREFIX=/home/nhs/engineer/install/pcd2pgm
[0.272s] -- The C compiler identification is GNU 11.4.0
[0.328s] -- The CXX compiler identification is GNU 11.4.0
[0.339s] -- Detecting C compiler ABI info
[0.412s] -- Detecting C compiler ABI info - done
[0.418s] -- Check for working C compiler: /usr/bin/cc - skipped
[0.418s] -- Detecting C compile features
[0.420s] -- Detecting C compile features - done
[0.421s] -- Detecting CXX compiler ABI info
[0.516s] -- Detecting CXX compiler ABI info - done
[0.527s] -- Check for working CXX compiler: /usr/bin/c++ - skipped
[0.527s] -- Detecting CXX compile features
[0.527s] -- Detecting CXX compile features - done
[0.527s] -- Found ament_cmake: 1.3.12 (/opt/ros/humble/share/ament_cmake/cmake)
[0.705s] -- Found Python3: /usr/bin/python3 (found version "3.10.12") found components: Interpreter 
[0.843s] -- Found rclcpp: 16.0.15 (/opt/ros/humble/share/rclcpp/cmake)
[0.968s] -- Found rosidl_generator_c: 3.1.7 (/opt/ros/humble/share/rosidl_generator_c/cmake)
[0.978s] -- Found rosidl_adapter: 3.1.7 (/opt/ros/humble/share/rosidl_adapter/cmake)
[1.018s] -- Found rosidl_generator_cpp: 3.1.7 (/opt/ros/humble/share/rosidl_generator_cpp/cmake)
[1.056s] -- Using all available rosidl_typesupport_c: rosidl_typesupport_fastrtps_c;rosidl_typesupport_introspection_c
[1.102s] -- Using all available rosidl_typesupport_cpp: rosidl_typesupport_fastrtps_cpp;rosidl_typesupport_introspection_cpp
[1.198s] -- Found rmw_implementation_cmake: 6.1.2 (/opt/ros/humble/share/rmw_implementation_cmake/cmake)
[1.199s] -- Found rmw_fastrtps_cpp: 6.2.8 (/opt/ros/humble/share/rmw_fastrtps_cpp/cmake)
[1.466s] -- Found OpenSSL: /usr/lib/x86_64-linux-gnu/libcrypto.so (found version "3.0.2")  
[1.541s] -- Found FastRTPS: /opt/ros/humble/include  
[1.628s] -- Using RMW implementation 'rmw_fastrtps_cpp' as default
[1.643s] -- Looking for pthread.h
[1.845s] -- Looking for pthread.h - found
[1.845s] -- Performing Test CMAKE_HAVE_LIBC_PTHREAD
[2.026s] -- Performing Test CMAKE_HAVE_LIBC_PTHREAD - Success
[2.026s] -- Found Threads: TRUE  
[2.198s] -- Checking for module 'eigen3'
[2.230s] --   Found eigen3, version 3.4.0
[2.304s] -- Found Eigen: /usr/include/eigen3 (Required is at least version "3.1") 
[2.304s] -- Eigen found (include: /usr/include/eigen3, version: 3.4.0)
[2.338s] -- Found Boost: /usr/lib/x86_64-linux-gnu/cmake/Boost-1.74.0/BoostConfig.cmake (found suitable version "1.74.0", minimum required is "1.65.0") found components: system filesystem date_time iostreams serialization 
[2.363s] -- Checking for module 'flann'
[2.387s] --   Found flann, version 1.9.1
[2.441s] -- Found FLANN: /usr/lib/x86_64-linux-gnu/libflann_cpp.so  
[2.441s] -- FLANN found (include: /usr/include, lib: /usr/lib/x86_64-linux-gnu/libflann_cpp.so)
[2.499s] -- Found GLEW: /usr/lib/x86_64-linux-gnu/libGLEW.so  
[2.509s] -- Found OpenGL: /usr/lib/x86_64-linux-gnu/libOpenGL.so  found components: OpenGL GLX 
[2.798s] -- Found MPI_C: /usr/lib/x86_64-linux-gnu/libmpi.so (found version "3.1") 
[2.798s] -- Found MPI: TRUE (found version "3.1") found components: C 
[2.806s] -- Found JsonCpp: /usr/lib/x86_64-linux-gnu/libjsoncpp.so (found suitable version "1.9.5", minimum required is "0.7.0") 
[2.826s] -- Found ZLIB: /usr/lib/x86_64-linux-gnu/libz.so (found version "1.2.11") 
[2.868s] -- Found PNG: /usr/lib/x86_64-linux-gnu/libpng.so (found version "1.6.37") 
[2.894s] -- Found Eigen3: /usr/include/eigen3 (found version "3.4.0") 
[3.128s] -- Found X11: /usr/include   
[3.128s] -- Looking for XOpenDisplay in /usr/lib/x86_64-linux-gnu/libX11.so;/usr/lib/x86_64-linux-gnu/libXext.so
[3.286s] -- Looking for XOpenDisplay in /usr/lib/x86_64-linux-gnu/libX11.so;/usr/lib/x86_64-linux-gnu/libXext.so - found
[3.288s] -- Looking for gethostbyname
[3.477s] -- Looking for gethostbyname - found
[3.477s] -- Looking for connect
[3.654s] -- Looking for connect - found
[3.654s] -- Looking for remove
[3.848s] -- Looking for remove - found
[3.848s] -- Looking for shmat
[4.008s] -- Looking for shmat - found
[4.009s] -- Looking for IceConnectionNumber in ICE
[4.230s] -- Looking for IceConnectionNumber in ICE - found
[4.475s] -- Found EXPAT: /usr/lib/x86_64-linux-gnu/libexpat.so (found version "2.4.7") 
[4.476s] -- Found double-conversion: /usr/lib/x86_64-linux-gnu/libdouble-conversion.so  
[4.485s] -- Found LZ4: /usr/lib/x86_64-linux-gnu/liblz4.so (found version "1.9.3") 
[4.495s] -- Found LZMA: /usr/lib/x86_64-linux-gnu/liblzma.so (found version "5.2.5") 
[4.537s] -- Found JPEG: /usr/lib/x86_64-linux-gnu/libjpeg.so (found version "80") 
[4.568s] -- Found TIFF: /usr/lib/x86_64-linux-gnu/libtiff.so (found version "4.3.0")  
[4.581s] -- Found Freetype: /usr/lib/x86_64-linux-gnu/libfreetype.so (found version "2.11.1") 
[4.607s] -- Found utf8cpp: /usr/include/utf8cpp  
[4.828s] -- Checking for module 'libusb-1.0'
[4.864s] --   Found libusb-1.0, version 1.0.25
[4.946s] -- Found libusb: /usr/lib/x86_64-linux-gnu/libusb-1.0.so  
[4.947s] -- Found OpenNI: /usr/lib/libOpenNI.so;libusb::libusb (found version "1.5.4.0") 
[4.950s] -- OpenNI found (version: 1.5.4.0, include: /usr/include/ni, lib: /usr/lib/libOpenNI.so;libusb::libusb)
[5.117s] -- Found OpenNI2: /usr/lib/x86_64-linux-gnu/libOpenNI2.so;libusb::libusb (found version "2.2.0.33") 
[5.117s] -- OpenNI2 found (version: 2.2.0.33, include: /usr/include/openni2, lib: /usr/lib/x86_64-linux-gnu/libOpenNI2.so;libusb::libusb)
[5.117s] [0m** WARNING ** io features related to pcap will be disabled[0m
[5.467s] -- Eigen found (include: /usr/include/eigen3, version: 3.4.0)
[5.475s] -- OpenNI found (version: 1.5.4.0, include: /usr/include/ni, lib: /usr/lib/libOpenNI.so;libusb::libusb)
[5.490s] -- OpenNI2 found (version: 2.2.0.33, include: /usr/include/openni2, lib: /usr/lib/x86_64-linux-gnu/libOpenNI2.so;libusb::libusb)
[5.923s] -- Found Qhull version 8.0.2
[6.317s] -- OpenNI found (version: 1.5.4.0, include: /usr/include/ni, lib: /usr/lib/libOpenNI.so;libusb::libusb)
[6.558s] -- looking for PCL_COMMON
[6.560s] -- Found PCL_COMMON: /usr/lib/x86_64-linux-gnu/libpcl_common.so  
[6.561s] -- looking for PCL_KDTREE
[6.563s] -- Found PCL_KDTREE: /usr/lib/x86_64-linux-gnu/libpcl_kdtree.so  
[6.563s] -- looking for PCL_OCTREE
[6.565s] -- Found PCL_OCTREE: /usr/lib/x86_64-linux-gnu/libpcl_octree.so  
[6.566s] -- looking for PCL_SEARCH
[6.567s] -- Found PCL_SEARCH: /usr/lib/x86_64-linux-gnu/libpcl_search.so  
[6.568s] -- looking for PCL_SAMPLE_CONSENSUS
[6.570s] -- Found PCL_SAMPLE_CONSENSUS: /usr/lib/x86_64-linux-gnu/libpcl_sample_consensus.so  
[6.571s] -- looking for PCL_FILTERS
[6.572s] -- Found PCL_FILTERS: /usr/lib/x86_64-linux-gnu/libpcl_filters.so  
[6.572s] -- looking for PCL_2D
[6.573s] -- Found PCL_2D: /usr/include/pcl-1.12  
[6.574s] -- looking for PCL_GEOMETRY
[6.575s] -- Found PCL_GEOMETRY: /usr/include/pcl-1.12  
[6.577s] -- looking for PCL_IO
[6.579s] -- Found PCL_IO: /usr/lib/x86_64-linux-gnu/libpcl_io.so  
[6.581s] -- looking for PCL_FEATURES
[6.583s] -- Found PCL_FEATURES: /usr/lib/x86_64-linux-gnu/libpcl_features.so  
[6.584s] -- looking for PCL_ML
[6.587s] -- Found PCL_ML: /usr/lib/x86_64-linux-gnu/libpcl_ml.so  
[6.588s] -- looking for PCL_SEGMENTATION
[6.588s] -- Found PCL_SEGMENTATION: /usr/lib/x86_64-linux-gnu/libpcl_segmentation.so  
[6.589s] -- looking for PCL_VISUALIZATION
[6.590s] -- Found PCL_VISUALIZATION: /usr/lib/x86_64-linux-gnu/libpcl_visualization.so  
[6.591s] -- looking for PCL_SURFACE
[6.593s] -- Found PCL_SURFACE: /usr/lib/x86_64-linux-gnu/libpcl_surface.so  
[6.594s] -- looking for PCL_REGISTRATION
[6.595s] -- Found PCL_REGISTRATION: /usr/lib/x86_64-linux-gnu/libpcl_registration.so  
[6.596s] -- looking for PCL_KEYPOINTS
[6.600s] -- Found PCL_KEYPOINTS: /usr/lib/x86_64-linux-gnu/libpcl_keypoints.so  
[6.600s] -- looking for PCL_TRACKING
[6.601s] -- Found PCL_TRACKING: /usr/lib/x86_64-linux-gnu/libpcl_tracking.so  
[6.601s] -- looking for PCL_RECOGNITION
[6.603s] -- Found PCL_RECOGNITION: /usr/lib/x86_64-linux-gnu/libpcl_recognition.so  
[6.604s] -- looking for PCL_STEREO
[6.606s] -- Found PCL_STEREO: /usr/lib/x86_64-linux-gnu/libpcl_stereo.so  
[6.606s] -- looking for PCL_APPS
[6.608s] -- Found PCL_APPS: /usr/lib/x86_64-linux-gnu/libpcl_apps.so  
[6.609s] -- looking for PCL_IN_HAND_SCANNER
[6.611s] -- Found PCL_IN_HAND_SCANNER: /usr/include/pcl-1.12  
[6.612s] -- looking for PCL_MODELER
[6.612s] -- Found PCL_MODELER: /usr/include/pcl-1.12  
[6.613s] -- looking for PCL_POINT_CLOUD_EDITOR
[6.613s] -- Found PCL_POINT_CLOUD_EDITOR: /usr/include/pcl-1.12  
[6.614s] -- looking for PCL_OUTOFCORE
[6.616s] -- Found PCL_OUTOFCORE: /usr/lib/x86_64-linux-gnu/libpcl_outofcore.so  
[6.616s] -- looking for PCL_PEOPLE
[6.621s] -- Found PCL_PEOPLE: /usr/lib/x86_64-linux-gnu/libpcl_people.so  
[6.622s] -- Found PCL: pcl_common;pcl_kdtree;pcl_octree;pcl_search;pcl_sample_consensus;pcl_filters;pcl_io;pcl_features;pcl_ml;pcl_segmentation;pcl_visualization;pcl_surface;pcl_registration;pcl_keypoints;pcl_tracking;pcl_recognition;pcl_stereo;pcl_apps;pcl_outofcore;pcl_people;Boost::system;Boost::filesystem;Boost::date_time;Boost::iostreams;Boost::serialization;/usr/lib/libOpenNI.so;libusb::libusb;/usr/lib/x86_64-linux-gnu/libOpenNI2.so;libusb::libusb;VTK::ChartsCore;VTK::CommonColor;VTK::CommonComputationalGeometry;VTK::CommonCore;VTK::CommonDataModel;VTK::CommonExecutionModel;VTK::CommonMath;VTK::CommonMisc;VTK::CommonTransforms;VTK::FiltersCore;VTK::FiltersExtraction;VTK::FiltersGeneral;VTK::FiltersGeometry;VTK::FiltersModeling;VTK::FiltersSources;VTK::ImagingCore;VTK::ImagingSources;VTK::InteractionImage;VTK::InteractionStyle;VTK::InteractionWidgets;VTK::IOCore;VTK::IOGeometry;VTK::IOImage;VTK::IOLegacy;VTK::IOPLY;VTK::RenderingAnnotation;VTK::RenderingCore;VTK::RenderingContext2D;VTK::RenderingLOD;VTK::RenderingFreeType;VTK::ViewsCore;VTK::ViewsContext2D;VTK::RenderingOpenGL2;VTK::GUISupportQt;FLANN::FLANN;QHULL::QHULL  
[6.632s] -- Found OpenCV: /usr (found version "4.5.4") 
[6.819s] -- Configuring done
[6.885s] -- Generating done
[6.887s] [33mCMake Warning:
[6.887s]   Manually-specified variables were not used by the project:
[6.888s] 
[6.888s]     HUMBLE_ROS
[6.888s]     ROS_EDITION
[6.888s] 
[6.889s] [0m
[6.899s] -- Build files have been written to: /home/nhs/engineer/build/pcd2pgm
[6.938s] Invoked command in '/home/nhs/engineer/build/pcd2pgm' returned '0': CMAKE_PREFIX_PATH=${CMAKE_PREFIX_PATH}:/home/nhs/engineer/install/bubble_protocol:/opt/ros/humble /usr/bin/cmake /home/nhs/engineer/src/rm_localization/pcd2pgm -DROS_EDITION=ROS2 -DHUMBLE_ROS=humble -DCMAKE_INSTALL_PREFIX=/home/nhs/engineer/install/pcd2pgm
[6.939s] Invoking command in '/home/nhs/engineer/build/pcd2pgm': CMAKE_PREFIX_PATH=${CMAKE_PREFIX_PATH}:/home/nhs/engineer/install/bubble_protocol:/opt/ros/humble /usr/bin/cmake --build /home/nhs/engineer/build/pcd2pgm -- -j8 -l8
[7.126s] [ 50%] [32mBuilding CXX object CMakeFiles/pcd2pgm.dir/src/pcd2pgm.cpp.o[0m
[21.423s] [100%] [32m[1mLinking CXX executable pcd2pgm[0m
[22.239s] [100%] Built target pcd2pgm
[22.255s] Invoked command in '/home/nhs/engineer/build/pcd2pgm' returned '0': CMAKE_PREFIX_PATH=${CMAKE_PREFIX_PATH}:/home/nhs/engineer/install/bubble_protocol:/opt/ros/humble /usr/bin/cmake --build /home/nhs/engineer/build/pcd2pgm -- -j8 -l8
[22.257s] Invoking command in '/home/nhs/engineer/build/pcd2pgm': CMAKE_PREFIX_PATH=${CMAKE_PREFIX_PATH}:/home/nhs/engineer/install/bubble_protocol:/opt/ros/humble /usr/bin/cmake --install /home/nhs/engineer/build/pcd2pgm
[22.263s] -- Install configuration: ""
[22.265s] -- Installing: /home/nhs/engineer/install/pcd2pgm/lib/pcd2pgm/pcd2pgm
[22.265s] -- Set runtime path of "/home/nhs/engineer/install/pcd2pgm/lib/pcd2pgm/pcd2pgm" to ""
[22.266s] -- Installing: /home/nhs/engineer/install/pcd2pgm/share/pcd2pgm/launch
[22.266s] -- Installing: /home/nhs/engineer/install/pcd2pgm/share/pcd2pgm/launch/pcd2pgm.launch.py
[22.267s] -- Installing: /home/nhs/engineer/install/pcd2pgm/share/pcd2pgm/config
[22.267s] -- Installing: /home/nhs/engineer/install/pcd2pgm/share/pcd2pgm/config/pcd2pgm.yaml
[22.268s] -- Installing: /home/nhs/engineer/install/pcd2pgm/share/pcd2pgm/map
[22.268s] -- Installing: /home/nhs/engineer/install/pcd2pgm/share/pcd2pgm/map/test.pgm
[22.268s] -- Installing: /home/nhs/engineer/install/pcd2pgm/share/pcd2pgm/map/test.yaml
[22.268s] -- Installing: /home/nhs/engineer/install/pcd2pgm/share/ament_index/resource_index/package_run_dependencies/pcd2pgm
[22.268s] -- Installing: /home/nhs/engineer/install/pcd2pgm/share/ament_index/resource_index/parent_prefix_path/pcd2pgm
[22.268s] -- Installing: /home/nhs/engineer/install/pcd2pgm/share/pcd2pgm/environment/ament_prefix_path.sh
[22.270s] -- Installing: /home/nhs/engineer/install/pcd2pgm/share/pcd2pgm/environment/ament_prefix_path.dsv
[22.271s] -- Installing: /home/nhs/engineer/install/pcd2pgm/share/pcd2pgm/environment/path.sh
[22.271s] -- Installing: /home/nhs/engineer/install/pcd2pgm/share/pcd2pgm/environment/path.dsv
[22.271s] -- Installing: /home/nhs/engineer/install/pcd2pgm/share/pcd2pgm/local_setup.bash
[22.271s] -- Installing: /home/nhs/engineer/install/pcd2pgm/share/pcd2pgm/local_setup.sh
[22.271s] -- Installing: /home/nhs/engineer/install/pcd2pgm/share/pcd2pgm/local_setup.zsh
[22.271s] -- Installing: /home/nhs/engineer/install/pcd2pgm/share/pcd2pgm/local_setup.dsv
[22.271s] -- Installing: /home/nhs/engineer/install/pcd2pgm/share/pcd2pgm/package.dsv
[22.271s] -- Installing: /home/nhs/engineer/install/pcd2pgm/share/ament_index/resource_index/packages/pcd2pgm
[22.271s] -- Installing: /home/nhs/engineer/install/pcd2pgm/share/pcd2pgm/cmake/pcd2pgmConfig.cmake
[22.271s] -- Installing: /home/nhs/engineer/install/pcd2pgm/share/pcd2pgm/cmake/pcd2pgmConfig-version.cmake
[22.271s] -- Installing: /home/nhs/engineer/install/pcd2pgm/share/pcd2pgm/package.xml
[22.271s] Invoked command in '/home/nhs/engineer/build/pcd2pgm' returned '0': CMAKE_PREFIX_PATH=${CMAKE_PREFIX_PATH}:/home/nhs/engineer/install/bubble_protocol:/opt/ros/humble /usr/bin/cmake --install /home/nhs/engineer/build/pcd2pgm
