running egg_info
writing ../../../build/bubble_protocol/bubble_protocol.egg-info/PKG-INFO
writing dependency_links to ../../../build/bubble_protocol/bubble_protocol.egg-info/dependency_links.txt
writing entry points to ../../../build/bubble_protocol/bubble_protocol.egg-info/entry_points.txt
writing requirements to ../../../build/bubble_protocol/bubble_protocol.egg-info/requires.txt
writing top-level names to ../../../build/bubble_protocol/bubble_protocol.egg-info/top_level.txt
reading manifest file '../../../build/bubble_protocol/bubble_protocol.egg-info/SOURCES.txt'
writing manifest file '../../../build/bubble_protocol/bubble_protocol.egg-info/SOURCES.txt'
running build
running build_py
running install
running install_lib
running install_data
copying package.xml -> /home/nhs/engineer/install/bubble_protocol/share/bubble_protocol
copying launch/engineer_up_serial_launch.py -> /home/nhs/engineer/install/bubble_protocol/share/bubble_protocol
running install_egg_info
removing '/home/nhs/engineer/install/bubble_protocol/lib/python3.10/site-packages/bubble_protocol-0.1.0-py3.10.egg-info' (and everything under it)
Copying ../../../build/bubble_protocol/bubble_protocol.egg-info to /home/nhs/engineer/install/bubble_protocol/lib/python3.10/site-packages/bubble_protocol-0.1.0-py3.10.egg-info
running install_scripts
Installing bcp_core script to /home/nhs/engineer/install/bubble_protocol/lib/bubble_protocol
Installing pyserial script to /home/nhs/engineer/install/bubble_protocol/lib/bubble_protocol
writing list of installed files to '/home/nhs/engineer/build/bubble_protocol/install.log'
