[1.058s] Invoking command in '/home/nhs/engineer/src/rm_communication/bubble_protocol': PYTHONPATH=/home/nhs/engineer/build/bubble_protocol/prefix_override:/usr/lib/python3/dist-packages/colcon_core/task/python/colcon_distutils_commands:/home/nhs/engineer/install/bubble_protocol/lib/python3.10/site-packages:${PYTHONPATH} /usr/bin/python3 -W ignore:setup.py install is deprecated -W ignore:easy_install command is deprecated setup.py egg_info --egg-base ../../../build/bubble_protocol build --build-base /home/nhs/engineer/build/bubble_protocol/build install --record /home/nhs/engineer/build/bubble_protocol/install.log --single-version-externally-managed install_data
[1.383s] running egg_info
[1.384s] writing ../../../build/bubble_protocol/bubble_protocol.egg-info/PKG-INFO
[1.384s] writing dependency_links to ../../../build/bubble_protocol/bubble_protocol.egg-info/dependency_links.txt
[1.384s] writing entry points to ../../../build/bubble_protocol/bubble_protocol.egg-info/entry_points.txt
[1.385s] writing requirements to ../../../build/bubble_protocol/bubble_protocol.egg-info/requires.txt
[1.385s] writing top-level names to ../../../build/bubble_protocol/bubble_protocol.egg-info/top_level.txt
[1.386s] reading manifest file '../../../build/bubble_protocol/bubble_protocol.egg-info/SOURCES.txt'
[1.387s] writing manifest file '../../../build/bubble_protocol/bubble_protocol.egg-info/SOURCES.txt'
[1.388s] running build
[1.388s] running build_py
[1.388s] copying bubble_protocol/dispatch.py -> /home/nhs/engineer/build/bubble_protocol/build/lib/bubble_protocol
[1.389s] running install
[1.390s] running install_lib
[1.390s] copying /home/nhs/engineer/build/bubble_protocol/build/lib/bubble_protocol/dispatch.py -> /home/nhs/engineer/install/bubble_protocol/lib/python3.10/site-packages/bubble_protocol
[1.391s] byte-compiling /home/nhs/engineer/install/bubble_protocol/lib/python3.10/site-packages/bubble_protocol/dispatch.py to dispatch.cpython-310.pyc
[1.392s] running install_data
[1.392s] running install_egg_info
[1.394s] removing '/home/nhs/engineer/install/bubble_protocol/lib/python3.10/site-packages/bubble_protocol-0.1.0-py3.10.egg-info' (and everything under it)
[1.397s] Copying ../../../build/bubble_protocol/bubble_protocol.egg-info to /home/nhs/engineer/install/bubble_protocol/lib/python3.10/site-packages/bubble_protocol-0.1.0-py3.10.egg-info
[1.404s] running install_scripts
[1.422s] Installing bcp_core script to /home/nhs/engineer/install/bubble_protocol/lib/bubble_protocol
[1.422s] Installing pyserial script to /home/nhs/engineer/install/bubble_protocol/lib/bubble_protocol
[1.422s] Installing test_cmd script to /home/nhs/engineer/install/bubble_protocol/lib/bubble_protocol
[1.422s] writing list of installed files to '/home/nhs/engineer/build/bubble_protocol/install.log'
[1.502s] Invoked command in '/home/nhs/engineer/src/rm_communication/bubble_protocol' returned '0': PYTHONPATH=/home/nhs/engineer/build/bubble_protocol/prefix_override:/usr/lib/python3/dist-packages/colcon_core/task/python/colcon_distutils_commands:/home/nhs/engineer/install/bubble_protocol/lib/python3.10/site-packages:${PYTHONPATH} /usr/bin/python3 -W ignore:setup.py install is deprecated -W ignore:easy_install command is deprecated setup.py egg_info --egg-base ../../../build/bubble_protocol build --build-base /home/nhs/engineer/build/bubble_protocol/build install --record /home/nhs/engineer/build/bubble_protocol/install.log --single-version-externally-managed install_data
