[0.207s] Invoking command in '/home/nhs/engineer/build/livox_sdk2': /usr/bin/cmake /home/nhs/engineer/src/rm_driver/Livox-SDK2 -DROS_EDITION=ROS2 -DHUMBLE_ROS=humble -DCMAKE_INSTALL_PREFIX=/home/nhs/engineer/install/livox_sdk2
[0.269s] -- The C compiler identification is GNU 11.4.0
[0.351s] -- The CXX compiler identification is GNU 11.4.0
[0.363s] -- Detecting C compiler ABI info
[0.443s] -- Detecting C compiler ABI info - done
[0.455s] -- Check for working C compiler: /usr/bin/cc - skipped
[0.455s] -- Detecting C compile features
[0.456s] -- Detecting C compile features - done
[0.460s] -- Detecting CXX compiler ABI info
[0.558s] -- Detecting CXX compiler ABI info - done
[0.565s] -- Check for working CXX compiler: /usr/bin/c++ - skipped
[0.565s] -- Detecting CXX compile features
[0.568s] -- Detecting CXX compile features - done
[0.568s] -- main project dir: /home/nhs/engineer/src/rm_driver/Livox-SDK2
[0.570s] -- main project dir: /home/nhs/engineer/src/rm_driver/Livox-SDK2/samples
[0.574s] -- Configuring done
[0.604s] -- Generating done
[0.608s] [33mCMake Warning:
[0.608s]   Manually-specified variables were not used by the project:
[0.608s] 
[0.608s]     HUMBLE_ROS
[0.610s]     ROS_EDITION
[0.611s] 
[0.611s] [0m
[0.614s] -- Build files have been written to: /home/nhs/engineer/build/livox_sdk2
[0.627s] Invoked command in '/home/nhs/engineer/build/livox_sdk2' returned '0': /usr/bin/cmake /home/nhs/engineer/src/rm_driver/Livox-SDK2 -DROS_EDITION=ROS2 -DHUMBLE_ROS=humble -DCMAKE_INSTALL_PREFIX=/home/nhs/engineer/install/livox_sdk2
[0.628s] Invoking command in '/home/nhs/engineer/build/livox_sdk2': /usr/bin/cmake --build /home/nhs/engineer/build/livox_sdk2 -- -j8 -l8
[1.316s] [  1%] [32mBuilding CXX object sdk_core/CMakeFiles/livox_lidar_sdk_static.dir/__/3rdparty/FastCRC/FastCRCsw.cpp.o[0m
[1.316s] [  2%] [32mBuilding CXX object sdk_core/CMakeFiles/livox_lidar_sdk_shared.dir/__/3rdparty/FastCRC/FastCRCsw.cpp.o[0m
[1.319s] [  4%] [32mBuilding CXX object sdk_core/CMakeFiles/livox_lidar_sdk_static.dir/livox_lidar_sdk.cpp.o[0m
[1.322s] [  4%] [32mBuilding CXX object sdk_core/CMakeFiles/livox_lidar_sdk_shared.dir/livox_lidar_sdk.cpp.o[0m
[1.323s] [  6%] [32mBuilding CXX object sdk_core/CMakeFiles/livox_lidar_sdk_static.dir/device_manager.cpp.o[0m
[1.323s] [  7%] [32mBuilding CXX object sdk_core/CMakeFiles/livox_lidar_sdk_shared.dir/params_check.cpp.o[0m
[1.323s] [  8%] [32mBuilding CXX object sdk_core/CMakeFiles/livox_lidar_sdk_shared.dir/device_manager.cpp.o[0m
[1.323s] [  9%] [32mBuilding CXX object sdk_core/CMakeFiles/livox_lidar_sdk_static.dir/params_check.cpp.o[0m
[1.323s] [ 10%] [32mBuilding CXX object sdk_core/CMakeFiles/livox_lidar_sdk_shared.dir/parse_cfg_file.cpp.o[0m
[1.324s] [ 12%] [32mBuilding CXX object sdk_core/CMakeFiles/livox_lidar_sdk_shared.dir/upgrade_manager.cpp.o[0m
[1.825s] [ 13%] [32mBuilding CXX object sdk_core/CMakeFiles/livox_lidar_sdk_shared.dir/base/io_loop.cpp.o[0m
[5.512s] [ 14%] [32mBuilding CXX object sdk_core/CMakeFiles/livox_lidar_sdk_static.dir/parse_cfg_file.cpp.o[0m
[5.711s] [ 15%] [32mBuilding CXX object sdk_core/CMakeFiles/livox_lidar_sdk_static.dir/upgrade_manager.cpp.o[0m
[6.127s] [ 16%] [32mBuilding CXX object sdk_core/CMakeFiles/livox_lidar_sdk_shared.dir/base/thread_base.cpp.o[0m
[6.681s] [ 18%] [32mBuilding CXX object sdk_core/CMakeFiles/livox_lidar_sdk_static.dir/base/io_loop.cpp.o[0m
[6.923s] [ 19%] [32mBuilding CXX object sdk_core/CMakeFiles/livox_lidar_sdk_static.dir/base/thread_base.cpp.o[0m
[6.991s] [ 20%] [32mBuilding CXX object sdk_core/CMakeFiles/livox_lidar_sdk_static.dir/base/io_thread.cpp.o[0m
[7.029s] [ 21%] [32mBuilding CXX object sdk_core/CMakeFiles/livox_lidar_sdk_static.dir/base/logging.cpp.o[0m
[7.137s] [ 22%] [32mBuilding CXX object sdk_core/CMakeFiles/livox_lidar_sdk_static.dir/base/network/unix/network_util.cpp.o[0m
[7.629s] [ 24%] [32mBuilding CXX object sdk_core/CMakeFiles/livox_lidar_sdk_static.dir/base/multiple_io/multiple_io_base.cpp.o[0m
[8.134s] [ 25%] [32mBuilding CXX object sdk_core/CMakeFiles/livox_lidar_sdk_static.dir/base/multiple_io/multiple_io_epoll.cpp.o[0m
[8.410s] [ 26%] [32mBuilding CXX object sdk_core/CMakeFiles/livox_lidar_sdk_static.dir/base/multiple_io/multiple_io_poll.cpp.o[0m
[8.429s] [ 27%] [32mBuilding CXX object sdk_core/CMakeFiles/livox_lidar_sdk_static.dir/base/multiple_io/multiple_io_select.cpp.o[0m
[8.489s] [ 28%] [32mBuilding CXX object sdk_core/CMakeFiles/livox_lidar_sdk_shared.dir/base/io_thread.cpp.o[0m
[9.113s] [ 30%] [32mBuilding CXX object sdk_core/CMakeFiles/livox_lidar_sdk_static.dir/base/multiple_io/multiple_io_kqueue.cpp.o[0m
[9.336s] [ 31%] [32mBuilding CXX object sdk_core/CMakeFiles/livox_lidar_sdk_static.dir/base/wake_up/unix/wake_up_pipe.cpp.o[0m
[9.338s] [ 32%] [32mBuilding CXX object sdk_core/CMakeFiles/livox_lidar_sdk_static.dir/comm/comm_port.cpp.o[0m
[9.370s] [ 33%] [32mBuilding CXX object sdk_core/CMakeFiles/livox_lidar_sdk_shared.dir/base/logging.cpp.o[0m
[9.446s] [ 34%] [32mBuilding CXX object sdk_core/CMakeFiles/livox_lidar_sdk_static.dir/comm/sdk_protocol.cpp.o[0m
[9.619s] [ 36%] [32mBuilding CXX object sdk_core/CMakeFiles/livox_lidar_sdk_shared.dir/base/network/unix/network_util.cpp.o[0m
[10.204s] [ 37%] [32mBuilding CXX object sdk_core/CMakeFiles/livox_lidar_sdk_shared.dir/base/multiple_io/multiple_io_base.cpp.o[0m
[10.216s] [ 38%] [32mBuilding CXX object sdk_core/CMakeFiles/livox_lidar_sdk_shared.dir/base/multiple_io/multiple_io_epoll.cpp.o[0m
[10.402s] [ 39%] [32mBuilding CXX object sdk_core/CMakeFiles/livox_lidar_sdk_shared.dir/base/multiple_io/multiple_io_poll.cpp.o[0m
[10.545s] [ 40%] [32mBuilding CXX object sdk_core/CMakeFiles/livox_lidar_sdk_shared.dir/base/multiple_io/multiple_io_select.cpp.o[0m
[10.972s] [ 42%] [32mBuilding CXX object sdk_core/CMakeFiles/livox_lidar_sdk_static.dir/comm/generate_seq.cpp.o[0m
[11.122s] [ 43%] [32mBuilding CXX object sdk_core/CMakeFiles/livox_lidar_sdk_shared.dir/base/multiple_io/multiple_io_kqueue.cpp.o[0m
[11.380s] [ 44%] [32mBuilding CXX object sdk_core/CMakeFiles/livox_lidar_sdk_shared.dir/base/wake_up/unix/wake_up_pipe.cpp.o[0m
[11.482s] [ 45%] [32mBuilding CXX object sdk_core/CMakeFiles/livox_lidar_sdk_shared.dir/comm/comm_port.cpp.o[0m
[11.733s] [ 46%] [32mBuilding CXX object sdk_core/CMakeFiles/livox_lidar_sdk_static.dir/upgrade/firmware.cpp.o[0m
[11.827s] [ 48%] [32mBuilding CXX object sdk_core/CMakeFiles/livox_lidar_sdk_shared.dir/comm/sdk_protocol.cpp.o[0m
[11.915s] [ 49%] [32mBuilding CXX object sdk_core/CMakeFiles/livox_lidar_sdk_static.dir/upgrade/livox_lidar_upgrader.cpp.o[0m
[11.967s] [ 50%] [32mBuilding CXX object sdk_core/CMakeFiles/livox_lidar_sdk_shared.dir/comm/generate_seq.cpp.o[0m
[12.201s] [ 51%] [32mBuilding CXX object sdk_core/CMakeFiles/livox_lidar_sdk_shared.dir/upgrade/firmware.cpp.o[0m
[12.207s] [ 53%] [32mBuilding CXX object sdk_core/CMakeFiles/livox_lidar_sdk_static.dir/logger_handler/logger_manager.cpp.o[0m
[12.530s] [ 54%] [32mBuilding CXX object sdk_core/CMakeFiles/livox_lidar_sdk_static.dir/logger_handler/logger_handler.cpp.o[0m
[12.854s] [ 55%] [32mBuilding CXX object sdk_core/CMakeFiles/livox_lidar_sdk_static.dir/logger_handler/file_manager.cpp.o[0m
[14.145s] [ 56%] [32mBuilding CXX object sdk_core/CMakeFiles/livox_lidar_sdk_static.dir/data_handler/data_handler.cpp.o[0m
[14.860s] [ 57%] [32mBuilding CXX object sdk_core/CMakeFiles/livox_lidar_sdk_static.dir/command_handler/command_impl.cpp.o[0m
[16.038s] [32mBuilding CXX object sdk_core/CMakeFiles/livox_lidar_sdk_static.dir/command_handler/general_command_handler.cpp.o[0m
[16.067s] /bin/sh: 1: cd: can't cd to /home/nhs/engineer/build/livox_sdk2/sdk_core
[16.071s] gmake[2]: *** [sdk_core/CMakeFiles/livox_lidar_sdk_static.dir/build.make:454：sdk_core/CMakeFiles/livox_lidar_sdk_static.dir/command_handler/general_command_handler.cpp.o] 错误 2
[16.071s] gmake[2]: *** 正在等待未完成的任务....
[16.109s] [32mBuilding CXX object sdk_core/CMakeFiles/livox_lidar_sdk_shared.dir/upgrade/livox_lidar_upgrader.cpp.o[0m
[16.116s] /bin/sh: 1: cd: can't cd to /home/nhs/engineer/build/livox_sdk2/sdk_core
[16.116s] gmake[2]: *** [sdk_core/CMakeFiles/livox_lidar_sdk_shared.dir/build.make:370：sdk_core/CMakeFiles/livox_lidar_sdk_shared.dir/upgrade/livox_lidar_upgrader.cpp.o] 错误 2
[16.116s] gmake[2]: *** 正在等待未完成的任务....
[19.466s] gmake[1]: *** [CMakeFiles/Makefile2:249：sdk_core/CMakeFiles/livox_lidar_sdk_shared.dir/all] 错误 2
[19.466s] gmake[1]: *** 正在等待未完成的任务....
[20.715s] gmake[1]: *** [CMakeFiles/Makefile2:223：sdk_core/CMakeFiles/livox_lidar_sdk_static.dir/all] 错误 2
[20.715s] gmake: *** [Makefile:136：all] 错误 2
