[0.550s] Invoking command in '/home/zrk/engineer_up/engineer/src/rm_communication/bubble_protocol': PYTHONPATH=/home/zrk/engineer_up/engineer/build/bubble_protocol/prefix_override:/usr/lib/python3/dist-packages/colcon_core/task/python/colcon_distutils_commands:/home/zrk/engineer_up/engineer/install/bubble_protocol/lib/python3.10/site-packages:${PYTHONPATH} /usr/bin/python3 -W ignore:setup.py install is deprecated -W ignore:easy_install command is deprecated setup.py egg_info --egg-base ../../../build/bubble_protocol build --build-base /home/zrk/engineer_up/engineer/build/bubble_protocol/build install --record /home/zrk/engineer_up/engineer/build/bubble_protocol/install.log --single-version-externally-managed install_data
[1.126s] running egg_info
[1.126s] creating ../../../build/bubble_protocol/bubble_protocol.egg-info
[1.127s] writing ../../../build/bubble_protocol/bubble_protocol.egg-info/PKG-INFO
[1.127s] writing dependency_links to ../../../build/bubble_protocol/bubble_protocol.egg-info/dependency_links.txt
[1.127s] writing entry points to ../../../build/bubble_protocol/bubble_protocol.egg-info/entry_points.txt
[1.127s] writing requirements to ../../../build/bubble_protocol/bubble_protocol.egg-info/requires.txt
[1.127s] writing top-level names to ../../../build/bubble_protocol/bubble_protocol.egg-info/top_level.txt
[1.127s] writing manifest file '../../../build/bubble_protocol/bubble_protocol.egg-info/SOURCES.txt'
[1.130s] reading manifest file '../../../build/bubble_protocol/bubble_protocol.egg-info/SOURCES.txt'
[1.139s] writing manifest file '../../../build/bubble_protocol/bubble_protocol.egg-info/SOURCES.txt'
[1.139s] running build
[1.139s] running build_py
[1.139s] creating /home/zrk/engineer_up/engineer/build/bubble_protocol/build
[1.140s] creating /home/zrk/engineer_up/engineer/build/bubble_protocol/build/lib
[1.140s] creating /home/zrk/engineer_up/engineer/build/bubble_protocol/build/lib/bubble_protocol
[1.140s] copying bubble_protocol/__init__.py -> /home/zrk/engineer_up/engineer/build/bubble_protocol/build/lib/bubble_protocol
[1.140s] copying bubble_protocol/bcp_core.py -> /home/zrk/engineer_up/engineer/build/bubble_protocol/build/lib/bubble_protocol
[1.141s] copying bubble_protocol/dispatch.py -> /home/zrk/engineer_up/engineer/build/bubble_protocol/build/lib/bubble_protocol
[1.141s] copying bubble_protocol/pyserial.py -> /home/zrk/engineer_up/engineer/build/bubble_protocol/build/lib/bubble_protocol
[1.142s] copying bubble_protocol/protocol.py -> /home/zrk/engineer_up/engineer/build/bubble_protocol/build/lib/bubble_protocol
[1.142s] copying bubble_protocol/hardware.py -> /home/zrk/engineer_up/engineer/build/bubble_protocol/build/lib/bubble_protocol
[1.143s] copying bubble_protocol/test_cmd.py -> /home/zrk/engineer_up/engineer/build/bubble_protocol/build/lib/bubble_protocol
[1.147s] copying bubble_protocol/robot_status.py -> /home/zrk/engineer_up/engineer/build/bubble_protocol/build/lib/bubble_protocol
[1.148s] running install
[1.148s] running install_lib
[1.149s] creating /home/zrk/engineer_up/engineer/install/bubble_protocol/lib/python3.10/site-packages/bubble_protocol
[1.150s] copying /home/zrk/engineer_up/engineer/build/bubble_protocol/build/lib/bubble_protocol/__init__.py -> /home/zrk/engineer_up/engineer/install/bubble_protocol/lib/python3.10/site-packages/bubble_protocol
[1.150s] copying /home/zrk/engineer_up/engineer/build/bubble_protocol/build/lib/bubble_protocol/bcp_core.py -> /home/zrk/engineer_up/engineer/install/bubble_protocol/lib/python3.10/site-packages/bubble_protocol
[1.150s] copying /home/zrk/engineer_up/engineer/build/bubble_protocol/build/lib/bubble_protocol/dispatch.py -> /home/zrk/engineer_up/engineer/install/bubble_protocol/lib/python3.10/site-packages/bubble_protocol
[1.151s] copying /home/zrk/engineer_up/engineer/build/bubble_protocol/build/lib/bubble_protocol/pyserial.py -> /home/zrk/engineer_up/engineer/install/bubble_protocol/lib/python3.10/site-packages/bubble_protocol
[1.151s] copying /home/zrk/engineer_up/engineer/build/bubble_protocol/build/lib/bubble_protocol/protocol.py -> /home/zrk/engineer_up/engineer/install/bubble_protocol/lib/python3.10/site-packages/bubble_protocol
[1.151s] copying /home/zrk/engineer_up/engineer/build/bubble_protocol/build/lib/bubble_protocol/hardware.py -> /home/zrk/engineer_up/engineer/install/bubble_protocol/lib/python3.10/site-packages/bubble_protocol
[1.151s] copying /home/zrk/engineer_up/engineer/build/bubble_protocol/build/lib/bubble_protocol/test_cmd.py -> /home/zrk/engineer_up/engineer/install/bubble_protocol/lib/python3.10/site-packages/bubble_protocol
[1.151s] copying /home/zrk/engineer_up/engineer/build/bubble_protocol/build/lib/bubble_protocol/robot_status.py -> /home/zrk/engineer_up/engineer/install/bubble_protocol/lib/python3.10/site-packages/bubble_protocol
[1.157s] byte-compiling /home/zrk/engineer_up/engineer/install/bubble_protocol/lib/python3.10/site-packages/bubble_protocol/__init__.py to __init__.cpython-310.pyc
[1.158s] byte-compiling /home/zrk/engineer_up/engineer/install/bubble_protocol/lib/python3.10/site-packages/bubble_protocol/bcp_core.py to bcp_core.cpython-310.pyc
[1.158s] byte-compiling /home/zrk/engineer_up/engineer/install/bubble_protocol/lib/python3.10/site-packages/bubble_protocol/dispatch.py to dispatch.cpython-310.pyc
[1.162s] byte-compiling /home/zrk/engineer_up/engineer/install/bubble_protocol/lib/python3.10/site-packages/bubble_protocol/pyserial.py to pyserial.cpython-310.pyc
[1.162s] byte-compiling /home/zrk/engineer_up/engineer/install/bubble_protocol/lib/python3.10/site-packages/bubble_protocol/protocol.py to protocol.cpython-310.pyc
[1.166s] byte-compiling /home/zrk/engineer_up/engineer/install/bubble_protocol/lib/python3.10/site-packages/bubble_protocol/hardware.py to hardware.cpython-310.pyc
[1.173s] byte-compiling /home/zrk/engineer_up/engineer/install/bubble_protocol/lib/python3.10/site-packages/bubble_protocol/test_cmd.py to test_cmd.cpython-310.pyc
[1.175s] byte-compiling /home/zrk/engineer_up/engineer/install/bubble_protocol/lib/python3.10/site-packages/bubble_protocol/robot_status.py to robot_status.cpython-310.pyc
[1.175s] running install_data
[1.175s] creating /home/zrk/engineer_up/engineer/install/bubble_protocol/share/ament_index
[1.175s] creating /home/zrk/engineer_up/engineer/install/bubble_protocol/share/ament_index/resource_index
[1.175s] creating /home/zrk/engineer_up/engineer/install/bubble_protocol/share/ament_index/resource_index/packages
[1.175s] copying resource/bubble_protocol -> /home/zrk/engineer_up/engineer/install/bubble_protocol/share/ament_index/resource_index/packages
[1.176s] copying package.xml -> /home/zrk/engineer_up/engineer/install/bubble_protocol/share/bubble_protocol
[1.176s] copying launch/engineer_up_serial_launch.py -> /home/zrk/engineer_up/engineer/install/bubble_protocol/share/bubble_protocol
[1.176s] running install_egg_info
[1.184s] Copying ../../../build/bubble_protocol/bubble_protocol.egg-info to /home/zrk/engineer_up/engineer/install/bubble_protocol/lib/python3.10/site-packages/bubble_protocol-0.1.0-py3.10.egg-info
[1.190s] running install_scripts
[1.256s] Installing bcp_core script to /home/zrk/engineer_up/engineer/install/bubble_protocol/lib/bubble_protocol
[1.258s] Installing pyserial script to /home/zrk/engineer_up/engineer/install/bubble_protocol/lib/bubble_protocol
[1.258s] Installing test_cmd script to /home/zrk/engineer_up/engineer/install/bubble_protocol/lib/bubble_protocol
[1.258s] writing list of installed files to '/home/zrk/engineer_up/engineer/build/bubble_protocol/install.log'
[1.380s] Invoked command in '/home/zrk/engineer_up/engineer/src/rm_communication/bubble_protocol' returned '0': PYTHONPATH=/home/zrk/engineer_up/engineer/build/bubble_protocol/prefix_override:/usr/lib/python3/dist-packages/colcon_core/task/python/colcon_distutils_commands:/home/zrk/engineer_up/engineer/install/bubble_protocol/lib/python3.10/site-packages:${PYTHONPATH} /usr/bin/python3 -W ignore:setup.py install is deprecated -W ignore:easy_install command is deprecated setup.py egg_info --egg-base ../../../build/bubble_protocol build --build-base /home/zrk/engineer_up/engineer/build/bubble_protocol/build install --record /home/zrk/engineer_up/engineer/build/bubble_protocol/install.log --single-version-externally-managed install_data
