-- The C compiler identification is GNU 11.4.0
-- The CXX compiler identification is GNU 11.4.0
-- Detecting C compiler ABI info
-- Detecting C compiler ABI info - done
-- Check for working C compiler: /usr/bin/cc - skipped
-- Detecting C compile features
-- Detecting C compile features - done
-- Detecting CXX compiler ABI info
-- Detecting CXX compiler ABI info - done
-- Check for working CXX compiler: /usr/bin/c++ - skipped
-- Detecting CXX compile features
-- Detecting CXX compile features - done
-- Found ament_cmake: 1.3.12 (/opt/ros/humble/share/ament_cmake/cmake)
-- Found Python3: /usr/bin/python3 (found version "3.10.12") found components: Interpreter 
-- Found builtin_interfaces: 1.2.2 (/opt/ros/humble/share/builtin_interfaces/cmake)
-- Found rosidl_generator_c: 3.1.7 (/opt/ros/humble/share/rosidl_generator_c/cmake)
-- Found rosidl_adapter: 3.1.7 (/opt/ros/humble/share/rosidl_adapter/cmake)
-- Found rosidl_generator_cpp: 3.1.7 (/opt/ros/humble/share/rosidl_generator_cpp/cmake)
-- Using all available rosidl_typesupport_c: rosidl_typesupport_fastrtps_c;rosidl_typesupport_introspection_c
-- Using all available rosidl_typesupport_cpp: rosidl_typesupport_fastrtps_cpp;rosidl_typesupport_introspection_cpp
-- Found std_msgs: 4.9.0 (/opt/ros/humble/share/std_msgs/cmake)
-- Found rosidl_default_generators: 1.2.0 (/opt/ros/humble/share/rosidl_default_generators/cmake)
-- Found ament_cmake_ros: 0.10.0 (/opt/ros/humble/share/ament_cmake_ros/cmake)
-- Using all available rosidl_typesupport_c: rosidl_typesupport_fastrtps_c;rosidl_typesupport_introspection_c
-- Using all available rosidl_typesupport_cpp: rosidl_typesupport_fastrtps_cpp;rosidl_typesupport_introspection_cpp
-- Found PythonInterp: /usr/bin/python3 (found suitable version "3.10.12", minimum required is "3.6") 
-- Found python_cmake_module: 0.10.0 (/opt/ros/humble/share/python_cmake_module/cmake)
-- Found PythonLibs: /usr/lib/x86_64-linux-gnu/libpython3.10.so (found suitable version "3.10.12", minimum required is "3.5") 
-- Using PYTHON_EXECUTABLE: /usr/bin/python3
-- Using PYTHON_INCLUDE_DIRS: /usr/include/python3.10
-- Using PYTHON_LIBRARIES: /usr/lib/x86_64-linux-gnu/libpython3.10.so
-- Found PythonExtra: .so  
-- Configuring done
[33mCMake Warning:
  Manually-specified variables were not used by the project:

    HUMBLE_ROS
    ROS_EDITION

[0m
-- Generating done
-- Build files have been written to: /home/nhs/engineer/build/rmctrl_msgs
[  2%] [34m[1mGenerating C code for ROS interfaces[0m
[  4%] [34m[1mGenerating C++ code for ROS interfaces[0m
[  4%] Built target ament_cmake_python_copy_rmctrl_msgs
running egg_info
creating rmctrl_msgs.egg-info
writing rmctrl_msgs.egg-info/PKG-INFO
writing dependency_links to rmctrl_msgs.egg-info/dependency_links.txt
writing top-level names to rmctrl_msgs.egg-info/top_level.txt
writing manifest file 'rmctrl_msgs.egg-info/SOURCES.txt'
reading manifest file 'rmctrl_msgs.egg-info/SOURCES.txt'
writing manifest file 'rmctrl_msgs.egg-info/SOURCES.txt'
[  4%] Built target ament_cmake_python_build_rmctrl_msgs_egg
[  4%] Built target rmctrl_msgs__cpp
[  6%] [34m[1mGenerating C++ type support for eProsima Fast-RTPS[0m
[  8%] [34m[1mGenerating C++ type support dispatch for ROS interfaces[0m
[ 10%] [34m[1mGenerating C++ introspection for ROS interfaces[0m
[ 12%] [32mBuilding C object CMakeFiles/rmctrl_msgs__rosidl_generator_c.dir/rosidl_generator_c/rmctrl_msgs/msg/detail/chassis__functions.c.o[0m
[ 14%] [32mBuilding C object CMakeFiles/rmctrl_msgs__rosidl_generator_c.dir/rosidl_generator_c/rmctrl_msgs/msg/detail/imu__functions.c.o[0m
[ 17%] [32mBuilding C object CMakeFiles/rmctrl_msgs__rosidl_generator_c.dir/rosidl_generator_c/rmctrl_msgs/msg/detail/odom__functions.c.o[0m
[ 19%] [32m[1mLinking C shared library librmctrl_msgs__rosidl_generator_c.so[0m
[ 19%] Built target rmctrl_msgs__rosidl_generator_c
[ 21%] [34m[1mGenerating C type support dispatch for ROS interfaces[0m
[ 23%] [34m[1mGenerating C type support for eProsima Fast-RTPS[0m
[ 25%] [34m[1mGenerating C introspection for ROS interfaces[0m
[ 27%] [32mBuilding CXX object CMakeFiles/rmctrl_msgs__rosidl_typesupport_c.dir/rosidl_typesupport_c/rmctrl_msgs/msg/chassis__type_support.cpp.o[0m
[ 29%] [32mBuilding CXX object CMakeFiles/rmctrl_msgs__rosidl_typesupport_c.dir/rosidl_typesupport_c/rmctrl_msgs/msg/imu__type_support.cpp.o[0m
[ 31%] [32mBuilding CXX object CMakeFiles/rmctrl_msgs__rosidl_typesupport_c.dir/rosidl_typesupport_c/rmctrl_msgs/msg/odom__type_support.cpp.o[0m
[ 34%] [32m[1mLinking CXX shared library librmctrl_msgs__rosidl_typesupport_c.so[0m
[ 36%] [32mBuilding CXX object CMakeFiles/rmctrl_msgs__rosidl_typesupport_cpp.dir/rosidl_typesupport_cpp/rmctrl_msgs/msg/chassis__type_support.cpp.o[0m
[ 38%] [32mBuilding CXX object CMakeFiles/rmctrl_msgs__rosidl_typesupport_cpp.dir/rosidl_typesupport_cpp/rmctrl_msgs/msg/imu__type_support.cpp.o[0m
[ 40%] [32mBuilding CXX object CMakeFiles/rmctrl_msgs__rosidl_typesupport_cpp.dir/rosidl_typesupport_cpp/rmctrl_msgs/msg/odom__type_support.cpp.o[0m
[ 40%] Built target rmctrl_msgs__rosidl_typesupport_c
[ 42%] [32mBuilding CXX object CMakeFiles/rmctrl_msgs__rosidl_typesupport_introspection_cpp.dir/rosidl_typesupport_introspection_cpp/rmctrl_msgs/msg/detail/imu__type_support.cpp.o[0m
[ 44%] [32mBuilding CXX object CMakeFiles/rmctrl_msgs__rosidl_typesupport_introspection_cpp.dir/rosidl_typesupport_introspection_cpp/rmctrl_msgs/msg/detail/chassis__type_support.cpp.o[0m
[ 46%] [32mBuilding CXX object CMakeFiles/rmctrl_msgs__rosidl_typesupport_fastrtps_cpp.dir/rosidl_typesupport_fastrtps_cpp/rmctrl_msgs/msg/detail/dds_fastrtps/chassis__type_support.cpp.o[0m
[ 48%] [32mBuilding C object CMakeFiles/rmctrl_msgs__rosidl_typesupport_introspection_c.dir/rosidl_typesupport_introspection_c/rmctrl_msgs/msg/detail/chassis__type_support.c.o[0m
[ 51%] [32mBuilding CXX object CMakeFiles/rmctrl_msgs__rosidl_typesupport_fastrtps_c.dir/rosidl_typesupport_fastrtps_c/rmctrl_msgs/msg/detail/chassis__type_support_c.cpp.o[0m
[ 53%] [32mBuilding CXX object CMakeFiles/rmctrl_msgs__rosidl_typesupport_introspection_cpp.dir/rosidl_typesupport_introspection_cpp/rmctrl_msgs/msg/detail/odom__type_support.cpp.o[0m
[ 55%] [32mBuilding C object CMakeFiles/rmctrl_msgs__rosidl_typesupport_introspection_c.dir/rosidl_typesupport_introspection_c/rmctrl_msgs/msg/detail/imu__type_support.c.o[0m
[ 57%] [32mBuilding C object CMakeFiles/rmctrl_msgs__rosidl_typesupport_introspection_c.dir/rosidl_typesupport_introspection_c/rmctrl_msgs/msg/detail/odom__type_support.c.o[0m
[ 59%] [32mBuilding CXX object CMakeFiles/rmctrl_msgs__rosidl_typesupport_fastrtps_c.dir/rosidl_typesupport_fastrtps_c/rmctrl_msgs/msg/detail/imu__type_support_c.cpp.o[0m
[ 61%] [32m[1mLinking CXX shared library librmctrl_msgs__rosidl_typesupport_cpp.so[0m
[ 63%] [32mBuilding CXX object CMakeFiles/rmctrl_msgs__rosidl_typesupport_fastrtps_cpp.dir/rosidl_typesupport_fastrtps_cpp/rmctrl_msgs/msg/detail/dds_fastrtps/imu__type_support.cpp.o[0m
[ 65%] [32m[1mLinking C shared library librmctrl_msgs__rosidl_typesupport_introspection_c.so[0m
[ 65%] Built target rmctrl_msgs__rosidl_typesupport_cpp
[ 65%] Built target rmctrl_msgs__rosidl_typesupport_introspection_c
[ 68%] [32mBuilding CXX object CMakeFiles/rmctrl_msgs__rosidl_typesupport_fastrtps_c.dir/rosidl_typesupport_fastrtps_c/rmctrl_msgs/msg/detail/odom__type_support_c.cpp.o[0m
[ 70%] [32mBuilding CXX object CMakeFiles/rmctrl_msgs__rosidl_typesupport_fastrtps_cpp.dir/rosidl_typesupport_fastrtps_cpp/rmctrl_msgs/msg/detail/dds_fastrtps/odom__type_support.cpp.o[0m
[ 72%] [32m[1mLinking CXX shared library librmctrl_msgs__rosidl_typesupport_introspection_cpp.so[0m
[ 74%] [32m[1mLinking CXX shared library librmctrl_msgs__rosidl_typesupport_fastrtps_c.so[0m
[ 74%] Built target rmctrl_msgs__rosidl_typesupport_introspection_cpp
[ 74%] Built target rmctrl_msgs__rosidl_typesupport_fastrtps_c
[ 76%] [32m[1mLinking CXX shared library librmctrl_msgs__rosidl_typesupport_fastrtps_cpp.so[0m
[ 76%] Built target rmctrl_msgs__rosidl_typesupport_fastrtps_cpp
[ 76%] Built target rmctrl_msgs
[ 78%] [34m[1mGenerating Python code for ROS interfaces[0m
[ 78%] Built target rmctrl_msgs__py
[ 80%] [32mBuilding C object CMakeFiles/rmctrl_msgs__rosidl_generator_py.dir/rosidl_generator_py/rmctrl_msgs/msg/_chassis_s.c.o[0m
[ 82%] [32mBuilding C object CMakeFiles/rmctrl_msgs__rosidl_generator_py.dir/rosidl_generator_py/rmctrl_msgs/msg/_imu_s.c.o[0m
[ 85%] [32mBuilding C object CMakeFiles/rmctrl_msgs__rosidl_generator_py.dir/rosidl_generator_py/rmctrl_msgs/msg/_odom_s.c.o[0m
[ 87%] [32m[1mLinking C shared library rosidl_generator_py/rmctrl_msgs/librmctrl_msgs__rosidl_generator_py.so[0m
[ 87%] Built target rmctrl_msgs__rosidl_generator_py
[ 89%] [32mBuilding C object CMakeFiles/rmctrl_msgs__rosidl_typesupport_introspection_c__pyext.dir/rosidl_generator_py/rmctrl_msgs/_rmctrl_msgs_s.ep.rosidl_typesupport_introspection_c.c.o[0m
[ 91%] [32mBuilding C object CMakeFiles/rmctrl_msgs__rosidl_typesupport_fastrtps_c__pyext.dir/rosidl_generator_py/rmctrl_msgs/_rmctrl_msgs_s.ep.rosidl_typesupport_fastrtps_c.c.o[0m
[ 93%] [32mBuilding C object CMakeFiles/rmctrl_msgs__rosidl_typesupport_c__pyext.dir/rosidl_generator_py/rmctrl_msgs/_rmctrl_msgs_s.ep.rosidl_typesupport_c.c.o[0m
[ 95%] [32m[1mLinking C shared library rosidl_generator_py/rmctrl_msgs/rmctrl_msgs_s__rosidl_typesupport_introspection_c.cpython-310-x86_64-linux-gnu.so[0m
[ 97%] [32m[1mLinking C shared library rosidl_generator_py/rmctrl_msgs/rmctrl_msgs_s__rosidl_typesupport_fastrtps_c.cpython-310-x86_64-linux-gnu.so[0m
[100%] [32m[1mLinking C shared library rosidl_generator_py/rmctrl_msgs/rmctrl_msgs_s__rosidl_typesupport_c.cpython-310-x86_64-linux-gnu.so[0m
[100%] Built target rmctrl_msgs__rosidl_typesupport_introspection_c__pyext
[100%] Built target rmctrl_msgs__rosidl_typesupport_fastrtps_c__pyext
[100%] Built target rmctrl_msgs__rosidl_typesupport_c__pyext
-- Install configuration: ""
-- Installing: /home/nhs/engineer/install/rmctrl_msgs/share/ament_index/resource_index/rosidl_interfaces/rmctrl_msgs
-- Installing: /home/nhs/engineer/install/rmctrl_msgs/include/rmctrl_msgs/rmctrl_msgs
-- Installing: /home/nhs/engineer/install/rmctrl_msgs/include/rmctrl_msgs/rmctrl_msgs/msg
-- Installing: /home/nhs/engineer/install/rmctrl_msgs/include/rmctrl_msgs/rmctrl_msgs/msg/chassis.h
-- Installing: /home/nhs/engineer/install/rmctrl_msgs/include/rmctrl_msgs/rmctrl_msgs/msg/imu.h
-- Installing: /home/nhs/engineer/install/rmctrl_msgs/include/rmctrl_msgs/rmctrl_msgs/msg/rosidl_generator_c__visibility_control.h
-- Installing: /home/nhs/engineer/install/rmctrl_msgs/include/rmctrl_msgs/rmctrl_msgs/msg/detail
-- Installing: /home/nhs/engineer/install/rmctrl_msgs/include/rmctrl_msgs/rmctrl_msgs/msg/detail/imu__struct.h
-- Installing: /home/nhs/engineer/install/rmctrl_msgs/include/rmctrl_msgs/rmctrl_msgs/msg/detail/imu__type_support.h
-- Installing: /home/nhs/engineer/install/rmctrl_msgs/include/rmctrl_msgs/rmctrl_msgs/msg/detail/chassis__type_support.h
-- Installing: /home/nhs/engineer/install/rmctrl_msgs/include/rmctrl_msgs/rmctrl_msgs/msg/detail/chassis__struct.h
-- Installing: /home/nhs/engineer/install/rmctrl_msgs/include/rmctrl_msgs/rmctrl_msgs/msg/detail/imu__functions.c
-- Installing: /home/nhs/engineer/install/rmctrl_msgs/include/rmctrl_msgs/rmctrl_msgs/msg/detail/odom__struct.h
-- Installing: /home/nhs/engineer/install/rmctrl_msgs/include/rmctrl_msgs/rmctrl_msgs/msg/detail/chassis__functions.c
-- Installing: /home/nhs/engineer/install/rmctrl_msgs/include/rmctrl_msgs/rmctrl_msgs/msg/detail/odom__type_support.h
-- Installing: /home/nhs/engineer/install/rmctrl_msgs/include/rmctrl_msgs/rmctrl_msgs/msg/detail/odom__functions.c
-- Installing: /home/nhs/engineer/install/rmctrl_msgs/include/rmctrl_msgs/rmctrl_msgs/msg/detail/odom__functions.h
-- Installing: /home/nhs/engineer/install/rmctrl_msgs/include/rmctrl_msgs/rmctrl_msgs/msg/detail/imu__functions.h
-- Installing: /home/nhs/engineer/install/rmctrl_msgs/include/rmctrl_msgs/rmctrl_msgs/msg/detail/chassis__functions.h
-- Installing: /home/nhs/engineer/install/rmctrl_msgs/include/rmctrl_msgs/rmctrl_msgs/msg/odom.h
-- Installing: /home/nhs/engineer/install/rmctrl_msgs/share/rmctrl_msgs/environment/library_path.sh
-- Installing: /home/nhs/engineer/install/rmctrl_msgs/share/rmctrl_msgs/environment/library_path.dsv
-- Installing: /home/nhs/engineer/install/rmctrl_msgs/lib/librmctrl_msgs__rosidl_generator_c.so
-- Set runtime path of "/home/nhs/engineer/install/rmctrl_msgs/lib/librmctrl_msgs__rosidl_generator_c.so" to ""
-- Up-to-date: /home/nhs/engineer/install/rmctrl_msgs/include/rmctrl_msgs/rmctrl_msgs
-- Up-to-date: /home/nhs/engineer/install/rmctrl_msgs/include/rmctrl_msgs/rmctrl_msgs/msg
-- Up-to-date: /home/nhs/engineer/install/rmctrl_msgs/include/rmctrl_msgs/rmctrl_msgs/msg/detail
-- Installing: /home/nhs/engineer/install/rmctrl_msgs/include/rmctrl_msgs/rmctrl_msgs/msg/detail/odom__rosidl_typesupport_fastrtps_c.h
-- Installing: /home/nhs/engineer/install/rmctrl_msgs/include/rmctrl_msgs/rmctrl_msgs/msg/detail/imu__rosidl_typesupport_fastrtps_c.h
-- Installing: /home/nhs/engineer/install/rmctrl_msgs/include/rmctrl_msgs/rmctrl_msgs/msg/detail/chassis__rosidl_typesupport_fastrtps_c.h
-- Installing: /home/nhs/engineer/install/rmctrl_msgs/include/rmctrl_msgs/rmctrl_msgs/msg/rosidl_typesupport_fastrtps_c__visibility_control.h
-- Installing: /home/nhs/engineer/install/rmctrl_msgs/lib/librmctrl_msgs__rosidl_typesupport_fastrtps_c.so
-- Set runtime path of "/home/nhs/engineer/install/rmctrl_msgs/lib/librmctrl_msgs__rosidl_typesupport_fastrtps_c.so" to ""
-- Up-to-date: /home/nhs/engineer/install/rmctrl_msgs/include/rmctrl_msgs/rmctrl_msgs
-- Up-to-date: /home/nhs/engineer/install/rmctrl_msgs/include/rmctrl_msgs/rmctrl_msgs/msg
-- Installing: /home/nhs/engineer/install/rmctrl_msgs/include/rmctrl_msgs/rmctrl_msgs/msg/chassis.hpp
-- Up-to-date: /home/nhs/engineer/install/rmctrl_msgs/include/rmctrl_msgs/rmctrl_msgs/msg/detail
-- Installing: /home/nhs/engineer/install/rmctrl_msgs/include/rmctrl_msgs/rmctrl_msgs/msg/detail/odom__builder.hpp
-- Installing: /home/nhs/engineer/install/rmctrl_msgs/include/rmctrl_msgs/rmctrl_msgs/msg/detail/imu__struct.hpp
-- Installing: /home/nhs/engineer/install/rmctrl_msgs/include/rmctrl_msgs/rmctrl_msgs/msg/detail/imu__type_support.hpp
-- Installing: /home/nhs/engineer/install/rmctrl_msgs/include/rmctrl_msgs/rmctrl_msgs/msg/detail/chassis__builder.hpp
-- Installing: /home/nhs/engineer/install/rmctrl_msgs/include/rmctrl_msgs/rmctrl_msgs/msg/detail/imu__builder.hpp
-- Installing: /home/nhs/engineer/install/rmctrl_msgs/include/rmctrl_msgs/rmctrl_msgs/msg/detail/chassis__type_support.hpp
-- Installing: /home/nhs/engineer/install/rmctrl_msgs/include/rmctrl_msgs/rmctrl_msgs/msg/detail/odom__struct.hpp
-- Installing: /home/nhs/engineer/install/rmctrl_msgs/include/rmctrl_msgs/rmctrl_msgs/msg/detail/chassis__struct.hpp
-- Installing: /home/nhs/engineer/install/rmctrl_msgs/include/rmctrl_msgs/rmctrl_msgs/msg/detail/chassis__traits.hpp
-- Installing: /home/nhs/engineer/install/rmctrl_msgs/include/rmctrl_msgs/rmctrl_msgs/msg/detail/imu__traits.hpp
-- Installing: /home/nhs/engineer/install/rmctrl_msgs/include/rmctrl_msgs/rmctrl_msgs/msg/detail/odom__type_support.hpp
-- Installing: /home/nhs/engineer/install/rmctrl_msgs/include/rmctrl_msgs/rmctrl_msgs/msg/detail/odom__traits.hpp
-- Installing: /home/nhs/engineer/install/rmctrl_msgs/include/rmctrl_msgs/rmctrl_msgs/msg/imu.hpp
-- Installing: /home/nhs/engineer/install/rmctrl_msgs/include/rmctrl_msgs/rmctrl_msgs/msg/rosidl_generator_cpp__visibility_control.hpp
-- Installing: /home/nhs/engineer/install/rmctrl_msgs/include/rmctrl_msgs/rmctrl_msgs/msg/odom.hpp
-- Up-to-date: /home/nhs/engineer/install/rmctrl_msgs/include/rmctrl_msgs/rmctrl_msgs
-- Up-to-date: /home/nhs/engineer/install/rmctrl_msgs/include/rmctrl_msgs/rmctrl_msgs/msg
-- Up-to-date: /home/nhs/engineer/install/rmctrl_msgs/include/rmctrl_msgs/rmctrl_msgs/msg/detail
-- Installing: /home/nhs/engineer/install/rmctrl_msgs/include/rmctrl_msgs/rmctrl_msgs/msg/detail/imu__rosidl_typesupport_fastrtps_cpp.hpp
-- Installing: /home/nhs/engineer/install/rmctrl_msgs/include/rmctrl_msgs/rmctrl_msgs/msg/detail/odom__rosidl_typesupport_fastrtps_cpp.hpp
-- Installing: /home/nhs/engineer/install/rmctrl_msgs/include/rmctrl_msgs/rmctrl_msgs/msg/detail/dds_fastrtps
-- Installing: /home/nhs/engineer/install/rmctrl_msgs/include/rmctrl_msgs/rmctrl_msgs/msg/detail/chassis__rosidl_typesupport_fastrtps_cpp.hpp
-- Installing: /home/nhs/engineer/install/rmctrl_msgs/include/rmctrl_msgs/rmctrl_msgs/msg/rosidl_typesupport_fastrtps_cpp__visibility_control.h
-- Installing: /home/nhs/engineer/install/rmctrl_msgs/lib/librmctrl_msgs__rosidl_typesupport_fastrtps_cpp.so
-- Set runtime path of "/home/nhs/engineer/install/rmctrl_msgs/lib/librmctrl_msgs__rosidl_typesupport_fastrtps_cpp.so" to ""
-- Up-to-date: /home/nhs/engineer/install/rmctrl_msgs/include/rmctrl_msgs/rmctrl_msgs
-- Up-to-date: /home/nhs/engineer/install/rmctrl_msgs/include/rmctrl_msgs/rmctrl_msgs/msg
-- Up-to-date: /home/nhs/engineer/install/rmctrl_msgs/include/rmctrl_msgs/rmctrl_msgs/msg/detail
-- Installing: /home/nhs/engineer/install/rmctrl_msgs/include/rmctrl_msgs/rmctrl_msgs/msg/detail/imu__rosidl_typesupport_introspection_c.h
-- Installing: /home/nhs/engineer/install/rmctrl_msgs/include/rmctrl_msgs/rmctrl_msgs/msg/detail/chassis__rosidl_typesupport_introspection_c.h
-- Installing: /home/nhs/engineer/install/rmctrl_msgs/include/rmctrl_msgs/rmctrl_msgs/msg/detail/odom__type_support.c
-- Installing: /home/nhs/engineer/install/rmctrl_msgs/include/rmctrl_msgs/rmctrl_msgs/msg/detail/chassis__type_support.c
-- Installing: /home/nhs/engineer/install/rmctrl_msgs/include/rmctrl_msgs/rmctrl_msgs/msg/detail/odom__rosidl_typesupport_introspection_c.h
-- Installing: /home/nhs/engineer/install/rmctrl_msgs/include/rmctrl_msgs/rmctrl_msgs/msg/detail/imu__type_support.c
-- Installing: /home/nhs/engineer/install/rmctrl_msgs/include/rmctrl_msgs/rmctrl_msgs/msg/rosidl_typesupport_introspection_c__visibility_control.h
-- Installing: /home/nhs/engineer/install/rmctrl_msgs/lib/librmctrl_msgs__rosidl_typesupport_introspection_c.so
-- Set runtime path of "/home/nhs/engineer/install/rmctrl_msgs/lib/librmctrl_msgs__rosidl_typesupport_introspection_c.so" to ""
-- Installing: /home/nhs/engineer/install/rmctrl_msgs/lib/librmctrl_msgs__rosidl_typesupport_c.so
-- Set runtime path of "/home/nhs/engineer/install/rmctrl_msgs/lib/librmctrl_msgs__rosidl_typesupport_c.so" to ""
-- Up-to-date: /home/nhs/engineer/install/rmctrl_msgs/include/rmctrl_msgs/rmctrl_msgs
-- Up-to-date: /home/nhs/engineer/install/rmctrl_msgs/include/rmctrl_msgs/rmctrl_msgs/msg
-- Up-to-date: /home/nhs/engineer/install/rmctrl_msgs/include/rmctrl_msgs/rmctrl_msgs/msg/detail
-- Installing: /home/nhs/engineer/install/rmctrl_msgs/include/rmctrl_msgs/rmctrl_msgs/msg/detail/odom__type_support.cpp
-- Installing: /home/nhs/engineer/install/rmctrl_msgs/include/rmctrl_msgs/rmctrl_msgs/msg/detail/chassis__type_support.cpp
-- Installing: /home/nhs/engineer/install/rmctrl_msgs/include/rmctrl_msgs/rmctrl_msgs/msg/detail/chassis__rosidl_typesupport_introspection_cpp.hpp
-- Installing: /home/nhs/engineer/install/rmctrl_msgs/include/rmctrl_msgs/rmctrl_msgs/msg/detail/imu__type_support.cpp
-- Installing: /home/nhs/engineer/install/rmctrl_msgs/include/rmctrl_msgs/rmctrl_msgs/msg/detail/odom__rosidl_typesupport_introspection_cpp.hpp
-- Installing: /home/nhs/engineer/install/rmctrl_msgs/include/rmctrl_msgs/rmctrl_msgs/msg/detail/imu__rosidl_typesupport_introspection_cpp.hpp
-- Installing: /home/nhs/engineer/install/rmctrl_msgs/lib/librmctrl_msgs__rosidl_typesupport_introspection_cpp.so
-- Set runtime path of "/home/nhs/engineer/install/rmctrl_msgs/lib/librmctrl_msgs__rosidl_typesupport_introspection_cpp.so" to ""
-- Installing: /home/nhs/engineer/install/rmctrl_msgs/lib/librmctrl_msgs__rosidl_typesupport_cpp.so
-- Set runtime path of "/home/nhs/engineer/install/rmctrl_msgs/lib/librmctrl_msgs__rosidl_typesupport_cpp.so" to ""
-- Installing: /home/nhs/engineer/install/rmctrl_msgs/share/rmctrl_msgs/environment/pythonpath.sh
-- Installing: /home/nhs/engineer/install/rmctrl_msgs/share/rmctrl_msgs/environment/pythonpath.dsv
-- Installing: /home/nhs/engineer/install/rmctrl_msgs/local/lib/python3.10/dist-packages/rmctrl_msgs-1.0.0-py3.10.egg-info
-- Installing: /home/nhs/engineer/install/rmctrl_msgs/local/lib/python3.10/dist-packages/rmctrl_msgs-1.0.0-py3.10.egg-info/dependency_links.txt
-- Installing: /home/nhs/engineer/install/rmctrl_msgs/local/lib/python3.10/dist-packages/rmctrl_msgs-1.0.0-py3.10.egg-info/top_level.txt
-- Installing: /home/nhs/engineer/install/rmctrl_msgs/local/lib/python3.10/dist-packages/rmctrl_msgs-1.0.0-py3.10.egg-info/PKG-INFO
-- Installing: /home/nhs/engineer/install/rmctrl_msgs/local/lib/python3.10/dist-packages/rmctrl_msgs-1.0.0-py3.10.egg-info/SOURCES.txt
-- Installing: /home/nhs/engineer/install/rmctrl_msgs/local/lib/python3.10/dist-packages/rmctrl_msgs
-- Installing: /home/nhs/engineer/install/rmctrl_msgs/local/lib/python3.10/dist-packages/rmctrl_msgs/rmctrl_msgs_s__rosidl_typesupport_c.cpython-310-x86_64-linux-gnu.so
-- Installing: /home/nhs/engineer/install/rmctrl_msgs/local/lib/python3.10/dist-packages/rmctrl_msgs/_rmctrl_msgs_s.ep.rosidl_typesupport_fastrtps_c.c
-- Installing: /home/nhs/engineer/install/rmctrl_msgs/local/lib/python3.10/dist-packages/rmctrl_msgs/_rmctrl_msgs_s.ep.rosidl_typesupport_introspection_c.c
-- Installing: /home/nhs/engineer/install/rmctrl_msgs/local/lib/python3.10/dist-packages/rmctrl_msgs/rmctrl_msgs_s__rosidl_typesupport_fastrtps_c.cpython-310-x86_64-linux-gnu.so
-- Installing: /home/nhs/engineer/install/rmctrl_msgs/local/lib/python3.10/dist-packages/rmctrl_msgs/__init__.py
-- Installing: /home/nhs/engineer/install/rmctrl_msgs/local/lib/python3.10/dist-packages/rmctrl_msgs/msg
-- Installing: /home/nhs/engineer/install/rmctrl_msgs/local/lib/python3.10/dist-packages/rmctrl_msgs/msg/_chassis_s.c
-- Installing: /home/nhs/engineer/install/rmctrl_msgs/local/lib/python3.10/dist-packages/rmctrl_msgs/msg/_imu_s.c
-- Installing: /home/nhs/engineer/install/rmctrl_msgs/local/lib/python3.10/dist-packages/rmctrl_msgs/msg/__init__.py
-- Installing: /home/nhs/engineer/install/rmctrl_msgs/local/lib/python3.10/dist-packages/rmctrl_msgs/msg/_imu.py
-- Installing: /home/nhs/engineer/install/rmctrl_msgs/local/lib/python3.10/dist-packages/rmctrl_msgs/msg/_chassis.py
-- Installing: /home/nhs/engineer/install/rmctrl_msgs/local/lib/python3.10/dist-packages/rmctrl_msgs/msg/_odom.py
-- Installing: /home/nhs/engineer/install/rmctrl_msgs/local/lib/python3.10/dist-packages/rmctrl_msgs/msg/_odom_s.c
-- Installing: /home/nhs/engineer/install/rmctrl_msgs/local/lib/python3.10/dist-packages/rmctrl_msgs/_rmctrl_msgs_s.ep.rosidl_typesupport_c.c
-- Installing: /home/nhs/engineer/install/rmctrl_msgs/local/lib/python3.10/dist-packages/rmctrl_msgs/librmctrl_msgs__rosidl_generator_py.so
-- Installing: /home/nhs/engineer/install/rmctrl_msgs/local/lib/python3.10/dist-packages/rmctrl_msgs/rmctrl_msgs_s__rosidl_typesupport_introspection_c.cpython-310-x86_64-linux-gnu.so
Listing '/home/nhs/engineer/install/rmctrl_msgs/local/lib/python3.10/dist-packages/rmctrl_msgs'...
Compiling '/home/nhs/engineer/install/rmctrl_msgs/local/lib/python3.10/dist-packages/rmctrl_msgs/__init__.py'...
Listing '/home/nhs/engineer/install/rmctrl_msgs/local/lib/python3.10/dist-packages/rmctrl_msgs/msg'...
Compiling '/home/nhs/engineer/install/rmctrl_msgs/local/lib/python3.10/dist-packages/rmctrl_msgs/msg/__init__.py'...
Compiling '/home/nhs/engineer/install/rmctrl_msgs/local/lib/python3.10/dist-packages/rmctrl_msgs/msg/_chassis.py'...
Compiling '/home/nhs/engineer/install/rmctrl_msgs/local/lib/python3.10/dist-packages/rmctrl_msgs/msg/_imu.py'...
Compiling '/home/nhs/engineer/install/rmctrl_msgs/local/lib/python3.10/dist-packages/rmctrl_msgs/msg/_odom.py'...
-- Installing: /home/nhs/engineer/install/rmctrl_msgs/local/lib/python3.10/dist-packages/rmctrl_msgs/rmctrl_msgs_s__rosidl_typesupport_fastrtps_c.cpython-310-x86_64-linux-gnu.so
-- Set runtime path of "/home/nhs/engineer/install/rmctrl_msgs/local/lib/python3.10/dist-packages/rmctrl_msgs/rmctrl_msgs_s__rosidl_typesupport_fastrtps_c.cpython-310-x86_64-linux-gnu.so" to ""
-- Installing: /home/nhs/engineer/install/rmctrl_msgs/local/lib/python3.10/dist-packages/rmctrl_msgs/rmctrl_msgs_s__rosidl_typesupport_introspection_c.cpython-310-x86_64-linux-gnu.so
-- Set runtime path of "/home/nhs/engineer/install/rmctrl_msgs/local/lib/python3.10/dist-packages/rmctrl_msgs/rmctrl_msgs_s__rosidl_typesupport_introspection_c.cpython-310-x86_64-linux-gnu.so" to ""
-- Installing: /home/nhs/engineer/install/rmctrl_msgs/local/lib/python3.10/dist-packages/rmctrl_msgs/rmctrl_msgs_s__rosidl_typesupport_c.cpython-310-x86_64-linux-gnu.so
-- Set runtime path of "/home/nhs/engineer/install/rmctrl_msgs/local/lib/python3.10/dist-packages/rmctrl_msgs/rmctrl_msgs_s__rosidl_typesupport_c.cpython-310-x86_64-linux-gnu.so" to ""
-- Installing: /home/nhs/engineer/install/rmctrl_msgs/lib/librmctrl_msgs__rosidl_generator_py.so
-- Set runtime path of "/home/nhs/engineer/install/rmctrl_msgs/lib/librmctrl_msgs__rosidl_generator_py.so" to ""
-- Installing: /home/nhs/engineer/install/rmctrl_msgs/share/rmctrl_msgs/msg/Chassis.idl
-- Installing: /home/nhs/engineer/install/rmctrl_msgs/share/rmctrl_msgs/msg/Imu.idl
-- Installing: /home/nhs/engineer/install/rmctrl_msgs/share/rmctrl_msgs/msg/Odom.idl
-- Installing: /home/nhs/engineer/install/rmctrl_msgs/share/rmctrl_msgs/msg/Chassis.msg
-- Installing: /home/nhs/engineer/install/rmctrl_msgs/share/rmctrl_msgs/msg/Imu.msg
-- Installing: /home/nhs/engineer/install/rmctrl_msgs/share/rmctrl_msgs/msg/Odom.msg
-- Installing: /home/nhs/engineer/install/rmctrl_msgs/share/ament_index/resource_index/package_run_dependencies/rmctrl_msgs
-- Installing: /home/nhs/engineer/install/rmctrl_msgs/share/ament_index/resource_index/parent_prefix_path/rmctrl_msgs
-- Installing: /home/nhs/engineer/install/rmctrl_msgs/share/rmctrl_msgs/environment/ament_prefix_path.sh
-- Installing: /home/nhs/engineer/install/rmctrl_msgs/share/rmctrl_msgs/environment/ament_prefix_path.dsv
-- Installing: /home/nhs/engineer/install/rmctrl_msgs/share/rmctrl_msgs/environment/path.sh
-- Installing: /home/nhs/engineer/install/rmctrl_msgs/share/rmctrl_msgs/environment/path.dsv
-- Installing: /home/nhs/engineer/install/rmctrl_msgs/share/rmctrl_msgs/local_setup.bash
-- Installing: /home/nhs/engineer/install/rmctrl_msgs/share/rmctrl_msgs/local_setup.sh
-- Installing: /home/nhs/engineer/install/rmctrl_msgs/share/rmctrl_msgs/local_setup.zsh
-- Installing: /home/nhs/engineer/install/rmctrl_msgs/share/rmctrl_msgs/local_setup.dsv
-- Installing: /home/nhs/engineer/install/rmctrl_msgs/share/rmctrl_msgs/package.dsv
-- Installing: /home/nhs/engineer/install/rmctrl_msgs/share/ament_index/resource_index/packages/rmctrl_msgs
-- Installing: /home/nhs/engineer/install/rmctrl_msgs/share/rmctrl_msgs/cmake/export_rmctrl_msgs__rosidl_generator_cExport.cmake
-- Installing: /home/nhs/engineer/install/rmctrl_msgs/share/rmctrl_msgs/cmake/export_rmctrl_msgs__rosidl_generator_cExport-noconfig.cmake
-- Installing: /home/nhs/engineer/install/rmctrl_msgs/share/rmctrl_msgs/cmake/export_rmctrl_msgs__rosidl_typesupport_fastrtps_cExport.cmake
-- Installing: /home/nhs/engineer/install/rmctrl_msgs/share/rmctrl_msgs/cmake/export_rmctrl_msgs__rosidl_typesupport_fastrtps_cExport-noconfig.cmake
-- Installing: /home/nhs/engineer/install/rmctrl_msgs/share/rmctrl_msgs/cmake/export_rmctrl_msgs__rosidl_generator_cppExport.cmake
-- Installing: /home/nhs/engineer/install/rmctrl_msgs/share/rmctrl_msgs/cmake/export_rmctrl_msgs__rosidl_typesupport_fastrtps_cppExport.cmake
-- Installing: /home/nhs/engineer/install/rmctrl_msgs/share/rmctrl_msgs/cmake/export_rmctrl_msgs__rosidl_typesupport_fastrtps_cppExport-noconfig.cmake
-- Installing: /home/nhs/engineer/install/rmctrl_msgs/share/rmctrl_msgs/cmake/rmctrl_msgs__rosidl_typesupport_introspection_cExport.cmake
-- Installing: /home/nhs/engineer/install/rmctrl_msgs/share/rmctrl_msgs/cmake/rmctrl_msgs__rosidl_typesupport_introspection_cExport-noconfig.cmake
-- Installing: /home/nhs/engineer/install/rmctrl_msgs/share/rmctrl_msgs/cmake/rmctrl_msgs__rosidl_typesupport_cExport.cmake
-- Installing: /home/nhs/engineer/install/rmctrl_msgs/share/rmctrl_msgs/cmake/rmctrl_msgs__rosidl_typesupport_cExport-noconfig.cmake
-- Installing: /home/nhs/engineer/install/rmctrl_msgs/share/rmctrl_msgs/cmake/rmctrl_msgs__rosidl_typesupport_introspection_cppExport.cmake
-- Installing: /home/nhs/engineer/install/rmctrl_msgs/share/rmctrl_msgs/cmake/rmctrl_msgs__rosidl_typesupport_introspection_cppExport-noconfig.cmake
-- Installing: /home/nhs/engineer/install/rmctrl_msgs/share/rmctrl_msgs/cmake/rmctrl_msgs__rosidl_typesupport_cppExport.cmake
-- Installing: /home/nhs/engineer/install/rmctrl_msgs/share/rmctrl_msgs/cmake/rmctrl_msgs__rosidl_typesupport_cppExport-noconfig.cmake
-- Installing: /home/nhs/engineer/install/rmctrl_msgs/share/rmctrl_msgs/cmake/export_rmctrl_msgs__rosidl_generator_pyExport.cmake
-- Installing: /home/nhs/engineer/install/rmctrl_msgs/share/rmctrl_msgs/cmake/export_rmctrl_msgs__rosidl_generator_pyExport-noconfig.cmake
-- Installing: /home/nhs/engineer/install/rmctrl_msgs/share/rmctrl_msgs/cmake/rosidl_cmake-extras.cmake
-- Installing: /home/nhs/engineer/install/rmctrl_msgs/share/rmctrl_msgs/cmake/ament_cmake_export_dependencies-extras.cmake
-- Installing: /home/nhs/engineer/install/rmctrl_msgs/share/rmctrl_msgs/cmake/ament_cmake_export_include_directories-extras.cmake
-- Installing: /home/nhs/engineer/install/rmctrl_msgs/share/rmctrl_msgs/cmake/ament_cmake_export_libraries-extras.cmake
-- Installing: /home/nhs/engineer/install/rmctrl_msgs/share/rmctrl_msgs/cmake/ament_cmake_export_targets-extras.cmake
-- Installing: /home/nhs/engineer/install/rmctrl_msgs/share/rmctrl_msgs/cmake/rosidl_cmake_export_typesupport_targets-extras.cmake
-- Installing: /home/nhs/engineer/install/rmctrl_msgs/share/rmctrl_msgs/cmake/rosidl_cmake_export_typesupport_libraries-extras.cmake
-- Installing: /home/nhs/engineer/install/rmctrl_msgs/share/rmctrl_msgs/cmake/rmctrl_msgsConfig.cmake
-- Installing: /home/nhs/engineer/install/rmctrl_msgs/share/rmctrl_msgs/cmake/rmctrl_msgsConfig-version.cmake
-- Installing: /home/nhs/engineer/install/rmctrl_msgs/share/rmctrl_msgs/package.xml
