[0.028s] Invoking command in '/home/nhs/engineer/build/linefit_ground_segmentation': CMAKE_PREFIX_PATH=/opt/ros/humble /usr/bin/cmake --build /home/nhs/engineer/build/linefit_ground_segmentation -- -j8 -l8
[0.240s] [100%] Built target linefit_ground_segmentation
[0.247s] Invoked command in '/home/nhs/engineer/build/linefit_ground_segmentation' returned '0': CMAKE_PREFIX_PATH=/opt/ros/humble /usr/bin/cmake --build /home/nhs/engineer/build/linefit_ground_segmentation -- -j8 -l8
[0.258s] Invoking command in '/home/nhs/engineer/build/linefit_ground_segmentation': CMAKE_PREFIX_PATH=/opt/ros/humble /usr/bin/cmake --install /home/nhs/engineer/build/linefit_ground_segmentation
[0.264s] -- Install configuration: ""
[0.264s] -- Up-to-date: /home/nhs/engineer/install/linefit_ground_segmentation/include
[0.264s] -- Up-to-date: /home/nhs/engineer/install/linefit_ground_segmentation/include/ground_segmentation
[0.264s] -- Up-to-date: /home/nhs/engineer/install/linefit_ground_segmentation/include/ground_segmentation/ground_segmentation.h
[0.265s] -- Up-to-date: /home/nhs/engineer/install/linefit_ground_segmentation/include/ground_segmentation/viewer.h
[0.265s] -- Up-to-date: /home/nhs/engineer/install/linefit_ground_segmentation/include/ground_segmentation/segment.h
[0.265s] -- Up-to-date: /home/nhs/engineer/install/linefit_ground_segmentation/include/ground_segmentation/typedefs.h
[0.265s] -- Up-to-date: /home/nhs/engineer/install/linefit_ground_segmentation/include/ground_segmentation/bin.h
[0.265s] -- Up-to-date: /home/nhs/engineer/install/linefit_ground_segmentation/share/linefit_ground_segmentation/environment/library_path.sh
[0.265s] -- Up-to-date: /home/nhs/engineer/install/linefit_ground_segmentation/share/linefit_ground_segmentation/environment/library_path.dsv
[0.270s] -- Up-to-date: /home/nhs/engineer/install/linefit_ground_segmentation/lib/liblinefit_ground_segmentation.so
[0.270s] -- Up-to-date: /home/nhs/engineer/install/linefit_ground_segmentation/share/ament_index/resource_index/package_run_dependencies/linefit_ground_segmentation
[0.270s] -- Up-to-date: /home/nhs/engineer/install/linefit_ground_segmentation/share/ament_index/resource_index/parent_prefix_path/linefit_ground_segmentation
[0.270s] -- Up-to-date: /home/nhs/engineer/install/linefit_ground_segmentation/share/linefit_ground_segmentation/environment/ament_prefix_path.sh
[0.271s] -- Up-to-date: /home/nhs/engineer/install/linefit_ground_segmentation/share/linefit_ground_segmentation/environment/ament_prefix_path.dsv
[0.271s] -- Up-to-date: /home/nhs/engineer/install/linefit_ground_segmentation/share/linefit_ground_segmentation/environment/path.sh
[0.271s] -- Up-to-date: /home/nhs/engineer/install/linefit_ground_segmentation/share/linefit_ground_segmentation/environment/path.dsv
[0.271s] -- Up-to-date: /home/nhs/engineer/install/linefit_ground_segmentation/share/linefit_ground_segmentation/local_setup.bash
[0.271s] -- Up-to-date: /home/nhs/engineer/install/linefit_ground_segmentation/share/linefit_ground_segmentation/local_setup.sh
[0.272s] -- Up-to-date: /home/nhs/engineer/install/linefit_ground_segmentation/share/linefit_ground_segmentation/local_setup.zsh
[0.272s] -- Up-to-date: /home/nhs/engineer/install/linefit_ground_segmentation/share/linefit_ground_segmentation/local_setup.dsv
[0.272s] -- Installing: /home/nhs/engineer/install/linefit_ground_segmentation/share/linefit_ground_segmentation/package.dsv
[0.272s] -- Up-to-date: /home/nhs/engineer/install/linefit_ground_segmentation/share/ament_index/resource_index/packages/linefit_ground_segmentation
[0.272s] -- Up-to-date: /home/nhs/engineer/install/linefit_ground_segmentation/share/linefit_ground_segmentation/cmake/ament_cmake_export_dependencies-extras.cmake
[0.272s] -- Up-to-date: /home/nhs/engineer/install/linefit_ground_segmentation/share/linefit_ground_segmentation/cmake/ament_cmake_export_include_directories-extras.cmake
[0.272s] -- Up-to-date: /home/nhs/engineer/install/linefit_ground_segmentation/share/linefit_ground_segmentation/cmake/ament_cmake_export_libraries-extras.cmake
[0.272s] -- Up-to-date: /home/nhs/engineer/install/linefit_ground_segmentation/share/linefit_ground_segmentation/cmake/linefit_ground_segmentationConfig.cmake
[0.272s] -- Up-to-date: /home/nhs/engineer/install/linefit_ground_segmentation/share/linefit_ground_segmentation/cmake/linefit_ground_segmentationConfig-version.cmake
[0.272s] -- Up-to-date: /home/nhs/engineer/install/linefit_ground_segmentation/share/linefit_ground_segmentation/package.xml
[0.277s] Invoked command in '/home/nhs/engineer/build/linefit_ground_segmentation' returned '0': CMAKE_PREFIX_PATH=/opt/ros/humble /usr/bin/cmake --install /home/nhs/engineer/build/linefit_ground_segmentation
