[1.094s] Invoking command in '/home/nhs/engineer/src/rm_communication/bubble_protocol': PYTHONPATH=/home/nhs/engineer/build/bubble_protocol/prefix_override:/usr/lib/python3/dist-packages/colcon_core/task/python/colcon_distutils_commands:/home/nhs/engineer/install/bubble_protocol/lib/python3.10/site-packages:${PYTHONPATH} /usr/bin/python3 -W ignore:setup.py install is deprecated -W ignore:easy_install command is deprecated setup.py egg_info --egg-base ../../../build/bubble_protocol build --build-base /home/nhs/engineer/build/bubble_protocol/build install --record /home/nhs/engineer/build/bubble_protocol/install.log --single-version-externally-managed install_data
[1.311s] running egg_info
[1.311s] writing ../../../build/bubble_protocol/bubble_protocol.egg-info/PKG-INFO
[1.311s] writing dependency_links to ../../../build/bubble_protocol/bubble_protocol.egg-info/dependency_links.txt
[1.311s] writing entry points to ../../../build/bubble_protocol/bubble_protocol.egg-info/entry_points.txt
[1.311s] writing requirements to ../../../build/bubble_protocol/bubble_protocol.egg-info/requires.txt
[1.312s] writing top-level names to ../../../build/bubble_protocol/bubble_protocol.egg-info/top_level.txt
[1.313s] reading manifest file '../../../build/bubble_protocol/bubble_protocol.egg-info/SOURCES.txt'
[1.317s] writing manifest file '../../../build/bubble_protocol/bubble_protocol.egg-info/SOURCES.txt'
[1.317s] running build
[1.317s] running build_py
[1.317s] running install
[1.317s] running install_lib
[1.317s] running install_data
[1.318s] running install_egg_info
[1.318s] removing '/home/nhs/engineer/install/bubble_protocol/lib/python3.10/site-packages/bubble_protocol-0.1.0-py3.10.egg-info' (and everything under it)
[1.319s] Copying ../../../build/bubble_protocol/bubble_protocol.egg-info to /home/nhs/engineer/install/bubble_protocol/lib/python3.10/site-packages/bubble_protocol-0.1.0-py3.10.egg-info
[1.319s] running install_scripts
[1.341s] Installing bcp_core script to /home/nhs/engineer/install/bubble_protocol/lib/bubble_protocol
[1.341s] Installing pyserial script to /home/nhs/engineer/install/bubble_protocol/lib/bubble_protocol
[1.341s] Installing test_cmd script to /home/nhs/engineer/install/bubble_protocol/lib/bubble_protocol
[1.341s] writing list of installed files to '/home/nhs/engineer/build/bubble_protocol/install.log'
[1.366s] Invoked command in '/home/nhs/engineer/src/rm_communication/bubble_protocol' returned '0': PYTHONPATH=/home/nhs/engineer/build/bubble_protocol/prefix_override:/usr/lib/python3/dist-packages/colcon_core/task/python/colcon_distutils_commands:/home/nhs/engineer/install/bubble_protocol/lib/python3.10/site-packages:${PYTHONPATH} /usr/bin/python3 -W ignore:setup.py install is deprecated -W ignore:easy_install command is deprecated setup.py egg_info --egg-base ../../../build/bubble_protocol build --build-base /home/nhs/engineer/build/bubble_protocol/build install --record /home/nhs/engineer/build/bubble_protocol/install.log --single-version-externally-managed install_data
