[0.027s] Invoking command in '/home/nhs/engineer/build/linefit_ground_segmentation': CMAKE_PREFIX_PATH=${CMAKE_PREFIX_PATH}:/home/nhs/engineer/install/bubble_protocol:/opt/ros/humble /usr/bin/cmake /home/nhs/engineer/src/rm_perception/linefit_ground_segementation_ros2/linefit_ground_segmentation -DCMAKE_INSTALL_PREFIX=/home/nhs/engineer/install/linefit_ground_segmentation
[0.214s] -- Found ament_cmake_auto: 1.3.12 (/opt/ros/humble/share/ament_cmake_auto/cmake)
[0.219s] -- Found rosidl_generator_c: 3.1.7 (/opt/ros/humble/share/rosidl_generator_c/cmake)
[0.227s] -- Found rosidl_adapter: 3.1.7 (/opt/ros/humble/share/rosidl_adapter/cmake)
[0.232s] -- Found rosidl_generator_cpp: 3.1.7 (/opt/ros/humble/share/rosidl_generator_cpp/cmake)
[0.245s] -- Using all available rosidl_typesupport_c: rosidl_typesupport_fastrtps_c;rosidl_typesupport_introspection_c
[0.260s] -- Using all available rosidl_typesupport_cpp: rosidl_typesupport_fastrtps_cpp;rosidl_typesupport_introspection_cpp
[0.296s] -- Found rmw_implementation_cmake: 6.1.2 (/opt/ros/humble/share/rmw_implementation_cmake/cmake)
[0.298s] -- Found rmw_fastrtps_cpp: 6.2.8 (/opt/ros/humble/share/rmw_fastrtps_cpp/cmake)
[0.442s] -- Using RMW implementation 'rmw_fastrtps_cpp' as default
[0.580s] -- Eigen found (include: /usr/include/eigen3, version: 3.4.0)
[0.619s] -- FLANN found (include: /usr/include, lib: /usr/lib/x86_64-linux-gnu/libflann_cpp.so)
[0.913s] -- OpenNI found (version: 1.5.4.0, include: /usr/include/ni, lib: /usr/lib/libOpenNI.so;libusb::libusb)
[0.919s] -- OpenNI2 found (version: 2.2.0.33, include: /usr/include/openni2, lib: /usr/lib/x86_64-linux-gnu/libOpenNI2.so;libusb::libusb)
[1.063s] -- Eigen found (include: /usr/include/eigen3, version: 3.4.0)
[1.068s] -- OpenNI found (version: 1.5.4.0, include: /usr/include/ni, lib: /usr/lib/libOpenNI.so;libusb::libusb)
[1.074s] -- OpenNI2 found (version: 2.2.0.33, include: /usr/include/openni2, lib: /usr/lib/x86_64-linux-gnu/libOpenNI2.so;libusb::libusb)
[1.199s] -- Found Qhull version 8.0.2
[1.317s] -- OpenNI found (version: 1.5.4.0, include: /usr/include/ni, lib: /usr/lib/libOpenNI.so;libusb::libusb)
[1.451s] -- Found eigen3_cmake_module: 0.1.1 (/opt/ros/humble/share/eigen3_cmake_module/cmake)
[1.452s] -- Ensuring Eigen3 include directory is part of orocos-kdl CMake target
[1.519s] [0mIn this package, headers install destination is set to `include` by ament_auto_package. It is recommended to install `include/linefit_ground_segmentation` instead and will be the default behavior of ament_auto_package from ROS 2 Kilted Kaiju. On distributions before Kilted, ament_auto_package behaves the same way when you use USE_SCOPED_HEADER_INSTALL_DIR option.[0m
[1.522s] -- Configuring done
[1.558s] -- Generating done
[1.570s] -- Build files have been written to: /home/nhs/engineer/build/linefit_ground_segmentation
[1.587s] Invoked command in '/home/nhs/engineer/build/linefit_ground_segmentation' returned '0': CMAKE_PREFIX_PATH=${CMAKE_PREFIX_PATH}:/home/nhs/engineer/install/bubble_protocol:/opt/ros/humble /usr/bin/cmake /home/nhs/engineer/src/rm_perception/linefit_ground_segementation_ros2/linefit_ground_segmentation -DCMAKE_INSTALL_PREFIX=/home/nhs/engineer/install/linefit_ground_segmentation
[1.589s] Invoking command in '/home/nhs/engineer/build/linefit_ground_segmentation': CMAKE_PREFIX_PATH=${CMAKE_PREFIX_PATH}:/home/nhs/engineer/install/bubble_protocol:/opt/ros/humble /usr/bin/cmake --build /home/nhs/engineer/build/linefit_ground_segmentation -- -j8 -l8
[1.637s] [35m[1mConsolidate compiler generated dependencies of target linefit_ground_segmentation[0m
[1.660s] [100%] Built target linefit_ground_segmentation
[1.672s] Invoked command in '/home/nhs/engineer/build/linefit_ground_segmentation' returned '0': CMAKE_PREFIX_PATH=${CMAKE_PREFIX_PATH}:/home/nhs/engineer/install/bubble_protocol:/opt/ros/humble /usr/bin/cmake --build /home/nhs/engineer/build/linefit_ground_segmentation -- -j8 -l8
[1.682s] Invoking command in '/home/nhs/engineer/build/linefit_ground_segmentation': CMAKE_PREFIX_PATH=${CMAKE_PREFIX_PATH}:/home/nhs/engineer/install/bubble_protocol:/opt/ros/humble /usr/bin/cmake --install /home/nhs/engineer/build/linefit_ground_segmentation
[1.689s] -- Install configuration: ""
[1.689s] -- Up-to-date: /home/nhs/engineer/install/linefit_ground_segmentation/include
[1.689s] -- Up-to-date: /home/nhs/engineer/install/linefit_ground_segmentation/include/ground_segmentation
[1.689s] -- Up-to-date: /home/nhs/engineer/install/linefit_ground_segmentation/include/ground_segmentation/ground_segmentation.h
[1.689s] -- Up-to-date: /home/nhs/engineer/install/linefit_ground_segmentation/include/ground_segmentation/viewer.h
[1.689s] -- Up-to-date: /home/nhs/engineer/install/linefit_ground_segmentation/include/ground_segmentation/segment.h
[1.689s] -- Up-to-date: /home/nhs/engineer/install/linefit_ground_segmentation/include/ground_segmentation/typedefs.h
[1.689s] -- Up-to-date: /home/nhs/engineer/install/linefit_ground_segmentation/include/ground_segmentation/bin.h
[1.689s] -- Up-to-date: /home/nhs/engineer/install/linefit_ground_segmentation/share/linefit_ground_segmentation/environment/library_path.sh
[1.689s] -- Installing: /home/nhs/engineer/install/linefit_ground_segmentation/share/linefit_ground_segmentation/environment/library_path.dsv
[1.689s] -- Up-to-date: /home/nhs/engineer/install/linefit_ground_segmentation/lib/liblinefit_ground_segmentation.so
[1.689s] -- Up-to-date: /home/nhs/engineer/install/linefit_ground_segmentation/share/ament_index/resource_index/package_run_dependencies/linefit_ground_segmentation
[1.689s] -- Up-to-date: /home/nhs/engineer/install/linefit_ground_segmentation/share/ament_index/resource_index/parent_prefix_path/linefit_ground_segmentation
[1.689s] -- Up-to-date: /home/nhs/engineer/install/linefit_ground_segmentation/share/linefit_ground_segmentation/environment/ament_prefix_path.sh
[1.690s] -- Installing: /home/nhs/engineer/install/linefit_ground_segmentation/share/linefit_ground_segmentation/environment/ament_prefix_path.dsv
[1.690s] -- Up-to-date: /home/nhs/engineer/install/linefit_ground_segmentation/share/linefit_ground_segmentation/environment/path.sh
[1.690s] -- Installing: /home/nhs/engineer/install/linefit_ground_segmentation/share/linefit_ground_segmentation/environment/path.dsv
[1.690s] -- Up-to-date: /home/nhs/engineer/install/linefit_ground_segmentation/share/linefit_ground_segmentation/local_setup.bash
[1.690s] -- Up-to-date: /home/nhs/engineer/install/linefit_ground_segmentation/share/linefit_ground_segmentation/local_setup.sh
[1.690s] -- Up-to-date: /home/nhs/engineer/install/linefit_ground_segmentation/share/linefit_ground_segmentation/local_setup.zsh
[1.690s] -- Installing: /home/nhs/engineer/install/linefit_ground_segmentation/share/linefit_ground_segmentation/local_setup.dsv
[1.690s] -- Installing: /home/nhs/engineer/install/linefit_ground_segmentation/share/linefit_ground_segmentation/package.dsv
[1.690s] -- Up-to-date: /home/nhs/engineer/install/linefit_ground_segmentation/share/ament_index/resource_index/packages/linefit_ground_segmentation
[1.690s] -- Up-to-date: /home/nhs/engineer/install/linefit_ground_segmentation/share/linefit_ground_segmentation/cmake/ament_cmake_export_dependencies-extras.cmake
[1.690s] -- Up-to-date: /home/nhs/engineer/install/linefit_ground_segmentation/share/linefit_ground_segmentation/cmake/ament_cmake_export_include_directories-extras.cmake
[1.690s] -- Up-to-date: /home/nhs/engineer/install/linefit_ground_segmentation/share/linefit_ground_segmentation/cmake/ament_cmake_export_libraries-extras.cmake
[1.690s] -- Up-to-date: /home/nhs/engineer/install/linefit_ground_segmentation/share/linefit_ground_segmentation/cmake/linefit_ground_segmentationConfig.cmake
[1.690s] -- Up-to-date: /home/nhs/engineer/install/linefit_ground_segmentation/share/linefit_ground_segmentation/cmake/linefit_ground_segmentationConfig-version.cmake
[1.690s] -- Up-to-date: /home/nhs/engineer/install/linefit_ground_segmentation/share/linefit_ground_segmentation/package.xml
[1.691s] Invoked command in '/home/nhs/engineer/build/linefit_ground_segmentation' returned '0': CMAKE_PREFIX_PATH=${CMAKE_PREFIX_PATH}:/home/nhs/engineer/install/bubble_protocol:/opt/ros/humble /usr/bin/cmake --install /home/nhs/engineer/build/linefit_ground_segmentation
