[0.029s] Invoking command in '/home/nhs/engineer/build/point_lio': CMAKE_PREFIX_PATH=/home/nhs/engineer/install/livox_ros_driver2:/home/nhs/engineer/install/rmctrl_msgs:/home/nhs/engineer/install/pcd2pgm:/home/nhs/engineer/install/linefit_ground_segmentation:/home/nhs/engineer/install/rm_description:/home/nhs/engineer/install/navi:/home/nhs/engineer/install/bubble_protocol:/opt/ros/humble LD_LIBRARY_PATH=/home/nhs/engineer/install/livox_ros_driver2/lib:/home/nhs/engineer/install/rmctrl_msgs/lib:/home/nhs/engineer/install/linefit_ground_segmentation/lib:/opt/ros/humble/opt/rviz_ogre_vendor/lib:/opt/ros/humble/lib/x86_64-linux-gnu:/opt/ros/humble/lib /usr/bin/cmake /home/nhs/engineer/src/rm_localization/point_lio -DCMAKE_INSTALL_PREFIX=/home/nhs/engineer/install/point_lio
[0.050s] -- Current CPU architecture: x86_64
[0.067s] -- Processor number:  8
[0.067s] -- core for MP:  3
[0.067s] -- Found ament_cmake: 1.3.12 (/opt/ros/humble/share/ament_cmake/cmake)
[0.199s] -- Found rclcpp: 16.0.15 (/opt/ros/humble/share/rclcpp/cmake)
[0.228s] -- Found rosidl_generator_c: 3.1.7 (/opt/ros/humble/share/rosidl_generator_c/cmake)
[0.230s] -- Found rosidl_adapter: 3.1.7 (/opt/ros/humble/share/rosidl_adapter/cmake)
[0.236s] -- Found rosidl_generator_cpp: 3.1.7 (/opt/ros/humble/share/rosidl_generator_cpp/cmake)
[0.247s] -- Using all available rosidl_typesupport_c: rosidl_typesupport_fastrtps_c;rosidl_typesupport_introspection_c
[0.261s] -- Using all available rosidl_typesupport_cpp: rosidl_typesupport_fastrtps_cpp;rosidl_typesupport_introspection_cpp
[0.296s] -- Found rmw_implementation_cmake: 6.1.2 (/opt/ros/humble/share/rmw_implementation_cmake/cmake)
[0.297s] -- Found rmw_fastrtps_cpp: 6.2.8 (/opt/ros/humble/share/rmw_fastrtps_cpp/cmake)
[0.400s] -- Using RMW implementation 'rmw_fastrtps_cpp' as default
[0.453s] -- Found rclpy: 3.3.17 (/opt/ros/humble/share/rclpy/cmake)
[0.453s] -- Found geometry_msgs: 4.9.0 (/opt/ros/humble/share/geometry_msgs/cmake)
[0.467s] -- Found nav_msgs: 4.9.0 (/opt/ros/humble/share/nav_msgs/cmake)
[0.485s] -- Found sensor_msgs: 4.9.0 (/opt/ros/humble/share/sensor_msgs/cmake)
[0.502s] -- Found pcl_ros: 2.4.5 (/opt/ros/humble/share/pcl_ros/cmake)
[0.535s] -- Checking for module 'eigen3'
[0.545s] --   Found eigen3, version 3.4.0
[0.568s] -- Found Eigen: /usr/include/eigen3 (Required is at least version "3.1") 
[0.568s] -- Eigen found (include: /usr/include/eigen3, version: 3.4.0)
[0.593s] -- Checking for module 'flann'
[0.604s] --   Found flann, version 1.9.1
[0.627s] -- Found FLANN: /usr/lib/x86_64-linux-gnu/libflann_cpp.so  
[0.627s] -- FLANN found (include: /usr/include, lib: /usr/lib/x86_64-linux-gnu/libflann_cpp.so)
[1.259s] -- Checking for module 'libusb-1.0'
[1.268s] --   Found libusb-1.0, version 1.0.25
[1.292s] -- Found libusb: /usr/lib/x86_64-linux-gnu/libusb-1.0.so  
[1.292s] -- OpenNI found (version: 1.5.4.0, include: /usr/include/ni, lib: /usr/lib/libOpenNI.so;libusb::libusb)
[1.329s] -- OpenNI2 found (version: 2.2.0.33, include: /usr/include/openni2, lib: /usr/lib/x86_64-linux-gnu/libOpenNI2.so;libusb::libusb)
[1.429s] -- Eigen found (include: /usr/include/eigen3, version: 3.4.0)
[1.433s] -- OpenNI found (version: 1.5.4.0, include: /usr/include/ni, lib: /usr/lib/libOpenNI.so;libusb::libusb)
[1.438s] -- OpenNI2 found (version: 2.2.0.33, include: /usr/include/openni2, lib: /usr/lib/x86_64-linux-gnu/libOpenNI2.so;libusb::libusb)
[1.538s] -- Found Qhull version 8.0.2
[1.639s] -- OpenNI found (version: 1.5.4.0, include: /usr/include/ni, lib: /usr/lib/libOpenNI.so;libusb::libusb)
[1.732s] -- Found PCL_COMMON: /usr/lib/x86_64-linux-gnu/libpcl_common.so  
[1.732s] -- Found PCL_KDTREE: /usr/lib/x86_64-linux-gnu/libpcl_kdtree.so  
[1.733s] -- Found PCL_OCTREE: /usr/lib/x86_64-linux-gnu/libpcl_octree.so  
[1.733s] -- Found PCL_SEARCH: /usr/lib/x86_64-linux-gnu/libpcl_search.so  
[1.734s] -- Found PCL_SAMPLE_CONSENSUS: /usr/lib/x86_64-linux-gnu/libpcl_sample_consensus.so  
[1.734s] -- Found PCL_FILTERS: /usr/lib/x86_64-linux-gnu/libpcl_filters.so  
[1.735s] -- Found PCL_2D: /usr/include/pcl-1.12  
[1.735s] -- Found PCL_GEOMETRY: /usr/include/pcl-1.12  
[1.735s] -- Found PCL_IO: /usr/lib/x86_64-linux-gnu/libpcl_io.so  
[1.736s] -- Found PCL_FEATURES: /usr/lib/x86_64-linux-gnu/libpcl_features.so  
[1.736s] -- Found PCL_ML: /usr/lib/x86_64-linux-gnu/libpcl_ml.so  
[1.737s] -- Found PCL_SEGMENTATION: /usr/lib/x86_64-linux-gnu/libpcl_segmentation.so  
[1.737s] -- Found PCL_VISUALIZATION: /usr/lib/x86_64-linux-gnu/libpcl_visualization.so  
[1.738s] -- Found PCL_SURFACE: /usr/lib/x86_64-linux-gnu/libpcl_surface.so  
[1.739s] -- Found PCL_REGISTRATION: /usr/lib/x86_64-linux-gnu/libpcl_registration.so  
[1.739s] -- Found PCL_KEYPOINTS: /usr/lib/x86_64-linux-gnu/libpcl_keypoints.so  
[1.740s] -- Found PCL_TRACKING: /usr/lib/x86_64-linux-gnu/libpcl_tracking.so  
[1.740s] -- Found PCL_RECOGNITION: /usr/lib/x86_64-linux-gnu/libpcl_recognition.so  
[1.741s] -- Found PCL_STEREO: /usr/lib/x86_64-linux-gnu/libpcl_stereo.so  
[1.741s] -- Found PCL_APPS: /usr/lib/x86_64-linux-gnu/libpcl_apps.so  
[1.742s] -- Found PCL_IN_HAND_SCANNER: /usr/include/pcl-1.12  
[1.742s] -- Found PCL_MODELER: /usr/include/pcl-1.12  
[1.743s] -- Found PCL_POINT_CLOUD_EDITOR: /usr/include/pcl-1.12  
[1.743s] -- Found PCL_OUTOFCORE: /usr/lib/x86_64-linux-gnu/libpcl_outofcore.so  
[1.744s] -- Found PCL_PEOPLE: /usr/lib/x86_64-linux-gnu/libpcl_people.so  
[1.767s] -- Found eigen3_cmake_module: 0.1.1 (/opt/ros/humble/share/eigen3_cmake_module/cmake)
[1.768s] -- Found Eigen3: TRUE (found version "3.4.0") 
[1.768s] -- Ensuring Eigen3 include directory is part of orocos-kdl CMake target
[1.829s] -- Found visualization_msgs: 4.9.0 (/opt/ros/humble/share/visualization_msgs/cmake)
[1.842s] -- Found livox_ros_driver2: 1.0.0 (/home/nhs/engineer/install/livox_ros_driver2/share/livox_ros_driver2/cmake)
[2.084s] -- Found PythonLibs: /usr/lib/x86_64-linux-gnu/libpython3.10.so (found version "3.10.12") 
[2.134s] -- Configuring done
[2.164s] -- Generating done
[2.172s] -- Build files have been written to: /home/nhs/engineer/build/point_lio
[2.184s] Invoked command in '/home/nhs/engineer/build/point_lio' returned '0': CMAKE_PREFIX_PATH=/home/nhs/engineer/install/livox_ros_driver2:/home/nhs/engineer/install/rmctrl_msgs:/home/nhs/engineer/install/pcd2pgm:/home/nhs/engineer/install/linefit_ground_segmentation:/home/nhs/engineer/install/rm_description:/home/nhs/engineer/install/navi:/home/nhs/engineer/install/bubble_protocol:/opt/ros/humble LD_LIBRARY_PATH=/home/nhs/engineer/install/livox_ros_driver2/lib:/home/nhs/engineer/install/rmctrl_msgs/lib:/home/nhs/engineer/install/linefit_ground_segmentation/lib:/opt/ros/humble/opt/rviz_ogre_vendor/lib:/opt/ros/humble/lib/x86_64-linux-gnu:/opt/ros/humble/lib /usr/bin/cmake /home/nhs/engineer/src/rm_localization/point_lio -DCMAKE_INSTALL_PREFIX=/home/nhs/engineer/install/point_lio
[2.185s] Invoking command in '/home/nhs/engineer/build/point_lio': CMAKE_PREFIX_PATH=/home/nhs/engineer/install/livox_ros_driver2:/home/nhs/engineer/install/rmctrl_msgs:/home/nhs/engineer/install/pcd2pgm:/home/nhs/engineer/install/linefit_ground_segmentation:/home/nhs/engineer/install/rm_description:/home/nhs/engineer/install/navi:/home/nhs/engineer/install/bubble_protocol:/opt/ros/humble LD_LIBRARY_PATH=/home/nhs/engineer/install/livox_ros_driver2/lib:/home/nhs/engineer/install/rmctrl_msgs/lib:/home/nhs/engineer/install/linefit_ground_segmentation/lib:/opt/ros/humble/opt/rviz_ogre_vendor/lib:/opt/ros/humble/lib/x86_64-linux-gnu:/opt/ros/humble/lib /usr/bin/cmake --build /home/nhs/engineer/build/point_lio -- -j8 -l8
[2.220s] [ 33%] [32mBuilding CXX object CMakeFiles/pointlio_mapping.dir/src/preprocess.cpp.o[0m
[2.220s] [ 33%] [32mBuilding CXX object CMakeFiles/pointlio_mapping.dir/src/parameters.cpp.o[0m
[2.221s] [ 50%] [32mBuilding CXX object CMakeFiles/pointlio_mapping.dir/src/laserMapping.cpp.o[0m
[2.222s] [ 66%] [32mBuilding CXX object CMakeFiles/pointlio_mapping.dir/include/ikd-Tree/ikd_Tree.cpp.o[0m
[2.222s] [ 83%] [32mBuilding CXX object CMakeFiles/pointlio_mapping.dir/src/Estimator.cpp.o[0m
[4.630s] In file included from [01m[K/usr/include/boost/bind.hpp:30[m[K,
[4.630s]                  from [01m[K/home/nhs/engineer/src/rm_localization/point_lio/include/../include/IKFoM/IKFoM_toolkit/esekfom/esekfom.hpp:42[m[K,
[4.630s]                  from [01m[K/home/nhs/engineer/src/rm_localization/point_lio/src/Estimator.h:4[m[K,
[4.630s]                  from [01m[K/home/nhs/engineer/src/rm_localization/point_lio/src/Estimator.cpp:2[m[K:
[4.630s] [01m[K/usr/include/boost/bind.hpp:36:1:[m[K [01;36m[Knote: [m[K‘[01m[K#pragma message: The practice of declaring the Bind placeholders (_1, _2, ...) in the global namespace is deprecated. Please use <boost/bind/bind.hpp> + using namespace boost::placeholders, or define BOOST_BIND_GLOBAL_PLACEHOLDERS to retain the current behavior.[m[K’
[4.631s]    36 | [01;36m[KBOOST_PRAGMA_MESSAGE[m[K(
[4.631s]       | [01;36m[K^~~~~~~~~~~~~~~~~~~~[m[K
[7.758s] In file included from [01m[K/usr/include/boost/smart_ptr/detail/sp_thread_sleep.hpp:22[m[K,
[7.758s]                  from [01m[K/usr/include/boost/smart_ptr/detail/yield_k.hpp:23[m[K,
[7.758s]                  from [01m[K/usr/include/boost/smart_ptr/detail/spinlock_gcc_atomic.hpp:14[m[K,
[7.758s]                  from [01m[K/usr/include/boost/smart_ptr/detail/spinlock.hpp:42[m[K,
[7.758s]                  from [01m[K/usr/include/boost/smart_ptr/detail/spinlock_pool.hpp:25[m[K,
[7.758s]                  from [01m[K/usr/include/boost/smart_ptr/shared_ptr.hpp:29[m[K,
[7.758s]                  from [01m[K/usr/include/boost/shared_ptr.hpp:17[m[K,
[7.758s]                  from [01m[K/usr/include/boost/date_time/microsec_time_clock.hpp:18[m[K,
[7.758s]                  from [01m[K/usr/include/boost/interprocess/detail/posix_time_types_wrk.hpp:31[m[K,
[7.758s]                  from [01m[K/usr/include/boost/interprocess/detail/os_thread_functions.hpp:36[m[K,
[7.758s]                  from [01m[K/usr/include/boost/interprocess/sync/file_lock.hpp:26[m[K,
[7.758s]                  from [01m[K/usr/include/pcl-1.12/pcl/io/pcd_io.h:46[m[K,
[7.758s]                  from [01m[K/opt/ros/humble/include/pcl_conversions/pcl_conversions/pcl_conversions.h:73[m[K,
[7.758s]                  from [01m[K/home/nhs/engineer/src/rm_localization/point_lio/src/IMU_Processing.hpp:20[m[K,
[7.759s]                  from [01m[K/home/nhs/engineer/src/rm_localization/point_lio/src/laserMapping.cpp:12[m[K:
[7.759s] [01m[K/usr/include/boost/bind.hpp:36:1:[m[K [01;36m[Knote: [m[K‘[01m[K#pragma message: The practice of declaring the Bind placeholders (_1, _2, ...) in the global namespace is deprecated. Please use <boost/bind/bind.hpp> + using namespace boost::placeholders, or define BOOST_BIND_GLOBAL_PLACEHOLDERS to retain the current behavior.[m[K’
[7.759s]    36 | [01;36m[KBOOST_PRAGMA_MESSAGE[m[K(
[7.759s]       | [01;36m[K^~~~~~~~~~~~~~~~~~~~[m[K
[40.362s] [100%] [32m[1mLinking CXX executable pointlio_mapping[0m
[41.026s] [100%] Built target pointlio_mapping
[41.033s] Invoked command in '/home/nhs/engineer/build/point_lio' returned '0': CMAKE_PREFIX_PATH=/home/nhs/engineer/install/livox_ros_driver2:/home/nhs/engineer/install/rmctrl_msgs:/home/nhs/engineer/install/pcd2pgm:/home/nhs/engineer/install/linefit_ground_segmentation:/home/nhs/engineer/install/rm_description:/home/nhs/engineer/install/navi:/home/nhs/engineer/install/bubble_protocol:/opt/ros/humble LD_LIBRARY_PATH=/home/nhs/engineer/install/livox_ros_driver2/lib:/home/nhs/engineer/install/rmctrl_msgs/lib:/home/nhs/engineer/install/linefit_ground_segmentation/lib:/opt/ros/humble/opt/rviz_ogre_vendor/lib:/opt/ros/humble/lib/x86_64-linux-gnu:/opt/ros/humble/lib /usr/bin/cmake --build /home/nhs/engineer/build/point_lio -- -j8 -l8
[41.034s] Invoking command in '/home/nhs/engineer/build/point_lio': CMAKE_PREFIX_PATH=/home/nhs/engineer/install/livox_ros_driver2:/home/nhs/engineer/install/rmctrl_msgs:/home/nhs/engineer/install/pcd2pgm:/home/nhs/engineer/install/linefit_ground_segmentation:/home/nhs/engineer/install/rm_description:/home/nhs/engineer/install/navi:/home/nhs/engineer/install/bubble_protocol:/opt/ros/humble LD_LIBRARY_PATH=/home/nhs/engineer/install/livox_ros_driver2/lib:/home/nhs/engineer/install/rmctrl_msgs/lib:/home/nhs/engineer/install/linefit_ground_segmentation/lib:/opt/ros/humble/opt/rviz_ogre_vendor/lib:/opt/ros/humble/lib/x86_64-linux-gnu:/opt/ros/humble/lib /usr/bin/cmake --install /home/nhs/engineer/build/point_lio
[41.038s] -- Install configuration: ""
[41.038s] -- Installing: /home/nhs/engineer/install/point_lio/lib/point_lio/pointlio_mapping
[41.040s] -- Set runtime path of "/home/nhs/engineer/install/point_lio/lib/point_lio/pointlio_mapping" to ""
[41.040s] -- Installing: /home/nhs/engineer/install/point_lio/share/point_lio/config
[41.040s] -- Installing: /home/nhs/engineer/install/point_lio/share/point_lio/config/velody16.yaml
[41.040s] -- Installing: /home/nhs/engineer/install/point_lio/share/point_lio/config/mid360.yaml
[41.040s] -- Installing: /home/nhs/engineer/install/point_lio/share/point_lio/config/ouster64.yaml
[41.040s] -- Installing: /home/nhs/engineer/install/point_lio/share/point_lio/config/horizon.yaml
[41.041s] -- Installing: /home/nhs/engineer/install/point_lio/share/point_lio/config/avia.yaml
[41.041s] -- Installing: /home/nhs/engineer/install/point_lio/share/point_lio/launch
[41.041s] -- Installing: /home/nhs/engineer/install/point_lio/share/point_lio/launch/mapping_avia.launch.py
[41.041s] -- Installing: /home/nhs/engineer/install/point_lio/share/point_lio/launch/mapping_velody16.launch.py
[41.041s] -- Installing: /home/nhs/engineer/install/point_lio/share/point_lio/launch/gdb_debug_example.launch.py
[41.041s] -- Installing: /home/nhs/engineer/install/point_lio/share/point_lio/launch/mapping_mid360.launch.py
[41.041s] -- Installing: /home/nhs/engineer/install/point_lio/share/point_lio/launch/mapping_ouster64.launch.py
[41.041s] -- Installing: /home/nhs/engineer/install/point_lio/share/point_lio/launch/mapping_horizon.launch.py
[41.041s] -- Installing: /home/nhs/engineer/install/point_lio/share/point_lio/rviz_cfg
[41.041s] -- Installing: /home/nhs/engineer/install/point_lio/share/point_lio/rviz_cfg/loam_livox.rviz
[41.041s] -- Installing: /home/nhs/engineer/install/point_lio/share/ament_index/resource_index/package_run_dependencies/point_lio
[41.041s] -- Installing: /home/nhs/engineer/install/point_lio/share/ament_index/resource_index/parent_prefix_path/point_lio
[41.041s] -- Installing: /home/nhs/engineer/install/point_lio/share/point_lio/environment/ament_prefix_path.sh
[41.041s] -- Installing: /home/nhs/engineer/install/point_lio/share/point_lio/environment/ament_prefix_path.dsv
[41.041s] -- Installing: /home/nhs/engineer/install/point_lio/share/point_lio/environment/path.sh
[41.041s] -- Installing: /home/nhs/engineer/install/point_lio/share/point_lio/environment/path.dsv
[41.042s] -- Installing: /home/nhs/engineer/install/point_lio/share/point_lio/local_setup.bash
[41.042s] -- Installing: /home/nhs/engineer/install/point_lio/share/point_lio/local_setup.sh
[41.042s] -- Installing: /home/nhs/engineer/install/point_lio/share/point_lio/local_setup.zsh
[41.042s] -- Installing: /home/nhs/engineer/install/point_lio/share/point_lio/local_setup.dsv
[41.042s] -- Installing: /home/nhs/engineer/install/point_lio/share/point_lio/package.dsv
[41.042s] -- Installing: /home/nhs/engineer/install/point_lio/share/ament_index/resource_index/packages/point_lio
[41.042s] -- Installing: /home/nhs/engineer/install/point_lio/share/point_lio/cmake/ament_cmake_export_dependencies-extras.cmake
[41.042s] -- Installing: /home/nhs/engineer/install/point_lio/share/point_lio/cmake/point_lioConfig.cmake
[41.042s] -- Installing: /home/nhs/engineer/install/point_lio/share/point_lio/cmake/point_lioConfig-version.cmake
[41.042s] -- Installing: /home/nhs/engineer/install/point_lio/share/point_lio/package.xml
[41.043s] Invoked command in '/home/nhs/engineer/build/point_lio' returned '0': CMAKE_PREFIX_PATH=/home/nhs/engineer/install/livox_ros_driver2:/home/nhs/engineer/install/rmctrl_msgs:/home/nhs/engineer/install/pcd2pgm:/home/nhs/engineer/install/linefit_ground_segmentation:/home/nhs/engineer/install/rm_description:/home/nhs/engineer/install/navi:/home/nhs/engineer/install/bubble_protocol:/opt/ros/humble LD_LIBRARY_PATH=/home/nhs/engineer/install/livox_ros_driver2/lib:/home/nhs/engineer/install/rmctrl_msgs/lib:/home/nhs/engineer/install/linefit_ground_segmentation/lib:/opt/ros/humble/opt/rviz_ogre_vendor/lib:/opt/ros/humble/lib/x86_64-linux-gnu:/opt/ros/humble/lib /usr/bin/cmake --install /home/nhs/engineer/build/point_lio
