[35m[1mConsolidate compiler generated dependencies of target ground_segmentation_test_node[0m
[35m[1mConsolidate compiler generated dependencies of target ground_segmentation_node[0m
[ 50%] Built target ground_segmentation_test_node
[100%] Built target ground_segmentation_node
-- Install configuration: ""
-- Installing: /home/nhs/engineer/install/linefit_ground_segmentation_ros/lib/linefit_ground_segmentation_ros/ground_segmentation_node
-- Set runtime path of "/home/nhs/engineer/install/linefit_ground_segmentation_ros/lib/linefit_ground_segmentation_ros/ground_segmentation_node" to ""
-- Installing: /home/nhs/engineer/install/linefit_ground_segmentation_ros/lib/linefit_ground_segmentation_ros/ground_segmentation_test_node
-- Set runtime path of "/home/nhs/engineer/install/linefit_ground_segmentation_ros/lib/linefit_ground_segmentation_ros/ground_segmentation_test_node" to ""
-- Installing: /home/nhs/engineer/install/linefit_ground_segmentation_ros/share/linefit_ground_segmentation_ros/launch
-- Installing: /home/nhs/engineer/install/linefit_ground_segmentation_ros/share/linefit_ground_segmentation_ros/launch/segmentation.launch.py
-- Installing: /home/nhs/engineer/install/linefit_ground_segmentation_ros/share/linefit_ground_segmentation_ros/launch/segmentation_params.yaml
-- Installing: /home/nhs/engineer/install/linefit_ground_segmentation_ros/share/linefit_ground_segmentation_ros/launch/test.launch.py
-- Installing: /home/nhs/engineer/install/linefit_ground_segmentation_ros/share/ament_index/resource_index/package_run_dependencies/linefit_ground_segmentation_ros
-- Installing: /home/nhs/engineer/install/linefit_ground_segmentation_ros/share/ament_index/resource_index/parent_prefix_path/linefit_ground_segmentation_ros
-- Installing: /home/nhs/engineer/install/linefit_ground_segmentation_ros/share/linefit_ground_segmentation_ros/environment/ament_prefix_path.sh
-- Installing: /home/nhs/engineer/install/linefit_ground_segmentation_ros/share/linefit_ground_segmentation_ros/environment/ament_prefix_path.dsv
-- Installing: /home/nhs/engineer/install/linefit_ground_segmentation_ros/share/linefit_ground_segmentation_ros/environment/path.sh
-- Installing: /home/nhs/engineer/install/linefit_ground_segmentation_ros/share/linefit_ground_segmentation_ros/environment/path.dsv
-- Installing: /home/nhs/engineer/install/linefit_ground_segmentation_ros/share/linefit_ground_segmentation_ros/local_setup.bash
-- Installing: /home/nhs/engineer/install/linefit_ground_segmentation_ros/share/linefit_ground_segmentation_ros/local_setup.sh
-- Installing: /home/nhs/engineer/install/linefit_ground_segmentation_ros/share/linefit_ground_segmentation_ros/local_setup.zsh
-- Installing: /home/nhs/engineer/install/linefit_ground_segmentation_ros/share/linefit_ground_segmentation_ros/local_setup.dsv
-- Installing: /home/nhs/engineer/install/linefit_ground_segmentation_ros/share/linefit_ground_segmentation_ros/package.dsv
-- Installing: /home/nhs/engineer/install/linefit_ground_segmentation_ros/share/ament_index/resource_index/packages/linefit_ground_segmentation_ros
-- Installing: /home/nhs/engineer/install/linefit_ground_segmentation_ros/share/linefit_ground_segmentation_ros/cmake/ament_cmake_export_dependencies-extras.cmake
-- Installing: /home/nhs/engineer/install/linefit_ground_segmentation_ros/share/linefit_ground_segmentation_ros/cmake/linefit_ground_segmentation_rosConfig.cmake
-- Installing: /home/nhs/engineer/install/linefit_ground_segmentation_ros/share/linefit_ground_segmentation_ros/cmake/linefit_ground_segmentation_rosConfig-version.cmake
-- Installing: /home/nhs/engineer/install/linefit_ground_segmentation_ros/share/linefit_ground_segmentation_ros/package.xml
