[0.069s] Invoking command in '/home/nhs/engineer/build/linefit_ground_segmentation_ros': CMAKE_PREFIX_PATH=/home/nhs/engineer/install/linefit_ground_segmentation:/home/nhs/engineer/install/rmctrl_msgs:/home/nhs/engineer/install/pcd2pgm:/home/nhs/engineer/install/livox_ros_driver2:/home/nhs/engineer/install/rm_description:/home/nhs/engineer/install/navi:/home/nhs/engineer/install/bubble_protocol:/opt/ros/humble LD_LIBRARY_PATH=/home/nhs/engineer/install/linefit_ground_segmentation/lib:/home/nhs/engineer/install/rmctrl_msgs/lib:/home/nhs/engineer/install/livox_ros_driver2/lib:/opt/ros/humble/opt/rviz_ogre_vendor/lib:/opt/ros/humble/lib/x86_64-linux-gnu:/opt/ros/humble/lib /usr/bin/cmake --build /home/nhs/engineer/build/linefit_ground_segmentation_ros -- -j8 -l8
[0.123s] [35m[1mConsolidate compiler generated dependencies of target ground_segmentation_test_node[0m
[0.127s] [35m[1mConsolidate compiler generated dependencies of target ground_segmentation_node[0m
[0.165s] [ 50%] Built target ground_segmentation_test_node
[0.166s] [100%] Built target ground_segmentation_node
[0.179s] Invoked command in '/home/nhs/engineer/build/linefit_ground_segmentation_ros' returned '0': CMAKE_PREFIX_PATH=/home/nhs/engineer/install/linefit_ground_segmentation:/home/nhs/engineer/install/rmctrl_msgs:/home/nhs/engineer/install/pcd2pgm:/home/nhs/engineer/install/livox_ros_driver2:/home/nhs/engineer/install/rm_description:/home/nhs/engineer/install/navi:/home/nhs/engineer/install/bubble_protocol:/opt/ros/humble LD_LIBRARY_PATH=/home/nhs/engineer/install/linefit_ground_segmentation/lib:/home/nhs/engineer/install/rmctrl_msgs/lib:/home/nhs/engineer/install/livox_ros_driver2/lib:/opt/ros/humble/opt/rviz_ogre_vendor/lib:/opt/ros/humble/lib/x86_64-linux-gnu:/opt/ros/humble/lib /usr/bin/cmake --build /home/nhs/engineer/build/linefit_ground_segmentation_ros -- -j8 -l8
[0.179s] Invoking command in '/home/nhs/engineer/build/linefit_ground_segmentation_ros': CMAKE_PREFIX_PATH=/home/nhs/engineer/install/linefit_ground_segmentation:/home/nhs/engineer/install/rmctrl_msgs:/home/nhs/engineer/install/pcd2pgm:/home/nhs/engineer/install/livox_ros_driver2:/home/nhs/engineer/install/rm_description:/home/nhs/engineer/install/navi:/home/nhs/engineer/install/bubble_protocol:/opt/ros/humble LD_LIBRARY_PATH=/home/nhs/engineer/install/linefit_ground_segmentation/lib:/home/nhs/engineer/install/rmctrl_msgs/lib:/home/nhs/engineer/install/livox_ros_driver2/lib:/opt/ros/humble/opt/rviz_ogre_vendor/lib:/opt/ros/humble/lib/x86_64-linux-gnu:/opt/ros/humble/lib /usr/bin/cmake --install /home/nhs/engineer/build/linefit_ground_segmentation_ros
[0.186s] -- Install configuration: ""
[0.186s] -- Installing: /home/nhs/engineer/install/linefit_ground_segmentation_ros/lib/linefit_ground_segmentation_ros/ground_segmentation_node
[0.188s] -- Set runtime path of "/home/nhs/engineer/install/linefit_ground_segmentation_ros/lib/linefit_ground_segmentation_ros/ground_segmentation_node" to ""
[0.188s] -- Installing: /home/nhs/engineer/install/linefit_ground_segmentation_ros/lib/linefit_ground_segmentation_ros/ground_segmentation_test_node
[0.189s] -- Set runtime path of "/home/nhs/engineer/install/linefit_ground_segmentation_ros/lib/linefit_ground_segmentation_ros/ground_segmentation_test_node" to ""
[0.189s] -- Installing: /home/nhs/engineer/install/linefit_ground_segmentation_ros/share/linefit_ground_segmentation_ros/launch
[0.189s] -- Installing: /home/nhs/engineer/install/linefit_ground_segmentation_ros/share/linefit_ground_segmentation_ros/launch/segmentation.launch.py
[0.189s] -- Installing: /home/nhs/engineer/install/linefit_ground_segmentation_ros/share/linefit_ground_segmentation_ros/launch/segmentation_params.yaml
[0.189s] -- Installing: /home/nhs/engineer/install/linefit_ground_segmentation_ros/share/linefit_ground_segmentation_ros/launch/test.launch.py
[0.190s] -- Installing: /home/nhs/engineer/install/linefit_ground_segmentation_ros/share/ament_index/resource_index/package_run_dependencies/linefit_ground_segmentation_ros
[0.190s] -- Installing: /home/nhs/engineer/install/linefit_ground_segmentation_ros/share/ament_index/resource_index/parent_prefix_path/linefit_ground_segmentation_ros
[0.190s] -- Installing: /home/nhs/engineer/install/linefit_ground_segmentation_ros/share/linefit_ground_segmentation_ros/environment/ament_prefix_path.sh
[0.191s] -- Installing: /home/nhs/engineer/install/linefit_ground_segmentation_ros/share/linefit_ground_segmentation_ros/environment/ament_prefix_path.dsv
[0.191s] -- Installing: /home/nhs/engineer/install/linefit_ground_segmentation_ros/share/linefit_ground_segmentation_ros/environment/path.sh
[0.191s] -- Installing: /home/nhs/engineer/install/linefit_ground_segmentation_ros/share/linefit_ground_segmentation_ros/environment/path.dsv
[0.191s] -- Installing: /home/nhs/engineer/install/linefit_ground_segmentation_ros/share/linefit_ground_segmentation_ros/local_setup.bash
[0.192s] -- Installing: /home/nhs/engineer/install/linefit_ground_segmentation_ros/share/linefit_ground_segmentation_ros/local_setup.sh
[0.192s] -- Installing: /home/nhs/engineer/install/linefit_ground_segmentation_ros/share/linefit_ground_segmentation_ros/local_setup.zsh
[0.192s] -- Installing: /home/nhs/engineer/install/linefit_ground_segmentation_ros/share/linefit_ground_segmentation_ros/local_setup.dsv
[0.192s] -- Installing: /home/nhs/engineer/install/linefit_ground_segmentation_ros/share/linefit_ground_segmentation_ros/package.dsv
[0.192s] -- Installing: /home/nhs/engineer/install/linefit_ground_segmentation_ros/share/ament_index/resource_index/packages/linefit_ground_segmentation_ros
[0.193s] -- Installing: /home/nhs/engineer/install/linefit_ground_segmentation_ros/share/linefit_ground_segmentation_ros/cmake/ament_cmake_export_dependencies-extras.cmake
[0.193s] -- Installing: /home/nhs/engineer/install/linefit_ground_segmentation_ros/share/linefit_ground_segmentation_ros/cmake/linefit_ground_segmentation_rosConfig.cmake
[0.193s] -- Installing: /home/nhs/engineer/install/linefit_ground_segmentation_ros/share/linefit_ground_segmentation_ros/cmake/linefit_ground_segmentation_rosConfig-version.cmake
[0.193s] -- Installing: /home/nhs/engineer/install/linefit_ground_segmentation_ros/share/linefit_ground_segmentation_ros/package.xml
[0.196s] Invoked command in '/home/nhs/engineer/build/linefit_ground_segmentation_ros' returned '0': CMAKE_PREFIX_PATH=/home/nhs/engineer/install/linefit_ground_segmentation:/home/nhs/engineer/install/rmctrl_msgs:/home/nhs/engineer/install/pcd2pgm:/home/nhs/engineer/install/livox_ros_driver2:/home/nhs/engineer/install/rm_description:/home/nhs/engineer/install/navi:/home/nhs/engineer/install/bubble_protocol:/opt/ros/humble LD_LIBRARY_PATH=/home/nhs/engineer/install/linefit_ground_segmentation/lib:/home/nhs/engineer/install/rmctrl_msgs/lib:/home/nhs/engineer/install/livox_ros_driver2/lib:/opt/ros/humble/opt/rviz_ogre_vendor/lib:/opt/ros/humble/lib/x86_64-linux-gnu:/opt/ros/humble/lib /usr/bin/cmake --install /home/nhs/engineer/build/linefit_ground_segmentation_ros
