[0.431s] Invoking command in '/home/nhs/engineer/build/navi': CMAKE_PREFIX_PATH=${CMAKE_PREFIX_PATH}:/home/nhs/engineer/install/bubble_protocol:/opt/ros/humble /usr/bin/cmake --build /home/nhs/engineer/build/navi -- -j8 -l8
[0.626s] Invoked command in '/home/nhs/engineer/build/navi' returned '0': CMAKE_PREFIX_PATH=${CMAKE_PREFIX_PATH}:/home/nhs/engineer/install/bubble_protocol:/opt/ros/humble /usr/bin/cmake --build /home/nhs/engineer/build/navi -- -j8 -l8
[0.627s] Invoking command in '/home/nhs/engineer/build/navi': CMAKE_PREFIX_PATH=${CMAKE_PREFIX_PATH}:/home/nhs/engineer/install/bubble_protocol:/opt/ros/humble /usr/bin/cmake --install /home/nhs/engineer/build/navi
[0.641s] -- Install configuration: ""
[0.641s] -- Up-to-date: /home/nhs/engineer/install/navi/share/navi/params
[0.641s] -- Up-to-date: /home/nhs/engineer/install/navi/share/navi/params/nav2_params.yaml
[0.641s] -- Up-to-date: /home/nhs/engineer/install/navi/share/navi/params/mapper_params_online_async.yaml
[0.641s] -- Up-to-date: /home/nhs/engineer/install/navi/share/navi/launch
[0.641s] -- Up-to-date: /home/nhs/engineer/install/navi/share/navi/launch/rviz_launch.py
[0.641s] -- Up-to-date: /home/nhs/engineer/install/navi/share/navi/launch/navigation2acm.launch.py
[0.641s] -- Up-to-date: /home/nhs/engineer/install/navi/share/navi/launch/bringup_launch.py
[0.641s] -- Up-to-date: /home/nhs/engineer/install/navi/share/navi/launch/navigation_launch.py
[0.641s] -- Up-to-date: /home/nhs/engineer/install/navi/share/navi/launch/localization_launch.py
[0.641s] -- Up-to-date: /home/nhs/engineer/install/navi/share/navi/launch/slam_launch.py
[0.641s] -- Up-to-date: /home/nhs/engineer/install/navi/share/navi/launch/online_async_launch.py
[0.641s] -- Up-to-date: /home/nhs/engineer/install/navi/share/navi/maps
[0.643s] -- Up-to-date: /home/nhs/engineer/install/navi/share/navi/maps/9-room.pgm
[0.643s] -- Up-to-date: /home/nhs/engineer/install/navi/share/navi/maps/9-room.yaml
[0.643s] -- Up-to-date: /home/nhs/engineer/install/navi/share/navi/rviz
[0.643s] -- Up-to-date: /home/nhs/engineer/install/navi/share/navi/rviz/nav2_default_view.rviz
[0.643s] -- Up-to-date: /home/nhs/engineer/install/navi/share/ament_index/resource_index/package_run_dependencies/navi
[0.643s] -- Up-to-date: /home/nhs/engineer/install/navi/share/ament_index/resource_index/parent_prefix_path/navi
[0.643s] -- Up-to-date: /home/nhs/engineer/install/navi/share/navi/environment/ament_prefix_path.sh
[0.643s] -- Up-to-date: /home/nhs/engineer/install/navi/share/navi/environment/ament_prefix_path.dsv
[0.643s] -- Up-to-date: /home/nhs/engineer/install/navi/share/navi/environment/path.sh
[0.643s] -- Up-to-date: /home/nhs/engineer/install/navi/share/navi/environment/path.dsv
[0.643s] -- Up-to-date: /home/nhs/engineer/install/navi/share/navi/local_setup.bash
[0.643s] -- Up-to-date: /home/nhs/engineer/install/navi/share/navi/local_setup.sh
[0.643s] -- Up-to-date: /home/nhs/engineer/install/navi/share/navi/local_setup.zsh
[0.643s] -- Up-to-date: /home/nhs/engineer/install/navi/share/navi/local_setup.dsv
[0.643s] -- Installing: /home/nhs/engineer/install/navi/share/navi/package.dsv
[0.643s] -- Up-to-date: /home/nhs/engineer/install/navi/share/ament_index/resource_index/packages/navi
[0.644s] -- Up-to-date: /home/nhs/engineer/install/navi/share/navi/cmake/naviConfig.cmake
[0.644s] -- Up-to-date: /home/nhs/engineer/install/navi/share/navi/cmake/naviConfig-version.cmake
[0.644s] -- Up-to-date: /home/nhs/engineer/install/navi/share/navi/package.xml
[0.660s] Invoked command in '/home/nhs/engineer/build/navi' returned '0': CMAKE_PREFIX_PATH=${CMAKE_PREFIX_PATH}:/home/nhs/engineer/install/bubble_protocol:/opt/ros/humble /usr/bin/cmake --install /home/nhs/engineer/build/navi
