-- main project dir: /home/nhs/engineer/src/rm_driver/Livox-SDK2
-- main project dir: /home/nhs/engineer/src/rm_driver/Livox-SDK2/samples
-- Configuring done
-- Generating done
-- Build files have been written to: /home/nhs/engineer/build/livox_sdk2
[35m[1mConsolidate compiler generated dependencies of target livox_lidar_sdk_static[0m
[35m[1mConsolidate compiler generated dependencies of target livox_lidar_sdk_shared[0m
[ 42%] Built target livox_lidar_sdk_shared
[ 84%] Built target livox_lidar_sdk_static
[35m[1mConsolidate compiler generated dependencies of target livox_lidar_quick_start[0m
[35m[1mConsolidate compiler generated dependencies of target multi_lidars_upgrade[0m
[ 86%] Built target livox_lidar_quick_start
[35m[1mConsolidate compiler generated dependencies of target debug_point_cloud[0m
[35m[1mConsolidate compiler generated dependencies of target logger[0m
[35m[1mConsolidate compiler generated dependencies of target lidar_cmd_observer[0m
[ 89%] Built target multi_lidars_upgrade
[35m[1mConsolidate compiler generated dependencies of target livox_lidar_rmc_time_sync[0m
[ 91%] Built target debug_point_cloud
[ 93%] Built target logger
[ 96%] Built target lidar_cmd_observer
[100%] Built target livox_lidar_rmc_time_sync
-- Install configuration: ""
-- Installing: /home/nhs/engineer/install/livox_sdk2/lib/liblivox_lidar_sdk_static.a
-- Installing: /home/nhs/engineer/install/livox_sdk2/include/livox_lidar_def.h
-- Installing: /home/nhs/engineer/install/livox_sdk2/include/livox_lidar_api.h
-- Installing: /home/nhs/engineer/install/livox_sdk2/include/livox_lidar_cfg.h
-- Installing: /home/nhs/engineer/install/livox_sdk2/lib/liblivox_lidar_sdk_shared.so
