[0.208s] Invoking command in '/home/nhs/engineer/build/livox_sdk2': /usr/bin/cmake /home/nhs/engineer/src/rm_driver/Livox-SDK2 -DCMAKE_INSTALL_PREFIX=/home/nhs/engineer/install/livox_sdk2
[0.224s] -- main project dir: /home/nhs/engineer/src/rm_driver/Livox-SDK2
[0.224s] -- main project dir: /home/nhs/engineer/src/rm_driver/Livox-SDK2/samples
[0.224s] -- Configuring done
[0.247s] -- Generating done
[0.256s] -- Build files have been written to: /home/nhs/engineer/build/livox_sdk2
[0.260s] Invoked command in '/home/nhs/engineer/build/livox_sdk2' returned '0': /usr/bin/cmake /home/nhs/engineer/src/rm_driver/Livox-SDK2 -DCMAKE_INSTALL_PREFIX=/home/nhs/engineer/install/livox_sdk2
[0.261s] Invoking command in '/home/nhs/engineer/build/livox_sdk2': /usr/bin/cmake --build /home/nhs/engineer/build/livox_sdk2 -- -j8 -l8
[0.453s] [35m[1mConsolidate compiler generated dependencies of target livox_lidar_sdk_static[0m
[0.453s] [35m[1mConsolidate compiler generated dependencies of target livox_lidar_sdk_shared[0m
[0.456s] [ 42%] Built target livox_lidar_sdk_shared
[0.456s] [ 84%] Built target livox_lidar_sdk_static
[0.456s] [35m[1mConsolidate compiler generated dependencies of target livox_lidar_quick_start[0m
[0.484s] [35m[1mConsolidate compiler generated dependencies of target multi_lidars_upgrade[0m
[0.494s] [ 86%] Built target livox_lidar_quick_start
[0.515s] [35m[1mConsolidate compiler generated dependencies of target debug_point_cloud[0m
[0.517s] [35m[1mConsolidate compiler generated dependencies of target logger[0m
[0.529s] [35m[1mConsolidate compiler generated dependencies of target lidar_cmd_observer[0m
[0.537s] [ 89%] Built target multi_lidars_upgrade
[0.556s] [35m[1mConsolidate compiler generated dependencies of target livox_lidar_rmc_time_sync[0m
[0.560s] [ 91%] Built target debug_point_cloud
[0.566s] [ 93%] Built target logger
[0.572s] [ 96%] Built target lidar_cmd_observer
[0.582s] [100%] Built target livox_lidar_rmc_time_sync
[0.630s] Invoked command in '/home/nhs/engineer/build/livox_sdk2' returned '0': /usr/bin/cmake --build /home/nhs/engineer/build/livox_sdk2 -- -j8 -l8
[0.631s] Invoking command in '/home/nhs/engineer/build/livox_sdk2': /usr/bin/cmake --install /home/nhs/engineer/build/livox_sdk2
[0.640s] -- Install configuration: ""
[0.640s] -- Installing: /home/nhs/engineer/install/livox_sdk2/lib/liblivox_lidar_sdk_static.a
[0.665s] -- Installing: /home/nhs/engineer/install/livox_sdk2/include/livox_lidar_def.h
[0.665s] -- Installing: /home/nhs/engineer/install/livox_sdk2/include/livox_lidar_api.h
[0.666s] -- Installing: /home/nhs/engineer/install/livox_sdk2/include/livox_lidar_cfg.h
[0.666s] -- Installing: /home/nhs/engineer/install/livox_sdk2/lib/liblivox_lidar_sdk_shared.so
[0.680s] Invoked command in '/home/nhs/engineer/build/livox_sdk2' returned '0': /usr/bin/cmake --install /home/nhs/engineer/build/livox_sdk2
