[0.006s] Invoking command in '/home/nhs/engineer/build/point_lio': AMENT_PREFIX_PATH=/home/nhs/engineer/install/livox_ros_driver2:${AMENT_PREFIX_PATH} CMAKE_PREFIX_PATH=/home/nhs/engineer/install/livox_ros_driver2:/home/nhs/engineer/install/rm_description:/home/nhs/engineer/install/navi:/home/nhs/engineer/install/bubble_protocol:/opt/ros/humble LD_LIBRARY_PATH=/home/nhs/engineer/install/livox_ros_driver2/lib:${LD_LIBRARY_PATH} PYTHONPATH=/home/nhs/engineer/install/livox_ros_driver2/local/lib/python3.10/dist-packages:${PYTHONPATH} /usr/bin/cmake /home/nhs/engineer/src/rm_localization/point_lio -DROS_EDITION=ROS2 -DHUMBLE_ROS=humble -DCMAKE_INSTALL_PREFIX=/home/nhs/engineer/install/point_lio
[0.044s] -- The C compiler identification is GNU 11.4.0
[0.082s] -- The CXX compiler identification is GNU 11.4.0
[0.087s] -- Detecting C compiler ABI info
[0.133s] -- Detecting C compiler ABI info - done
[0.139s] -- Check for working C compiler: /usr/bin/cc - skipped
[0.139s] -- Detecting C compile features
[0.139s] -- Detecting C compile features - done
[0.142s] -- Detecting CXX compiler ABI info
[0.201s] -- Detecting CXX compiler ABI info - done
[0.206s] -- Check for working CXX compiler: /usr/bin/c++ - skipped
[0.206s] -- Detecting CXX compile features
[0.207s] -- Detecting CXX compile features - done
[0.207s] -- Current CPU architecture: x86_64
[0.211s] -- Processor number:  8
[0.211s] -- core for MP:  3
[0.212s] -- Found ament_cmake: 1.3.12 (/opt/ros/humble/share/ament_cmake/cmake)
[0.320s] -- Found Python3: /usr/bin/python3 (found version "3.10.12") found components: Interpreter 
[0.405s] -- Found rclcpp: 16.0.15 (/opt/ros/humble/share/rclcpp/cmake)
[0.432s] -- Found rosidl_generator_c: 3.1.7 (/opt/ros/humble/share/rosidl_generator_c/cmake)
[0.436s] -- Found rosidl_adapter: 3.1.7 (/opt/ros/humble/share/rosidl_adapter/cmake)
[0.442s] -- Found rosidl_generator_cpp: 3.1.7 (/opt/ros/humble/share/rosidl_generator_cpp/cmake)
[0.451s] -- Using all available rosidl_typesupport_c: rosidl_typesupport_fastrtps_c;rosidl_typesupport_introspection_c
[0.462s] -- Using all available rosidl_typesupport_cpp: rosidl_typesupport_fastrtps_cpp;rosidl_typesupport_introspection_cpp
[0.490s] -- Found rmw_implementation_cmake: 6.1.2 (/opt/ros/humble/share/rmw_implementation_cmake/cmake)
[0.492s] -- Found rmw_fastrtps_cpp: 6.2.8 (/opt/ros/humble/share/rmw_fastrtps_cpp/cmake)
[0.548s] -- Found OpenSSL: /usr/lib/x86_64-linux-gnu/libcrypto.so (found version "3.0.2")  
[0.571s] -- Found FastRTPS: /opt/ros/humble/include  
[0.611s] -- Using RMW implementation 'rmw_fastrtps_cpp' as default
[0.616s] -- Looking for pthread.h
[0.670s] -- Looking for pthread.h - found
[0.670s] -- Performing Test CMAKE_HAVE_LIBC_PTHREAD
[0.718s] -- Performing Test CMAKE_HAVE_LIBC_PTHREAD - Success
[0.719s] -- Found Threads: TRUE  
[0.755s] -- Found rclpy: 3.3.17 (/opt/ros/humble/share/rclpy/cmake)
[0.756s] -- Found geometry_msgs: 4.9.0 (/opt/ros/humble/share/geometry_msgs/cmake)
[0.766s] -- Found nav_msgs: 4.9.0 (/opt/ros/humble/share/nav_msgs/cmake)
[0.778s] -- Found sensor_msgs: 4.9.0 (/opt/ros/humble/share/sensor_msgs/cmake)
[0.795s] [31mCMake Error at CMakeLists.txt:45 (find_package):
[0.795s]   By not providing "Findpcl_ros.cmake" in CMAKE_MODULE_PATH this project has
[0.795s]   asked CMake to find a package configuration file provided by "pcl_ros", but
[0.796s]   CMake did not find one.
[0.796s] 
[0.796s]   Could not find a package configuration file provided by "pcl_ros" with any
[0.796s]   of the following names:
[0.796s] 
[0.796s]     pcl_rosConfig.cmake
[0.796s]     pcl_ros-config.cmake
[0.796s] 
[0.796s]   Add the installation prefix of "pcl_ros" to CMAKE_PREFIX_PATH or set
[0.796s]   "pcl_ros_DIR" to a directory containing one of the above files.  If
[0.796s]   "pcl_ros" provides a separate development package or SDK, be sure it has
[0.796s]   been installed.
[0.796s] 
[0.796s] [0m
[0.796s] -- Configuring incomplete, errors occurred!
[0.796s] See also "/home/nhs/engineer/build/point_lio/CMakeFiles/CMakeOutput.log".
[0.802s] Invoked command in '/home/nhs/engineer/build/point_lio' returned '1': AMENT_PREFIX_PATH=/home/nhs/engineer/install/livox_ros_driver2:${AMENT_PREFIX_PATH} CMAKE_PREFIX_PATH=/home/nhs/engineer/install/livox_ros_driver2:/home/nhs/engineer/install/rm_description:/home/nhs/engineer/install/navi:/home/nhs/engineer/install/bubble_protocol:/opt/ros/humble LD_LIBRARY_PATH=/home/nhs/engineer/install/livox_ros_driver2/lib:${LD_LIBRARY_PATH} PYTHONPATH=/home/nhs/engineer/install/livox_ros_driver2/local/lib/python3.10/dist-packages:${PYTHONPATH} /usr/bin/cmake /home/nhs/engineer/src/rm_localization/point_lio -DROS_EDITION=ROS2 -DHUMBLE_ROS=humble -DCMAKE_INSTALL_PREFIX=/home/nhs/engineer/install/point_lio
