-- Found ament_cmake_auto: 1.3.11 (/opt/ros/humble/share/ament_cmake_auto/cmake)
-- Found rosidl_generator_c: 3.1.6 (/opt/ros/humble/share/rosidl_generator_c/cmake)
-- Found rosidl_adapter: 3.1.6 (/opt/ros/humble/share/rosidl_adapter/cmake)
-- Found rosidl_generator_cpp: 3.1.6 (/opt/ros/humble/share/rosidl_generator_cpp/cmake)
-- Using all available rosidl_typesupport_c: rosidl_typesupport_fastrtps_c;rosidl_typesupport_introspection_c
-- Using all available rosidl_typesupport_cpp: rosidl_typesupport_fastrtps_cpp;rosidl_typesupport_introspection_cpp
-- Found rmw_implementation_cmake: 6.1.2 (/opt/ros/humble/share/rmw_implementation_cmake/cmake)
-- Found rmw_fastrtps_cpp: 6.2.7 (/opt/ros/humble/share/rmw_fastrtps_cpp/cmake)
-- Using RMW implementation 'rmw_fastrtps_cpp' as default
-- Eigen found (include: /usr/include/eigen3, version: 3.4.0)
-- FLANN found (include: /usr/include, lib: /usr/lib/x86_64-linux-gnu/libflann_cpp.so)
-- OpenNI found (version: 1.5.4.0, include: /usr/include/ni, lib: /usr/lib/libOpenNI.so;libusb::libusb)
-- OpenNI2 found (version: 2.2.0.33, include: /usr/include/openni2, lib: /usr/lib/x86_64-linux-gnu/libOpenNI2.so;libusb::libusb)
-- Eigen found (include: /usr/include/eigen3, version: 3.4.0)
-- OpenNI found (version: 1.5.4.0, include: /usr/include/ni, lib: /usr/lib/libOpenNI.so;libusb::libusb)
-- OpenNI2 found (version: 2.2.0.33, include: /usr/include/openni2, lib: /usr/lib/x86_64-linux-gnu/libOpenNI2.so;libusb::libusb)
-- Found Qhull version 8.0.2
-- OpenNI found (version: 1.5.4.0, include: /usr/include/ni, lib: /usr/lib/libOpenNI.so;libusb::libusb)
-- Found eigen3_cmake_module: 0.1.1 (/opt/ros/humble/share/eigen3_cmake_module/cmake)
-- Ensuring Eigen3 include directory is part of orocos-kdl CMake target
-- Configuring done
-- Generating done
-- Build files have been written to: /home/zrk/engineer_up/engineer/build/linefit_ground_segmentation
[35m[1mConsolidate compiler generated dependencies of target linefit_ground_segmentation[0m
[100%] Built target linefit_ground_segmentation
-- Install configuration: ""
-- Up-to-date: /home/zrk/engineer_up/engineer/install/linefit_ground_segmentation/include
-- Up-to-date: /home/zrk/engineer_up/engineer/install/linefit_ground_segmentation/include/ground_segmentation
-- Up-to-date: /home/zrk/engineer_up/engineer/install/linefit_ground_segmentation/include/ground_segmentation/segment.h
-- Up-to-date: /home/zrk/engineer_up/engineer/install/linefit_ground_segmentation/include/ground_segmentation/ground_segmentation.h
-- Up-to-date: /home/zrk/engineer_up/engineer/install/linefit_ground_segmentation/include/ground_segmentation/typedefs.h
-- Up-to-date: /home/zrk/engineer_up/engineer/install/linefit_ground_segmentation/include/ground_segmentation/viewer.h
-- Up-to-date: /home/zrk/engineer_up/engineer/install/linefit_ground_segmentation/include/ground_segmentation/bin.h
-- Up-to-date: /home/zrk/engineer_up/engineer/install/linefit_ground_segmentation/share/linefit_ground_segmentation/environment/library_path.sh
-- Installing: /home/zrk/engineer_up/engineer/install/linefit_ground_segmentation/share/linefit_ground_segmentation/environment/library_path.dsv
-- Up-to-date: /home/zrk/engineer_up/engineer/install/linefit_ground_segmentation/lib/liblinefit_ground_segmentation.so
-- Up-to-date: /home/zrk/engineer_up/engineer/install/linefit_ground_segmentation/share/ament_index/resource_index/package_run_dependencies/linefit_ground_segmentation
-- Up-to-date: /home/zrk/engineer_up/engineer/install/linefit_ground_segmentation/share/ament_index/resource_index/parent_prefix_path/linefit_ground_segmentation
-- Up-to-date: /home/zrk/engineer_up/engineer/install/linefit_ground_segmentation/share/linefit_ground_segmentation/environment/ament_prefix_path.sh
-- Installing: /home/zrk/engineer_up/engineer/install/linefit_ground_segmentation/share/linefit_ground_segmentation/environment/ament_prefix_path.dsv
-- Up-to-date: /home/zrk/engineer_up/engineer/install/linefit_ground_segmentation/share/linefit_ground_segmentation/environment/path.sh
-- Installing: /home/zrk/engineer_up/engineer/install/linefit_ground_segmentation/share/linefit_ground_segmentation/environment/path.dsv
-- Up-to-date: /home/zrk/engineer_up/engineer/install/linefit_ground_segmentation/share/linefit_ground_segmentation/local_setup.bash
-- Up-to-date: /home/zrk/engineer_up/engineer/install/linefit_ground_segmentation/share/linefit_ground_segmentation/local_setup.sh
-- Up-to-date: /home/zrk/engineer_up/engineer/install/linefit_ground_segmentation/share/linefit_ground_segmentation/local_setup.zsh
-- Installing: /home/zrk/engineer_up/engineer/install/linefit_ground_segmentation/share/linefit_ground_segmentation/local_setup.dsv
-- Installing: /home/zrk/engineer_up/engineer/install/linefit_ground_segmentation/share/linefit_ground_segmentation/package.dsv
-- Up-to-date: /home/zrk/engineer_up/engineer/install/linefit_ground_segmentation/share/ament_index/resource_index/packages/linefit_ground_segmentation
-- Up-to-date: /home/zrk/engineer_up/engineer/install/linefit_ground_segmentation/share/linefit_ground_segmentation/cmake/ament_cmake_export_dependencies-extras.cmake
-- Up-to-date: /home/zrk/engineer_up/engineer/install/linefit_ground_segmentation/share/linefit_ground_segmentation/cmake/ament_cmake_export_include_directories-extras.cmake
-- Up-to-date: /home/zrk/engineer_up/engineer/install/linefit_ground_segmentation/share/linefit_ground_segmentation/cmake/ament_cmake_export_libraries-extras.cmake
-- Up-to-date: /home/zrk/engineer_up/engineer/install/linefit_ground_segmentation/share/linefit_ground_segmentation/cmake/linefit_ground_segmentationConfig.cmake
-- Up-to-date: /home/zrk/engineer_up/engineer/install/linefit_ground_segmentation/share/linefit_ground_segmentation/cmake/linefit_ground_segmentationConfig-version.cmake
-- Up-to-date: /home/zrk/engineer_up/engineer/install/linefit_ground_segmentation/share/linefit_ground_segmentation/package.xml
