[0.029s] Invoking command in '/home/zrk/engineer_up/engineer/build/linefit_ground_segmentation': CMAKE_PREFIX_PATH=/opt/ros/humble /usr/bin/cmake /home/zrk/engineer_up/engineer/src/rm_perception/linefit_ground_segementation_ros2/linefit_ground_segmentation -DCMAKE_INSTALL_PREFIX=/home/zrk/engineer_up/engineer/install/linefit_ground_segmentation
[0.228s] -- Found ament_cmake_auto: 1.3.11 (/opt/ros/humble/share/ament_cmake_auto/cmake)
[0.228s] -- Found rosidl_generator_c: 3.1.6 (/opt/ros/humble/share/rosidl_generator_c/cmake)
[0.229s] -- Found rosidl_adapter: 3.1.6 (/opt/ros/humble/share/rosidl_adapter/cmake)
[0.231s] -- Found rosidl_generator_cpp: 3.1.6 (/opt/ros/humble/share/rosidl_generator_cpp/cmake)
[0.239s] -- Using all available rosidl_typesupport_c: rosidl_typesupport_fastrtps_c;rosidl_typesupport_introspection_c
[0.249s] -- Using all available rosidl_typesupport_cpp: rosidl_typesupport_fastrtps_cpp;rosidl_typesupport_introspection_cpp
[0.275s] -- Found rmw_implementation_cmake: 6.1.2 (/opt/ros/humble/share/rmw_implementation_cmake/cmake)
[0.276s] -- Found rmw_fastrtps_cpp: 6.2.7 (/opt/ros/humble/share/rmw_fastrtps_cpp/cmake)
[0.380s] -- Using RMW implementation 'rmw_fastrtps_cpp' as default
[0.470s] -- Eigen found (include: /usr/include/eigen3, version: 3.4.0)
[0.499s] -- FLANN found (include: /usr/include, lib: /usr/lib/x86_64-linux-gnu/libflann_cpp.so)
[0.753s] -- OpenNI found (version: 1.5.4.0, include: /usr/include/ni, lib: /usr/lib/libOpenNI.so;libusb::libusb)
[0.759s] -- OpenNI2 found (version: 2.2.0.33, include: /usr/include/openni2, lib: /usr/lib/x86_64-linux-gnu/libOpenNI2.so;libusb::libusb)
[0.887s] -- Eigen found (include: /usr/include/eigen3, version: 3.4.0)
[0.894s] -- OpenNI found (version: 1.5.4.0, include: /usr/include/ni, lib: /usr/lib/libOpenNI.so;libusb::libusb)
[0.899s] -- OpenNI2 found (version: 2.2.0.33, include: /usr/include/openni2, lib: /usr/lib/x86_64-linux-gnu/libOpenNI2.so;libusb::libusb)
[1.019s] -- Found Qhull version 8.0.2
[1.138s] -- OpenNI found (version: 1.5.4.0, include: /usr/include/ni, lib: /usr/lib/libOpenNI.so;libusb::libusb)
[1.278s] -- Found eigen3_cmake_module: 0.1.1 (/opt/ros/humble/share/eigen3_cmake_module/cmake)
[1.279s] -- Ensuring Eigen3 include directory is part of orocos-kdl CMake target
[1.345s] -- Configuring done
[1.382s] -- Generating done
[1.392s] -- Build files have been written to: /home/zrk/engineer_up/engineer/build/linefit_ground_segmentation
[1.413s] Invoked command in '/home/zrk/engineer_up/engineer/build/linefit_ground_segmentation' returned '0': CMAKE_PREFIX_PATH=/opt/ros/humble /usr/bin/cmake /home/zrk/engineer_up/engineer/src/rm_perception/linefit_ground_segementation_ros2/linefit_ground_segmentation -DCMAKE_INSTALL_PREFIX=/home/zrk/engineer_up/engineer/install/linefit_ground_segmentation
[1.415s] Invoking command in '/home/zrk/engineer_up/engineer/build/linefit_ground_segmentation': CMAKE_PREFIX_PATH=/opt/ros/humble /usr/bin/cmake --build /home/zrk/engineer_up/engineer/build/linefit_ground_segmentation -- -j16 -l16
[1.454s] [35m[1mConsolidate compiler generated dependencies of target linefit_ground_segmentation[0m
[1.485s] [100%] Built target linefit_ground_segmentation
[1.495s] Invoked command in '/home/zrk/engineer_up/engineer/build/linefit_ground_segmentation' returned '0': CMAKE_PREFIX_PATH=/opt/ros/humble /usr/bin/cmake --build /home/zrk/engineer_up/engineer/build/linefit_ground_segmentation -- -j16 -l16
[1.497s] Invoking command in '/home/zrk/engineer_up/engineer/build/linefit_ground_segmentation': CMAKE_PREFIX_PATH=/opt/ros/humble /usr/bin/cmake --install /home/zrk/engineer_up/engineer/build/linefit_ground_segmentation
[1.503s] -- Install configuration: ""
[1.503s] -- Up-to-date: /home/zrk/engineer_up/engineer/install/linefit_ground_segmentation/include
[1.503s] -- Up-to-date: /home/zrk/engineer_up/engineer/install/linefit_ground_segmentation/include/ground_segmentation
[1.503s] -- Up-to-date: /home/zrk/engineer_up/engineer/install/linefit_ground_segmentation/include/ground_segmentation/segment.h
[1.503s] -- Up-to-date: /home/zrk/engineer_up/engineer/install/linefit_ground_segmentation/include/ground_segmentation/ground_segmentation.h
[1.503s] -- Up-to-date: /home/zrk/engineer_up/engineer/install/linefit_ground_segmentation/include/ground_segmentation/typedefs.h
[1.503s] -- Up-to-date: /home/zrk/engineer_up/engineer/install/linefit_ground_segmentation/include/ground_segmentation/viewer.h
[1.504s] -- Up-to-date: /home/zrk/engineer_up/engineer/install/linefit_ground_segmentation/include/ground_segmentation/bin.h
[1.504s] -- Up-to-date: /home/zrk/engineer_up/engineer/install/linefit_ground_segmentation/share/linefit_ground_segmentation/environment/library_path.sh
[1.504s] -- Installing: /home/zrk/engineer_up/engineer/install/linefit_ground_segmentation/share/linefit_ground_segmentation/environment/library_path.dsv
[1.504s] -- Up-to-date: /home/zrk/engineer_up/engineer/install/linefit_ground_segmentation/lib/liblinefit_ground_segmentation.so
[1.504s] -- Up-to-date: /home/zrk/engineer_up/engineer/install/linefit_ground_segmentation/share/ament_index/resource_index/package_run_dependencies/linefit_ground_segmentation
[1.504s] -- Up-to-date: /home/zrk/engineer_up/engineer/install/linefit_ground_segmentation/share/ament_index/resource_index/parent_prefix_path/linefit_ground_segmentation
[1.504s] -- Up-to-date: /home/zrk/engineer_up/engineer/install/linefit_ground_segmentation/share/linefit_ground_segmentation/environment/ament_prefix_path.sh
[1.504s] -- Installing: /home/zrk/engineer_up/engineer/install/linefit_ground_segmentation/share/linefit_ground_segmentation/environment/ament_prefix_path.dsv
[1.504s] -- Up-to-date: /home/zrk/engineer_up/engineer/install/linefit_ground_segmentation/share/linefit_ground_segmentation/environment/path.sh
[1.504s] -- Installing: /home/zrk/engineer_up/engineer/install/linefit_ground_segmentation/share/linefit_ground_segmentation/environment/path.dsv
[1.505s] -- Up-to-date: /home/zrk/engineer_up/engineer/install/linefit_ground_segmentation/share/linefit_ground_segmentation/local_setup.bash
[1.505s] -- Up-to-date: /home/zrk/engineer_up/engineer/install/linefit_ground_segmentation/share/linefit_ground_segmentation/local_setup.sh
[1.505s] -- Up-to-date: /home/zrk/engineer_up/engineer/install/linefit_ground_segmentation/share/linefit_ground_segmentation/local_setup.zsh
[1.505s] -- Installing: /home/zrk/engineer_up/engineer/install/linefit_ground_segmentation/share/linefit_ground_segmentation/local_setup.dsv
[1.505s] -- Installing: /home/zrk/engineer_up/engineer/install/linefit_ground_segmentation/share/linefit_ground_segmentation/package.dsv
[1.505s] -- Up-to-date: /home/zrk/engineer_up/engineer/install/linefit_ground_segmentation/share/ament_index/resource_index/packages/linefit_ground_segmentation
[1.505s] -- Up-to-date: /home/zrk/engineer_up/engineer/install/linefit_ground_segmentation/share/linefit_ground_segmentation/cmake/ament_cmake_export_dependencies-extras.cmake
[1.505s] -- Up-to-date: /home/zrk/engineer_up/engineer/install/linefit_ground_segmentation/share/linefit_ground_segmentation/cmake/ament_cmake_export_include_directories-extras.cmake
[1.505s] -- Up-to-date: /home/zrk/engineer_up/engineer/install/linefit_ground_segmentation/share/linefit_ground_segmentation/cmake/ament_cmake_export_libraries-extras.cmake
[1.505s] -- Up-to-date: /home/zrk/engineer_up/engineer/install/linefit_ground_segmentation/share/linefit_ground_segmentation/cmake/linefit_ground_segmentationConfig.cmake
[1.506s] -- Up-to-date: /home/zrk/engineer_up/engineer/install/linefit_ground_segmentation/share/linefit_ground_segmentation/cmake/linefit_ground_segmentationConfig-version.cmake
[1.506s] -- Up-to-date: /home/zrk/engineer_up/engineer/install/linefit_ground_segmentation/share/linefit_ground_segmentation/package.xml
[1.507s] Invoked command in '/home/zrk/engineer_up/engineer/build/linefit_ground_segmentation' returned '0': CMAKE_PREFIX_PATH=/opt/ros/humble /usr/bin/cmake --install /home/zrk/engineer_up/engineer/build/linefit_ground_segmentation
