[0.058s] Invoking command in '/home/nhs/engineer/build/rmctrl_msgs': CMAKE_PREFIX_PATH=${CMAKE_PREFIX_PATH}:/home/nhs/engineer/install/bubble_protocol:/opt/ros/humble /usr/bin/cmake --build /home/nhs/engineer/build/rmctrl_msgs -- -j8 -l8
[0.121s] [  2%] Built target rmctrl_msgs__cpp
[0.136s] [  4%] Built target ament_cmake_python_copy_rmctrl_msgs
[0.136s] [ 12%] Built target rmctrl_msgs__rosidl_generator_c
[0.173s] [ 23%] Built target rmctrl_msgs__rosidl_typesupport_introspection_cpp
[0.175s] [ 34%] Built target rmctrl_msgs__rosidl_typesupport_fastrtps_c
[0.176s] [ 55%] Built target rmctrl_msgs__rosidl_typesupport_cpp
[0.177s] [ 55%] Built target rmctrl_msgs__rosidl_typesupport_fastrtps_cpp
[0.181s] [ 68%] Built target rmctrl_msgs__rosidl_typesupport_c
[0.182s] [ 76%] Built target rmctrl_msgs__rosidl_typesupport_introspection_c
[0.202s] [ 76%] Built target rmctrl_msgs
[0.224s] [ 78%] Built target rmctrl_msgs__py
[0.240s] [ 87%] Built target rmctrl_msgs__rosidl_generator_py
[0.261s] [ 91%] Built target rmctrl_msgs__rosidl_typesupport_c__pyext
[0.263s] [ 95%] Built target rmctrl_msgs__rosidl_typesupport_fastrtps_c__pyext
[0.266s] [100%] Built target rmctrl_msgs__rosidl_typesupport_introspection_c__pyext
[0.357s] running egg_info
[0.358s] writing rmctrl_msgs.egg-info/PKG-INFO
[0.358s] writing dependency_links to rmctrl_msgs.egg-info/dependency_links.txt
[0.358s] writing top-level names to rmctrl_msgs.egg-info/top_level.txt
[0.359s] reading manifest file 'rmctrl_msgs.egg-info/SOURCES.txt'
[0.360s] writing manifest file 'rmctrl_msgs.egg-info/SOURCES.txt'
[0.377s] [100%] Built target ament_cmake_python_build_rmctrl_msgs_egg
[0.385s] Invoked command in '/home/nhs/engineer/build/rmctrl_msgs' returned '0': CMAKE_PREFIX_PATH=${CMAKE_PREFIX_PATH}:/home/nhs/engineer/install/bubble_protocol:/opt/ros/humble /usr/bin/cmake --build /home/nhs/engineer/build/rmctrl_msgs -- -j8 -l8
[0.386s] Invoking command in '/home/nhs/engineer/build/rmctrl_msgs': CMAKE_PREFIX_PATH=${CMAKE_PREFIX_PATH}:/home/nhs/engineer/install/bubble_protocol:/opt/ros/humble /usr/bin/cmake --install /home/nhs/engineer/build/rmctrl_msgs
[0.393s] -- Install configuration: ""
[0.393s] -- Up-to-date: /home/nhs/engineer/install/rmctrl_msgs/share/ament_index/resource_index/rosidl_interfaces/rmctrl_msgs
[0.393s] -- Up-to-date: /home/nhs/engineer/install/rmctrl_msgs/include/rmctrl_msgs/rmctrl_msgs
[0.393s] -- Up-to-date: /home/nhs/engineer/install/rmctrl_msgs/include/rmctrl_msgs/rmctrl_msgs/msg
[0.393s] -- Up-to-date: /home/nhs/engineer/install/rmctrl_msgs/include/rmctrl_msgs/rmctrl_msgs/msg/chassis.h
[0.393s] -- Up-to-date: /home/nhs/engineer/install/rmctrl_msgs/include/rmctrl_msgs/rmctrl_msgs/msg/gimbal.h
[0.394s] -- Up-to-date: /home/nhs/engineer/install/rmctrl_msgs/include/rmctrl_msgs/rmctrl_msgs/msg/imu.h
[0.394s] -- Up-to-date: /home/nhs/engineer/install/rmctrl_msgs/include/rmctrl_msgs/rmctrl_msgs/msg/rosidl_generator_c__visibility_control.h
[0.394s] -- Up-to-date: /home/nhs/engineer/install/rmctrl_msgs/include/rmctrl_msgs/rmctrl_msgs/msg/detail
[0.394s] -- Up-to-date: /home/nhs/engineer/install/rmctrl_msgs/include/rmctrl_msgs/rmctrl_msgs/msg/detail/imu__struct.h
[0.394s] -- Up-to-date: /home/nhs/engineer/install/rmctrl_msgs/include/rmctrl_msgs/rmctrl_msgs/msg/detail/imu__type_support.h
[0.394s] -- Up-to-date: /home/nhs/engineer/install/rmctrl_msgs/include/rmctrl_msgs/rmctrl_msgs/msg/detail/gimbal__functions.c
[0.394s] -- Up-to-date: /home/nhs/engineer/install/rmctrl_msgs/include/rmctrl_msgs/rmctrl_msgs/msg/detail/chassis__type_support.h
[0.394s] -- Up-to-date: /home/nhs/engineer/install/rmctrl_msgs/include/rmctrl_msgs/rmctrl_msgs/msg/detail/chassis__struct.h
[0.394s] -- Up-to-date: /home/nhs/engineer/install/rmctrl_msgs/include/rmctrl_msgs/rmctrl_msgs/msg/detail/gimbal__struct.h
[0.394s] -- Up-to-date: /home/nhs/engineer/install/rmctrl_msgs/include/rmctrl_msgs/rmctrl_msgs/msg/detail/imu__functions.c
[0.394s] -- Up-to-date: /home/nhs/engineer/install/rmctrl_msgs/include/rmctrl_msgs/rmctrl_msgs/msg/detail/odom__struct.h
[0.394s] -- Up-to-date: /home/nhs/engineer/install/rmctrl_msgs/include/rmctrl_msgs/rmctrl_msgs/msg/detail/chassis__functions.c
[0.394s] -- Up-to-date: /home/nhs/engineer/install/rmctrl_msgs/include/rmctrl_msgs/rmctrl_msgs/msg/detail/odom__type_support.h
[0.394s] -- Up-to-date: /home/nhs/engineer/install/rmctrl_msgs/include/rmctrl_msgs/rmctrl_msgs/msg/detail/odom__functions.c
[0.395s] -- Up-to-date: /home/nhs/engineer/install/rmctrl_msgs/include/rmctrl_msgs/rmctrl_msgs/msg/detail/gimbal__type_support.h
[0.395s] -- Up-to-date: /home/nhs/engineer/install/rmctrl_msgs/include/rmctrl_msgs/rmctrl_msgs/msg/detail/odom__functions.h
[0.395s] -- Up-to-date: /home/nhs/engineer/install/rmctrl_msgs/include/rmctrl_msgs/rmctrl_msgs/msg/detail/imu__functions.h
[0.395s] -- Up-to-date: /home/nhs/engineer/install/rmctrl_msgs/include/rmctrl_msgs/rmctrl_msgs/msg/detail/gimbal__functions.h
[0.395s] -- Up-to-date: /home/nhs/engineer/install/rmctrl_msgs/include/rmctrl_msgs/rmctrl_msgs/msg/detail/chassis__functions.h
[0.395s] -- Up-to-date: /home/nhs/engineer/install/rmctrl_msgs/include/rmctrl_msgs/rmctrl_msgs/msg/odom.h
[0.395s] -- Up-to-date: /home/nhs/engineer/install/rmctrl_msgs/share/rmctrl_msgs/environment/library_path.sh
[0.395s] -- Up-to-date: /home/nhs/engineer/install/rmctrl_msgs/share/rmctrl_msgs/environment/library_path.dsv
[0.395s] -- Up-to-date: /home/nhs/engineer/install/rmctrl_msgs/lib/librmctrl_msgs__rosidl_generator_c.so
[0.395s] -- Up-to-date: /home/nhs/engineer/install/rmctrl_msgs/include/rmctrl_msgs/rmctrl_msgs
[0.395s] -- Up-to-date: /home/nhs/engineer/install/rmctrl_msgs/include/rmctrl_msgs/rmctrl_msgs/msg
[0.395s] -- Up-to-date: /home/nhs/engineer/install/rmctrl_msgs/include/rmctrl_msgs/rmctrl_msgs/msg/detail
[0.395s] -- Up-to-date: /home/nhs/engineer/install/rmctrl_msgs/include/rmctrl_msgs/rmctrl_msgs/msg/detail/odom__rosidl_typesupport_fastrtps_c.h
[0.396s] -- Up-to-date: /home/nhs/engineer/install/rmctrl_msgs/include/rmctrl_msgs/rmctrl_msgs/msg/detail/imu__rosidl_typesupport_fastrtps_c.h
[0.396s] -- Up-to-date: /home/nhs/engineer/install/rmctrl_msgs/include/rmctrl_msgs/rmctrl_msgs/msg/detail/chassis__rosidl_typesupport_fastrtps_c.h
[0.396s] -- Up-to-date: /home/nhs/engineer/install/rmctrl_msgs/include/rmctrl_msgs/rmctrl_msgs/msg/detail/gimbal__rosidl_typesupport_fastrtps_c.h
[0.396s] -- Up-to-date: /home/nhs/engineer/install/rmctrl_msgs/include/rmctrl_msgs/rmctrl_msgs/msg/rosidl_typesupport_fastrtps_c__visibility_control.h
[0.396s] -- Up-to-date: /home/nhs/engineer/install/rmctrl_msgs/lib/librmctrl_msgs__rosidl_typesupport_fastrtps_c.so
[0.396s] -- Up-to-date: /home/nhs/engineer/install/rmctrl_msgs/include/rmctrl_msgs/rmctrl_msgs
[0.396s] -- Up-to-date: /home/nhs/engineer/install/rmctrl_msgs/include/rmctrl_msgs/rmctrl_msgs/msg
[0.396s] -- Up-to-date: /home/nhs/engineer/install/rmctrl_msgs/include/rmctrl_msgs/rmctrl_msgs/msg/chassis.hpp
[0.396s] -- Up-to-date: /home/nhs/engineer/install/rmctrl_msgs/include/rmctrl_msgs/rmctrl_msgs/msg/detail
[0.396s] -- Up-to-date: /home/nhs/engineer/install/rmctrl_msgs/include/rmctrl_msgs/rmctrl_msgs/msg/detail/odom__builder.hpp
[0.396s] -- Up-to-date: /home/nhs/engineer/install/rmctrl_msgs/include/rmctrl_msgs/rmctrl_msgs/msg/detail/imu__struct.hpp
[0.396s] -- Up-to-date: /home/nhs/engineer/install/rmctrl_msgs/include/rmctrl_msgs/rmctrl_msgs/msg/detail/imu__type_support.hpp
[0.396s] -- Up-to-date: /home/nhs/engineer/install/rmctrl_msgs/include/rmctrl_msgs/rmctrl_msgs/msg/detail/gimbal__type_support.hpp
[0.396s] -- Up-to-date: /home/nhs/engineer/install/rmctrl_msgs/include/rmctrl_msgs/rmctrl_msgs/msg/detail/gimbal__builder.hpp
[0.396s] -- Up-to-date: /home/nhs/engineer/install/rmctrl_msgs/include/rmctrl_msgs/rmctrl_msgs/msg/detail/chassis__builder.hpp
[0.396s] -- Up-to-date: /home/nhs/engineer/install/rmctrl_msgs/include/rmctrl_msgs/rmctrl_msgs/msg/detail/imu__builder.hpp
[0.397s] -- Up-to-date: /home/nhs/engineer/install/rmctrl_msgs/include/rmctrl_msgs/rmctrl_msgs/msg/detail/chassis__type_support.hpp
[0.397s] -- Up-to-date: /home/nhs/engineer/install/rmctrl_msgs/include/rmctrl_msgs/rmctrl_msgs/msg/detail/gimbal__struct.hpp
[0.397s] -- Up-to-date: /home/nhs/engineer/install/rmctrl_msgs/include/rmctrl_msgs/rmctrl_msgs/msg/detail/odom__struct.hpp
[0.397s] -- Up-to-date: /home/nhs/engineer/install/rmctrl_msgs/include/rmctrl_msgs/rmctrl_msgs/msg/detail/chassis__struct.hpp
[0.397s] -- Up-to-date: /home/nhs/engineer/install/rmctrl_msgs/include/rmctrl_msgs/rmctrl_msgs/msg/detail/chassis__traits.hpp
[0.397s] -- Up-to-date: /home/nhs/engineer/install/rmctrl_msgs/include/rmctrl_msgs/rmctrl_msgs/msg/detail/imu__traits.hpp
[0.397s] -- Up-to-date: /home/nhs/engineer/install/rmctrl_msgs/include/rmctrl_msgs/rmctrl_msgs/msg/detail/odom__type_support.hpp
[0.397s] -- Up-to-date: /home/nhs/engineer/install/rmctrl_msgs/include/rmctrl_msgs/rmctrl_msgs/msg/detail/odom__traits.hpp
[0.397s] -- Up-to-date: /home/nhs/engineer/install/rmctrl_msgs/include/rmctrl_msgs/rmctrl_msgs/msg/detail/gimbal__traits.hpp
[0.397s] -- Up-to-date: /home/nhs/engineer/install/rmctrl_msgs/include/rmctrl_msgs/rmctrl_msgs/msg/imu.hpp
[0.397s] -- Up-to-date: /home/nhs/engineer/install/rmctrl_msgs/include/rmctrl_msgs/rmctrl_msgs/msg/gimbal.hpp
[0.397s] -- Up-to-date: /home/nhs/engineer/install/rmctrl_msgs/include/rmctrl_msgs/rmctrl_msgs/msg/rosidl_generator_cpp__visibility_control.hpp
[0.397s] -- Up-to-date: /home/nhs/engineer/install/rmctrl_msgs/include/rmctrl_msgs/rmctrl_msgs/msg/odom.hpp
[0.397s] -- Up-to-date: /home/nhs/engineer/install/rmctrl_msgs/include/rmctrl_msgs/rmctrl_msgs
[0.397s] -- Up-to-date: /home/nhs/engineer/install/rmctrl_msgs/include/rmctrl_msgs/rmctrl_msgs/msg
[0.398s] -- Up-to-date: /home/nhs/engineer/install/rmctrl_msgs/include/rmctrl_msgs/rmctrl_msgs/msg/detail
[0.398s] -- Up-to-date: /home/nhs/engineer/install/rmctrl_msgs/include/rmctrl_msgs/rmctrl_msgs/msg/detail/imu__rosidl_typesupport_fastrtps_cpp.hpp
[0.398s] -- Up-to-date: /home/nhs/engineer/install/rmctrl_msgs/include/rmctrl_msgs/rmctrl_msgs/msg/detail/odom__rosidl_typesupport_fastrtps_cpp.hpp
[0.398s] -- Up-to-date: /home/nhs/engineer/install/rmctrl_msgs/include/rmctrl_msgs/rmctrl_msgs/msg/detail/gimbal__rosidl_typesupport_fastrtps_cpp.hpp
[0.398s] -- Up-to-date: /home/nhs/engineer/install/rmctrl_msgs/include/rmctrl_msgs/rmctrl_msgs/msg/detail/dds_fastrtps
[0.398s] -- Up-to-date: /home/nhs/engineer/install/rmctrl_msgs/include/rmctrl_msgs/rmctrl_msgs/msg/detail/chassis__rosidl_typesupport_fastrtps_cpp.hpp
[0.398s] -- Up-to-date: /home/nhs/engineer/install/rmctrl_msgs/include/rmctrl_msgs/rmctrl_msgs/msg/rosidl_typesupport_fastrtps_cpp__visibility_control.h
[0.398s] -- Up-to-date: /home/nhs/engineer/install/rmctrl_msgs/lib/librmctrl_msgs__rosidl_typesupport_fastrtps_cpp.so
[0.398s] -- Up-to-date: /home/nhs/engineer/install/rmctrl_msgs/include/rmctrl_msgs/rmctrl_msgs
[0.398s] -- Up-to-date: /home/nhs/engineer/install/rmctrl_msgs/include/rmctrl_msgs/rmctrl_msgs/msg
[0.398s] -- Up-to-date: /home/nhs/engineer/install/rmctrl_msgs/include/rmctrl_msgs/rmctrl_msgs/msg/detail
[0.398s] -- Up-to-date: /home/nhs/engineer/install/rmctrl_msgs/include/rmctrl_msgs/rmctrl_msgs/msg/detail/imu__rosidl_typesupport_introspection_c.h
[0.398s] -- Up-to-date: /home/nhs/engineer/install/rmctrl_msgs/include/rmctrl_msgs/rmctrl_msgs/msg/detail/chassis__rosidl_typesupport_introspection_c.h
[0.398s] -- Up-to-date: /home/nhs/engineer/install/rmctrl_msgs/include/rmctrl_msgs/rmctrl_msgs/msg/detail/gimbal__rosidl_typesupport_introspection_c.h
[0.398s] -- Up-to-date: /home/nhs/engineer/install/rmctrl_msgs/include/rmctrl_msgs/rmctrl_msgs/msg/detail/odom__type_support.c
[0.398s] -- Up-to-date: /home/nhs/engineer/install/rmctrl_msgs/include/rmctrl_msgs/rmctrl_msgs/msg/detail/chassis__type_support.c
[0.398s] -- Up-to-date: /home/nhs/engineer/install/rmctrl_msgs/include/rmctrl_msgs/rmctrl_msgs/msg/detail/odom__rosidl_typesupport_introspection_c.h
[0.399s] -- Up-to-date: /home/nhs/engineer/install/rmctrl_msgs/include/rmctrl_msgs/rmctrl_msgs/msg/detail/gimbal__type_support.c
[0.399s] -- Up-to-date: /home/nhs/engineer/install/rmctrl_msgs/include/rmctrl_msgs/rmctrl_msgs/msg/detail/imu__type_support.c
[0.399s] -- Up-to-date: /home/nhs/engineer/install/rmctrl_msgs/include/rmctrl_msgs/rmctrl_msgs/msg/rosidl_typesupport_introspection_c__visibility_control.h
[0.399s] -- Up-to-date: /home/nhs/engineer/install/rmctrl_msgs/lib/librmctrl_msgs__rosidl_typesupport_introspection_c.so
[0.399s] -- Up-to-date: /home/nhs/engineer/install/rmctrl_msgs/lib/librmctrl_msgs__rosidl_typesupport_c.so
[0.399s] -- Up-to-date: /home/nhs/engineer/install/rmctrl_msgs/include/rmctrl_msgs/rmctrl_msgs
[0.399s] -- Up-to-date: /home/nhs/engineer/install/rmctrl_msgs/include/rmctrl_msgs/rmctrl_msgs/msg
[0.399s] -- Up-to-date: /home/nhs/engineer/install/rmctrl_msgs/include/rmctrl_msgs/rmctrl_msgs/msg/detail
[0.399s] -- Up-to-date: /home/nhs/engineer/install/rmctrl_msgs/include/rmctrl_msgs/rmctrl_msgs/msg/detail/odom__type_support.cpp
[0.399s] -- Up-to-date: /home/nhs/engineer/install/rmctrl_msgs/include/rmctrl_msgs/rmctrl_msgs/msg/detail/gimbal__rosidl_typesupport_introspection_cpp.hpp
[0.399s] -- Up-to-date: /home/nhs/engineer/install/rmctrl_msgs/include/rmctrl_msgs/rmctrl_msgs/msg/detail/chassis__type_support.cpp
[0.399s] -- Up-to-date: /home/nhs/engineer/install/rmctrl_msgs/include/rmctrl_msgs/rmctrl_msgs/msg/detail/chassis__rosidl_typesupport_introspection_cpp.hpp
[0.399s] -- Up-to-date: /home/nhs/engineer/install/rmctrl_msgs/include/rmctrl_msgs/rmctrl_msgs/msg/detail/imu__type_support.cpp
[0.399s] -- Up-to-date: /home/nhs/engineer/install/rmctrl_msgs/include/rmctrl_msgs/rmctrl_msgs/msg/detail/gimbal__type_support.cpp
[0.399s] -- Up-to-date: /home/nhs/engineer/install/rmctrl_msgs/include/rmctrl_msgs/rmctrl_msgs/msg/detail/odom__rosidl_typesupport_introspection_cpp.hpp
[0.399s] -- Up-to-date: /home/nhs/engineer/install/rmctrl_msgs/include/rmctrl_msgs/rmctrl_msgs/msg/detail/imu__rosidl_typesupport_introspection_cpp.hpp
[0.399s] -- Up-to-date: /home/nhs/engineer/install/rmctrl_msgs/lib/librmctrl_msgs__rosidl_typesupport_introspection_cpp.so
[0.400s] -- Up-to-date: /home/nhs/engineer/install/rmctrl_msgs/lib/librmctrl_msgs__rosidl_typesupport_cpp.so
[0.400s] -- Up-to-date: /home/nhs/engineer/install/rmctrl_msgs/share/rmctrl_msgs/environment/pythonpath.sh
[0.400s] -- Up-to-date: /home/nhs/engineer/install/rmctrl_msgs/share/rmctrl_msgs/environment/pythonpath.dsv
[0.400s] -- Up-to-date: /home/nhs/engineer/install/rmctrl_msgs/local/lib/python3.10/dist-packages/rmctrl_msgs-1.0.0-py3.10.egg-info
[0.400s] -- Installing: /home/nhs/engineer/install/rmctrl_msgs/local/lib/python3.10/dist-packages/rmctrl_msgs-1.0.0-py3.10.egg-info/dependency_links.txt
[0.400s] -- Installing: /home/nhs/engineer/install/rmctrl_msgs/local/lib/python3.10/dist-packages/rmctrl_msgs-1.0.0-py3.10.egg-info/top_level.txt
[0.400s] -- Installing: /home/nhs/engineer/install/rmctrl_msgs/local/lib/python3.10/dist-packages/rmctrl_msgs-1.0.0-py3.10.egg-info/PKG-INFO
[0.400s] -- Installing: /home/nhs/engineer/install/rmctrl_msgs/local/lib/python3.10/dist-packages/rmctrl_msgs-1.0.0-py3.10.egg-info/SOURCES.txt
[0.400s] -- Up-to-date: /home/nhs/engineer/install/rmctrl_msgs/local/lib/python3.10/dist-packages/rmctrl_msgs
[0.400s] -- Up-to-date: /home/nhs/engineer/install/rmctrl_msgs/local/lib/python3.10/dist-packages/rmctrl_msgs/rmctrl_msgs_s__rosidl_typesupport_c.cpython-310-x86_64-linux-gnu.so
[0.400s] -- Up-to-date: /home/nhs/engineer/install/rmctrl_msgs/local/lib/python3.10/dist-packages/rmctrl_msgs/_rmctrl_msgs_s.ep.rosidl_typesupport_fastrtps_c.c
[0.400s] -- Up-to-date: /home/nhs/engineer/install/rmctrl_msgs/local/lib/python3.10/dist-packages/rmctrl_msgs/_rmctrl_msgs_s.ep.rosidl_typesupport_introspection_c.c
[0.400s] -- Up-to-date: /home/nhs/engineer/install/rmctrl_msgs/local/lib/python3.10/dist-packages/rmctrl_msgs/rmctrl_msgs_s__rosidl_typesupport_fastrtps_c.cpython-310-x86_64-linux-gnu.so
[0.400s] -- Up-to-date: /home/nhs/engineer/install/rmctrl_msgs/local/lib/python3.10/dist-packages/rmctrl_msgs/__init__.py
[0.400s] -- Up-to-date: /home/nhs/engineer/install/rmctrl_msgs/local/lib/python3.10/dist-packages/rmctrl_msgs/msg
[0.400s] -- Up-to-date: /home/nhs/engineer/install/rmctrl_msgs/local/lib/python3.10/dist-packages/rmctrl_msgs/msg/_gimbal.py
[0.400s] -- Up-to-date: /home/nhs/engineer/install/rmctrl_msgs/local/lib/python3.10/dist-packages/rmctrl_msgs/msg/_chassis_s.c
[0.401s] -- Up-to-date: /home/nhs/engineer/install/rmctrl_msgs/local/lib/python3.10/dist-packages/rmctrl_msgs/msg/_gimbal_s.c
[0.401s] -- Up-to-date: /home/nhs/engineer/install/rmctrl_msgs/local/lib/python3.10/dist-packages/rmctrl_msgs/msg/_imu_s.c
[0.401s] -- Up-to-date: /home/nhs/engineer/install/rmctrl_msgs/local/lib/python3.10/dist-packages/rmctrl_msgs/msg/__init__.py
[0.401s] -- Up-to-date: /home/nhs/engineer/install/rmctrl_msgs/local/lib/python3.10/dist-packages/rmctrl_msgs/msg/_imu.py
[0.401s] -- Up-to-date: /home/nhs/engineer/install/rmctrl_msgs/local/lib/python3.10/dist-packages/rmctrl_msgs/msg/_chassis.py
[0.401s] -- Up-to-date: /home/nhs/engineer/install/rmctrl_msgs/local/lib/python3.10/dist-packages/rmctrl_msgs/msg/_odom.py
[0.401s] -- Up-to-date: /home/nhs/engineer/install/rmctrl_msgs/local/lib/python3.10/dist-packages/rmctrl_msgs/msg/_odom_s.c
[0.401s] -- Up-to-date: /home/nhs/engineer/install/rmctrl_msgs/local/lib/python3.10/dist-packages/rmctrl_msgs/_rmctrl_msgs_s.ep.rosidl_typesupport_c.c
[0.401s] -- Up-to-date: /home/nhs/engineer/install/rmctrl_msgs/local/lib/python3.10/dist-packages/rmctrl_msgs/librmctrl_msgs__rosidl_generator_py.so
[0.401s] -- Up-to-date: /home/nhs/engineer/install/rmctrl_msgs/local/lib/python3.10/dist-packages/rmctrl_msgs/rmctrl_msgs_s__rosidl_typesupport_introspection_c.cpython-310-x86_64-linux-gnu.so
[0.420s] Listing '/home/nhs/engineer/install/rmctrl_msgs/local/lib/python3.10/dist-packages/rmctrl_msgs'...
[0.420s] Listing '/home/nhs/engineer/install/rmctrl_msgs/local/lib/python3.10/dist-packages/rmctrl_msgs/msg'...
[0.423s] -- Up-to-date: /home/nhs/engineer/install/rmctrl_msgs/local/lib/python3.10/dist-packages/rmctrl_msgs/rmctrl_msgs_s__rosidl_typesupport_fastrtps_c.cpython-310-x86_64-linux-gnu.so
[0.423s] -- Up-to-date: /home/nhs/engineer/install/rmctrl_msgs/local/lib/python3.10/dist-packages/rmctrl_msgs/rmctrl_msgs_s__rosidl_typesupport_introspection_c.cpython-310-x86_64-linux-gnu.so
[0.423s] -- Up-to-date: /home/nhs/engineer/install/rmctrl_msgs/local/lib/python3.10/dist-packages/rmctrl_msgs/rmctrl_msgs_s__rosidl_typesupport_c.cpython-310-x86_64-linux-gnu.so
[0.423s] -- Up-to-date: /home/nhs/engineer/install/rmctrl_msgs/lib/librmctrl_msgs__rosidl_generator_py.so
[0.424s] -- Up-to-date: /home/nhs/engineer/install/rmctrl_msgs/share/rmctrl_msgs/msg/Chassis.idl
[0.424s] -- Up-to-date: /home/nhs/engineer/install/rmctrl_msgs/share/rmctrl_msgs/msg/Imu.idl
[0.424s] -- Up-to-date: /home/nhs/engineer/install/rmctrl_msgs/share/rmctrl_msgs/msg/Odom.idl
[0.424s] -- Up-to-date: /home/nhs/engineer/install/rmctrl_msgs/share/rmctrl_msgs/msg/Chassis.msg
[0.424s] -- Up-to-date: /home/nhs/engineer/install/rmctrl_msgs/share/rmctrl_msgs/msg/Imu.msg
[0.424s] -- Up-to-date: /home/nhs/engineer/install/rmctrl_msgs/share/rmctrl_msgs/msg/Odom.msg
[0.424s] -- Up-to-date: /home/nhs/engineer/install/rmctrl_msgs/share/ament_index/resource_index/package_run_dependencies/rmctrl_msgs
[0.424s] -- Up-to-date: /home/nhs/engineer/install/rmctrl_msgs/share/ament_index/resource_index/parent_prefix_path/rmctrl_msgs
[0.424s] -- Up-to-date: /home/nhs/engineer/install/rmctrl_msgs/share/rmctrl_msgs/environment/ament_prefix_path.sh
[0.424s] -- Up-to-date: /home/nhs/engineer/install/rmctrl_msgs/share/rmctrl_msgs/environment/ament_prefix_path.dsv
[0.424s] -- Up-to-date: /home/nhs/engineer/install/rmctrl_msgs/share/rmctrl_msgs/environment/path.sh
[0.424s] -- Up-to-date: /home/nhs/engineer/install/rmctrl_msgs/share/rmctrl_msgs/environment/path.dsv
[0.424s] -- Up-to-date: /home/nhs/engineer/install/rmctrl_msgs/share/rmctrl_msgs/local_setup.bash
[0.424s] -- Up-to-date: /home/nhs/engineer/install/rmctrl_msgs/share/rmctrl_msgs/local_setup.sh
[0.425s] -- Up-to-date: /home/nhs/engineer/install/rmctrl_msgs/share/rmctrl_msgs/local_setup.zsh
[0.425s] -- Up-to-date: /home/nhs/engineer/install/rmctrl_msgs/share/rmctrl_msgs/local_setup.dsv
[0.425s] -- Installing: /home/nhs/engineer/install/rmctrl_msgs/share/rmctrl_msgs/package.dsv
[0.425s] -- Up-to-date: /home/nhs/engineer/install/rmctrl_msgs/share/ament_index/resource_index/packages/rmctrl_msgs
[0.425s] -- Up-to-date: /home/nhs/engineer/install/rmctrl_msgs/share/rmctrl_msgs/cmake/export_rmctrl_msgs__rosidl_generator_cExport.cmake
[0.425s] -- Up-to-date: /home/nhs/engineer/install/rmctrl_msgs/share/rmctrl_msgs/cmake/export_rmctrl_msgs__rosidl_generator_cExport-noconfig.cmake
[0.425s] -- Up-to-date: /home/nhs/engineer/install/rmctrl_msgs/share/rmctrl_msgs/cmake/export_rmctrl_msgs__rosidl_typesupport_fastrtps_cExport.cmake
[0.425s] -- Up-to-date: /home/nhs/engineer/install/rmctrl_msgs/share/rmctrl_msgs/cmake/export_rmctrl_msgs__rosidl_typesupport_fastrtps_cExport-noconfig.cmake
[0.425s] -- Up-to-date: /home/nhs/engineer/install/rmctrl_msgs/share/rmctrl_msgs/cmake/export_rmctrl_msgs__rosidl_generator_cppExport.cmake
[0.425s] -- Up-to-date: /home/nhs/engineer/install/rmctrl_msgs/share/rmctrl_msgs/cmake/export_rmctrl_msgs__rosidl_typesupport_fastrtps_cppExport.cmake
[0.425s] -- Up-to-date: /home/nhs/engineer/install/rmctrl_msgs/share/rmctrl_msgs/cmake/export_rmctrl_msgs__rosidl_typesupport_fastrtps_cppExport-noconfig.cmake
[0.425s] -- Up-to-date: /home/nhs/engineer/install/rmctrl_msgs/share/rmctrl_msgs/cmake/rmctrl_msgs__rosidl_typesupport_introspection_cExport.cmake
[0.425s] -- Up-to-date: /home/nhs/engineer/install/rmctrl_msgs/share/rmctrl_msgs/cmake/rmctrl_msgs__rosidl_typesupport_introspection_cExport-noconfig.cmake
[0.425s] -- Up-to-date: /home/nhs/engineer/install/rmctrl_msgs/share/rmctrl_msgs/cmake/rmctrl_msgs__rosidl_typesupport_cExport.cmake
[0.426s] -- Up-to-date: /home/nhs/engineer/install/rmctrl_msgs/share/rmctrl_msgs/cmake/rmctrl_msgs__rosidl_typesupport_cExport-noconfig.cmake
[0.426s] -- Up-to-date: /home/nhs/engineer/install/rmctrl_msgs/share/rmctrl_msgs/cmake/rmctrl_msgs__rosidl_typesupport_introspection_cppExport.cmake
[0.426s] -- Up-to-date: /home/nhs/engineer/install/rmctrl_msgs/share/rmctrl_msgs/cmake/rmctrl_msgs__rosidl_typesupport_introspection_cppExport-noconfig.cmake
[0.426s] -- Up-to-date: /home/nhs/engineer/install/rmctrl_msgs/share/rmctrl_msgs/cmake/rmctrl_msgs__rosidl_typesupport_cppExport.cmake
[0.426s] -- Up-to-date: /home/nhs/engineer/install/rmctrl_msgs/share/rmctrl_msgs/cmake/rmctrl_msgs__rosidl_typesupport_cppExport-noconfig.cmake
[0.426s] -- Up-to-date: /home/nhs/engineer/install/rmctrl_msgs/share/rmctrl_msgs/cmake/export_rmctrl_msgs__rosidl_generator_pyExport.cmake
[0.426s] -- Up-to-date: /home/nhs/engineer/install/rmctrl_msgs/share/rmctrl_msgs/cmake/export_rmctrl_msgs__rosidl_generator_pyExport-noconfig.cmake
[0.426s] -- Up-to-date: /home/nhs/engineer/install/rmctrl_msgs/share/rmctrl_msgs/cmake/rosidl_cmake-extras.cmake
[0.426s] -- Up-to-date: /home/nhs/engineer/install/rmctrl_msgs/share/rmctrl_msgs/cmake/ament_cmake_export_dependencies-extras.cmake
[0.426s] -- Up-to-date: /home/nhs/engineer/install/rmctrl_msgs/share/rmctrl_msgs/cmake/ament_cmake_export_include_directories-extras.cmake
[0.426s] -- Up-to-date: /home/nhs/engineer/install/rmctrl_msgs/share/rmctrl_msgs/cmake/ament_cmake_export_libraries-extras.cmake
[0.426s] -- Up-to-date: /home/nhs/engineer/install/rmctrl_msgs/share/rmctrl_msgs/cmake/ament_cmake_export_targets-extras.cmake
[0.426s] -- Up-to-date: /home/nhs/engineer/install/rmctrl_msgs/share/rmctrl_msgs/cmake/rosidl_cmake_export_typesupport_targets-extras.cmake
[0.426s] -- Up-to-date: /home/nhs/engineer/install/rmctrl_msgs/share/rmctrl_msgs/cmake/rosidl_cmake_export_typesupport_libraries-extras.cmake
[0.426s] -- Up-to-date: /home/nhs/engineer/install/rmctrl_msgs/share/rmctrl_msgs/cmake/rmctrl_msgsConfig.cmake
[0.426s] -- Up-to-date: /home/nhs/engineer/install/rmctrl_msgs/share/rmctrl_msgs/cmake/rmctrl_msgsConfig-version.cmake
[0.427s] -- Up-to-date: /home/nhs/engineer/install/rmctrl_msgs/share/rmctrl_msgs/package.xml
[0.428s] Invoked command in '/home/nhs/engineer/build/rmctrl_msgs' returned '0': CMAKE_PREFIX_PATH=${CMAKE_PREFIX_PATH}:/home/nhs/engineer/install/bubble_protocol:/opt/ros/humble /usr/bin/cmake --install /home/nhs/engineer/build/rmctrl_msgs
