[0.198s] Invoking command in '/home/zrk/engineer_up/engineer/build/pointcloud_to_laserscan': CMAKE_PREFIX_PATH=/opt/ros/humble /usr/bin/cmake /home/zrk/engineer_up/engineer/src/rm_perception/pointcloud_to_laserscan -DROS_EDITION=ROS2 -DHUMBLE_ROS=humble -DCMAKE_INSTALL_PREFIX=/home/zrk/engineer_up/engineer/install/pointcloud_to_laserscan
[0.247s] -- The C compiler identification is GNU 11.4.0
[0.296s] -- The CXX compiler identification is GNU 11.4.0
[0.303s] -- Detecting C compiler ABI info
[0.363s] -- Detecting C compiler ABI info - done
[0.369s] -- Check for working C compiler: /usr/bin/cc - skipped
[0.370s] -- Detecting C compile features
[0.370s] -- Detecting C compile features - done
[0.373s] -- Detecting CXX compiler ABI info
[0.444s] -- Detecting CXX compiler ABI info - done
[0.449s] -- Check for working CXX compiler: /usr/bin/c++ - skipped
[0.450s] -- Detecting CXX compile features
[0.450s] -- Detecting CXX compile features - done
[0.452s] -- Found ament_cmake_auto: 1.3.11 (/opt/ros/humble/share/ament_cmake_auto/cmake)
[0.603s] -- Found Python3: /usr/bin/python3 (found version "3.10.12") found components: Interpreter 
[1.051s] -- Found rosidl_generator_c: 3.1.6 (/opt/ros/humble/share/rosidl_generator_c/cmake)
[1.058s] -- Found rosidl_adapter: 3.1.6 (/opt/ros/humble/share/rosidl_adapter/cmake)
[1.070s] -- Found rosidl_generator_cpp: 3.1.6 (/opt/ros/humble/share/rosidl_generator_cpp/cmake)
[1.095s] -- Using all available rosidl_typesupport_c: rosidl_typesupport_fastrtps_c;rosidl_typesupport_introspection_c
[1.109s] -- Using all available rosidl_typesupport_cpp: rosidl_typesupport_fastrtps_cpp;rosidl_typesupport_introspection_cpp
[1.178s] -- Found rmw_implementation_cmake: 6.1.2 (/opt/ros/humble/share/rmw_implementation_cmake/cmake)
[1.183s] -- Found rmw_fastrtps_cpp: 6.2.7 (/opt/ros/humble/share/rmw_fastrtps_cpp/cmake)
[1.348s] -- Found OpenSSL: /usr/lib/x86_64-linux-gnu/libcrypto.so (found version "3.0.2")  
[1.420s] -- Found FastRTPS: /opt/ros/humble/include  
[1.554s] -- Using RMW implementation 'rmw_fastrtps_cpp' as default
[1.565s] -- Looking for pthread.h
[1.783s] -- Looking for pthread.h - found
[1.783s] -- Performing Test CMAKE_HAVE_LIBC_PTHREAD
[1.985s] -- Performing Test CMAKE_HAVE_LIBC_PTHREAD - Success
[1.989s] -- Found Threads: TRUE  
[2.331s] -- Found ament_lint_auto: 0.12.12 (/opt/ros/humble/share/ament_lint_auto/cmake)
[2.355s] -- Added test 'cppcheck' to perform static code analysis on C / C++ code
[2.361s] -- Configured cppcheck include dirs: /home/zrk/engineer_up/engineer/src/rm_perception/pointcloud_to_laserscan/include
[2.361s] -- Configured cppcheck exclude dirs and/or files: 
[2.361s] -- Added test 'cpplint' to check C / C++ code against the Google style
[2.361s] -- Configured cpplint exclude dirs and/or files: 
[2.361s] -- Added test 'flake8' to check Python code syntax and style conventions
[2.361s] -- Added test 'lint_cmake' to check CMake code style
[2.361s] -- Added test 'pep257' to check Python code against some of the docstring style conventions in PEP 257
[2.362s] -- Added test 'uncrustify' to check C / C++ code style
[2.362s] -- Configured uncrustify additional arguments: 
[2.362s] -- Added test 'xmllint' to check XML markup files
[2.371s] -- Configuring done
[2.477s] -- Generating done
[2.490s] [33mCMake Warning:
[2.490s]   Manually-specified variables were not used by the project:
[2.490s] 
[2.490s]     HUMBLE_ROS
[2.490s]     ROS_EDITION
[2.490s] 
[2.490s] [0m
[2.516s] -- Build files have been written to: /home/zrk/engineer_up/engineer/build/pointcloud_to_laserscan
[2.539s] Invoked command in '/home/zrk/engineer_up/engineer/build/pointcloud_to_laserscan' returned '0': CMAKE_PREFIX_PATH=/opt/ros/humble /usr/bin/cmake /home/zrk/engineer_up/engineer/src/rm_perception/pointcloud_to_laserscan -DROS_EDITION=ROS2 -DHUMBLE_ROS=humble -DCMAKE_INSTALL_PREFIX=/home/zrk/engineer_up/engineer/install/pointcloud_to_laserscan
[2.540s] Invoking command in '/home/zrk/engineer_up/engineer/build/pointcloud_to_laserscan': CMAKE_PREFIX_PATH=/opt/ros/humble /usr/bin/cmake --build /home/zrk/engineer_up/engineer/build/pointcloud_to_laserscan -- -j16 -l16
[2.675s] [ 10%] [32mBuilding CXX object CMakeFiles/laserscan_to_pointcloud.dir/src/laserscan_to_pointcloud_node.cpp.o[0m
[2.679s] [ 20%] [32mBuilding CXX object CMakeFiles/laserscan_to_pointcloud_node.dir/rclcpp_components/node_main_laserscan_to_pointcloud_node.cpp.o[0m
[2.698s] [ 30%] [32mBuilding CXX object CMakeFiles/pointcloud_to_laserscan_node.dir/rclcpp_components/node_main_pointcloud_to_laserscan_node.cpp.o[0m
[3.307s] In file included from [01m[K/home/zrk/engineer_up/engineer/src/rm_perception/pointcloud_to_laserscan/src/laserscan_to_pointcloud_node.cpp:52[m[K:
[3.307s] [01m[K/opt/ros/humble/include/tf2_sensor_msgs/tf2_sensor_msgs.h:32:2:[m[K [01;35m[Kwarning: [m[K#warning This header is obsolete, please include tf2_sensor_msgs/tf2_sensor_msgs.hpp instead [[01;35m[K]8;;https://gcc.gnu.org/onlinedocs/gcc/Warning-Options.html#index-Wcpp-Wcpp]8;;[m[K]
[3.307s]    32 | #[01;35m[Kwarning[m[K This header is obsolete, please include tf2_sensor_msgs/tf2_sensor_msgs.hpp instead
[3.307s]       |  [01;35m[K^~~~~~~[m[K
[10.459s] [ 40%] [32m[1mLinking CXX executable laserscan_to_pointcloud_node[0m
[10.725s] [ 40%] Built target laserscan_to_pointcloud_node
[11.359s] [ 50%] [32m[1mLinking CXX executable pointcloud_to_laserscan_node[0m
[11.832s] [ 50%] Built target pointcloud_to_laserscan_node
[24.433s] [ 60%] [32m[1mLinking CXX shared library liblaserscan_to_pointcloud.so[0m
[24.575s] [ 60%] Built target laserscan_to_pointcloud
[24.595s] [ 70%] [32mBuilding CXX object CMakeFiles/pointcloud_to_laserscan.dir/src/pointcloud_to_laserscan_node.cpp.o[0m
[24.852s] In file included from [01m[K/home/zrk/engineer_up/engineer/src/rm_perception/pointcloud_to_laserscan/src/pointcloud_to_laserscan_node.cpp:52[m[K:
[24.852s] [01m[K/opt/ros/humble/include/tf2_sensor_msgs/tf2_sensor_msgs.h:32:2:[m[K [01;35m[Kwarning: [m[K#warning This header is obsolete, please include tf2_sensor_msgs/tf2_sensor_msgs.hpp instead [[01;35m[K]8;;https://gcc.gnu.org/onlinedocs/gcc/Warning-Options.html#index-Wcpp-Wcpp]8;;[m[K]
[24.852s]    32 | #[01;35m[Kwarning[m[K This header is obsolete, please include tf2_sensor_msgs/tf2_sensor_msgs.hpp instead
[24.852s]       |  [01;35m[K^~~~~~~[m[K
[36.733s] [ 80%] [32m[1mLinking CXX shared library libpointcloud_to_laserscan.so[0m
[36.893s] [ 80%] Built target pointcloud_to_laserscan
[36.913s] [ 90%] [32mBuilding CXX object CMakeFiles/dummy_pointcloud_publisher.dir/src/dummy_pointcloud_publisher.cpp.o[0m
[41.107s] [100%] [32m[1mLinking CXX executable dummy_pointcloud_publisher[0m
[41.228s] [100%] Built target dummy_pointcloud_publisher
[41.238s] Invoked command in '/home/zrk/engineer_up/engineer/build/pointcloud_to_laserscan' returned '0': CMAKE_PREFIX_PATH=/opt/ros/humble /usr/bin/cmake --build /home/zrk/engineer_up/engineer/build/pointcloud_to_laserscan -- -j16 -l16
[41.240s] Invoking command in '/home/zrk/engineer_up/engineer/build/pointcloud_to_laserscan': CMAKE_PREFIX_PATH=/opt/ros/humble /usr/bin/cmake --install /home/zrk/engineer_up/engineer/build/pointcloud_to_laserscan
[41.247s] -- Install configuration: ""
[41.247s] -- Installing: /home/zrk/engineer_up/engineer/install/pointcloud_to_laserscan/lib/pointcloud_to_laserscan/laserscan_to_pointcloud_node
[41.247s] -- Set runtime path of "/home/zrk/engineer_up/engineer/install/pointcloud_to_laserscan/lib/pointcloud_to_laserscan/laserscan_to_pointcloud_node" to ""
[41.247s] -- Installing: /home/zrk/engineer_up/engineer/install/pointcloud_to_laserscan/lib/pointcloud_to_laserscan/pointcloud_to_laserscan_node
[41.247s] -- Set runtime path of "/home/zrk/engineer_up/engineer/install/pointcloud_to_laserscan/lib/pointcloud_to_laserscan/pointcloud_to_laserscan_node" to ""
[41.248s] -- Installing: /home/zrk/engineer_up/engineer/install/pointcloud_to_laserscan/include
[41.248s] -- Installing: /home/zrk/engineer_up/engineer/install/pointcloud_to_laserscan/include/pointcloud_to_laserscan
[41.248s] -- Installing: /home/zrk/engineer_up/engineer/install/pointcloud_to_laserscan/include/pointcloud_to_laserscan/pointcloud_to_laserscan_node.hpp
[41.248s] -- Installing: /home/zrk/engineer_up/engineer/install/pointcloud_to_laserscan/include/pointcloud_to_laserscan/visibility_control.h
[41.248s] -- Installing: /home/zrk/engineer_up/engineer/install/pointcloud_to_laserscan/include/pointcloud_to_laserscan/laserscan_to_pointcloud_node.hpp
[41.248s] -- Installing: /home/zrk/engineer_up/engineer/install/pointcloud_to_laserscan/share/pointcloud_to_laserscan/environment/library_path.sh
[41.248s] -- Installing: /home/zrk/engineer_up/engineer/install/pointcloud_to_laserscan/share/pointcloud_to_laserscan/environment/library_path.dsv
[41.248s] -- Installing: /home/zrk/engineer_up/engineer/install/pointcloud_to_laserscan/lib/liblaserscan_to_pointcloud.so
[41.250s] -- Set runtime path of "/home/zrk/engineer_up/engineer/install/pointcloud_to_laserscan/lib/liblaserscan_to_pointcloud.so" to ""
[41.250s] -- Installing: /home/zrk/engineer_up/engineer/install/pointcloud_to_laserscan/lib/libpointcloud_to_laserscan.so
[41.251s] -- Set runtime path of "/home/zrk/engineer_up/engineer/install/pointcloud_to_laserscan/lib/libpointcloud_to_laserscan.so" to ""
[41.251s] -- Installing: /home/zrk/engineer_up/engineer/install/pointcloud_to_laserscan/lib/pointcloud_to_laserscan/dummy_pointcloud_publisher
[41.252s] -- Set runtime path of "/home/zrk/engineer_up/engineer/install/pointcloud_to_laserscan/lib/pointcloud_to_laserscan/dummy_pointcloud_publisher" to ""
[41.252s] -- Installing: /home/zrk/engineer_up/engineer/install/pointcloud_to_laserscan/share/pointcloud_to_laserscan/launch
[41.252s] -- Installing: /home/zrk/engineer_up/engineer/install/pointcloud_to_laserscan/share/pointcloud_to_laserscan/launch/pointcloud_to_laserscan_launch.py
[41.252s] -- Installing: /home/zrk/engineer_up/engineer/install/pointcloud_to_laserscan/share/pointcloud_to_laserscan/launch/sample_laserscan_to_pointcloud_launch.py
[41.252s] -- Installing: /home/zrk/engineer_up/engineer/install/pointcloud_to_laserscan/share/pointcloud_to_laserscan/launch/sample_pointcloud_to_laserscan_launch.py
[41.252s] -- Installing: /home/zrk/engineer_up/engineer/install/pointcloud_to_laserscan/share/ament_index/resource_index/package_run_dependencies/pointcloud_to_laserscan
[41.252s] -- Installing: /home/zrk/engineer_up/engineer/install/pointcloud_to_laserscan/share/ament_index/resource_index/parent_prefix_path/pointcloud_to_laserscan
[41.252s] -- Installing: /home/zrk/engineer_up/engineer/install/pointcloud_to_laserscan/share/pointcloud_to_laserscan/environment/ament_prefix_path.sh
[41.252s] -- Installing: /home/zrk/engineer_up/engineer/install/pointcloud_to_laserscan/share/pointcloud_to_laserscan/environment/ament_prefix_path.dsv
[41.253s] -- Installing: /home/zrk/engineer_up/engineer/install/pointcloud_to_laserscan/share/pointcloud_to_laserscan/environment/path.sh
[41.253s] -- Installing: /home/zrk/engineer_up/engineer/install/pointcloud_to_laserscan/share/pointcloud_to_laserscan/environment/path.dsv
[41.253s] -- Installing: /home/zrk/engineer_up/engineer/install/pointcloud_to_laserscan/share/pointcloud_to_laserscan/local_setup.bash
[41.253s] -- Installing: /home/zrk/engineer_up/engineer/install/pointcloud_to_laserscan/share/pointcloud_to_laserscan/local_setup.sh
[41.253s] -- Installing: /home/zrk/engineer_up/engineer/install/pointcloud_to_laserscan/share/pointcloud_to_laserscan/local_setup.zsh
[41.253s] -- Installing: /home/zrk/engineer_up/engineer/install/pointcloud_to_laserscan/share/pointcloud_to_laserscan/local_setup.dsv
[41.253s] -- Installing: /home/zrk/engineer_up/engineer/install/pointcloud_to_laserscan/share/pointcloud_to_laserscan/package.dsv
[41.253s] -- Installing: /home/zrk/engineer_up/engineer/install/pointcloud_to_laserscan/share/ament_index/resource_index/packages/pointcloud_to_laserscan
[41.254s] -- Installing: /home/zrk/engineer_up/engineer/install/pointcloud_to_laserscan/share/ament_index/resource_index/rclcpp_components/pointcloud_to_laserscan
[41.254s] -- Installing: /home/zrk/engineer_up/engineer/install/pointcloud_to_laserscan/share/pointcloud_to_laserscan/cmake/ament_cmake_export_dependencies-extras.cmake
[41.254s] -- Installing: /home/zrk/engineer_up/engineer/install/pointcloud_to_laserscan/share/pointcloud_to_laserscan/cmake/ament_cmake_export_include_directories-extras.cmake
[41.254s] -- Installing: /home/zrk/engineer_up/engineer/install/pointcloud_to_laserscan/share/pointcloud_to_laserscan/cmake/ament_cmake_export_libraries-extras.cmake
[41.254s] -- Installing: /home/zrk/engineer_up/engineer/install/pointcloud_to_laserscan/share/pointcloud_to_laserscan/cmake/pointcloud_to_laserscanConfig.cmake
[41.254s] -- Installing: /home/zrk/engineer_up/engineer/install/pointcloud_to_laserscan/share/pointcloud_to_laserscan/cmake/pointcloud_to_laserscanConfig-version.cmake
[41.254s] -- Installing: /home/zrk/engineer_up/engineer/install/pointcloud_to_laserscan/share/pointcloud_to_laserscan/package.xml
[41.257s] Invoked command in '/home/zrk/engineer_up/engineer/build/pointcloud_to_laserscan' returned '0': CMAKE_PREFIX_PATH=/opt/ros/humble /usr/bin/cmake --install /home/zrk/engineer_up/engineer/build/pointcloud_to_laserscan
