[0.194s] Invoking command in '/home/nhs/engineer/build/pointcloud_to_laserscan': CMAKE_PREFIX_PATH=${CMAKE_PREFIX_PATH}:/home/nhs/engineer/install/bubble_protocol:/opt/ros/humble /usr/bin/cmake /home/nhs/engineer/src/rm_perception/pointcloud_to_laserscan -DCMAKE_INSTALL_PREFIX=/home/nhs/engineer/install/pointcloud_to_laserscan
[0.209s] -- Found ament_cmake_auto: 1.3.12 (/opt/ros/humble/share/ament_cmake_auto/cmake)
[0.505s] -- Found rosidl_generator_c: 3.1.7 (/opt/ros/humble/share/rosidl_generator_c/cmake)
[0.506s] -- Found rosidl_adapter: 3.1.7 (/opt/ros/humble/share/rosidl_adapter/cmake)
[0.513s] -- Found rosidl_generator_cpp: 3.1.7 (/opt/ros/humble/share/rosidl_generator_cpp/cmake)
[0.527s] -- Using all available rosidl_typesupport_c: rosidl_typesupport_fastrtps_c;rosidl_typesupport_introspection_c
[0.547s] -- Using all available rosidl_typesupport_cpp: rosidl_typesupport_fastrtps_cpp;rosidl_typesupport_introspection_cpp
[0.579s] -- Found rmw_implementation_cmake: 6.1.2 (/opt/ros/humble/share/rmw_implementation_cmake/cmake)
[0.581s] -- Found rmw_fastrtps_cpp: 6.2.8 (/opt/ros/humble/share/rmw_fastrtps_cpp/cmake)
[0.677s] -- Using RMW implementation 'rmw_fastrtps_cpp' as default
[0.888s] -- Found ament_lint_auto: 0.12.14 (/opt/ros/humble/share/ament_lint_auto/cmake)
[0.893s] [0mIn this package, headers install destination is set to `include` by ament_auto_package. It is recommended to install `include/pointcloud_to_laserscan` instead and will be the default behavior of ament_auto_package from ROS 2 Kilted Kaiju. On distributions before Kilted, ament_auto_package behaves the same way when you use USE_SCOPED_HEADER_INSTALL_DIR option.[0m
[0.898s] -- Added test 'cppcheck' to perform static code analysis on C / C++ code
[0.898s] -- Configured cppcheck include dirs: /home/nhs/engineer/src/rm_perception/pointcloud_to_laserscan/include
[0.898s] -- Configured cppcheck exclude dirs and/or files: 
[0.899s] -- Added test 'cpplint' to check C / C++ code against the Google style
[0.899s] -- Configured cpplint exclude dirs and/or files: 
[0.899s] -- Added test 'flake8' to check Python code syntax and style conventions
[0.900s] -- Added test 'lint_cmake' to check CMake code style
[0.900s] -- Added test 'pep257' to check Python code against some of the docstring style conventions in PEP 257
[0.901s] -- Added test 'uncrustify' to check C / C++ code style
[0.901s] -- Configured uncrustify additional arguments: 
[0.901s] -- Added test 'xmllint' to check XML markup files
[0.903s] -- Configuring done
[0.943s] -- Generating done
[0.957s] -- Build files have been written to: /home/nhs/engineer/build/pointcloud_to_laserscan
[0.968s] Invoked command in '/home/nhs/engineer/build/pointcloud_to_laserscan' returned '0': CMAKE_PREFIX_PATH=${CMAKE_PREFIX_PATH}:/home/nhs/engineer/install/bubble_protocol:/opt/ros/humble /usr/bin/cmake /home/nhs/engineer/src/rm_perception/pointcloud_to_laserscan -DCMAKE_INSTALL_PREFIX=/home/nhs/engineer/install/pointcloud_to_laserscan
[0.969s] Invoking command in '/home/nhs/engineer/build/pointcloud_to_laserscan': CMAKE_PREFIX_PATH=${CMAKE_PREFIX_PATH}:/home/nhs/engineer/install/bubble_protocol:/opt/ros/humble /usr/bin/cmake --build /home/nhs/engineer/build/pointcloud_to_laserscan -- -j8 -l8
[1.002s] [35m[1mConsolidate compiler generated dependencies of target pointcloud_to_laserscan_node[0m
[1.002s] [35m[1mConsolidate compiler generated dependencies of target laserscan_to_pointcloud_node[0m
[1.002s] [35m[1mConsolidate compiler generated dependencies of target laserscan_to_pointcloud[0m
[1.023s] [ 20%] Built target laserscan_to_pointcloud_node
[1.027s] [ 40%] Built target laserscan_to_pointcloud
[1.035s] [ 60%] Built target pointcloud_to_laserscan_node
[1.038s] [35m[1mConsolidate compiler generated dependencies of target pointcloud_to_laserscan[0m
[1.059s] [ 80%] Built target pointcloud_to_laserscan
[1.070s] [35m[1mConsolidate compiler generated dependencies of target dummy_pointcloud_publisher[0m
[1.087s] [100%] Built target dummy_pointcloud_publisher
[1.097s] Invoked command in '/home/nhs/engineer/build/pointcloud_to_laserscan' returned '0': CMAKE_PREFIX_PATH=${CMAKE_PREFIX_PATH}:/home/nhs/engineer/install/bubble_protocol:/opt/ros/humble /usr/bin/cmake --build /home/nhs/engineer/build/pointcloud_to_laserscan -- -j8 -l8
[1.099s] Invoking command in '/home/nhs/engineer/build/pointcloud_to_laserscan': CMAKE_PREFIX_PATH=${CMAKE_PREFIX_PATH}:/home/nhs/engineer/install/bubble_protocol:/opt/ros/humble /usr/bin/cmake --install /home/nhs/engineer/build/pointcloud_to_laserscan
[1.106s] -- Install configuration: ""
[1.106s] -- Up-to-date: /home/nhs/engineer/install/pointcloud_to_laserscan/lib/pointcloud_to_laserscan/laserscan_to_pointcloud_node
[1.107s] -- Up-to-date: /home/nhs/engineer/install/pointcloud_to_laserscan/lib/pointcloud_to_laserscan/pointcloud_to_laserscan_node
[1.107s] -- Up-to-date: /home/nhs/engineer/install/pointcloud_to_laserscan/include
[1.107s] -- Up-to-date: /home/nhs/engineer/install/pointcloud_to_laserscan/include/pointcloud_to_laserscan
[1.107s] -- Up-to-date: /home/nhs/engineer/install/pointcloud_to_laserscan/include/pointcloud_to_laserscan/visibility_control.h
[1.107s] -- Up-to-date: /home/nhs/engineer/install/pointcloud_to_laserscan/include/pointcloud_to_laserscan/pointcloud_to_laserscan_node.hpp
[1.107s] -- Up-to-date: /home/nhs/engineer/install/pointcloud_to_laserscan/include/pointcloud_to_laserscan/laserscan_to_pointcloud_node.hpp
[1.107s] -- Up-to-date: /home/nhs/engineer/install/pointcloud_to_laserscan/share/pointcloud_to_laserscan/environment/library_path.sh
[1.107s] -- Installing: /home/nhs/engineer/install/pointcloud_to_laserscan/share/pointcloud_to_laserscan/environment/library_path.dsv
[1.107s] -- Up-to-date: /home/nhs/engineer/install/pointcloud_to_laserscan/lib/liblaserscan_to_pointcloud.so
[1.107s] -- Up-to-date: /home/nhs/engineer/install/pointcloud_to_laserscan/lib/libpointcloud_to_laserscan.so
[1.108s] -- Up-to-date: /home/nhs/engineer/install/pointcloud_to_laserscan/lib/pointcloud_to_laserscan/dummy_pointcloud_publisher
[1.108s] -- Up-to-date: /home/nhs/engineer/install/pointcloud_to_laserscan/share/pointcloud_to_laserscan/launch
[1.108s] -- Up-to-date: /home/nhs/engineer/install/pointcloud_to_laserscan/share/pointcloud_to_laserscan/launch/sample_pointcloud_to_laserscan_launch.py
[1.108s] -- Up-to-date: /home/nhs/engineer/install/pointcloud_to_laserscan/share/pointcloud_to_laserscan/launch/sample_laserscan_to_pointcloud_launch.py
[1.108s] -- Up-to-date: /home/nhs/engineer/install/pointcloud_to_laserscan/share/pointcloud_to_laserscan/launch/pointcloud_to_laserscan_launch.py
[1.108s] -- Up-to-date: /home/nhs/engineer/install/pointcloud_to_laserscan/share/ament_index/resource_index/package_run_dependencies/pointcloud_to_laserscan
[1.108s] -- Up-to-date: /home/nhs/engineer/install/pointcloud_to_laserscan/share/ament_index/resource_index/parent_prefix_path/pointcloud_to_laserscan
[1.108s] -- Up-to-date: /home/nhs/engineer/install/pointcloud_to_laserscan/share/pointcloud_to_laserscan/environment/ament_prefix_path.sh
[1.108s] -- Installing: /home/nhs/engineer/install/pointcloud_to_laserscan/share/pointcloud_to_laserscan/environment/ament_prefix_path.dsv
[1.108s] -- Up-to-date: /home/nhs/engineer/install/pointcloud_to_laserscan/share/pointcloud_to_laserscan/environment/path.sh
[1.109s] -- Installing: /home/nhs/engineer/install/pointcloud_to_laserscan/share/pointcloud_to_laserscan/environment/path.dsv
[1.109s] -- Up-to-date: /home/nhs/engineer/install/pointcloud_to_laserscan/share/pointcloud_to_laserscan/local_setup.bash
[1.109s] -- Up-to-date: /home/nhs/engineer/install/pointcloud_to_laserscan/share/pointcloud_to_laserscan/local_setup.sh
[1.109s] -- Up-to-date: /home/nhs/engineer/install/pointcloud_to_laserscan/share/pointcloud_to_laserscan/local_setup.zsh
[1.109s] -- Installing: /home/nhs/engineer/install/pointcloud_to_laserscan/share/pointcloud_to_laserscan/local_setup.dsv
[1.109s] -- Installing: /home/nhs/engineer/install/pointcloud_to_laserscan/share/pointcloud_to_laserscan/package.dsv
[1.109s] -- Up-to-date: /home/nhs/engineer/install/pointcloud_to_laserscan/share/ament_index/resource_index/packages/pointcloud_to_laserscan
[1.109s] -- Up-to-date: /home/nhs/engineer/install/pointcloud_to_laserscan/share/ament_index/resource_index/rclcpp_components/pointcloud_to_laserscan
[1.109s] -- Up-to-date: /home/nhs/engineer/install/pointcloud_to_laserscan/share/pointcloud_to_laserscan/cmake/ament_cmake_export_dependencies-extras.cmake
[1.109s] -- Up-to-date: /home/nhs/engineer/install/pointcloud_to_laserscan/share/pointcloud_to_laserscan/cmake/ament_cmake_export_include_directories-extras.cmake
[1.109s] -- Up-to-date: /home/nhs/engineer/install/pointcloud_to_laserscan/share/pointcloud_to_laserscan/cmake/ament_cmake_export_libraries-extras.cmake
[1.109s] -- Up-to-date: /home/nhs/engineer/install/pointcloud_to_laserscan/share/pointcloud_to_laserscan/cmake/pointcloud_to_laserscanConfig.cmake
[1.109s] -- Up-to-date: /home/nhs/engineer/install/pointcloud_to_laserscan/share/pointcloud_to_laserscan/cmake/pointcloud_to_laserscanConfig-version.cmake
[1.109s] -- Up-to-date: /home/nhs/engineer/install/pointcloud_to_laserscan/share/pointcloud_to_laserscan/package.xml
[1.111s] Invoked command in '/home/nhs/engineer/build/pointcloud_to_laserscan' returned '0': CMAKE_PREFIX_PATH=${CMAKE_PREFIX_PATH}:/home/nhs/engineer/install/bubble_protocol:/opt/ros/humble /usr/bin/cmake --install /home/nhs/engineer/build/pointcloud_to_laserscan
