[0.021s] Invoking command in '/home/nhs/engineer/build/linefit_ground_segmentation_ros': AMENT_PREFIX_PATH=/home/nhs/engineer/install/linefit_ground_segmentation:${AMENT_PREFIX_PATH} CMAKE_PREFIX_PATH=/home/nhs/engineer/install/linefit_ground_segmentation:/home/nhs/engineer/install/rm_description:/home/nhs/engineer/install/navi:/home/nhs/engineer/install/bubble_protocol:/opt/ros/humble LD_LIBRARY_PATH=/home/nhs/engineer/install/linefit_ground_segmentation/lib:${LD_LIBRARY_PATH} /usr/bin/cmake /home/nhs/engineer/src/rm_perception/linefit_ground_segementation_ros2/linefit_ground_segmentation_ros -DROS_EDITION=ROS2 -DHUMBLE_ROS=humble -DCMAKE_INSTALL_PREFIX=/home/nhs/engineer/install/linefit_ground_segmentation_ros
[0.183s] -- The C compiler identification is GNU 11.4.0
[0.254s] -- The CXX compiler identification is GNU 11.4.0
[0.264s] -- Detecting C compiler ABI info
[0.412s] -- Detecting C compiler ABI info - done
[0.422s] -- Check for working C compiler: /usr/bin/cc - skipped
[0.423s] -- Detecting C compile features
[0.423s] -- Detecting C compile features - done
[0.429s] -- Detecting CXX compiler ABI info
[0.527s] -- Detecting CXX compiler ABI info - done
[0.537s] -- Check for working CXX compiler: /usr/bin/c++ - skipped
[0.538s] -- Detecting CXX compile features
[0.539s] -- Detecting CXX compile features - done
[0.543s] -- Found ament_cmake_auto: 1.3.12 (/opt/ros/humble/share/ament_cmake_auto/cmake)
[0.712s] -- Found Python3: /usr/bin/python3 (found version "3.10.12") found components: Interpreter 
[0.934s] -- Found rosidl_generator_c: 3.1.7 (/opt/ros/humble/share/rosidl_generator_c/cmake)
[0.939s] -- Found rosidl_adapter: 3.1.7 (/opt/ros/humble/share/rosidl_adapter/cmake)
[0.948s] -- Found rosidl_generator_cpp: 3.1.7 (/opt/ros/humble/share/rosidl_generator_cpp/cmake)
[0.963s] -- Using all available rosidl_typesupport_c: rosidl_typesupport_fastrtps_c;rosidl_typesupport_introspection_c
[0.982s] -- Using all available rosidl_typesupport_cpp: rosidl_typesupport_fastrtps_cpp;rosidl_typesupport_introspection_cpp
[1.033s] -- Found rmw_implementation_cmake: 6.1.2 (/opt/ros/humble/share/rmw_implementation_cmake/cmake)
[1.036s] -- Found rmw_fastrtps_cpp: 6.2.8 (/opt/ros/humble/share/rmw_fastrtps_cpp/cmake)
[1.133s] -- Found OpenSSL: /usr/lib/x86_64-linux-gnu/libcrypto.so (found version "3.0.2")  
[1.165s] -- Found FastRTPS: /opt/ros/humble/include  
[1.221s] -- Using RMW implementation 'rmw_fastrtps_cpp' as default
[1.231s] -- Looking for pthread.h
[1.322s] -- Looking for pthread.h - found
[1.322s] -- Performing Test CMAKE_HAVE_LIBC_PTHREAD
[1.436s] -- Performing Test CMAKE_HAVE_LIBC_PTHREAD - Success
[1.437s] -- Found Threads: TRUE  
[1.655s] -- Checking for module 'eigen3'
[1.665s] --   Found eigen3, version 3.4.0
[1.689s] -- Found Eigen: /usr/include/eigen3 (Required is at least version "3.1") 
[1.689s] -- Eigen found (include: /usr/include/eigen3, version: 3.4.0)
[1.725s] -- Checking for module 'flann'
[1.736s] --   Found flann, version 1.9.1
[1.764s] -- Found FLANN: /usr/lib/x86_64-linux-gnu/libflann_cpp.so  
[1.764s] -- FLANN found (include: /usr/include, lib: /usr/lib/x86_64-linux-gnu/libflann_cpp.so)
[2.523s] -- Checking for module 'libusb-1.0'
[2.534s] --   Found libusb-1.0, version 1.0.25
[2.562s] -- Found libusb: /usr/lib/x86_64-linux-gnu/libusb-1.0.so  
[2.562s] -- OpenNI found (version: 1.5.4.0, include: /usr/include/ni, lib: /usr/lib/libOpenNI.so;libusb::libusb)
[2.604s] -- OpenNI2 found (version: 2.2.0.33, include: /usr/include/openni2, lib: /usr/lib/x86_64-linux-gnu/libOpenNI2.so;libusb::libusb)
[2.716s] -- Eigen found (include: /usr/include/eigen3, version: 3.4.0)
[2.720s] -- OpenNI found (version: 1.5.4.0, include: /usr/include/ni, lib: /usr/lib/libOpenNI.so;libusb::libusb)
[2.725s] -- OpenNI2 found (version: 2.2.0.33, include: /usr/include/openni2, lib: /usr/lib/x86_64-linux-gnu/libOpenNI2.so;libusb::libusb)
[2.824s] -- Found Qhull version 8.0.2
[2.939s] -- OpenNI found (version: 1.5.4.0, include: /usr/include/ni, lib: /usr/lib/libOpenNI.so;libusb::libusb)
[3.043s] -- Found PCL_COMMON: /usr/lib/x86_64-linux-gnu/libpcl_common.so  
[3.043s] -- Found PCL_KDTREE: /usr/lib/x86_64-linux-gnu/libpcl_kdtree.so  
[3.044s] -- Found PCL_OCTREE: /usr/lib/x86_64-linux-gnu/libpcl_octree.so  
[3.045s] -- Found PCL_SEARCH: /usr/lib/x86_64-linux-gnu/libpcl_search.so  
[3.045s] -- Found PCL_SAMPLE_CONSENSUS: /usr/lib/x86_64-linux-gnu/libpcl_sample_consensus.so  
[3.046s] -- Found PCL_FILTERS: /usr/lib/x86_64-linux-gnu/libpcl_filters.so  
[3.046s] -- Found PCL_2D: /usr/include/pcl-1.12  
[3.047s] -- Found PCL_GEOMETRY: /usr/include/pcl-1.12  
[3.047s] -- Found PCL_IO: /usr/lib/x86_64-linux-gnu/libpcl_io.so  
[3.048s] -- Found PCL_FEATURES: /usr/lib/x86_64-linux-gnu/libpcl_features.so  
[3.049s] -- Found PCL_ML: /usr/lib/x86_64-linux-gnu/libpcl_ml.so  
[3.049s] -- Found PCL_SEGMENTATION: /usr/lib/x86_64-linux-gnu/libpcl_segmentation.so  
[3.050s] -- Found PCL_VISUALIZATION: /usr/lib/x86_64-linux-gnu/libpcl_visualization.so  
[3.051s] -- Found PCL_SURFACE: /usr/lib/x86_64-linux-gnu/libpcl_surface.so  
[3.051s] -- Found PCL_REGISTRATION: /usr/lib/x86_64-linux-gnu/libpcl_registration.so  
[3.052s] -- Found PCL_KEYPOINTS: /usr/lib/x86_64-linux-gnu/libpcl_keypoints.so  
[3.053s] -- Found PCL_TRACKING: /usr/lib/x86_64-linux-gnu/libpcl_tracking.so  
[3.054s] -- Found PCL_RECOGNITION: /usr/lib/x86_64-linux-gnu/libpcl_recognition.so  
[3.054s] -- Found PCL_STEREO: /usr/lib/x86_64-linux-gnu/libpcl_stereo.so  
[3.055s] -- Found PCL_APPS: /usr/lib/x86_64-linux-gnu/libpcl_apps.so  
[3.056s] -- Found PCL_IN_HAND_SCANNER: /usr/include/pcl-1.12  
[3.056s] -- Found PCL_MODELER: /usr/include/pcl-1.12  
[3.056s] -- Found PCL_POINT_CLOUD_EDITOR: /usr/include/pcl-1.12  
[3.057s] -- Found PCL_OUTOFCORE: /usr/lib/x86_64-linux-gnu/libpcl_outofcore.so  
[3.058s] -- Found PCL_PEOPLE: /usr/lib/x86_64-linux-gnu/libpcl_people.so  
[3.071s] -- Configuring done
[3.110s] -- Generating done
[3.112s] [33mCMake Warning:
[3.112s]   Manually-specified variables were not used by the project:
[3.112s] 
[3.112s]     HUMBLE_ROS
[3.112s]     ROS_EDITION
[3.112s] 
[3.112s] [0m
[3.122s] -- Build files have been written to: /home/nhs/engineer/build/linefit_ground_segmentation_ros
[3.141s] Invoked command in '/home/nhs/engineer/build/linefit_ground_segmentation_ros' returned '0': AMENT_PREFIX_PATH=/home/nhs/engineer/install/linefit_ground_segmentation:${AMENT_PREFIX_PATH} CMAKE_PREFIX_PATH=/home/nhs/engineer/install/linefit_ground_segmentation:/home/nhs/engineer/install/rm_description:/home/nhs/engineer/install/navi:/home/nhs/engineer/install/bubble_protocol:/opt/ros/humble LD_LIBRARY_PATH=/home/nhs/engineer/install/linefit_ground_segmentation/lib:${LD_LIBRARY_PATH} /usr/bin/cmake /home/nhs/engineer/src/rm_perception/linefit_ground_segementation_ros2/linefit_ground_segmentation_ros -DROS_EDITION=ROS2 -DHUMBLE_ROS=humble -DCMAKE_INSTALL_PREFIX=/home/nhs/engineer/install/linefit_ground_segmentation_ros
[3.143s] Invoking command in '/home/nhs/engineer/build/linefit_ground_segmentation_ros': AMENT_PREFIX_PATH=/home/nhs/engineer/install/linefit_ground_segmentation:${AMENT_PREFIX_PATH} CMAKE_PREFIX_PATH=/home/nhs/engineer/install/linefit_ground_segmentation:/home/nhs/engineer/install/rm_description:/home/nhs/engineer/install/navi:/home/nhs/engineer/install/bubble_protocol:/opt/ros/humble LD_LIBRARY_PATH=/home/nhs/engineer/install/linefit_ground_segmentation/lib:${LD_LIBRARY_PATH} /usr/bin/cmake --build /home/nhs/engineer/build/linefit_ground_segmentation_ros -- -j8 -l8
[3.185s] [ 25%] [32mBuilding CXX object CMakeFiles/ground_segmentation_node.dir/src/ground_segmentation_node.cc.o[0m
[17.801s] [ 50%] [32m[1mLinking CXX executable ground_segmentation_node[0m
[18.212s] [ 50%] Built target ground_segmentation_node
[18.225s] [ 75%] [32mBuilding CXX object CMakeFiles/ground_segmentation_test_node.dir/src/ground_segmentation_test_node.cc.o[0m
[24.493s] [100%] [32m[1mLinking CXX executable ground_segmentation_test_node[0m
[24.815s] [100%] Built target ground_segmentation_test_node
