[0.030s] Invoking command in '/home/nhs/engineer/build/linefit_ground_segmentation': CMAKE_PREFIX_PATH=${CMAKE_PREFIX_PATH}:/home/nhs/engineer/install/bubble_protocol:/opt/ros/humble /usr/bin/cmake /home/nhs/engineer/src/rm_perception/linefit_ground_segementation_ros2/linefit_ground_segmentation -DROS_EDITION=ROS2 -DHUMBLE_ROS=humble -DCMAKE_INSTALL_PREFIX=/home/nhs/engineer/install/linefit_ground_segmentation
[0.231s] -- The C compiler identification is GNU 11.4.0
[0.231s] -- The CXX compiler identification is GNU 11.4.0
[0.231s] -- Detecting C compiler ABI info
[0.231s] -- Detecting C compiler ABI info - done
[0.231s] -- Check for working C compiler: /usr/bin/cc - skipped
[0.231s] -- Detecting C compile features
[0.231s] -- Detecting C compile features - done
[0.231s] -- Detecting CXX compiler ABI info
[0.265s] -- Detecting CXX compiler ABI info - done
[0.277s] -- Check for working CXX compiler: /usr/bin/c++ - skipped
[0.278s] -- Detecting CXX compile features
[0.278s] -- Detecting CXX compile features - done
[0.281s] -- Found ament_cmake_auto: 1.3.12 (/opt/ros/humble/share/ament_cmake_auto/cmake)
[0.462s] -- Found Python3: /usr/bin/python3 (found version "3.10.12") found components: Interpreter 
[0.926s] -- Found rosidl_generator_c: 3.1.7 (/opt/ros/humble/share/rosidl_generator_c/cmake)
[0.927s] -- Found rosidl_adapter: 3.1.7 (/opt/ros/humble/share/rosidl_adapter/cmake)
[0.972s] -- Found rosidl_generator_cpp: 3.1.7 (/opt/ros/humble/share/rosidl_generator_cpp/cmake)
[0.981s] -- Using all available rosidl_typesupport_c: rosidl_typesupport_fastrtps_c;rosidl_typesupport_introspection_c
[0.999s] -- Using all available rosidl_typesupport_cpp: rosidl_typesupport_fastrtps_cpp;rosidl_typesupport_introspection_cpp
[1.100s] -- Found rmw_implementation_cmake: 6.1.2 (/opt/ros/humble/share/rmw_implementation_cmake/cmake)
[1.104s] -- Found rmw_fastrtps_cpp: 6.2.8 (/opt/ros/humble/share/rmw_fastrtps_cpp/cmake)
[1.371s] -- Found OpenSSL: /usr/lib/x86_64-linux-gnu/libcrypto.so (found version "3.0.2")  
[1.437s] -- Found FastRTPS: /opt/ros/humble/include  
[1.536s] -- Using RMW implementation 'rmw_fastrtps_cpp' as default
[1.559s] -- Looking for pthread.h
[1.752s] -- Looking for pthread.h - found
[1.758s] -- Performing Test CMAKE_HAVE_LIBC_PTHREAD
[1.924s] -- Performing Test CMAKE_HAVE_LIBC_PTHREAD - Success
[1.925s] -- Found Threads: TRUE  
[2.284s] -- Checking for module 'eigen3'
[2.322s] --   Found eigen3, version 3.4.0
[2.408s] -- Found Eigen: /usr/include/eigen3 (Required is at least version "3.1") 
[2.408s] -- Eigen found (include: /usr/include/eigen3, version: 3.4.0)
[2.498s] -- Checking for module 'flann'
[2.541s] --   Found flann, version 1.9.1
[2.638s] -- Found FLANN: /usr/lib/x86_64-linux-gnu/libflann_cpp.so  
[2.638s] -- FLANN found (include: /usr/include, lib: /usr/lib/x86_64-linux-gnu/libflann_cpp.so)
[5.126s] -- Checking for module 'libusb-1.0'
[5.174s] --   Found libusb-1.0, version 1.0.25
[5.261s] -- Found libusb: /usr/lib/x86_64-linux-gnu/libusb-1.0.so  
[5.267s] -- OpenNI found (version: 1.5.4.0, include: /usr/include/ni, lib: /usr/lib/libOpenNI.so;libusb::libusb)
[5.413s] -- OpenNI2 found (version: 2.2.0.33, include: /usr/include/openni2, lib: /usr/lib/x86_64-linux-gnu/libOpenNI2.so;libusb::libusb)
[5.804s] -- Eigen found (include: /usr/include/eigen3, version: 3.4.0)
[5.817s] -- OpenNI found (version: 1.5.4.0, include: /usr/include/ni, lib: /usr/lib/libOpenNI.so;libusb::libusb)
[5.830s] -- OpenNI2 found (version: 2.2.0.33, include: /usr/include/openni2, lib: /usr/lib/x86_64-linux-gnu/libOpenNI2.so;libusb::libusb)
[6.125s] -- Found Qhull version 8.0.2
[6.434s] -- OpenNI found (version: 1.5.4.0, include: /usr/include/ni, lib: /usr/lib/libOpenNI.so;libusb::libusb)
[6.980s] -- Found PCL_COMMON: /usr/lib/x86_64-linux-gnu/libpcl_common.so  
[6.988s] -- Found PCL_KDTREE: /usr/lib/x86_64-linux-gnu/libpcl_kdtree.so  
[6.996s] -- Found PCL_OCTREE: /usr/lib/x86_64-linux-gnu/libpcl_octree.so  
[6.996s] -- Found PCL_SEARCH: /usr/lib/x86_64-linux-gnu/libpcl_search.so  
[6.999s] -- Found PCL_SAMPLE_CONSENSUS: /usr/lib/x86_64-linux-gnu/libpcl_sample_consensus.so  
[7.004s] -- Found PCL_FILTERS: /usr/lib/x86_64-linux-gnu/libpcl_filters.so  
[7.006s] -- Found PCL_2D: /usr/include/pcl-1.12  
[7.007s] -- Found PCL_GEOMETRY: /usr/include/pcl-1.12  
[7.014s] -- Found PCL_IO: /usr/lib/x86_64-linux-gnu/libpcl_io.so  
[7.015s] -- Found PCL_FEATURES: /usr/lib/x86_64-linux-gnu/libpcl_features.so  
[7.016s] -- Found PCL_ML: /usr/lib/x86_64-linux-gnu/libpcl_ml.so  
[7.023s] -- Found PCL_SEGMENTATION: /usr/lib/x86_64-linux-gnu/libpcl_segmentation.so  
[7.024s] -- Found PCL_VISUALIZATION: /usr/lib/x86_64-linux-gnu/libpcl_visualization.so  
[7.035s] -- Found PCL_SURFACE: /usr/lib/x86_64-linux-gnu/libpcl_surface.so  
[7.041s] -- Found PCL_REGISTRATION: /usr/lib/x86_64-linux-gnu/libpcl_registration.so  
[7.045s] -- Found PCL_KEYPOINTS: /usr/lib/x86_64-linux-gnu/libpcl_keypoints.so  
[7.047s] -- Found PCL_TRACKING: /usr/lib/x86_64-linux-gnu/libpcl_tracking.so  
[7.053s] -- Found PCL_RECOGNITION: /usr/lib/x86_64-linux-gnu/libpcl_recognition.so  
[7.062s] -- Found PCL_STEREO: /usr/lib/x86_64-linux-gnu/libpcl_stereo.so  
[7.064s] -- Found PCL_APPS: /usr/lib/x86_64-linux-gnu/libpcl_apps.so  
[7.073s] -- Found PCL_IN_HAND_SCANNER: /usr/include/pcl-1.12  
[7.073s] -- Found PCL_MODELER: /usr/include/pcl-1.12  
[7.077s] -- Found PCL_POINT_CLOUD_EDITOR: /usr/include/pcl-1.12  
[7.084s] -- Found PCL_OUTOFCORE: /usr/lib/x86_64-linux-gnu/libpcl_outofcore.so  
[7.090s] -- Found PCL_PEOPLE: /usr/lib/x86_64-linux-gnu/libpcl_people.so  
[7.198s] -- Found eigen3_cmake_module: 0.1.1 (/opt/ros/humble/share/eigen3_cmake_module/cmake)
[7.199s] -- Found Eigen3: TRUE (found version "3.4.0") 
[7.205s] -- Ensuring Eigen3 include directory is part of orocos-kdl CMake target
[7.593s] [0mIn this package, headers install destination is set to `include` by ament_auto_package. It is recommended to install `include/linefit_ground_segmentation` instead and will be the default behavior of ament_auto_package from ROS 2 Kilted Kaiju. On distributions before Kilted, ament_auto_package behaves the same way when you use USE_SCOPED_HEADER_INSTALL_DIR option.[0m
[7.610s] -- Configuring done
[7.818s] -- Generating done
[7.823s] [33mCMake Warning:
[7.823s]   Manually-specified variables were not used by the project:
[7.823s] 
[7.823s]     HUMBLE_ROS
[7.823s]     ROS_EDITION
[7.823s] 
[7.824s] [0m
[7.851s] -- Build files have been written to: /home/nhs/engineer/build/linefit_ground_segmentation
[7.934s] Invoked command in '/home/nhs/engineer/build/linefit_ground_segmentation' returned '0': CMAKE_PREFIX_PATH=${CMAKE_PREFIX_PATH}:/home/nhs/engineer/install/bubble_protocol:/opt/ros/humble /usr/bin/cmake /home/nhs/engineer/src/rm_perception/linefit_ground_segementation_ros2/linefit_ground_segmentation -DROS_EDITION=ROS2 -DHUMBLE_ROS=humble -DCMAKE_INSTALL_PREFIX=/home/nhs/engineer/install/linefit_ground_segmentation
[7.934s] Invoking command in '/home/nhs/engineer/build/linefit_ground_segmentation': CMAKE_PREFIX_PATH=${CMAKE_PREFIX_PATH}:/home/nhs/engineer/install/bubble_protocol:/opt/ros/humble /usr/bin/cmake --build /home/nhs/engineer/build/linefit_ground_segmentation -- -j8 -l8
[8.115s] [ 20%] [32mBuilding CXX object CMakeFiles/linefit_ground_segmentation.dir/src/ground_segmentation.cc.o[0m
[8.116s] [ 40%] [32mBuilding CXX object CMakeFiles/linefit_ground_segmentation.dir/src/segment.cc.o[0m
[8.121s] [ 60%] [32mBuilding CXX object CMakeFiles/linefit_ground_segmentation.dir/src/bin.cc.o[0m
[8.122s] [ 80%] [32mBuilding CXX object CMakeFiles/linefit_ground_segmentation.dir/src/viewer.cc.o[0m
[23.236s] [32m[1mLinking CXX shared library liblinefit_ground_segmentation.so[0m
[23.715s] Built target linefit_ground_segmentation
