[0.208s] Invoking command in '/home/nhs/engineer/build/navi': CMAKE_PREFIX_PATH=${CMAKE_PREFIX_PATH}:/home/nhs/engineer/install/bubble_protocol:/opt/ros/humble /usr/bin/cmake /home/nhs/engineer/src/rm_navigation/navi -DROS_EDITION=ROS2 -DHUMBLE_ROS=humble -DCMAKE_INSTALL_PREFIX=/home/nhs/engineer/install/navi
[0.267s] -- The C compiler identification is GNU 11.4.0
[0.346s] -- The CXX compiler identification is GNU 11.4.0
[0.354s] -- Detecting C compiler ABI info
[0.452s] -- Detecting C compiler ABI info - done
[0.461s] -- Check for working C compiler: /usr/bin/cc - skipped
[0.462s] -- Detecting C compile features
[0.463s] -- Detecting C compile features - done
[0.465s] -- Detecting CXX compiler ABI info
[0.595s] -- Detecting CXX compiler ABI info - done
[0.602s] -- Check for working CXX compiler: /usr/bin/c++ - skipped
[0.602s] -- Detecting CXX compile features
[0.603s] -- Detecting CXX compile features - done
[0.606s] -- Found ament_cmake_auto: 1.3.12 (/opt/ros/humble/share/ament_cmake_auto/cmake)
[0.793s] -- Found Python3: /usr/bin/python3 (found version "3.10.12") found components: Interpreter 
[1.034s] -- Configuring done
[1.042s] -- Generating done
[1.045s] [33mCMake Warning:
[1.045s]   Manually-specified variables were not used by the project:
[1.045s] 
[1.045s]     HUMBLE_ROS
[1.045s]     ROS_EDITION
[1.045s] 
[1.045s] [0m
[1.052s] -- Build files have been written to: /home/nhs/engineer/build/navi
[1.091s] Invoked command in '/home/nhs/engineer/build/navi' returned '0': CMAKE_PREFIX_PATH=${CMAKE_PREFIX_PATH}:/home/nhs/engineer/install/bubble_protocol:/opt/ros/humble /usr/bin/cmake /home/nhs/engineer/src/rm_navigation/navi -DROS_EDITION=ROS2 -DHUMBLE_ROS=humble -DCMAKE_INSTALL_PREFIX=/home/nhs/engineer/install/navi
[1.092s] Invoking command in '/home/nhs/engineer/build/navi': CMAKE_PREFIX_PATH=${CMAKE_PREFIX_PATH}:/home/nhs/engineer/install/bubble_protocol:/opt/ros/humble /usr/bin/cmake --build /home/nhs/engineer/build/navi -- -j8 -l8
[1.244s] Invoked command in '/home/nhs/engineer/build/navi' returned '0': CMAKE_PREFIX_PATH=${CMAKE_PREFIX_PATH}:/home/nhs/engineer/install/bubble_protocol:/opt/ros/humble /usr/bin/cmake --build /home/nhs/engineer/build/navi -- -j8 -l8
[1.292s] Invoking command in '/home/nhs/engineer/build/navi': CMAKE_PREFIX_PATH=${CMAKE_PREFIX_PATH}:/home/nhs/engineer/install/bubble_protocol:/opt/ros/humble /usr/bin/cmake --install /home/nhs/engineer/build/navi
[3.078s] -- Install configuration: ""
[3.078s] -- Installing: /home/nhs/engineer/install/navi/share/navi/params
[3.078s] -- Installing: /home/nhs/engineer/install/navi/share/navi/params/nav2_params.yaml
[3.078s] -- Installing: /home/nhs/engineer/install/navi/share/navi/params/mapper_params_online_async.yaml
[3.078s] -- Installing: /home/nhs/engineer/install/navi/share/navi/launch
[3.078s] -- Installing: /home/nhs/engineer/install/navi/share/navi/launch/rviz_launch.py
[3.078s] -- Installing: /home/nhs/engineer/install/navi/share/navi/launch/bringup_launch.py
[3.078s] -- Installing: /home/nhs/engineer/install/navi/share/navi/launch/navigation_launch.py
[3.078s] -- Installing: /home/nhs/engineer/install/navi/share/navi/launch/localization_launch.py
[3.078s] -- Installing: /home/nhs/engineer/install/navi/share/navi/launch/slam_launch.py
[3.078s] -- Installing: /home/nhs/engineer/install/navi/share/navi/launch/online_async_launch.py
[3.078s] -- Installing: /home/nhs/engineer/install/navi/share/navi/maps
[3.078s] -- Installing: /home/nhs/engineer/install/navi/share/navi/maps/test.pgm
[3.078s] -- Installing: /home/nhs/engineer/install/navi/share/navi/maps/test.yaml
[3.079s] -- Installing: /home/nhs/engineer/install/navi/share/navi/rviz
[3.079s] -- Installing: /home/nhs/engineer/install/navi/share/navi/rviz/nav2_default_view.rviz
[3.079s] -- Installing: /home/nhs/engineer/install/navi/share/ament_index/resource_index/package_run_dependencies/navi
[3.079s] -- Installing: /home/nhs/engineer/install/navi/share/ament_index/resource_index/parent_prefix_path/navi
[3.079s] -- Installing: /home/nhs/engineer/install/navi/share/navi/environment/ament_prefix_path.sh
[3.079s] -- Installing: /home/nhs/engineer/install/navi/share/navi/environment/ament_prefix_path.dsv
[3.079s] -- Installing: /home/nhs/engineer/install/navi/share/navi/environment/path.sh
[3.079s] -- Installing: /home/nhs/engineer/install/navi/share/navi/environment/path.dsv
[3.079s] -- Installing: /home/nhs/engineer/install/navi/share/navi/local_setup.bash
[3.079s] -- Installing: /home/nhs/engineer/install/navi/share/navi/local_setup.sh
[3.079s] -- Installing: /home/nhs/engineer/install/navi/share/navi/local_setup.zsh
[3.079s] -- Installing: /home/nhs/engineer/install/navi/share/navi/local_setup.dsv
[3.079s] -- Installing: /home/nhs/engineer/install/navi/share/navi/package.dsv
[3.079s] -- Installing: /home/nhs/engineer/install/navi/share/ament_index/resource_index/packages/navi
[3.079s] -- Installing: /home/nhs/engineer/install/navi/share/navi/cmake/naviConfig.cmake
[3.079s] -- Installing: /home/nhs/engineer/install/navi/share/navi/cmake/naviConfig-version.cmake
[3.079s] -- Installing: /home/nhs/engineer/install/navi/share/navi/package.xml
[3.132s] Invoked command in '/home/nhs/engineer/build/navi' returned '0': CMAKE_PREFIX_PATH=${CMAKE_PREFIX_PATH}:/home/nhs/engineer/install/bubble_protocol:/opt/ros/humble /usr/bin/cmake --install /home/nhs/engineer/build/navi
