-- The C compiler identification is GNU 11.4.0
-- The CXX compiler identification is GNU 11.4.0
-- Detecting C compiler ABI info
-- Detecting C compiler ABI info - done
-- Check for working C compiler: /usr/bin/cc - skipped
-- Detecting C compile features
-- Detecting C compile features - done
-- Detecting CXX compiler ABI info
-- Detecting CXX compiler ABI info - done
-- Check for working CXX compiler: /usr/bin/c++ - skipped
-- Detecting CXX compile features
-- Detecting CXX compile features - done
-- Found ament_cmake: 1.3.11 (/opt/ros/humble/share/ament_cmake/cmake)
-- Found Python3: /usr/bin/python3 (found version "3.10.12") found components: Interpreter 
-- Found ament_lint_auto: 0.12.12 (/opt/ros/humble/share/ament_lint_auto/cmake)
-- Added test 'flake8' to check Python code syntax and style conventions
-- Added test 'lint_cmake' to check CMake code style
-- Added test 'pep257' to check Python code against some of the docstring style conventions in PEP 257
-- Added test 'xmllint' to check XML markup files
-- Configuring done
-- Generating done
[33mCMake Warning:
  Manually-specified variables were not used by the project:

    HUMBLE_ROS
    ROS_EDITION

[0m
-- Build files have been written to: /home/zrk/engineer_up/engineer/build/rm_description
-- Install configuration: ""
-- Installing: /home/zrk/engineer_up/engineer/install/rm_description/share/rm_description/launch
-- Installing: /home/zrk/engineer_up/engineer/install/rm_description/share/rm_description/launch/model.launch.py
-- Installing: /home/zrk/engineer_up/engineer/install/rm_description/share/rm_description/launch/view_model.launch.py
-- Installing: /home/zrk/engineer_up/engineer/install/rm_description/share/rm_description/launch/view_model.rviz
-- Installing: /home/zrk/engineer_up/engineer/install/rm_description/share/rm_description/urdf
-- Installing: /home/zrk/engineer_up/engineer/install/rm_description/share/rm_description/urdf/engineer.urdf.xacro
-- Installing: /home/zrk/engineer_up/engineer/install/rm_description/share/ament_index/resource_index/package_run_dependencies/rm_description
-- Installing: /home/zrk/engineer_up/engineer/install/rm_description/share/ament_index/resource_index/parent_prefix_path/rm_description
-- Installing: /home/zrk/engineer_up/engineer/install/rm_description/share/rm_description/environment/ament_prefix_path.sh
-- Installing: /home/zrk/engineer_up/engineer/install/rm_description/share/rm_description/environment/ament_prefix_path.dsv
-- Installing: /home/zrk/engineer_up/engineer/install/rm_description/share/rm_description/environment/path.sh
-- Installing: /home/zrk/engineer_up/engineer/install/rm_description/share/rm_description/environment/path.dsv
-- Installing: /home/zrk/engineer_up/engineer/install/rm_description/share/rm_description/local_setup.bash
-- Installing: /home/zrk/engineer_up/engineer/install/rm_description/share/rm_description/local_setup.sh
-- Installing: /home/zrk/engineer_up/engineer/install/rm_description/share/rm_description/local_setup.zsh
-- Installing: /home/zrk/engineer_up/engineer/install/rm_description/share/rm_description/local_setup.dsv
-- Installing: /home/zrk/engineer_up/engineer/install/rm_description/share/rm_description/package.dsv
-- Installing: /home/zrk/engineer_up/engineer/install/rm_description/share/ament_index/resource_index/packages/rm_description
-- Installing: /home/zrk/engineer_up/engineer/install/rm_description/share/rm_description/cmake/rm_descriptionConfig.cmake
-- Installing: /home/zrk/engineer_up/engineer/install/rm_description/share/rm_description/cmake/rm_descriptionConfig-version.cmake
-- Installing: /home/zrk/engineer_up/engineer/install/rm_description/share/rm_description/package.xml
