[0.199s] Invoking command in '/home/zrk/engineer_up/engineer/build/rm_description': CMAKE_PREFIX_PATH=/opt/ros/humble /usr/bin/cmake /home/zrk/engineer_up/engineer/src/rm_description -DROS_EDITION=ROS2 -DHUMBLE_ROS=humble -DCMAKE_INSTALL_PREFIX=/home/zrk/engineer_up/engineer/install/rm_description
[0.245s] -- The C compiler identification is GNU 11.4.0
[0.292s] -- The CXX compiler identification is GNU 11.4.0
[0.299s] -- Detecting C compiler ABI info
[0.365s] -- Detecting C compiler ABI info - done
[0.370s] -- Check for working C compiler: /usr/bin/cc - skipped
[0.370s] -- Detecting C compile features
[0.371s] -- Detecting C compile features - done
[0.373s] -- Detecting CXX compiler ABI info
[0.442s] -- Detecting CXX compiler ABI info - done
[0.447s] -- Check for working CXX compiler: /usr/bin/c++ - skipped
[0.447s] -- Detecting CXX compile features
[0.447s] -- Detecting CXX compile features - done
[0.450s] -- Found ament_cmake: 1.3.11 (/opt/ros/humble/share/ament_cmake/cmake)
[0.622s] -- Found Python3: /usr/bin/python3 (found version "3.10.12") found components: Interpreter 
[0.916s] -- Found ament_lint_auto: 0.12.12 (/opt/ros/humble/share/ament_lint_auto/cmake)
[1.168s] -- Added test 'flake8' to check Python code syntax and style conventions
[1.175s] -- Added test 'lint_cmake' to check CMake code style
[1.176s] -- Added test 'pep257' to check Python code against some of the docstring style conventions in PEP 257
[1.180s] -- Added test 'xmllint' to check XML markup files
[1.181s] -- Configuring done
[1.188s] -- Generating done
[1.194s] [33mCMake Warning:
[1.195s]   Manually-specified variables were not used by the project:
[1.195s] 
[1.195s]     HUMBLE_ROS
[1.195s]     ROS_EDITION
[1.195s] 
[1.195s] [0m
[1.195s] -- Build files have been written to: /home/zrk/engineer_up/engineer/build/rm_description
[1.222s] Invoked command in '/home/zrk/engineer_up/engineer/build/rm_description' returned '0': CMAKE_PREFIX_PATH=/opt/ros/humble /usr/bin/cmake /home/zrk/engineer_up/engineer/src/rm_description -DROS_EDITION=ROS2 -DHUMBLE_ROS=humble -DCMAKE_INSTALL_PREFIX=/home/zrk/engineer_up/engineer/install/rm_description
[1.223s] Invoking command in '/home/zrk/engineer_up/engineer/build/rm_description': CMAKE_PREFIX_PATH=/opt/ros/humble /usr/bin/cmake --build /home/zrk/engineer_up/engineer/build/rm_description -- -j16 -l16
[1.343s] Invoked command in '/home/zrk/engineer_up/engineer/build/rm_description' returned '0': CMAKE_PREFIX_PATH=/opt/ros/humble /usr/bin/cmake --build /home/zrk/engineer_up/engineer/build/rm_description -- -j16 -l16
[1.347s] Invoking command in '/home/zrk/engineer_up/engineer/build/rm_description': CMAKE_PREFIX_PATH=/opt/ros/humble /usr/bin/cmake --install /home/zrk/engineer_up/engineer/build/rm_description
[1.368s] -- Install configuration: ""
[1.368s] -- Installing: /home/zrk/engineer_up/engineer/install/rm_description/share/rm_description/launch
[1.368s] -- Installing: /home/zrk/engineer_up/engineer/install/rm_description/share/rm_description/launch/model.launch.py
[1.368s] -- Installing: /home/zrk/engineer_up/engineer/install/rm_description/share/rm_description/launch/view_model.launch.py
[1.368s] -- Installing: /home/zrk/engineer_up/engineer/install/rm_description/share/rm_description/launch/view_model.rviz
[1.368s] -- Installing: /home/zrk/engineer_up/engineer/install/rm_description/share/rm_description/urdf
[1.368s] -- Installing: /home/zrk/engineer_up/engineer/install/rm_description/share/rm_description/urdf/engineer.urdf.xacro
[1.368s] -- Installing: /home/zrk/engineer_up/engineer/install/rm_description/share/ament_index/resource_index/package_run_dependencies/rm_description
[1.369s] -- Installing: /home/zrk/engineer_up/engineer/install/rm_description/share/ament_index/resource_index/parent_prefix_path/rm_description
[1.369s] -- Installing: /home/zrk/engineer_up/engineer/install/rm_description/share/rm_description/environment/ament_prefix_path.sh
[1.369s] -- Installing: /home/zrk/engineer_up/engineer/install/rm_description/share/rm_description/environment/ament_prefix_path.dsv
[1.369s] -- Installing: /home/zrk/engineer_up/engineer/install/rm_description/share/rm_description/environment/path.sh
[1.369s] -- Installing: /home/zrk/engineer_up/engineer/install/rm_description/share/rm_description/environment/path.dsv
[1.369s] -- Installing: /home/zrk/engineer_up/engineer/install/rm_description/share/rm_description/local_setup.bash
[1.369s] -- Installing: /home/zrk/engineer_up/engineer/install/rm_description/share/rm_description/local_setup.sh
[1.373s] -- Installing: /home/zrk/engineer_up/engineer/install/rm_description/share/rm_description/local_setup.zsh
[1.373s] -- Installing: /home/zrk/engineer_up/engineer/install/rm_description/share/rm_description/local_setup.dsv
[1.373s] -- Installing: /home/zrk/engineer_up/engineer/install/rm_description/share/rm_description/package.dsv
[1.374s] -- Installing: /home/zrk/engineer_up/engineer/install/rm_description/share/ament_index/resource_index/packages/rm_description
[1.374s] -- Installing: /home/zrk/engineer_up/engineer/install/rm_description/share/rm_description/cmake/rm_descriptionConfig.cmake
[1.374s] -- Installing: /home/zrk/engineer_up/engineer/install/rm_description/share/rm_description/cmake/rm_descriptionConfig-version.cmake
[1.374s] -- Installing: /home/zrk/engineer_up/engineer/install/rm_description/share/rm_description/package.xml
[1.378s] Invoked command in '/home/zrk/engineer_up/engineer/build/rm_description' returned '0': CMAKE_PREFIX_PATH=/opt/ros/humble /usr/bin/cmake --install /home/zrk/engineer_up/engineer/build/rm_description
