[0.203s] Invoking command in '/home/nhs/engineer/build/pcd2pgm': CMAKE_PREFIX_PATH=${CMAKE_PREFIX_PATH}:/home/nhs/engineer/install/bubble_protocol:/opt/ros/humble /usr/bin/cmake --build /home/nhs/engineer/build/pcd2pgm -- -j8 -l8
[0.290s] [100%] Built target pcd2pgm
[0.346s] Invoked command in '/home/nhs/engineer/build/pcd2pgm' returned '0': CMAKE_PREFIX_PATH=${CMAKE_PREFIX_PATH}:/home/nhs/engineer/install/bubble_protocol:/opt/ros/humble /usr/bin/cmake --build /home/nhs/engineer/build/pcd2pgm -- -j8 -l8
[0.348s] Invoking command in '/home/nhs/engineer/build/pcd2pgm': CMAKE_PREFIX_PATH=${CMAKE_PREFIX_PATH}:/home/nhs/engineer/install/bubble_protocol:/opt/ros/humble /usr/bin/cmake --install /home/nhs/engineer/build/pcd2pgm
[0.356s] -- Install configuration: ""
[0.356s] -- Up-to-date: /home/nhs/engineer/install/pcd2pgm/lib/pcd2pgm/pcd2pgm
[0.356s] -- Up-to-date: /home/nhs/engineer/install/pcd2pgm/share/pcd2pgm/launch
[0.356s] -- Up-to-date: /home/nhs/engineer/install/pcd2pgm/share/pcd2pgm/launch/pcd2pgm.launch.py
[0.356s] -- Up-to-date: /home/nhs/engineer/install/pcd2pgm/share/pcd2pgm/config
[0.357s] -- Up-to-date: /home/nhs/engineer/install/pcd2pgm/share/pcd2pgm/config/pcd2pgm.yaml
[0.359s] -- Up-to-date: /home/nhs/engineer/install/pcd2pgm/share/pcd2pgm/map
[0.360s] -- Up-to-date: /home/nhs/engineer/install/pcd2pgm/share/pcd2pgm/map/test.pgm
[0.360s] -- Up-to-date: /home/nhs/engineer/install/pcd2pgm/share/pcd2pgm/map/test.yaml
[0.360s] -- Up-to-date: /home/nhs/engineer/install/pcd2pgm/share/ament_index/resource_index/package_run_dependencies/pcd2pgm
[0.360s] -- Up-to-date: /home/nhs/engineer/install/pcd2pgm/share/ament_index/resource_index/parent_prefix_path/pcd2pgm
[0.360s] -- Up-to-date: /home/nhs/engineer/install/pcd2pgm/share/pcd2pgm/environment/ament_prefix_path.sh
[0.361s] -- Up-to-date: /home/nhs/engineer/install/pcd2pgm/share/pcd2pgm/environment/ament_prefix_path.dsv
[0.361s] -- Up-to-date: /home/nhs/engineer/install/pcd2pgm/share/pcd2pgm/environment/path.sh
[0.361s] -- Up-to-date: /home/nhs/engineer/install/pcd2pgm/share/pcd2pgm/environment/path.dsv
[0.361s] -- Up-to-date: /home/nhs/engineer/install/pcd2pgm/share/pcd2pgm/local_setup.bash
[0.361s] -- Up-to-date: /home/nhs/engineer/install/pcd2pgm/share/pcd2pgm/local_setup.sh
[0.362s] -- Up-to-date: /home/nhs/engineer/install/pcd2pgm/share/pcd2pgm/local_setup.zsh
[0.362s] -- Up-to-date: /home/nhs/engineer/install/pcd2pgm/share/pcd2pgm/local_setup.dsv
[0.363s] -- Installing: /home/nhs/engineer/install/pcd2pgm/share/pcd2pgm/package.dsv
[0.363s] -- Up-to-date: /home/nhs/engineer/install/pcd2pgm/share/ament_index/resource_index/packages/pcd2pgm
[0.363s] -- Up-to-date: /home/nhs/engineer/install/pcd2pgm/share/pcd2pgm/cmake/pcd2pgmConfig.cmake
[0.363s] -- Up-to-date: /home/nhs/engineer/install/pcd2pgm/share/pcd2pgm/cmake/pcd2pgmConfig-version.cmake
[0.363s] -- Up-to-date: /home/nhs/engineer/install/pcd2pgm/share/pcd2pgm/package.xml
[0.373s] Invoked command in '/home/nhs/engineer/build/pcd2pgm' returned '0': CMAKE_PREFIX_PATH=${CMAKE_PREFIX_PATH}:/home/nhs/engineer/install/bubble_protocol:/opt/ros/humble /usr/bin/cmake --install /home/nhs/engineer/build/pcd2pgm
