[0.204s] Invoking command in '/home/nhs/engineer/build/pcd2pgm': CMAKE_PREFIX_PATH=${CMAKE_PREFIX_PATH}:/home/nhs/engineer/install/bubble_protocol:/opt/ros/humble /usr/bin/cmake /home/nhs/engineer/src/rm_localization/pcd2pgm -DROS_EDITION=ROS2 -DHUMBLE_ROS=humble -DCMAKE_INSTALL_PREFIX=/home/nhs/engineer/install/pcd2pgm
[0.267s] -- The C compiler identification is GNU 11.4.0
[0.342s] -- The CXX compiler identification is GNU 11.4.0
[0.348s] -- Detecting C compiler ABI info
[0.424s] -- Detecting C compiler ABI info - done
[0.438s] -- Check for working C compiler: /usr/bin/cc - skipped
[0.438s] -- Detecting C compile features
[0.438s] -- Detecting C compile features - done
[0.449s] -- Detecting CXX compiler ABI info
[0.576s] -- Detecting CXX compiler ABI info - done
[0.585s] -- Check for working CXX compiler: /usr/bin/c++ - skipped
[0.585s] -- Detecting CXX compile features
[0.586s] -- Detecting CXX compile features - done
[0.588s] -- Found ament_cmake: 1.3.12 (/opt/ros/humble/share/ament_cmake/cmake)
[0.870s] -- Found Python3: /usr/bin/python3 (found version "3.10.12") found components: Interpreter 
[1.150s] -- Found rclcpp: 16.0.15 (/opt/ros/humble/share/rclcpp/cmake)
[1.255s] -- Found rosidl_generator_c: 3.1.7 (/opt/ros/humble/share/rosidl_generator_c/cmake)
[1.266s] -- Found rosidl_adapter: 3.1.7 (/opt/ros/humble/share/rosidl_adapter/cmake)
[1.285s] -- Found rosidl_generator_cpp: 3.1.7 (/opt/ros/humble/share/rosidl_generator_cpp/cmake)
[1.324s] -- Using all available rosidl_typesupport_c: rosidl_typesupport_fastrtps_c;rosidl_typesupport_introspection_c
[1.382s] -- Using all available rosidl_typesupport_cpp: rosidl_typesupport_fastrtps_cpp;rosidl_typesupport_introspection_cpp
[1.489s] -- Found rmw_implementation_cmake: 6.1.2 (/opt/ros/humble/share/rmw_implementation_cmake/cmake)
[1.498s] -- Found rmw_fastrtps_cpp: 6.2.8 (/opt/ros/humble/share/rmw_fastrtps_cpp/cmake)
[1.741s] -- Found OpenSSL: /usr/lib/x86_64-linux-gnu/libcrypto.so (found version "3.0.2")  
[1.820s] -- Found FastRTPS: /opt/ros/humble/include  
[1.949s] -- Using RMW implementation 'rmw_fastrtps_cpp' as default
[1.970s] -- Looking for pthread.h
[2.070s] -- Looking for pthread.h - found
[2.070s] -- Performing Test CMAKE_HAVE_LIBC_PTHREAD
[2.206s] -- Performing Test CMAKE_HAVE_LIBC_PTHREAD - Success
[2.206s] -- Found Threads: TRUE  
[2.357s] -- Checking for module 'eigen3'
[2.384s] --   Found eigen3, version 3.4.0
[2.472s] -- Found Eigen: /usr/include/eigen3 (Required is at least version "3.1") 
[2.472s] -- Eigen found (include: /usr/include/eigen3, version: 3.4.0)
[2.510s] -- Found Boost: /usr/lib/x86_64-linux-gnu/cmake/Boost-1.74.0/BoostConfig.cmake (found suitable version "1.74.0", minimum required is "1.65.0") found components: system filesystem date_time iostreams serialization 
[2.542s] -- Checking for module 'flann'
[2.569s] --   Found flann, version 1.9.1
[2.678s] -- Found FLANN: /usr/lib/x86_64-linux-gnu/libflann_cpp.so  
[2.678s] -- FLANN found (include: /usr/include, lib: /usr/lib/x86_64-linux-gnu/libflann_cpp.so)
[2.770s] -- Found GLEW: /usr/lib/x86_64-linux-gnu/libGLEW.so  
[2.785s] -- Found OpenGL: /usr/lib/x86_64-linux-gnu/libOpenGL.so  found components: OpenGL GLX 
[3.189s] -- Found MPI_C: /usr/lib/x86_64-linux-gnu/libmpi.so (found version "3.1") 
[3.190s] -- Found MPI: TRUE (found version "3.1") found components: C 
[3.197s] -- Found JsonCpp: /usr/lib/x86_64-linux-gnu/libjsoncpp.so (found suitable version "1.9.5", minimum required is "0.7.0") 
[3.217s] -- Found ZLIB: /usr/lib/x86_64-linux-gnu/libz.so (found version "1.2.11") 
[3.268s] -- Found PNG: /usr/lib/x86_64-linux-gnu/libpng.so (found version "1.6.37") 
[3.294s] -- Found Eigen3: /usr/include/eigen3 (found version "3.4.0") 
[3.557s] -- Found X11: /usr/include   
[3.560s] -- Looking for XOpenDisplay in /usr/lib/x86_64-linux-gnu/libX11.so;/usr/lib/x86_64-linux-gnu/libXext.so
[3.764s] -- Looking for XOpenDisplay in /usr/lib/x86_64-linux-gnu/libX11.so;/usr/lib/x86_64-linux-gnu/libXext.so - found
[3.769s] -- Looking for gethostbyname
[3.941s] -- Looking for gethostbyname - found
[3.942s] -- Looking for connect
[4.145s] -- Looking for connect - found
[4.147s] -- Looking for remove
[4.352s] -- Looking for remove - found
[4.353s] -- Looking for shmat
[4.529s] -- Looking for shmat - found
[4.530s] -- Looking for IceConnectionNumber in ICE
[4.752s] -- Looking for IceConnectionNumber in ICE - found
[4.994s] -- Found EXPAT: /usr/lib/x86_64-linux-gnu/libexpat.so (found version "2.4.7") 
[4.999s] -- Found double-conversion: /usr/lib/x86_64-linux-gnu/libdouble-conversion.so  
[5.009s] -- Found LZ4: /usr/lib/x86_64-linux-gnu/liblz4.so (found version "1.9.3") 
[5.018s] -- Found LZMA: /usr/lib/x86_64-linux-gnu/liblzma.so (found version "5.2.5") 
[5.063s] -- Found JPEG: /usr/lib/x86_64-linux-gnu/libjpeg.so (found version "80") 
[5.092s] -- Found TIFF: /usr/lib/x86_64-linux-gnu/libtiff.so (found version "4.3.0")  
[5.109s] -- Found Freetype: /usr/lib/x86_64-linux-gnu/libfreetype.so (found version "2.11.1") 
[5.121s] -- Found utf8cpp: /usr/include/utf8cpp  
[5.334s] -- Checking for module 'libusb-1.0'
[5.370s] --   Found libusb-1.0, version 1.0.25
[5.459s] -- Found libusb: /usr/lib/x86_64-linux-gnu/libusb-1.0.so  
[5.460s] -- Found OpenNI: /usr/lib/libOpenNI.so;libusb::libusb (found version "1.5.4.0") 
[5.461s] -- OpenNI found (version: 1.5.4.0, include: /usr/include/ni, lib: /usr/lib/libOpenNI.so;libusb::libusb)
[5.613s] -- Found OpenNI2: /usr/lib/x86_64-linux-gnu/libOpenNI2.so;libusb::libusb (found version "2.2.0.33") 
[5.613s] -- OpenNI2 found (version: 2.2.0.33, include: /usr/include/openni2, lib: /usr/lib/x86_64-linux-gnu/libOpenNI2.so;libusb::libusb)
[5.614s] [0m** WARNING ** io features related to pcap will be disabled[0m
[6.063s] -- Eigen found (include: /usr/include/eigen3, version: 3.4.0)
[6.078s] -- OpenNI found (version: 1.5.4.0, include: /usr/include/ni, lib: /usr/lib/libOpenNI.so;libusb::libusb)
[6.097s] -- OpenNI2 found (version: 2.2.0.33, include: /usr/include/openni2, lib: /usr/lib/x86_64-linux-gnu/libOpenNI2.so;libusb::libusb)
[6.664s] -- Found Qhull version 8.0.2
[7.174s] -- OpenNI found (version: 1.5.4.0, include: /usr/include/ni, lib: /usr/lib/libOpenNI.so;libusb::libusb)
[7.603s] -- looking for PCL_COMMON
[7.607s] -- Found PCL_COMMON: /usr/lib/x86_64-linux-gnu/libpcl_common.so  
[7.607s] -- looking for PCL_KDTREE
[7.609s] -- Found PCL_KDTREE: /usr/lib/x86_64-linux-gnu/libpcl_kdtree.so  
[7.609s] -- looking for PCL_OCTREE
[7.611s] -- Found PCL_OCTREE: /usr/lib/x86_64-linux-gnu/libpcl_octree.so  
[7.611s] -- looking for PCL_SEARCH
[7.612s] -- Found PCL_SEARCH: /usr/lib/x86_64-linux-gnu/libpcl_search.so  
[7.613s] -- looking for PCL_SAMPLE_CONSENSUS
[7.614s] -- Found PCL_SAMPLE_CONSENSUS: /usr/lib/x86_64-linux-gnu/libpcl_sample_consensus.so  
[7.614s] -- looking for PCL_FILTERS
[7.615s] -- Found PCL_FILTERS: /usr/lib/x86_64-linux-gnu/libpcl_filters.so  
[7.615s] -- looking for PCL_2D
[7.616s] -- Found PCL_2D: /usr/include/pcl-1.12  
[7.616s] -- looking for PCL_GEOMETRY
[7.617s] -- Found PCL_GEOMETRY: /usr/include/pcl-1.12  
[7.617s] -- looking for PCL_IO
[7.618s] -- Found PCL_IO: /usr/lib/x86_64-linux-gnu/libpcl_io.so  
[7.618s] -- looking for PCL_FEATURES
[7.620s] -- Found PCL_FEATURES: /usr/lib/x86_64-linux-gnu/libpcl_features.so  
[7.620s] -- looking for PCL_ML
[7.621s] -- Found PCL_ML: /usr/lib/x86_64-linux-gnu/libpcl_ml.so  
[7.622s] -- looking for PCL_SEGMENTATION
[7.623s] -- Found PCL_SEGMENTATION: /usr/lib/x86_64-linux-gnu/libpcl_segmentation.so  
[7.624s] -- looking for PCL_VISUALIZATION
[7.625s] -- Found PCL_VISUALIZATION: /usr/lib/x86_64-linux-gnu/libpcl_visualization.so  
[7.625s] -- looking for PCL_SURFACE
[7.626s] -- Found PCL_SURFACE: /usr/lib/x86_64-linux-gnu/libpcl_surface.so  
[7.627s] -- looking for PCL_REGISTRATION
[7.628s] -- Found PCL_REGISTRATION: /usr/lib/x86_64-linux-gnu/libpcl_registration.so  
[7.629s] -- looking for PCL_KEYPOINTS
[7.639s] -- Found PCL_KEYPOINTS: /usr/lib/x86_64-linux-gnu/libpcl_keypoints.so  
[7.639s] -- looking for PCL_TRACKING
[7.639s] -- Found PCL_TRACKING: /usr/lib/x86_64-linux-gnu/libpcl_tracking.so  
[7.640s] -- looking for PCL_RECOGNITION
[7.640s] -- Found PCL_RECOGNITION: /usr/lib/x86_64-linux-gnu/libpcl_recognition.so  
[7.640s] -- looking for PCL_STEREO
[7.640s] -- Found PCL_STEREO: /usr/lib/x86_64-linux-gnu/libpcl_stereo.so  
[7.640s] -- looking for PCL_APPS
[7.640s] -- Found PCL_APPS: /usr/lib/x86_64-linux-gnu/libpcl_apps.so  
[7.647s] -- looking for PCL_IN_HAND_SCANNER
[7.647s] -- Found PCL_IN_HAND_SCANNER: /usr/include/pcl-1.12  
[7.650s] -- looking for PCL_MODELER
[7.650s] -- Found PCL_MODELER: /usr/include/pcl-1.12  
[7.651s] -- looking for PCL_POINT_CLOUD_EDITOR
[7.651s] -- Found PCL_POINT_CLOUD_EDITOR: /usr/include/pcl-1.12  
[7.651s] -- looking for PCL_OUTOFCORE
[7.658s] -- Found PCL_OUTOFCORE: /usr/lib/x86_64-linux-gnu/libpcl_outofcore.so  
[7.658s] -- looking for PCL_PEOPLE
[7.658s] -- Found PCL_PEOPLE: /usr/lib/x86_64-linux-gnu/libpcl_people.so  
[7.661s] -- Found PCL: pcl_common;pcl_kdtree;pcl_octree;pcl_search;pcl_sample_consensus;pcl_filters;pcl_io;pcl_features;pcl_ml;pcl_segmentation;pcl_visualization;pcl_surface;pcl_registration;pcl_keypoints;pcl_tracking;pcl_recognition;pcl_stereo;pcl_apps;pcl_outofcore;pcl_people;Boost::system;Boost::filesystem;Boost::date_time;Boost::iostreams;Boost::serialization;/usr/lib/libOpenNI.so;libusb::libusb;/usr/lib/x86_64-linux-gnu/libOpenNI2.so;libusb::libusb;VTK::ChartsCore;VTK::CommonColor;VTK::CommonComputationalGeometry;VTK::CommonCore;VTK::CommonDataModel;VTK::CommonExecutionModel;VTK::CommonMath;VTK::CommonMisc;VTK::CommonTransforms;VTK::FiltersCore;VTK::FiltersExtraction;VTK::FiltersGeneral;VTK::FiltersGeometry;VTK::FiltersModeling;VTK::FiltersSources;VTK::ImagingCore;VTK::ImagingSources;VTK::InteractionImage;VTK::InteractionStyle;VTK::InteractionWidgets;VTK::IOCore;VTK::IOGeometry;VTK::IOImage;VTK::IOLegacy;VTK::IOPLY;VTK::RenderingAnnotation;VTK::RenderingCore;VTK::RenderingContext2D;VTK::RenderingLOD;VTK::RenderingFreeType;VTK::ViewsCore;VTK::ViewsContext2D;VTK::RenderingOpenGL2;VTK::GUISupportQt;FLANN::FLANN;QHULL::QHULL  
[7.690s] -- Found OpenCV: /usr (found version "4.5.4") 
[7.902s] -- Configuring done
[7.999s] -- Generating done
[8.005s] [33mCMake Warning:
[8.005s]   Manually-specified variables were not used by the project:
[8.005s] 
[8.005s]     HUMBLE_ROS
[8.005s]     ROS_EDITION
[8.006s] 
[8.006s] [0m
[8.027s] -- Build files have been written to: /home/nhs/engineer/build/pcd2pgm
[8.097s] Invoked command in '/home/nhs/engineer/build/pcd2pgm' returned '0': CMAKE_PREFIX_PATH=${CMAKE_PREFIX_PATH}:/home/nhs/engineer/install/bubble_protocol:/opt/ros/humble /usr/bin/cmake /home/nhs/engineer/src/rm_localization/pcd2pgm -DROS_EDITION=ROS2 -DHUMBLE_ROS=humble -DCMAKE_INSTALL_PREFIX=/home/nhs/engineer/install/pcd2pgm
[8.098s] Invoking command in '/home/nhs/engineer/build/pcd2pgm': CMAKE_PREFIX_PATH=${CMAKE_PREFIX_PATH}:/home/nhs/engineer/install/bubble_protocol:/opt/ros/humble /usr/bin/cmake --build /home/nhs/engineer/build/pcd2pgm -- -j8 -l8
[8.265s] [ 50%] [32mBuilding CXX object CMakeFiles/pcd2pgm.dir/src/pcd2pgm.cpp.o[0m
[23.770s] [32m[1mLinking CXX executable pcd2pgm[0m
[24.353s] Built target pcd2pgm
