[0.199s] Invoking command in '/home/nhs/engineer/build/rm_description': CMAKE_PREFIX_PATH=${CMAKE_PREFIX_PATH}:/home/nhs/engineer/install/bubble_protocol:/opt/ros/humble /usr/bin/cmake /home/nhs/engineer/src/rm_description -DCMAKE_INSTALL_PREFIX=/home/nhs/engineer/install/rm_description
[0.245s] -- Found ament_cmake: 1.3.12 (/opt/ros/humble/share/ament_cmake/cmake)
[0.362s] -- Found ament_lint_auto: 0.12.14 (/opt/ros/humble/share/ament_lint_auto/cmake)
[0.469s] -- Added test 'flake8' to check Python code syntax and style conventions
[0.469s] -- Added test 'lint_cmake' to check CMake code style
[0.470s] -- Added test 'pep257' to check Python code against some of the docstring style conventions in PEP 257
[0.472s] -- Added test 'xmllint' to check XML markup files
[0.472s] -- Configuring done
[0.478s] -- Generating done
[0.478s] -- Build files have been written to: /home/nhs/engineer/build/rm_description
[0.482s] Invoked command in '/home/nhs/engineer/build/rm_description' returned '0': CMAKE_PREFIX_PATH=${CMAKE_PREFIX_PATH}:/home/nhs/engineer/install/bubble_protocol:/opt/ros/humble /usr/bin/cmake /home/nhs/engineer/src/rm_description -DCMAKE_INSTALL_PREFIX=/home/nhs/engineer/install/rm_description
[0.483s] Invoking command in '/home/nhs/engineer/build/rm_description': CMAKE_PREFIX_PATH=${CMAKE_PREFIX_PATH}:/home/nhs/engineer/install/bubble_protocol:/opt/ros/humble /usr/bin/cmake --build /home/nhs/engineer/build/rm_description -- -j8 -l8
[0.528s] Invoked command in '/home/nhs/engineer/build/rm_description' returned '0': CMAKE_PREFIX_PATH=${CMAKE_PREFIX_PATH}:/home/nhs/engineer/install/bubble_protocol:/opt/ros/humble /usr/bin/cmake --build /home/nhs/engineer/build/rm_description -- -j8 -l8
[0.531s] Invoking command in '/home/nhs/engineer/build/rm_description': CMAKE_PREFIX_PATH=${CMAKE_PREFIX_PATH}:/home/nhs/engineer/install/bubble_protocol:/opt/ros/humble /usr/bin/cmake --install /home/nhs/engineer/build/rm_description
[0.539s] -- Install configuration: ""
[0.539s] -- Up-to-date: /home/nhs/engineer/install/rm_description/share/rm_description/launch
[0.539s] -- Up-to-date: /home/nhs/engineer/install/rm_description/share/rm_description/launch/model.launch.py
[0.539s] -- Up-to-date: /home/nhs/engineer/install/rm_description/share/rm_description/launch/view_model.launch.py
[0.539s] -- Up-to-date: /home/nhs/engineer/install/rm_description/share/rm_description/launch/view_model.rviz
[0.539s] -- Up-to-date: /home/nhs/engineer/install/rm_description/share/rm_description/urdf
[0.539s] -- Up-to-date: /home/nhs/engineer/install/rm_description/share/rm_description/urdf/engineer.urdf.xacro
[0.539s] -- Up-to-date: /home/nhs/engineer/install/rm_description/share/ament_index/resource_index/package_run_dependencies/rm_description
[0.539s] -- Up-to-date: /home/nhs/engineer/install/rm_description/share/ament_index/resource_index/parent_prefix_path/rm_description
[0.539s] -- Up-to-date: /home/nhs/engineer/install/rm_description/share/rm_description/environment/ament_prefix_path.sh
[0.539s] -- Installing: /home/nhs/engineer/install/rm_description/share/rm_description/environment/ament_prefix_path.dsv
[0.539s] -- Up-to-date: /home/nhs/engineer/install/rm_description/share/rm_description/environment/path.sh
[0.540s] -- Installing: /home/nhs/engineer/install/rm_description/share/rm_description/environment/path.dsv
[0.540s] -- Up-to-date: /home/nhs/engineer/install/rm_description/share/rm_description/local_setup.bash
[0.540s] -- Up-to-date: /home/nhs/engineer/install/rm_description/share/rm_description/local_setup.sh
[0.540s] -- Up-to-date: /home/nhs/engineer/install/rm_description/share/rm_description/local_setup.zsh
[0.540s] -- Installing: /home/nhs/engineer/install/rm_description/share/rm_description/local_setup.dsv
[0.540s] -- Installing: /home/nhs/engineer/install/rm_description/share/rm_description/package.dsv
[0.540s] -- Up-to-date: /home/nhs/engineer/install/rm_description/share/ament_index/resource_index/packages/rm_description
[0.540s] -- Up-to-date: /home/nhs/engineer/install/rm_description/share/rm_description/cmake/rm_descriptionConfig.cmake
[0.540s] -- Up-to-date: /home/nhs/engineer/install/rm_description/share/rm_description/cmake/rm_descriptionConfig-version.cmake
[0.540s] -- Up-to-date: /home/nhs/engineer/install/rm_description/share/rm_description/package.xml
[0.555s] Invoked command in '/home/nhs/engineer/build/rm_description' returned '0': CMAKE_PREFIX_PATH=${CMAKE_PREFIX_PATH}:/home/nhs/engineer/install/bubble_protocol:/opt/ros/humble /usr/bin/cmake --install /home/nhs/engineer/build/rm_description
