[0.069s] Invoking command in '/home/nhs/engineer/build/rmctrl_msgs': CMAKE_PREFIX_PATH=${CMAKE_PREFIX_PATH}:/home/nhs/engineer/install/bubble_protocol:/opt/ros/humble /usr/bin/cmake --build /home/nhs/engineer/build/rmctrl_msgs -- -j8 -l8
[0.154s] [  2%] Built target rmctrl_msgs__cpp
[0.168s] [  2%] Built target ament_cmake_python_copy_rmctrl_msgs
[0.180s] [ 12%] Built target rmctrl_msgs__rosidl_generator_c
[0.243s] [ 23%] Built target rmctrl_msgs__rosidl_typesupport_cpp
[0.259s] [ 34%] Built target rmctrl_msgs__rosidl_typesupport_introspection_c
[0.263s] [ 44%] Built target rmctrl_msgs__rosidl_typesupport_c
[0.267s] [ 55%] Built target rmctrl_msgs__rosidl_typesupport_fastrtps_c
[0.271s] [ 65%] Built target rmctrl_msgs__rosidl_typesupport_introspection_cpp
[0.278s] [ 76%] Built target rmctrl_msgs__rosidl_typesupport_fastrtps_cpp
[0.327s] [ 76%] Built target rmctrl_msgs
[0.359s] [ 78%] Built target rmctrl_msgs__py
[0.405s] [ 87%] Built target rmctrl_msgs__rosidl_generator_py
[0.458s] [ 91%] Built target rmctrl_msgs__rosidl_typesupport_c__pyext
[0.462s] [ 95%] Built target rmctrl_msgs__rosidl_typesupport_fastrtps_c__pyext
[0.476s] [100%] Built target rmctrl_msgs__rosidl_typesupport_introspection_c__pyext
[0.581s] running egg_info
[0.582s] writing rmctrl_msgs.egg-info/PKG-INFO
[0.582s] writing dependency_links to rmctrl_msgs.egg-info/dependency_links.txt
[0.582s] writing top-level names to rmctrl_msgs.egg-info/top_level.txt
[0.586s] reading manifest file 'rmctrl_msgs.egg-info/SOURCES.txt'
[0.590s] writing manifest file 'rmctrl_msgs.egg-info/SOURCES.txt'
[0.616s] [100%] Built target ament_cmake_python_build_rmctrl_msgs_egg
[0.641s] Invoked command in '/home/nhs/engineer/build/rmctrl_msgs' returned '0': CMAKE_PREFIX_PATH=${CMAKE_PREFIX_PATH}:/home/nhs/engineer/install/bubble_protocol:/opt/ros/humble /usr/bin/cmake --build /home/nhs/engineer/build/rmctrl_msgs -- -j8 -l8
[0.645s] Invoking command in '/home/nhs/engineer/build/rmctrl_msgs': CMAKE_PREFIX_PATH=${CMAKE_PREFIX_PATH}:/home/nhs/engineer/install/bubble_protocol:/opt/ros/humble /usr/bin/cmake --install /home/nhs/engineer/build/rmctrl_msgs
[0.654s] -- Install configuration: ""
[0.657s] -- Up-to-date: /home/nhs/engineer/install/rmctrl_msgs/share/ament_index/resource_index/rosidl_interfaces/rmctrl_msgs
[0.658s] -- Up-to-date: /home/nhs/engineer/install/rmctrl_msgs/include/rmctrl_msgs/rmctrl_msgs
[0.658s] -- Up-to-date: /home/nhs/engineer/install/rmctrl_msgs/include/rmctrl_msgs/rmctrl_msgs/msg
[0.658s] -- Up-to-date: /home/nhs/engineer/install/rmctrl_msgs/include/rmctrl_msgs/rmctrl_msgs/msg/chassis.h
[0.658s] -- Up-to-date: /home/nhs/engineer/install/rmctrl_msgs/include/rmctrl_msgs/rmctrl_msgs/msg/imu.h
[0.658s] -- Up-to-date: /home/nhs/engineer/install/rmctrl_msgs/include/rmctrl_msgs/rmctrl_msgs/msg/rosidl_generator_c__visibility_control.h
[0.658s] -- Up-to-date: /home/nhs/engineer/install/rmctrl_msgs/include/rmctrl_msgs/rmctrl_msgs/msg/detail
[0.658s] -- Up-to-date: /home/nhs/engineer/install/rmctrl_msgs/include/rmctrl_msgs/rmctrl_msgs/msg/detail/imu__struct.h
[0.658s] -- Up-to-date: /home/nhs/engineer/install/rmctrl_msgs/include/rmctrl_msgs/rmctrl_msgs/msg/detail/imu__type_support.h
[0.658s] -- Up-to-date: /home/nhs/engineer/install/rmctrl_msgs/include/rmctrl_msgs/rmctrl_msgs/msg/detail/chassis__type_support.h
[0.658s] -- Up-to-date: /home/nhs/engineer/install/rmctrl_msgs/include/rmctrl_msgs/rmctrl_msgs/msg/detail/chassis__struct.h
[0.658s] -- Up-to-date: /home/nhs/engineer/install/rmctrl_msgs/include/rmctrl_msgs/rmctrl_msgs/msg/detail/imu__functions.c
[0.658s] -- Up-to-date: /home/nhs/engineer/install/rmctrl_msgs/include/rmctrl_msgs/rmctrl_msgs/msg/detail/odom__struct.h
[0.658s] -- Up-to-date: /home/nhs/engineer/install/rmctrl_msgs/include/rmctrl_msgs/rmctrl_msgs/msg/detail/chassis__functions.c
[0.658s] -- Up-to-date: /home/nhs/engineer/install/rmctrl_msgs/include/rmctrl_msgs/rmctrl_msgs/msg/detail/odom__type_support.h
[0.658s] -- Up-to-date: /home/nhs/engineer/install/rmctrl_msgs/include/rmctrl_msgs/rmctrl_msgs/msg/detail/odom__functions.c
[0.659s] -- Up-to-date: /home/nhs/engineer/install/rmctrl_msgs/include/rmctrl_msgs/rmctrl_msgs/msg/detail/odom__functions.h
[0.659s] -- Up-to-date: /home/nhs/engineer/install/rmctrl_msgs/include/rmctrl_msgs/rmctrl_msgs/msg/detail/imu__functions.h
[0.659s] -- Up-to-date: /home/nhs/engineer/install/rmctrl_msgs/include/rmctrl_msgs/rmctrl_msgs/msg/detail/chassis__functions.h
[0.659s] -- Up-to-date: /home/nhs/engineer/install/rmctrl_msgs/include/rmctrl_msgs/rmctrl_msgs/msg/odom.h
[0.659s] -- Up-to-date: /home/nhs/engineer/install/rmctrl_msgs/share/rmctrl_msgs/environment/library_path.sh
[0.659s] -- Up-to-date: /home/nhs/engineer/install/rmctrl_msgs/share/rmctrl_msgs/environment/library_path.dsv
[0.659s] -- Up-to-date: /home/nhs/engineer/install/rmctrl_msgs/lib/librmctrl_msgs__rosidl_generator_c.so
[0.659s] -- Up-to-date: /home/nhs/engineer/install/rmctrl_msgs/include/rmctrl_msgs/rmctrl_msgs
[0.659s] -- Up-to-date: /home/nhs/engineer/install/rmctrl_msgs/include/rmctrl_msgs/rmctrl_msgs/msg
[0.659s] -- Up-to-date: /home/nhs/engineer/install/rmctrl_msgs/include/rmctrl_msgs/rmctrl_msgs/msg/detail
[0.659s] -- Up-to-date: /home/nhs/engineer/install/rmctrl_msgs/include/rmctrl_msgs/rmctrl_msgs/msg/detail/odom__rosidl_typesupport_fastrtps_c.h
[0.659s] -- Up-to-date: /home/nhs/engineer/install/rmctrl_msgs/include/rmctrl_msgs/rmctrl_msgs/msg/detail/imu__rosidl_typesupport_fastrtps_c.h
[0.659s] -- Up-to-date: /home/nhs/engineer/install/rmctrl_msgs/include/rmctrl_msgs/rmctrl_msgs/msg/detail/chassis__rosidl_typesupport_fastrtps_c.h
[0.659s] -- Up-to-date: /home/nhs/engineer/install/rmctrl_msgs/include/rmctrl_msgs/rmctrl_msgs/msg/rosidl_typesupport_fastrtps_c__visibility_control.h
[0.659s] -- Up-to-date: /home/nhs/engineer/install/rmctrl_msgs/lib/librmctrl_msgs__rosidl_typesupport_fastrtps_c.so
[0.659s] -- Up-to-date: /home/nhs/engineer/install/rmctrl_msgs/include/rmctrl_msgs/rmctrl_msgs
[0.660s] -- Up-to-date: /home/nhs/engineer/install/rmctrl_msgs/include/rmctrl_msgs/rmctrl_msgs/msg
[0.660s] -- Up-to-date: /home/nhs/engineer/install/rmctrl_msgs/include/rmctrl_msgs/rmctrl_msgs/msg/chassis.hpp
[0.660s] -- Up-to-date: /home/nhs/engineer/install/rmctrl_msgs/include/rmctrl_msgs/rmctrl_msgs/msg/detail
[0.660s] -- Up-to-date: /home/nhs/engineer/install/rmctrl_msgs/include/rmctrl_msgs/rmctrl_msgs/msg/detail/odom__builder.hpp
[0.660s] -- Up-to-date: /home/nhs/engineer/install/rmctrl_msgs/include/rmctrl_msgs/rmctrl_msgs/msg/detail/imu__struct.hpp
[0.665s] -- Up-to-date: /home/nhs/engineer/install/rmctrl_msgs/include/rmctrl_msgs/rmctrl_msgs/msg/detail/imu__type_support.hpp
[0.665s] -- Up-to-date: /home/nhs/engineer/install/rmctrl_msgs/include/rmctrl_msgs/rmctrl_msgs/msg/detail/chassis__builder.hpp
[0.665s] -- Up-to-date: /home/nhs/engineer/install/rmctrl_msgs/include/rmctrl_msgs/rmctrl_msgs/msg/detail/imu__builder.hpp
[0.665s] -- Up-to-date: /home/nhs/engineer/install/rmctrl_msgs/include/rmctrl_msgs/rmctrl_msgs/msg/detail/chassis__type_support.hpp
[0.665s] -- Up-to-date: /home/nhs/engineer/install/rmctrl_msgs/include/rmctrl_msgs/rmctrl_msgs/msg/detail/odom__struct.hpp
[0.665s] -- Up-to-date: /home/nhs/engineer/install/rmctrl_msgs/include/rmctrl_msgs/rmctrl_msgs/msg/detail/chassis__struct.hpp
[0.665s] -- Up-to-date: /home/nhs/engineer/install/rmctrl_msgs/include/rmctrl_msgs/rmctrl_msgs/msg/detail/chassis__traits.hpp
[0.665s] -- Up-to-date: /home/nhs/engineer/install/rmctrl_msgs/include/rmctrl_msgs/rmctrl_msgs/msg/detail/imu__traits.hpp
[0.665s] -- Up-to-date: /home/nhs/engineer/install/rmctrl_msgs/include/rmctrl_msgs/rmctrl_msgs/msg/detail/odom__type_support.hpp
[0.665s] -- Up-to-date: /home/nhs/engineer/install/rmctrl_msgs/include/rmctrl_msgs/rmctrl_msgs/msg/detail/odom__traits.hpp
[0.665s] -- Up-to-date: /home/nhs/engineer/install/rmctrl_msgs/include/rmctrl_msgs/rmctrl_msgs/msg/imu.hpp
[0.665s] -- Up-to-date: /home/nhs/engineer/install/rmctrl_msgs/include/rmctrl_msgs/rmctrl_msgs/msg/rosidl_generator_cpp__visibility_control.hpp
[0.666s] -- Up-to-date: /home/nhs/engineer/install/rmctrl_msgs/include/rmctrl_msgs/rmctrl_msgs/msg/odom.hpp
[0.666s] -- Up-to-date: /home/nhs/engineer/install/rmctrl_msgs/include/rmctrl_msgs/rmctrl_msgs
[0.666s] -- Up-to-date: /home/nhs/engineer/install/rmctrl_msgs/include/rmctrl_msgs/rmctrl_msgs/msg
[0.666s] -- Up-to-date: /home/nhs/engineer/install/rmctrl_msgs/include/rmctrl_msgs/rmctrl_msgs/msg/detail
[0.666s] -- Up-to-date: /home/nhs/engineer/install/rmctrl_msgs/include/rmctrl_msgs/rmctrl_msgs/msg/detail/imu__rosidl_typesupport_fastrtps_cpp.hpp
[0.666s] -- Up-to-date: /home/nhs/engineer/install/rmctrl_msgs/include/rmctrl_msgs/rmctrl_msgs/msg/detail/odom__rosidl_typesupport_fastrtps_cpp.hpp
[0.666s] -- Up-to-date: /home/nhs/engineer/install/rmctrl_msgs/include/rmctrl_msgs/rmctrl_msgs/msg/detail/dds_fastrtps
[0.666s] -- Up-to-date: /home/nhs/engineer/install/rmctrl_msgs/include/rmctrl_msgs/rmctrl_msgs/msg/detail/chassis__rosidl_typesupport_fastrtps_cpp.hpp
[0.666s] -- Up-to-date: /home/nhs/engineer/install/rmctrl_msgs/include/rmctrl_msgs/rmctrl_msgs/msg/rosidl_typesupport_fastrtps_cpp__visibility_control.h
[0.666s] -- Up-to-date: /home/nhs/engineer/install/rmctrl_msgs/lib/librmctrl_msgs__rosidl_typesupport_fastrtps_cpp.so
[0.666s] -- Up-to-date: /home/nhs/engineer/install/rmctrl_msgs/include/rmctrl_msgs/rmctrl_msgs
[0.666s] -- Up-to-date: /home/nhs/engineer/install/rmctrl_msgs/include/rmctrl_msgs/rmctrl_msgs/msg
[0.666s] -- Up-to-date: /home/nhs/engineer/install/rmctrl_msgs/include/rmctrl_msgs/rmctrl_msgs/msg/detail
[0.666s] -- Up-to-date: /home/nhs/engineer/install/rmctrl_msgs/include/rmctrl_msgs/rmctrl_msgs/msg/detail/imu__rosidl_typesupport_introspection_c.h
[0.666s] -- Up-to-date: /home/nhs/engineer/install/rmctrl_msgs/include/rmctrl_msgs/rmctrl_msgs/msg/detail/chassis__rosidl_typesupport_introspection_c.h
[0.667s] -- Up-to-date: /home/nhs/engineer/install/rmctrl_msgs/include/rmctrl_msgs/rmctrl_msgs/msg/detail/odom__type_support.c
[0.667s] -- Up-to-date: /home/nhs/engineer/install/rmctrl_msgs/include/rmctrl_msgs/rmctrl_msgs/msg/detail/chassis__type_support.c
[0.667s] -- Up-to-date: /home/nhs/engineer/install/rmctrl_msgs/include/rmctrl_msgs/rmctrl_msgs/msg/detail/odom__rosidl_typesupport_introspection_c.h
[0.667s] -- Up-to-date: /home/nhs/engineer/install/rmctrl_msgs/include/rmctrl_msgs/rmctrl_msgs/msg/detail/imu__type_support.c
[0.667s] -- Up-to-date: /home/nhs/engineer/install/rmctrl_msgs/include/rmctrl_msgs/rmctrl_msgs/msg/rosidl_typesupport_introspection_c__visibility_control.h
[0.667s] -- Up-to-date: /home/nhs/engineer/install/rmctrl_msgs/lib/librmctrl_msgs__rosidl_typesupport_introspection_c.so
[0.667s] -- Up-to-date: /home/nhs/engineer/install/rmctrl_msgs/lib/librmctrl_msgs__rosidl_typesupport_c.so
[0.667s] -- Up-to-date: /home/nhs/engineer/install/rmctrl_msgs/include/rmctrl_msgs/rmctrl_msgs
[0.667s] -- Up-to-date: /home/nhs/engineer/install/rmctrl_msgs/include/rmctrl_msgs/rmctrl_msgs/msg
[0.667s] -- Up-to-date: /home/nhs/engineer/install/rmctrl_msgs/include/rmctrl_msgs/rmctrl_msgs/msg/detail
[0.667s] -- Up-to-date: /home/nhs/engineer/install/rmctrl_msgs/include/rmctrl_msgs/rmctrl_msgs/msg/detail/odom__type_support.cpp
[0.667s] -- Up-to-date: /home/nhs/engineer/install/rmctrl_msgs/include/rmctrl_msgs/rmctrl_msgs/msg/detail/chassis__type_support.cpp
[0.667s] -- Up-to-date: /home/nhs/engineer/install/rmctrl_msgs/include/rmctrl_msgs/rmctrl_msgs/msg/detail/chassis__rosidl_typesupport_introspection_cpp.hpp
[0.667s] -- Up-to-date: /home/nhs/engineer/install/rmctrl_msgs/include/rmctrl_msgs/rmctrl_msgs/msg/detail/imu__type_support.cpp
[0.667s] -- Up-to-date: /home/nhs/engineer/install/rmctrl_msgs/include/rmctrl_msgs/rmctrl_msgs/msg/detail/odom__rosidl_typesupport_introspection_cpp.hpp
[0.668s] -- Up-to-date: /home/nhs/engineer/install/rmctrl_msgs/include/rmctrl_msgs/rmctrl_msgs/msg/detail/imu__rosidl_typesupport_introspection_cpp.hpp
[0.671s] -- Up-to-date: /home/nhs/engineer/install/rmctrl_msgs/lib/librmctrl_msgs__rosidl_typesupport_introspection_cpp.so
[0.671s] -- Up-to-date: /home/nhs/engineer/install/rmctrl_msgs/lib/librmctrl_msgs__rosidl_typesupport_cpp.so
[0.671s] -- Up-to-date: /home/nhs/engineer/install/rmctrl_msgs/share/rmctrl_msgs/environment/pythonpath.sh
[0.671s] -- Up-to-date: /home/nhs/engineer/install/rmctrl_msgs/share/rmctrl_msgs/environment/pythonpath.dsv
[0.671s] -- Up-to-date: /home/nhs/engineer/install/rmctrl_msgs/local/lib/python3.10/dist-packages/rmctrl_msgs-1.0.0-py3.10.egg-info
[0.671s] -- Installing: /home/nhs/engineer/install/rmctrl_msgs/local/lib/python3.10/dist-packages/rmctrl_msgs-1.0.0-py3.10.egg-info/dependency_links.txt
[0.671s] -- Installing: /home/nhs/engineer/install/rmctrl_msgs/local/lib/python3.10/dist-packages/rmctrl_msgs-1.0.0-py3.10.egg-info/top_level.txt
[0.671s] -- Installing: /home/nhs/engineer/install/rmctrl_msgs/local/lib/python3.10/dist-packages/rmctrl_msgs-1.0.0-py3.10.egg-info/PKG-INFO
[0.671s] -- Installing: /home/nhs/engineer/install/rmctrl_msgs/local/lib/python3.10/dist-packages/rmctrl_msgs-1.0.0-py3.10.egg-info/SOURCES.txt
[0.671s] -- Up-to-date: /home/nhs/engineer/install/rmctrl_msgs/local/lib/python3.10/dist-packages/rmctrl_msgs
[0.671s] -- Up-to-date: /home/nhs/engineer/install/rmctrl_msgs/local/lib/python3.10/dist-packages/rmctrl_msgs/rmctrl_msgs_s__rosidl_typesupport_c.cpython-310-x86_64-linux-gnu.so
[0.671s] -- Up-to-date: /home/nhs/engineer/install/rmctrl_msgs/local/lib/python3.10/dist-packages/rmctrl_msgs/_rmctrl_msgs_s.ep.rosidl_typesupport_fastrtps_c.c
[0.672s] -- Up-to-date: /home/nhs/engineer/install/rmctrl_msgs/local/lib/python3.10/dist-packages/rmctrl_msgs/_rmctrl_msgs_s.ep.rosidl_typesupport_introspection_c.c
[0.672s] -- Up-to-date: /home/nhs/engineer/install/rmctrl_msgs/local/lib/python3.10/dist-packages/rmctrl_msgs/rmctrl_msgs_s__rosidl_typesupport_fastrtps_c.cpython-310-x86_64-linux-gnu.so
[0.672s] -- Up-to-date: /home/nhs/engineer/install/rmctrl_msgs/local/lib/python3.10/dist-packages/rmctrl_msgs/__init__.py
[0.672s] -- Up-to-date: /home/nhs/engineer/install/rmctrl_msgs/local/lib/python3.10/dist-packages/rmctrl_msgs/msg
[0.672s] -- Up-to-date: /home/nhs/engineer/install/rmctrl_msgs/local/lib/python3.10/dist-packages/rmctrl_msgs/msg/_chassis_s.c
[0.672s] -- Up-to-date: /home/nhs/engineer/install/rmctrl_msgs/local/lib/python3.10/dist-packages/rmctrl_msgs/msg/_imu_s.c
[0.672s] -- Up-to-date: /home/nhs/engineer/install/rmctrl_msgs/local/lib/python3.10/dist-packages/rmctrl_msgs/msg/__init__.py
[0.672s] -- Up-to-date: /home/nhs/engineer/install/rmctrl_msgs/local/lib/python3.10/dist-packages/rmctrl_msgs/msg/_imu.py
[0.672s] -- Up-to-date: /home/nhs/engineer/install/rmctrl_msgs/local/lib/python3.10/dist-packages/rmctrl_msgs/msg/_chassis.py
[0.672s] -- Up-to-date: /home/nhs/engineer/install/rmctrl_msgs/local/lib/python3.10/dist-packages/rmctrl_msgs/msg/_odom.py
[0.672s] -- Up-to-date: /home/nhs/engineer/install/rmctrl_msgs/local/lib/python3.10/dist-packages/rmctrl_msgs/msg/_odom_s.c
[0.672s] -- Up-to-date: /home/nhs/engineer/install/rmctrl_msgs/local/lib/python3.10/dist-packages/rmctrl_msgs/_rmctrl_msgs_s.ep.rosidl_typesupport_c.c
[0.672s] -- Up-to-date: /home/nhs/engineer/install/rmctrl_msgs/local/lib/python3.10/dist-packages/rmctrl_msgs/librmctrl_msgs__rosidl_generator_py.so
[0.672s] -- Up-to-date: /home/nhs/engineer/install/rmctrl_msgs/local/lib/python3.10/dist-packages/rmctrl_msgs/rmctrl_msgs_s__rosidl_typesupport_introspection_c.cpython-310-x86_64-linux-gnu.so
[0.712s] Listing '/home/nhs/engineer/install/rmctrl_msgs/local/lib/python3.10/dist-packages/rmctrl_msgs'...
[0.712s] Listing '/home/nhs/engineer/install/rmctrl_msgs/local/lib/python3.10/dist-packages/rmctrl_msgs/msg'...
[0.714s] -- Up-to-date: /home/nhs/engineer/install/rmctrl_msgs/local/lib/python3.10/dist-packages/rmctrl_msgs/rmctrl_msgs_s__rosidl_typesupport_fastrtps_c.cpython-310-x86_64-linux-gnu.so
[0.714s] -- Up-to-date: /home/nhs/engineer/install/rmctrl_msgs/local/lib/python3.10/dist-packages/rmctrl_msgs/rmctrl_msgs_s__rosidl_typesupport_introspection_c.cpython-310-x86_64-linux-gnu.so
[0.715s] -- Up-to-date: /home/nhs/engineer/install/rmctrl_msgs/local/lib/python3.10/dist-packages/rmctrl_msgs/rmctrl_msgs_s__rosidl_typesupport_c.cpython-310-x86_64-linux-gnu.so
[0.715s] -- Up-to-date: /home/nhs/engineer/install/rmctrl_msgs/lib/librmctrl_msgs__rosidl_generator_py.so
[0.715s] -- Up-to-date: /home/nhs/engineer/install/rmctrl_msgs/share/rmctrl_msgs/msg/Chassis.idl
[0.715s] -- Up-to-date: /home/nhs/engineer/install/rmctrl_msgs/share/rmctrl_msgs/msg/Imu.idl
[0.715s] -- Up-to-date: /home/nhs/engineer/install/rmctrl_msgs/share/rmctrl_msgs/msg/Odom.idl
[0.715s] -- Up-to-date: /home/nhs/engineer/install/rmctrl_msgs/share/rmctrl_msgs/msg/Chassis.msg
[0.715s] -- Up-to-date: /home/nhs/engineer/install/rmctrl_msgs/share/rmctrl_msgs/msg/Imu.msg
[0.715s] -- Up-to-date: /home/nhs/engineer/install/rmctrl_msgs/share/rmctrl_msgs/msg/Odom.msg
[0.715s] -- Up-to-date: /home/nhs/engineer/install/rmctrl_msgs/share/ament_index/resource_index/package_run_dependencies/rmctrl_msgs
[0.715s] -- Up-to-date: /home/nhs/engineer/install/rmctrl_msgs/share/ament_index/resource_index/parent_prefix_path/rmctrl_msgs
[0.715s] -- Up-to-date: /home/nhs/engineer/install/rmctrl_msgs/share/rmctrl_msgs/environment/ament_prefix_path.sh
[0.716s] -- Up-to-date: /home/nhs/engineer/install/rmctrl_msgs/share/rmctrl_msgs/environment/ament_prefix_path.dsv
[0.716s] -- Up-to-date: /home/nhs/engineer/install/rmctrl_msgs/share/rmctrl_msgs/environment/path.sh
[0.716s] -- Up-to-date: /home/nhs/engineer/install/rmctrl_msgs/share/rmctrl_msgs/environment/path.dsv
[0.716s] -- Up-to-date: /home/nhs/engineer/install/rmctrl_msgs/share/rmctrl_msgs/local_setup.bash
[0.716s] -- Up-to-date: /home/nhs/engineer/install/rmctrl_msgs/share/rmctrl_msgs/local_setup.sh
[0.716s] -- Up-to-date: /home/nhs/engineer/install/rmctrl_msgs/share/rmctrl_msgs/local_setup.zsh
[0.716s] -- Up-to-date: /home/nhs/engineer/install/rmctrl_msgs/share/rmctrl_msgs/local_setup.dsv
[0.716s] -- Installing: /home/nhs/engineer/install/rmctrl_msgs/share/rmctrl_msgs/package.dsv
[0.716s] -- Up-to-date: /home/nhs/engineer/install/rmctrl_msgs/share/ament_index/resource_index/packages/rmctrl_msgs
[0.716s] -- Up-to-date: /home/nhs/engineer/install/rmctrl_msgs/share/rmctrl_msgs/cmake/export_rmctrl_msgs__rosidl_generator_cExport.cmake
[0.716s] -- Up-to-date: /home/nhs/engineer/install/rmctrl_msgs/share/rmctrl_msgs/cmake/export_rmctrl_msgs__rosidl_generator_cExport-noconfig.cmake
[0.717s] -- Up-to-date: /home/nhs/engineer/install/rmctrl_msgs/share/rmctrl_msgs/cmake/export_rmctrl_msgs__rosidl_typesupport_fastrtps_cExport.cmake
[0.717s] -- Up-to-date: /home/nhs/engineer/install/rmctrl_msgs/share/rmctrl_msgs/cmake/export_rmctrl_msgs__rosidl_typesupport_fastrtps_cExport-noconfig.cmake
[0.717s] -- Up-to-date: /home/nhs/engineer/install/rmctrl_msgs/share/rmctrl_msgs/cmake/export_rmctrl_msgs__rosidl_generator_cppExport.cmake
[0.717s] -- Up-to-date: /home/nhs/engineer/install/rmctrl_msgs/share/rmctrl_msgs/cmake/export_rmctrl_msgs__rosidl_typesupport_fastrtps_cppExport.cmake
[0.717s] -- Up-to-date: /home/nhs/engineer/install/rmctrl_msgs/share/rmctrl_msgs/cmake/export_rmctrl_msgs__rosidl_typesupport_fastrtps_cppExport-noconfig.cmake
[0.717s] -- Up-to-date: /home/nhs/engineer/install/rmctrl_msgs/share/rmctrl_msgs/cmake/rmctrl_msgs__rosidl_typesupport_introspection_cExport.cmake
[0.717s] -- Up-to-date: /home/nhs/engineer/install/rmctrl_msgs/share/rmctrl_msgs/cmake/rmctrl_msgs__rosidl_typesupport_introspection_cExport-noconfig.cmake
[0.717s] -- Up-to-date: /home/nhs/engineer/install/rmctrl_msgs/share/rmctrl_msgs/cmake/rmctrl_msgs__rosidl_typesupport_cExport.cmake
[0.717s] -- Up-to-date: /home/nhs/engineer/install/rmctrl_msgs/share/rmctrl_msgs/cmake/rmctrl_msgs__rosidl_typesupport_cExport-noconfig.cmake
[0.717s] -- Up-to-date: /home/nhs/engineer/install/rmctrl_msgs/share/rmctrl_msgs/cmake/rmctrl_msgs__rosidl_typesupport_introspection_cppExport.cmake
[0.717s] -- Up-to-date: /home/nhs/engineer/install/rmctrl_msgs/share/rmctrl_msgs/cmake/rmctrl_msgs__rosidl_typesupport_introspection_cppExport-noconfig.cmake
[0.718s] -- Up-to-date: /home/nhs/engineer/install/rmctrl_msgs/share/rmctrl_msgs/cmake/rmctrl_msgs__rosidl_typesupport_cppExport.cmake
[0.718s] -- Up-to-date: /home/nhs/engineer/install/rmctrl_msgs/share/rmctrl_msgs/cmake/rmctrl_msgs__rosidl_typesupport_cppExport-noconfig.cmake
[0.718s] -- Up-to-date: /home/nhs/engineer/install/rmctrl_msgs/share/rmctrl_msgs/cmake/export_rmctrl_msgs__rosidl_generator_pyExport.cmake
[0.718s] -- Up-to-date: /home/nhs/engineer/install/rmctrl_msgs/share/rmctrl_msgs/cmake/export_rmctrl_msgs__rosidl_generator_pyExport-noconfig.cmake
[0.718s] -- Up-to-date: /home/nhs/engineer/install/rmctrl_msgs/share/rmctrl_msgs/cmake/rosidl_cmake-extras.cmake
[0.718s] -- Up-to-date: /home/nhs/engineer/install/rmctrl_msgs/share/rmctrl_msgs/cmake/ament_cmake_export_dependencies-extras.cmake
[0.718s] -- Up-to-date: /home/nhs/engineer/install/rmctrl_msgs/share/rmctrl_msgs/cmake/ament_cmake_export_include_directories-extras.cmake
[0.718s] -- Up-to-date: /home/nhs/engineer/install/rmctrl_msgs/share/rmctrl_msgs/cmake/ament_cmake_export_libraries-extras.cmake
[0.718s] -- Up-to-date: /home/nhs/engineer/install/rmctrl_msgs/share/rmctrl_msgs/cmake/ament_cmake_export_targets-extras.cmake
[0.718s] -- Up-to-date: /home/nhs/engineer/install/rmctrl_msgs/share/rmctrl_msgs/cmake/rosidl_cmake_export_typesupport_targets-extras.cmake
[0.718s] -- Up-to-date: /home/nhs/engineer/install/rmctrl_msgs/share/rmctrl_msgs/cmake/rosidl_cmake_export_typesupport_libraries-extras.cmake
[0.718s] -- Up-to-date: /home/nhs/engineer/install/rmctrl_msgs/share/rmctrl_msgs/cmake/rmctrl_msgsConfig.cmake
[0.718s] -- Up-to-date: /home/nhs/engineer/install/rmctrl_msgs/share/rmctrl_msgs/cmake/rmctrl_msgsConfig-version.cmake
[0.718s] -- Up-to-date: /home/nhs/engineer/install/rmctrl_msgs/share/rmctrl_msgs/package.xml
[0.726s] Invoked command in '/home/nhs/engineer/build/rmctrl_msgs' returned '0': CMAKE_PREFIX_PATH=${CMAKE_PREFIX_PATH}:/home/nhs/engineer/install/bubble_protocol:/opt/ros/humble /usr/bin/cmake --install /home/nhs/engineer/build/rmctrl_msgs
