[0.007s] Invoking command in '/home/nhs/engineer/build/point_lio': CMAKE_PREFIX_PATH=/home/nhs/engineer/install/livox_ros_driver2:/home/nhs/engineer/install/rmctrl_msgs:/home/nhs/engineer/install/rm_description:/home/nhs/engineer/install/pointcloud_to_laserscan:/home/nhs/engineer/install/point_lio:/home/nhs/engineer/install/pcd2pgm:/home/nhs/engineer/install/navi:/home/nhs/engineer/install/linefit_ground_segmentation_ros:/home/nhs/engineer/install/linefit_ground_segmentation:/home/nhs/engineer/install/bubble_protocol:/opt/ros/humble LD_LIBRARY_PATH=/home/nhs/engineer/install/livox_ros_driver2/lib:/home/nhs/engineer/install/rmctrl_msgs/lib:/home/nhs/engineer/install/pointcloud_to_laserscan/lib:/home/nhs/engineer/install/livox_sdk2/lib:/home/nhs/engineer/install/linefit_ground_segmentation/lib:/opt/ros/humble/opt/rviz_ogre_vendor/lib:/opt/ros/humble/lib/x86_64-linux-gnu:/opt/ros/humble/lib /usr/bin/cmake /home/nhs/engineer/src/rm_localization/point_lio -DROS_EDITION=ROS2 -DHUMBLE_ROS=humble -DCMAKE_INSTALL_PREFIX=/home/nhs/engineer/install/point_lio
[0.052s] -- The C compiler identification is GNU 11.4.0
[0.091s] -- The CXX compiler identification is GNU 11.4.0
[0.096s] -- Detecting C compiler ABI info
[0.158s] -- Detecting C compiler ABI info - done
[0.168s] -- Check for working C compiler: /usr/bin/cc - skipped
[0.168s] -- Detecting C compile features
[0.168s] -- Detecting C compile features - done
[0.171s] -- Detecting CXX compiler ABI info
[0.230s] -- Detecting CXX compiler ABI info - done
[0.235s] -- Check for working CXX compiler: /usr/bin/c++ - skipped
[0.235s] -- Detecting CXX compile features
[0.235s] -- Detecting CXX compile features - done
[0.236s] -- Current CPU architecture: x86_64
[0.240s] -- Processor number:  8
[0.240s] -- core for MP:  3
[0.243s] -- Found ament_cmake: 1.3.12 (/opt/ros/humble/share/ament_cmake/cmake)
[0.357s] -- Found Python3: /usr/bin/python3 (found version "3.10.12") found components: Interpreter 
[0.435s] -- Found rclcpp: 16.0.15 (/opt/ros/humble/share/rclcpp/cmake)
[0.473s] -- Found rosidl_generator_c: 3.1.7 (/opt/ros/humble/share/rosidl_generator_c/cmake)
[0.476s] -- Found rosidl_adapter: 3.1.7 (/opt/ros/humble/share/rosidl_adapter/cmake)
[0.483s] -- Found rosidl_generator_cpp: 3.1.7 (/opt/ros/humble/share/rosidl_generator_cpp/cmake)
[0.492s] -- Using all available rosidl_typesupport_c: rosidl_typesupport_fastrtps_c;rosidl_typesupport_introspection_c
[0.504s] -- Using all available rosidl_typesupport_cpp: rosidl_typesupport_fastrtps_cpp;rosidl_typesupport_introspection_cpp
[0.535s] -- Found rmw_implementation_cmake: 6.1.2 (/opt/ros/humble/share/rmw_implementation_cmake/cmake)
[0.537s] -- Found rmw_fastrtps_cpp: 6.2.8 (/opt/ros/humble/share/rmw_fastrtps_cpp/cmake)
[0.598s] -- Found OpenSSL: /usr/lib/x86_64-linux-gnu/libcrypto.so (found version "3.0.2")  
[0.625s] -- Found FastRTPS: /opt/ros/humble/include  
[0.659s] -- Using RMW implementation 'rmw_fastrtps_cpp' as default
[0.665s] -- Looking for pthread.h
[0.717s] -- Looking for pthread.h - found
[0.718s] -- Performing Test CMAKE_HAVE_LIBC_PTHREAD
[0.773s] -- Performing Test CMAKE_HAVE_LIBC_PTHREAD - Success
[0.774s] -- Found Threads: TRUE  
[0.836s] -- Found rclpy: 3.3.17 (/opt/ros/humble/share/rclpy/cmake)
[0.838s] -- Found geometry_msgs: 4.9.0 (/opt/ros/humble/share/geometry_msgs/cmake)
[0.854s] -- Found nav_msgs: 4.9.0 (/opt/ros/humble/share/nav_msgs/cmake)
[0.879s] -- Found sensor_msgs: 4.9.0 (/opt/ros/humble/share/sensor_msgs/cmake)
[0.901s] -- Found pcl_ros: 2.4.5 (/opt/ros/humble/share/pcl_ros/cmake)
[0.950s] -- Checking for module 'eigen3'
[0.960s] --   Found eigen3, version 3.4.0
[0.985s] -- Found Eigen: /usr/include/eigen3 (Required is at least version "3.1") 
[0.985s] -- Eigen found (include: /usr/include/eigen3, version: 3.4.0)
[1.012s] -- Checking for module 'flann'
[1.022s] --   Found flann, version 1.9.1
[1.046s] -- Found FLANN: /usr/lib/x86_64-linux-gnu/libflann_cpp.so  
[1.046s] -- FLANN found (include: /usr/include, lib: /usr/lib/x86_64-linux-gnu/libflann_cpp.so)
[1.779s] -- Checking for module 'libusb-1.0'
[1.793s] --   Found libusb-1.0, version 1.0.25
[1.821s] -- Found libusb: /usr/lib/x86_64-linux-gnu/libusb-1.0.so  
[1.822s] -- OpenNI found (version: 1.5.4.0, include: /usr/include/ni, lib: /usr/lib/libOpenNI.so;libusb::libusb)
[1.858s] -- OpenNI2 found (version: 2.2.0.33, include: /usr/include/openni2, lib: /usr/lib/x86_64-linux-gnu/libOpenNI2.so;libusb::libusb)
[1.982s] -- Eigen found (include: /usr/include/eigen3, version: 3.4.0)
[1.995s] -- OpenNI found (version: 1.5.4.0, include: /usr/include/ni, lib: /usr/lib/libOpenNI.so;libusb::libusb)
[1.998s] -- OpenNI2 found (version: 2.2.0.33, include: /usr/include/openni2, lib: /usr/lib/x86_64-linux-gnu/libOpenNI2.so;libusb::libusb)
[2.134s] -- Found Qhull version 8.0.2
[2.261s] -- OpenNI found (version: 1.5.4.0, include: /usr/include/ni, lib: /usr/lib/libOpenNI.so;libusb::libusb)
[2.401s] -- Found PCL_COMMON: /usr/lib/x86_64-linux-gnu/libpcl_common.so  
[2.402s] -- Found PCL_KDTREE: /usr/lib/x86_64-linux-gnu/libpcl_kdtree.so  
[2.402s] -- Found PCL_OCTREE: /usr/lib/x86_64-linux-gnu/libpcl_octree.so  
[2.403s] -- Found PCL_SEARCH: /usr/lib/x86_64-linux-gnu/libpcl_search.so  
[2.404s] -- Found PCL_SAMPLE_CONSENSUS: /usr/lib/x86_64-linux-gnu/libpcl_sample_consensus.so  
[2.404s] -- Found PCL_FILTERS: /usr/lib/x86_64-linux-gnu/libpcl_filters.so  
[2.405s] -- Found PCL_2D: /usr/include/pcl-1.12  
[2.405s] -- Found PCL_GEOMETRY: /usr/include/pcl-1.12  
[2.406s] -- Found PCL_IO: /usr/lib/x86_64-linux-gnu/libpcl_io.so  
[2.407s] -- Found PCL_FEATURES: /usr/lib/x86_64-linux-gnu/libpcl_features.so  
[2.408s] -- Found PCL_ML: /usr/lib/x86_64-linux-gnu/libpcl_ml.so  
[2.409s] -- Found PCL_SEGMENTATION: /usr/lib/x86_64-linux-gnu/libpcl_segmentation.so  
[2.410s] -- Found PCL_VISUALIZATION: /usr/lib/x86_64-linux-gnu/libpcl_visualization.so  
[2.410s] -- Found PCL_SURFACE: /usr/lib/x86_64-linux-gnu/libpcl_surface.so  
[2.411s] -- Found PCL_REGISTRATION: /usr/lib/x86_64-linux-gnu/libpcl_registration.so  
[2.412s] -- Found PCL_KEYPOINTS: /usr/lib/x86_64-linux-gnu/libpcl_keypoints.so  
[2.413s] -- Found PCL_TRACKING: /usr/lib/x86_64-linux-gnu/libpcl_tracking.so  
[2.414s] -- Found PCL_RECOGNITION: /usr/lib/x86_64-linux-gnu/libpcl_recognition.so  
[2.415s] -- Found PCL_STEREO: /usr/lib/x86_64-linux-gnu/libpcl_stereo.so  
[2.416s] -- Found PCL_APPS: /usr/lib/x86_64-linux-gnu/libpcl_apps.so  
[2.417s] -- Found PCL_IN_HAND_SCANNER: /usr/include/pcl-1.12  
[2.417s] -- Found PCL_MODELER: /usr/include/pcl-1.12  
[2.417s] -- Found PCL_POINT_CLOUD_EDITOR: /usr/include/pcl-1.12  
[2.418s] -- Found PCL_OUTOFCORE: /usr/lib/x86_64-linux-gnu/libpcl_outofcore.so  
[2.419s] -- Found PCL_PEOPLE: /usr/lib/x86_64-linux-gnu/libpcl_people.so  
[2.440s] -- Found eigen3_cmake_module: 0.1.1 (/opt/ros/humble/share/eigen3_cmake_module/cmake)
[2.441s] -- Found Eigen3: TRUE (found version "3.4.0") 
[2.441s] -- Ensuring Eigen3 include directory is part of orocos-kdl CMake target
[2.511s] -- Found visualization_msgs: 4.9.0 (/opt/ros/humble/share/visualization_msgs/cmake)
[2.526s] -- Found livox_ros_driver2: 1.0.0 (/home/nhs/engineer/install/livox_ros_driver2/share/livox_ros_driver2/cmake)
[2.809s] -- Found PythonLibs: /usr/lib/x86_64-linux-gnu/libpython3.10.so (found version "3.10.12") 
[2.878s] -- Configuring done
[2.931s] -- Generating done
[2.933s] [33mCMake Warning:
[2.933s]   Manually-specified variables were not used by the project:
[2.933s] 
[2.933s]     HUMBLE_ROS
[2.933s]     ROS_EDITION
[2.933s] 
[2.933s] [0m
[2.946s] -- Build files have been written to: /home/nhs/engineer/build/point_lio
[2.970s] Invoked command in '/home/nhs/engineer/build/point_lio' returned '0': CMAKE_PREFIX_PATH=/home/nhs/engineer/install/livox_ros_driver2:/home/nhs/engineer/install/rmctrl_msgs:/home/nhs/engineer/install/rm_description:/home/nhs/engineer/install/pointcloud_to_laserscan:/home/nhs/engineer/install/point_lio:/home/nhs/engineer/install/pcd2pgm:/home/nhs/engineer/install/navi:/home/nhs/engineer/install/linefit_ground_segmentation_ros:/home/nhs/engineer/install/linefit_ground_segmentation:/home/nhs/engineer/install/bubble_protocol:/opt/ros/humble LD_LIBRARY_PATH=/home/nhs/engineer/install/livox_ros_driver2/lib:/home/nhs/engineer/install/rmctrl_msgs/lib:/home/nhs/engineer/install/pointcloud_to_laserscan/lib:/home/nhs/engineer/install/livox_sdk2/lib:/home/nhs/engineer/install/linefit_ground_segmentation/lib:/opt/ros/humble/opt/rviz_ogre_vendor/lib:/opt/ros/humble/lib/x86_64-linux-gnu:/opt/ros/humble/lib /usr/bin/cmake /home/nhs/engineer/src/rm_localization/point_lio -DROS_EDITION=ROS2 -DHUMBLE_ROS=humble -DCMAKE_INSTALL_PREFIX=/home/nhs/engineer/install/point_lio
[2.971s] Invoking command in '/home/nhs/engineer/build/point_lio': CMAKE_PREFIX_PATH=/home/nhs/engineer/install/livox_ros_driver2:/home/nhs/engineer/install/rmctrl_msgs:/home/nhs/engineer/install/rm_description:/home/nhs/engineer/install/pointcloud_to_laserscan:/home/nhs/engineer/install/point_lio:/home/nhs/engineer/install/pcd2pgm:/home/nhs/engineer/install/navi:/home/nhs/engineer/install/linefit_ground_segmentation_ros:/home/nhs/engineer/install/linefit_ground_segmentation:/home/nhs/engineer/install/bubble_protocol:/opt/ros/humble LD_LIBRARY_PATH=/home/nhs/engineer/install/livox_ros_driver2/lib:/home/nhs/engineer/install/rmctrl_msgs/lib:/home/nhs/engineer/install/pointcloud_to_laserscan/lib:/home/nhs/engineer/install/livox_sdk2/lib:/home/nhs/engineer/install/linefit_ground_segmentation/lib:/opt/ros/humble/opt/rviz_ogre_vendor/lib:/opt/ros/humble/lib/x86_64-linux-gnu:/opt/ros/humble/lib /usr/bin/cmake --build /home/nhs/engineer/build/point_lio -- -j8 -l8
[3.012s] [ 16%] [32mBuilding CXX object CMakeFiles/pointlio_mapping.dir/src/laserMapping.cpp.o[0m
[8.056s] In file included from [01m[K/usr/include/boost/smart_ptr/detail/sp_thread_sleep.hpp:22[m[K,
[8.056s]                  from [01m[K/usr/include/boost/smart_ptr/detail/yield_k.hpp:23[m[K,
[8.057s]                  from [01m[K/usr/include/boost/smart_ptr/detail/spinlock_gcc_atomic.hpp:14[m[K,
[8.057s]                  from [01m[K/usr/include/boost/smart_ptr/detail/spinlock.hpp:42[m[K,
[8.057s]                  from [01m[K/usr/include/boost/smart_ptr/detail/spinlock_pool.hpp:25[m[K,
[8.057s]                  from [01m[K/usr/include/boost/smart_ptr/shared_ptr.hpp:29[m[K,
[8.057s]                  from [01m[K/usr/include/boost/shared_ptr.hpp:17[m[K,
[8.057s]                  from [01m[K/usr/include/boost/date_time/microsec_time_clock.hpp:18[m[K,
[8.057s]                  from [01m[K/usr/include/boost/interprocess/detail/posix_time_types_wrk.hpp:31[m[K,
[8.057s]                  from [01m[K/usr/include/boost/interprocess/detail/os_thread_functions.hpp:36[m[K,
[8.057s]                  from [01m[K/usr/include/boost/interprocess/sync/file_lock.hpp:26[m[K,
[8.057s]                  from [01m[K/usr/include/pcl-1.12/pcl/io/pcd_io.h:46[m[K,
[8.057s]                  from [01m[K/opt/ros/humble/include/pcl_conversions/pcl_conversions/pcl_conversions.h:73[m[K,
[8.057s]                  from [01m[K/home/nhs/engineer/src/rm_localization/point_lio/src/IMU_Processing.hpp:20[m[K,
[8.057s]                  from [01m[K/home/nhs/engineer/src/rm_localization/point_lio/src/laserMapping.cpp:12[m[K:
[8.057s] [01m[K/usr/include/boost/bind.hpp:36:1:[m[K [01;36m[Knote: [m[K‘[01m[K#pragma message: The practice of declaring the Bind placeholders (_1, _2, ...) in the global namespace is deprecated. Please use <boost/bind/bind.hpp> + using namespace boost::placeholders, or define BOOST_BIND_GLOBAL_PLACEHOLDERS to retain the current behavior.[m[K’
[8.057s]    36 | [01;36m[KBOOST_PRAGMA_MESSAGE[m[K(
[8.057s]       | [01;36m[K^~~~~~~~~~~~~~~~~~~~[m[K
[44.238s] [ 66%] [32mBuilding CXX object CMakeFiles/pointlio_mapping.dir/src/Estimator.cpp.o[0m
[44.238s] [ 66%] [32mBuilding CXX object CMakeFiles/pointlio_mapping.dir/include/ikd-Tree/ikd_Tree.cpp.o[0m
[44.239s] [ 66%] [32mBuilding CXX object CMakeFiles/pointlio_mapping.dir/src/preprocess.cpp.o[0m
[44.239s] [ 83%] [32mBuilding CXX object CMakeFiles/pointlio_mapping.dir/src/parameters.cpp.o[0m
[45.717s] In file included from [01m[K/usr/include/boost/bind.hpp:30[m[K,
[45.718s]                  from [01m[K/home/nhs/engineer/src/rm_localization/point_lio/include/../include/IKFoM/IKFoM_toolkit/esekfom/esekfom.hpp:42[m[K,
[45.718s]                  from [01m[K/home/nhs/engineer/src/rm_localization/point_lio/src/Estimator.h:4[m[K,
[45.718s]                  from [01m[K/home/nhs/engineer/src/rm_localization/point_lio/src/Estimator.cpp:2[m[K:
[45.718s] [01m[K/usr/include/boost/bind.hpp:36:1:[m[K [01;36m[Knote: [m[K‘[01m[K#pragma message: The practice of declaring the Bind placeholders (_1, _2, ...) in the global namespace is deprecated. Please use <boost/bind/bind.hpp> + using namespace boost::placeholders, or define BOOST_BIND_GLOBAL_PLACEHOLDERS to retain the current behavior.[m[K’
[45.718s]    36 | [01;36m[KBOOST_PRAGMA_MESSAGE[m[K(
[45.718s]       | [01;36m[K^~~~~~~~~~~~~~~~~~~~[m[K
[56.713s] [100%] [32m[1mLinking CXX executable pointlio_mapping[0m
[57.374s] [100%] Built target pointlio_mapping
[57.382s] Invoked command in '/home/nhs/engineer/build/point_lio' returned '0': CMAKE_PREFIX_PATH=/home/nhs/engineer/install/livox_ros_driver2:/home/nhs/engineer/install/rmctrl_msgs:/home/nhs/engineer/install/rm_description:/home/nhs/engineer/install/pointcloud_to_laserscan:/home/nhs/engineer/install/point_lio:/home/nhs/engineer/install/pcd2pgm:/home/nhs/engineer/install/navi:/home/nhs/engineer/install/linefit_ground_segmentation_ros:/home/nhs/engineer/install/linefit_ground_segmentation:/home/nhs/engineer/install/bubble_protocol:/opt/ros/humble LD_LIBRARY_PATH=/home/nhs/engineer/install/livox_ros_driver2/lib:/home/nhs/engineer/install/rmctrl_msgs/lib:/home/nhs/engineer/install/pointcloud_to_laserscan/lib:/home/nhs/engineer/install/livox_sdk2/lib:/home/nhs/engineer/install/linefit_ground_segmentation/lib:/opt/ros/humble/opt/rviz_ogre_vendor/lib:/opt/ros/humble/lib/x86_64-linux-gnu:/opt/ros/humble/lib /usr/bin/cmake --build /home/nhs/engineer/build/point_lio -- -j8 -l8
[57.383s] Invoking command in '/home/nhs/engineer/build/point_lio': CMAKE_PREFIX_PATH=/home/nhs/engineer/install/livox_ros_driver2:/home/nhs/engineer/install/rmctrl_msgs:/home/nhs/engineer/install/rm_description:/home/nhs/engineer/install/pointcloud_to_laserscan:/home/nhs/engineer/install/point_lio:/home/nhs/engineer/install/pcd2pgm:/home/nhs/engineer/install/navi:/home/nhs/engineer/install/linefit_ground_segmentation_ros:/home/nhs/engineer/install/linefit_ground_segmentation:/home/nhs/engineer/install/bubble_protocol:/opt/ros/humble LD_LIBRARY_PATH=/home/nhs/engineer/install/livox_ros_driver2/lib:/home/nhs/engineer/install/rmctrl_msgs/lib:/home/nhs/engineer/install/pointcloud_to_laserscan/lib:/home/nhs/engineer/install/livox_sdk2/lib:/home/nhs/engineer/install/linefit_ground_segmentation/lib:/opt/ros/humble/opt/rviz_ogre_vendor/lib:/opt/ros/humble/lib/x86_64-linux-gnu:/opt/ros/humble/lib /usr/bin/cmake --install /home/nhs/engineer/build/point_lio
[57.388s] -- Install configuration: ""
[57.388s] -- Installing: /home/nhs/engineer/install/point_lio/lib/point_lio/pointlio_mapping
[57.389s] -- Set runtime path of "/home/nhs/engineer/install/point_lio/lib/point_lio/pointlio_mapping" to ""
[57.390s] -- Installing: /home/nhs/engineer/install/point_lio/share/point_lio/config
[57.390s] -- Installing: /home/nhs/engineer/install/point_lio/share/point_lio/config/velody16.yaml
[57.390s] -- Installing: /home/nhs/engineer/install/point_lio/share/point_lio/config/mid360.yaml
[57.390s] -- Installing: /home/nhs/engineer/install/point_lio/share/point_lio/config/ouster64.yaml
[57.390s] -- Installing: /home/nhs/engineer/install/point_lio/share/point_lio/config/horizon.yaml
[57.390s] -- Installing: /home/nhs/engineer/install/point_lio/share/point_lio/config/avia.yaml
[57.390s] -- Installing: /home/nhs/engineer/install/point_lio/share/point_lio/launch
[57.390s] -- Installing: /home/nhs/engineer/install/point_lio/share/point_lio/launch/mapping_avia.launch.py
[57.390s] -- Installing: /home/nhs/engineer/install/point_lio/share/point_lio/launch/mapping_velody16.launch.py
[57.390s] -- Installing: /home/nhs/engineer/install/point_lio/share/point_lio/launch/gdb_debug_example.launch.py
[57.391s] -- Installing: /home/nhs/engineer/install/point_lio/share/point_lio/launch/mapping_mid360.launch.py
[57.391s] -- Installing: /home/nhs/engineer/install/point_lio/share/point_lio/launch/mapping_ouster64.launch.py
[57.391s] -- Installing: /home/nhs/engineer/install/point_lio/share/point_lio/launch/mapping_horizon.launch.py
[57.391s] -- Installing: /home/nhs/engineer/install/point_lio/share/point_lio/rviz_cfg
[57.391s] -- Installing: /home/nhs/engineer/install/point_lio/share/point_lio/rviz_cfg/loam_livox.rviz
[57.391s] -- Installing: /home/nhs/engineer/install/point_lio/share/ament_index/resource_index/package_run_dependencies/point_lio
[57.391s] -- Installing: /home/nhs/engineer/install/point_lio/share/ament_index/resource_index/parent_prefix_path/point_lio
[57.391s] -- Installing: /home/nhs/engineer/install/point_lio/share/point_lio/environment/ament_prefix_path.sh
[57.391s] -- Installing: /home/nhs/engineer/install/point_lio/share/point_lio/environment/ament_prefix_path.dsv
[57.392s] -- Installing: /home/nhs/engineer/install/point_lio/share/point_lio/environment/path.sh
[57.392s] -- Installing: /home/nhs/engineer/install/point_lio/share/point_lio/environment/path.dsv
[57.392s] -- Installing: /home/nhs/engineer/install/point_lio/share/point_lio/local_setup.bash
[57.392s] -- Installing: /home/nhs/engineer/install/point_lio/share/point_lio/local_setup.sh
[57.392s] -- Installing: /home/nhs/engineer/install/point_lio/share/point_lio/local_setup.zsh
[57.392s] -- Installing: /home/nhs/engineer/install/point_lio/share/point_lio/local_setup.dsv
[57.392s] -- Installing: /home/nhs/engineer/install/point_lio/share/point_lio/package.dsv
[57.392s] -- Installing: /home/nhs/engineer/install/point_lio/share/ament_index/resource_index/packages/point_lio
[57.392s] -- Installing: /home/nhs/engineer/install/point_lio/share/point_lio/cmake/ament_cmake_export_dependencies-extras.cmake
[57.393s] -- Installing: /home/nhs/engineer/install/point_lio/share/point_lio/cmake/point_lioConfig.cmake
[57.393s] -- Installing: /home/nhs/engineer/install/point_lio/share/point_lio/cmake/point_lioConfig-version.cmake
[57.393s] -- Installing: /home/nhs/engineer/install/point_lio/share/point_lio/package.xml
[57.394s] Invoked command in '/home/nhs/engineer/build/point_lio' returned '0': CMAKE_PREFIX_PATH=/home/nhs/engineer/install/livox_ros_driver2:/home/nhs/engineer/install/rmctrl_msgs:/home/nhs/engineer/install/rm_description:/home/nhs/engineer/install/pointcloud_to_laserscan:/home/nhs/engineer/install/point_lio:/home/nhs/engineer/install/pcd2pgm:/home/nhs/engineer/install/navi:/home/nhs/engineer/install/linefit_ground_segmentation_ros:/home/nhs/engineer/install/linefit_ground_segmentation:/home/nhs/engineer/install/bubble_protocol:/opt/ros/humble LD_LIBRARY_PATH=/home/nhs/engineer/install/livox_ros_driver2/lib:/home/nhs/engineer/install/rmctrl_msgs/lib:/home/nhs/engineer/install/pointcloud_to_laserscan/lib:/home/nhs/engineer/install/livox_sdk2/lib:/home/nhs/engineer/install/linefit_ground_segmentation/lib:/opt/ros/humble/opt/rviz_ogre_vendor/lib:/opt/ros/humble/lib/x86_64-linux-gnu:/opt/ros/humble/lib /usr/bin/cmake --install /home/nhs/engineer/build/point_lio
