[0.216s] Invoking command in '/home/zrk/engineer_up/engineer/build/pcd2pgm': CMAKE_PREFIX_PATH=/opt/ros/humble /usr/bin/cmake --build /home/zrk/engineer_up/engineer/build/pcd2pgm -- -j16 -l16
[0.285s] [100%] Built target pcd2pgm
[0.326s] Invoked command in '/home/zrk/engineer_up/engineer/build/pcd2pgm' returned '0': CMAKE_PREFIX_PATH=/opt/ros/humble /usr/bin/cmake --build /home/zrk/engineer_up/engineer/build/pcd2pgm -- -j16 -l16
[0.327s] Invoking command in '/home/zrk/engineer_up/engineer/build/pcd2pgm': CMAKE_PREFIX_PATH=/opt/ros/humble /usr/bin/cmake --install /home/zrk/engineer_up/engineer/build/pcd2pgm
[0.334s] -- Install configuration: ""
[0.335s] -- Up-to-date: /home/zrk/engineer_up/engineer/install/pcd2pgm/lib/pcd2pgm/pcd2pgm
[0.335s] -- Up-to-date: /home/zrk/engineer_up/engineer/install/pcd2pgm/share/pcd2pgm/launch
[0.335s] -- Up-to-date: /home/zrk/engineer_up/engineer/install/pcd2pgm/share/pcd2pgm/launch/pcd2pgm.launch.py
[0.335s] -- Up-to-date: /home/zrk/engineer_up/engineer/install/pcd2pgm/share/pcd2pgm/config
[0.335s] -- Up-to-date: /home/zrk/engineer_up/engineer/install/pcd2pgm/share/pcd2pgm/config/pcd2pgm.yaml
[0.335s] -- Up-to-date: /home/zrk/engineer_up/engineer/install/pcd2pgm/share/pcd2pgm/map
[0.335s] -- Up-to-date: /home/zrk/engineer_up/engineer/install/pcd2pgm/share/pcd2pgm/map/test.yaml
[0.335s] -- Up-to-date: /home/zrk/engineer_up/engineer/install/pcd2pgm/share/pcd2pgm/map/test.pgm
[0.335s] -- Up-to-date: /home/zrk/engineer_up/engineer/install/pcd2pgm/share/ament_index/resource_index/package_run_dependencies/pcd2pgm
[0.335s] -- Up-to-date: /home/zrk/engineer_up/engineer/install/pcd2pgm/share/ament_index/resource_index/parent_prefix_path/pcd2pgm
[0.335s] -- Up-to-date: /home/zrk/engineer_up/engineer/install/pcd2pgm/share/pcd2pgm/environment/ament_prefix_path.sh
[0.336s] -- Up-to-date: /home/zrk/engineer_up/engineer/install/pcd2pgm/share/pcd2pgm/environment/ament_prefix_path.dsv
[0.336s] -- Up-to-date: /home/zrk/engineer_up/engineer/install/pcd2pgm/share/pcd2pgm/environment/path.sh
[0.336s] -- Up-to-date: /home/zrk/engineer_up/engineer/install/pcd2pgm/share/pcd2pgm/environment/path.dsv
[0.336s] -- Up-to-date: /home/zrk/engineer_up/engineer/install/pcd2pgm/share/pcd2pgm/local_setup.bash
[0.336s] -- Up-to-date: /home/zrk/engineer_up/engineer/install/pcd2pgm/share/pcd2pgm/local_setup.sh
[0.336s] -- Up-to-date: /home/zrk/engineer_up/engineer/install/pcd2pgm/share/pcd2pgm/local_setup.zsh
[0.336s] -- Up-to-date: /home/zrk/engineer_up/engineer/install/pcd2pgm/share/pcd2pgm/local_setup.dsv
[0.336s] -- Up-to-date: /home/zrk/engineer_up/engineer/install/pcd2pgm/share/pcd2pgm/package.dsv
[0.336s] -- Up-to-date: /home/zrk/engineer_up/engineer/install/pcd2pgm/share/ament_index/resource_index/packages/pcd2pgm
[0.336s] -- Up-to-date: /home/zrk/engineer_up/engineer/install/pcd2pgm/share/pcd2pgm/cmake/pcd2pgmConfig.cmake
[0.336s] -- Up-to-date: /home/zrk/engineer_up/engineer/install/pcd2pgm/share/pcd2pgm/cmake/pcd2pgmConfig-version.cmake
[0.336s] -- Up-to-date: /home/zrk/engineer_up/engineer/install/pcd2pgm/share/pcd2pgm/package.xml
[0.342s] Invoked command in '/home/zrk/engineer_up/engineer/build/pcd2pgm' returned '0': CMAKE_PREFIX_PATH=/opt/ros/humble /usr/bin/cmake --install /home/zrk/engineer_up/engineer/build/pcd2pgm
