[0.208s] Invoking command in '/home/zrk/engineer_up/engineer/build/livox_sdk2': /usr/bin/cmake /home/zrk/engineer_up/engineer/src/rm_driver/Livox-SDK2 -DCMAKE_INSTALL_PREFIX=/home/zrk/engineer_up/engineer/install/livox_sdk2
[0.220s] -- main project dir: /home/zrk/engineer_up/engineer/src/rm_driver/Livox-SDK2
[0.220s] -- main project dir: /home/zrk/engineer_up/engineer/src/rm_driver/Livox-SDK2/samples
[0.220s] -- Configuring done
[0.239s] -- Generating done
[0.246s] -- Build files have been written to: /home/zrk/engineer_up/engineer/build/livox_sdk2
[0.249s] Invoked command in '/home/zrk/engineer_up/engineer/build/livox_sdk2' returned '0': /usr/bin/cmake /home/zrk/engineer_up/engineer/src/rm_driver/Livox-SDK2 -DCMAKE_INSTALL_PREFIX=/home/zrk/engineer_up/engineer/install/livox_sdk2
[0.252s] Invoking command in '/home/zrk/engineer_up/engineer/build/livox_sdk2': /usr/bin/cmake --build /home/zrk/engineer_up/engineer/build/livox_sdk2 -- -j16 -l16
[0.306s] [35m[1mConsolidate compiler generated dependencies of target livox_lidar_sdk_static[0m
[0.306s] [35m[1mConsolidate compiler generated dependencies of target livox_lidar_sdk_shared[0m
[0.344s] [ 42%] Built target livox_lidar_sdk_static
[0.353s] [ 84%] Built target livox_lidar_sdk_shared
[0.356s] [35m[1mConsolidate compiler generated dependencies of target livox_lidar_quick_start[0m
[0.356s] [35m[1mConsolidate compiler generated dependencies of target lidar_cmd_observer[0m
[0.356s] [35m[1mConsolidate compiler generated dependencies of target multi_lidars_upgrade[0m
[0.356s] [35m[1mConsolidate compiler generated dependencies of target debug_point_cloud[0m
[0.356s] [35m[1mConsolidate compiler generated dependencies of target logger[0m
[0.357s] [35m[1mConsolidate compiler generated dependencies of target livox_lidar_rmc_time_sync[0m
[0.370s] [ 90%] Built target livox_lidar_quick_start
[0.371s] [ 90%] Built target multi_lidars_upgrade
[0.371s] [ 92%] Built target logger
[0.372s] [ 93%] Built target debug_point_cloud
[0.372s] [ 96%] Built target lidar_cmd_observer
[0.376s] [100%] Built target livox_lidar_rmc_time_sync
[0.393s] Invoked command in '/home/zrk/engineer_up/engineer/build/livox_sdk2' returned '0': /usr/bin/cmake --build /home/zrk/engineer_up/engineer/build/livox_sdk2 -- -j16 -l16
[0.403s] Invoking command in '/home/zrk/engineer_up/engineer/build/livox_sdk2': /usr/bin/cmake --install /home/zrk/engineer_up/engineer/build/livox_sdk2
[0.410s] -- Install configuration: ""
[0.410s] -- Up-to-date: /home/zrk/engineer_up/engineer/install/livox_sdk2/lib/liblivox_lidar_sdk_static.a
[0.410s] -- Up-to-date: /home/zrk/engineer_up/engineer/install/livox_sdk2/include/livox_lidar_def.h
[0.410s] -- Up-to-date: /home/zrk/engineer_up/engineer/install/livox_sdk2/include/livox_lidar_api.h
[0.410s] -- Up-to-date: /home/zrk/engineer_up/engineer/install/livox_sdk2/include/livox_lidar_cfg.h
[0.410s] -- Up-to-date: /home/zrk/engineer_up/engineer/install/livox_sdk2/lib/liblivox_lidar_sdk_shared.so
[0.414s] Invoked command in '/home/zrk/engineer_up/engineer/build/livox_sdk2' returned '0': /usr/bin/cmake --install /home/zrk/engineer_up/engineer/build/livox_sdk2
