[0.029s] Invoking command in '/home/nhs/engineer/build/point_lio': AMENT_PREFIX_PATH=/home/nhs/engineer/install/livox_ros_driver2:${AMENT_PREFIX_PATH} CMAKE_PREFIX_PATH=/home/nhs/engineer/install/livox_ros_driver2:/opt/ros/humble LD_LIBRARY_PATH=/home/nhs/engineer/install/livox_ros_driver2/lib:${LD_LIBRARY_PATH} PYTHONPATH=/home/nhs/engineer/install/livox_ros_driver2/local/lib/python3.10/dist-packages:${PYTHONPATH} /usr/bin/cmake --build /home/nhs/engineer/build/point_lio -- -j8 -l8
[0.123s] [100%] Built target pointlio_mapping
[0.133s] Invoked command in '/home/nhs/engineer/build/point_lio' returned '0': AMENT_PREFIX_PATH=/home/nhs/engineer/install/livox_ros_driver2:${AMENT_PREFIX_PATH} CMAKE_PREFIX_PATH=/home/nhs/engineer/install/livox_ros_driver2:/opt/ros/humble LD_LIBRARY_PATH=/home/nhs/engineer/install/livox_ros_driver2/lib:${LD_LIBRARY_PATH} PYTHONPATH=/home/nhs/engineer/install/livox_ros_driver2/local/lib/python3.10/dist-packages:${PYTHONPATH} /usr/bin/cmake --build /home/nhs/engineer/build/point_lio -- -j8 -l8
[0.135s] Invoking command in '/home/nhs/engineer/build/point_lio': AMENT_PREFIX_PATH=/home/nhs/engineer/install/livox_ros_driver2:${AMENT_PREFIX_PATH} CMAKE_PREFIX_PATH=/home/nhs/engineer/install/livox_ros_driver2:/opt/ros/humble LD_LIBRARY_PATH=/home/nhs/engineer/install/livox_ros_driver2/lib:${LD_LIBRARY_PATH} PYTHONPATH=/home/nhs/engineer/install/livox_ros_driver2/local/lib/python3.10/dist-packages:${PYTHONPATH} /usr/bin/cmake --install /home/nhs/engineer/build/point_lio
[0.141s] -- Install configuration: ""
[0.141s] -- Up-to-date: /home/nhs/engineer/install/point_lio/lib/point_lio/pointlio_mapping
[0.141s] -- Up-to-date: /home/nhs/engineer/install/point_lio/share/point_lio/config
[0.141s] -- Up-to-date: /home/nhs/engineer/install/point_lio/share/point_lio/config/velody16.yaml
[0.142s] -- Up-to-date: /home/nhs/engineer/install/point_lio/share/point_lio/config/mid360.yaml
[0.142s] -- Up-to-date: /home/nhs/engineer/install/point_lio/share/point_lio/config/ouster64.yaml
[0.142s] -- Up-to-date: /home/nhs/engineer/install/point_lio/share/point_lio/config/horizon.yaml
[0.142s] -- Up-to-date: /home/nhs/engineer/install/point_lio/share/point_lio/config/avia.yaml
[0.142s] -- Up-to-date: /home/nhs/engineer/install/point_lio/share/point_lio/launch
[0.142s] -- Up-to-date: /home/nhs/engineer/install/point_lio/share/point_lio/launch/mapping_avia.launch.py
[0.142s] -- Up-to-date: /home/nhs/engineer/install/point_lio/share/point_lio/launch/mapping_velody16.launch.py
[0.142s] -- Up-to-date: /home/nhs/engineer/install/point_lio/share/point_lio/launch/gdb_debug_example.launch.py
[0.142s] -- Up-to-date: /home/nhs/engineer/install/point_lio/share/point_lio/launch/mapping_mid360.launch.py
[0.142s] -- Up-to-date: /home/nhs/engineer/install/point_lio/share/point_lio/launch/mapping_ouster64.launch.py
[0.142s] -- Up-to-date: /home/nhs/engineer/install/point_lio/share/point_lio/launch/mapping_horizon.launch.py
[0.142s] -- Up-to-date: /home/nhs/engineer/install/point_lio/share/point_lio/rviz_cfg
[0.142s] -- Up-to-date: /home/nhs/engineer/install/point_lio/share/point_lio/rviz_cfg/loam_livox.rviz
[0.142s] -- Up-to-date: /home/nhs/engineer/install/point_lio/share/ament_index/resource_index/package_run_dependencies/point_lio
[0.143s] -- Up-to-date: /home/nhs/engineer/install/point_lio/share/ament_index/resource_index/parent_prefix_path/point_lio
[0.143s] -- Up-to-date: /home/nhs/engineer/install/point_lio/share/point_lio/environment/ament_prefix_path.sh
[0.143s] -- Up-to-date: /home/nhs/engineer/install/point_lio/share/point_lio/environment/ament_prefix_path.dsv
[0.143s] -- Up-to-date: /home/nhs/engineer/install/point_lio/share/point_lio/environment/path.sh
[0.143s] -- Up-to-date: /home/nhs/engineer/install/point_lio/share/point_lio/environment/path.dsv
[0.143s] -- Up-to-date: /home/nhs/engineer/install/point_lio/share/point_lio/local_setup.bash
[0.143s] -- Up-to-date: /home/nhs/engineer/install/point_lio/share/point_lio/local_setup.sh
[0.143s] -- Up-to-date: /home/nhs/engineer/install/point_lio/share/point_lio/local_setup.zsh
[0.143s] -- Up-to-date: /home/nhs/engineer/install/point_lio/share/point_lio/local_setup.dsv
[0.143s] -- Installing: /home/nhs/engineer/install/point_lio/share/point_lio/package.dsv
[0.143s] -- Up-to-date: /home/nhs/engineer/install/point_lio/share/ament_index/resource_index/packages/point_lio
[0.143s] -- Up-to-date: /home/nhs/engineer/install/point_lio/share/point_lio/cmake/ament_cmake_export_dependencies-extras.cmake
[0.143s] -- Up-to-date: /home/nhs/engineer/install/point_lio/share/point_lio/cmake/point_lioConfig.cmake
[0.143s] -- Up-to-date: /home/nhs/engineer/install/point_lio/share/point_lio/cmake/point_lioConfig-version.cmake
[0.144s] -- Up-to-date: /home/nhs/engineer/install/point_lio/share/point_lio/package.xml
[0.145s] Invoked command in '/home/nhs/engineer/build/point_lio' returned '0': AMENT_PREFIX_PATH=/home/nhs/engineer/install/livox_ros_driver2:${AMENT_PREFIX_PATH} CMAKE_PREFIX_PATH=/home/nhs/engineer/install/livox_ros_driver2:/opt/ros/humble LD_LIBRARY_PATH=/home/nhs/engineer/install/livox_ros_driver2/lib:${LD_LIBRARY_PATH} PYTHONPATH=/home/nhs/engineer/install/livox_ros_driver2/local/lib/python3.10/dist-packages:${PYTHONPATH} /usr/bin/cmake --install /home/nhs/engineer/build/point_lio
