[0.012s] Invoking command in '/home/nhs/engineer/build/linefit_ground_segmentation_ros': CMAKE_PREFIX_PATH=/home/nhs/engineer/install/linefit_ground_segmentation:/home/nhs/engineer/install/rmctrl_msgs:/home/nhs/engineer/install/rm_description:/home/nhs/engineer/install/pointcloud_to_laserscan:/home/nhs/engineer/install/point_lio:/home/nhs/engineer/install/pcd2pgm:/home/nhs/engineer/install/navi:/home/nhs/engineer/install/livox_ros_driver2:/home/nhs/engineer/install/linefit_ground_segmentation_ros:/home/nhs/engineer/install/bubble_protocol:/opt/ros/humble LD_LIBRARY_PATH=/home/nhs/engineer/install/linefit_ground_segmentation/lib:/home/nhs/engineer/install/rmctrl_msgs/lib:/home/nhs/engineer/install/pointcloud_to_laserscan/lib:/home/nhs/engineer/install/livox_sdk2/lib:/home/nhs/engineer/install/livox_ros_driver2/lib:/opt/ros/humble/opt/rviz_ogre_vendor/lib:/opt/ros/humble/lib/x86_64-linux-gnu:/opt/ros/humble/lib /usr/bin/cmake /home/nhs/engineer/src/rm_perception/linefit_ground_segementation_ros2/linefit_ground_segmentation_ros -DROS_EDITION=ROS2 -DHUMBLE_ROS=humble -DCMAKE_INSTALL_PREFIX=/home/nhs/engineer/install/linefit_ground_segmentation_ros
[0.083s] -- The C compiler identification is GNU 11.4.0
[0.133s] -- The CXX compiler identification is GNU 11.4.0
[0.143s] -- Detecting C compiler ABI info
[0.206s] -- Detecting C compiler ABI info - done
[0.212s] -- Check for working C compiler: /usr/bin/cc - skipped
[0.212s] -- Detecting C compile features
[0.213s] -- Detecting C compile features - done
[0.216s] -- Detecting CXX compiler ABI info
[0.295s] -- Detecting CXX compiler ABI info - done
[0.305s] -- Check for working CXX compiler: /usr/bin/c++ - skipped
[0.305s] -- Detecting CXX compile features
[0.306s] -- Detecting CXX compile features - done
[0.309s] -- Found ament_cmake_auto: 1.3.12 (/opt/ros/humble/share/ament_cmake_auto/cmake)
[0.466s] -- Found Python3: /usr/bin/python3 (found version "3.10.12") found components: Interpreter 
[0.715s] -- Found rosidl_generator_c: 3.1.7 (/opt/ros/humble/share/rosidl_generator_c/cmake)
[0.722s] -- Found rosidl_adapter: 3.1.7 (/opt/ros/humble/share/rosidl_adapter/cmake)
[0.732s] -- Found rosidl_generator_cpp: 3.1.7 (/opt/ros/humble/share/rosidl_generator_cpp/cmake)
[0.748s] -- Using all available rosidl_typesupport_c: rosidl_typesupport_fastrtps_c;rosidl_typesupport_introspection_c
[0.770s] -- Using all available rosidl_typesupport_cpp: rosidl_typesupport_fastrtps_cpp;rosidl_typesupport_introspection_cpp
[0.829s] -- Found rmw_implementation_cmake: 6.1.2 (/opt/ros/humble/share/rmw_implementation_cmake/cmake)
[0.832s] -- Found rmw_fastrtps_cpp: 6.2.8 (/opt/ros/humble/share/rmw_fastrtps_cpp/cmake)
[0.936s] -- Found OpenSSL: /usr/lib/x86_64-linux-gnu/libcrypto.so (found version "3.0.2")  
[0.968s] -- Found FastRTPS: /opt/ros/humble/include  
[1.016s] -- Using RMW implementation 'rmw_fastrtps_cpp' as default
[1.027s] -- Looking for pthread.h
[1.108s] -- Looking for pthread.h - found
[1.108s] -- Performing Test CMAKE_HAVE_LIBC_PTHREAD
[1.191s] -- Performing Test CMAKE_HAVE_LIBC_PTHREAD - Success
[1.193s] -- Found Threads: TRUE  
[1.495s] -- Checking for module 'eigen3'
[1.511s] --   Found eigen3, version 3.4.0
[1.551s] -- Found Eigen: /usr/include/eigen3 (Required is at least version "3.1") 
[1.551s] -- Eigen found (include: /usr/include/eigen3, version: 3.4.0)
[1.592s] -- Checking for module 'flann'
[1.608s] --   Found flann, version 1.9.1
[1.655s] -- Found FLANN: /usr/lib/x86_64-linux-gnu/libflann_cpp.so  
[1.656s] -- FLANN found (include: /usr/include, lib: /usr/lib/x86_64-linux-gnu/libflann_cpp.so)
[2.611s] -- Checking for module 'libusb-1.0'
[2.628s] --   Found libusb-1.0, version 1.0.25
[2.668s] -- Found libusb: /usr/lib/x86_64-linux-gnu/libusb-1.0.so  
[2.670s] -- OpenNI found (version: 1.5.4.0, include: /usr/include/ni, lib: /usr/lib/libOpenNI.so;libusb::libusb)
[2.739s] -- OpenNI2 found (version: 2.2.0.33, include: /usr/include/openni2, lib: /usr/lib/x86_64-linux-gnu/libOpenNI2.so;libusb::libusb)
[2.940s] -- Eigen found (include: /usr/include/eigen3, version: 3.4.0)
[2.948s] -- OpenNI found (version: 1.5.4.0, include: /usr/include/ni, lib: /usr/lib/libOpenNI.so;libusb::libusb)
[2.956s] -- OpenNI2 found (version: 2.2.0.33, include: /usr/include/openni2, lib: /usr/lib/x86_64-linux-gnu/libOpenNI2.so;libusb::libusb)
[3.147s] -- Found Qhull version 8.0.2
[3.342s] -- OpenNI found (version: 1.5.4.0, include: /usr/include/ni, lib: /usr/lib/libOpenNI.so;libusb::libusb)
[3.532s] -- Found PCL_COMMON: /usr/lib/x86_64-linux-gnu/libpcl_common.so  
[3.534s] -- Found PCL_KDTREE: /usr/lib/x86_64-linux-gnu/libpcl_kdtree.so  
[3.535s] -- Found PCL_OCTREE: /usr/lib/x86_64-linux-gnu/libpcl_octree.so  
[3.536s] -- Found PCL_SEARCH: /usr/lib/x86_64-linux-gnu/libpcl_search.so  
[3.537s] -- Found PCL_SAMPLE_CONSENSUS: /usr/lib/x86_64-linux-gnu/libpcl_sample_consensus.so  
[3.538s] -- Found PCL_FILTERS: /usr/lib/x86_64-linux-gnu/libpcl_filters.so  
[3.539s] -- Found PCL_2D: /usr/include/pcl-1.12  
[3.539s] -- Found PCL_GEOMETRY: /usr/include/pcl-1.12  
[3.541s] -- Found PCL_IO: /usr/lib/x86_64-linux-gnu/libpcl_io.so  
[3.542s] -- Found PCL_FEATURES: /usr/lib/x86_64-linux-gnu/libpcl_features.so  
[3.543s] -- Found PCL_ML: /usr/lib/x86_64-linux-gnu/libpcl_ml.so  
[3.545s] -- Found PCL_SEGMENTATION: /usr/lib/x86_64-linux-gnu/libpcl_segmentation.so  
[3.546s] -- Found PCL_VISUALIZATION: /usr/lib/x86_64-linux-gnu/libpcl_visualization.so  
[3.547s] -- Found PCL_SURFACE: /usr/lib/x86_64-linux-gnu/libpcl_surface.so  
[3.549s] -- Found PCL_REGISTRATION: /usr/lib/x86_64-linux-gnu/libpcl_registration.so  
[3.550s] -- Found PCL_KEYPOINTS: /usr/lib/x86_64-linux-gnu/libpcl_keypoints.so  
[3.551s] -- Found PCL_TRACKING: /usr/lib/x86_64-linux-gnu/libpcl_tracking.so  
[3.553s] -- Found PCL_RECOGNITION: /usr/lib/x86_64-linux-gnu/libpcl_recognition.so  
[3.554s] -- Found PCL_STEREO: /usr/lib/x86_64-linux-gnu/libpcl_stereo.so  
[3.555s] -- Found PCL_APPS: /usr/lib/x86_64-linux-gnu/libpcl_apps.so  
[3.556s] -- Found PCL_IN_HAND_SCANNER: /usr/include/pcl-1.12  
[3.556s] -- Found PCL_MODELER: /usr/include/pcl-1.12  
[3.557s] -- Found PCL_POINT_CLOUD_EDITOR: /usr/include/pcl-1.12  
[3.558s] -- Found PCL_OUTOFCORE: /usr/lib/x86_64-linux-gnu/libpcl_outofcore.so  
[3.559s] -- Found PCL_PEOPLE: /usr/lib/x86_64-linux-gnu/libpcl_people.so  
[3.588s] -- Found eigen3_cmake_module: 0.1.1 (/opt/ros/humble/share/eigen3_cmake_module/cmake)
[3.589s] -- Found Eigen3: TRUE (found version "3.4.0") 
[3.590s] -- Ensuring Eigen3 include directory is part of orocos-kdl CMake target
[3.630s] -- Configuring done
[3.713s] -- Generating done
[3.715s] [33mCMake Warning:
[3.715s]   Manually-specified variables were not used by the project:
[3.715s] 
[3.715s]     HUMBLE_ROS
[3.715s]     ROS_EDITION
[3.716s] 
[3.716s] [0m
[3.737s] -- Build files have been written to: /home/nhs/engineer/build/linefit_ground_segmentation_ros
[3.761s] Invoked command in '/home/nhs/engineer/build/linefit_ground_segmentation_ros' returned '0': CMAKE_PREFIX_PATH=/home/nhs/engineer/install/linefit_ground_segmentation:/home/nhs/engineer/install/rmctrl_msgs:/home/nhs/engineer/install/rm_description:/home/nhs/engineer/install/pointcloud_to_laserscan:/home/nhs/engineer/install/point_lio:/home/nhs/engineer/install/pcd2pgm:/home/nhs/engineer/install/navi:/home/nhs/engineer/install/livox_ros_driver2:/home/nhs/engineer/install/linefit_ground_segmentation_ros:/home/nhs/engineer/install/bubble_protocol:/opt/ros/humble LD_LIBRARY_PATH=/home/nhs/engineer/install/linefit_ground_segmentation/lib:/home/nhs/engineer/install/rmctrl_msgs/lib:/home/nhs/engineer/install/pointcloud_to_laserscan/lib:/home/nhs/engineer/install/livox_sdk2/lib:/home/nhs/engineer/install/livox_ros_driver2/lib:/opt/ros/humble/opt/rviz_ogre_vendor/lib:/opt/ros/humble/lib/x86_64-linux-gnu:/opt/ros/humble/lib /usr/bin/cmake /home/nhs/engineer/src/rm_perception/linefit_ground_segementation_ros2/linefit_ground_segmentation_ros -DROS_EDITION=ROS2 -DHUMBLE_ROS=humble -DCMAKE_INSTALL_PREFIX=/home/nhs/engineer/install/linefit_ground_segmentation_ros
[3.763s] Invoking command in '/home/nhs/engineer/build/linefit_ground_segmentation_ros': CMAKE_PREFIX_PATH=/home/nhs/engineer/install/linefit_ground_segmentation:/home/nhs/engineer/install/rmctrl_msgs:/home/nhs/engineer/install/rm_description:/home/nhs/engineer/install/pointcloud_to_laserscan:/home/nhs/engineer/install/point_lio:/home/nhs/engineer/install/pcd2pgm:/home/nhs/engineer/install/navi:/home/nhs/engineer/install/livox_ros_driver2:/home/nhs/engineer/install/linefit_ground_segmentation_ros:/home/nhs/engineer/install/bubble_protocol:/opt/ros/humble LD_LIBRARY_PATH=/home/nhs/engineer/install/linefit_ground_segmentation/lib:/home/nhs/engineer/install/rmctrl_msgs/lib:/home/nhs/engineer/install/pointcloud_to_laserscan/lib:/home/nhs/engineer/install/livox_sdk2/lib:/home/nhs/engineer/install/livox_ros_driver2/lib:/opt/ros/humble/opt/rviz_ogre_vendor/lib:/opt/ros/humble/lib/x86_64-linux-gnu:/opt/ros/humble/lib /usr/bin/cmake --build /home/nhs/engineer/build/linefit_ground_segmentation_ros -- -j8 -l8
[3.824s] [ 25%] [32mBuilding CXX object CMakeFiles/ground_segmentation_node.dir/src/ground_segmentation_node.cc.o[0m
[24.823s] [ 50%] [32m[1mLinking CXX executable ground_segmentation_node[0m
[25.422s] [ 50%] Built target ground_segmentation_node
[25.439s] [ 75%] [32mBuilding CXX object CMakeFiles/ground_segmentation_test_node.dir/src/ground_segmentation_test_node.cc.o[0m
[32.553s] [100%] [32m[1mLinking CXX executable ground_segmentation_test_node[0m
[32.988s] [100%] Built target ground_segmentation_test_node
[32.996s] Invoked command in '/home/nhs/engineer/build/linefit_ground_segmentation_ros' returned '0': CMAKE_PREFIX_PATH=/home/nhs/engineer/install/linefit_ground_segmentation:/home/nhs/engineer/install/rmctrl_msgs:/home/nhs/engineer/install/rm_description:/home/nhs/engineer/install/pointcloud_to_laserscan:/home/nhs/engineer/install/point_lio:/home/nhs/engineer/install/pcd2pgm:/home/nhs/engineer/install/navi:/home/nhs/engineer/install/livox_ros_driver2:/home/nhs/engineer/install/linefit_ground_segmentation_ros:/home/nhs/engineer/install/bubble_protocol:/opt/ros/humble LD_LIBRARY_PATH=/home/nhs/engineer/install/linefit_ground_segmentation/lib:/home/nhs/engineer/install/rmctrl_msgs/lib:/home/nhs/engineer/install/pointcloud_to_laserscan/lib:/home/nhs/engineer/install/livox_sdk2/lib:/home/nhs/engineer/install/livox_ros_driver2/lib:/opt/ros/humble/opt/rviz_ogre_vendor/lib:/opt/ros/humble/lib/x86_64-linux-gnu:/opt/ros/humble/lib /usr/bin/cmake --build /home/nhs/engineer/build/linefit_ground_segmentation_ros -- -j8 -l8
[32.998s] Invoking command in '/home/nhs/engineer/build/linefit_ground_segmentation_ros': CMAKE_PREFIX_PATH=/home/nhs/engineer/install/linefit_ground_segmentation:/home/nhs/engineer/install/rmctrl_msgs:/home/nhs/engineer/install/rm_description:/home/nhs/engineer/install/pointcloud_to_laserscan:/home/nhs/engineer/install/point_lio:/home/nhs/engineer/install/pcd2pgm:/home/nhs/engineer/install/navi:/home/nhs/engineer/install/livox_ros_driver2:/home/nhs/engineer/install/linefit_ground_segmentation_ros:/home/nhs/engineer/install/bubble_protocol:/opt/ros/humble LD_LIBRARY_PATH=/home/nhs/engineer/install/linefit_ground_segmentation/lib:/home/nhs/engineer/install/rmctrl_msgs/lib:/home/nhs/engineer/install/pointcloud_to_laserscan/lib:/home/nhs/engineer/install/livox_sdk2/lib:/home/nhs/engineer/install/livox_ros_driver2/lib:/opt/ros/humble/opt/rviz_ogre_vendor/lib:/opt/ros/humble/lib/x86_64-linux-gnu:/opt/ros/humble/lib /usr/bin/cmake --install /home/nhs/engineer/build/linefit_ground_segmentation_ros
[33.003s] -- Install configuration: ""
[33.004s] -- Installing: /home/nhs/engineer/install/linefit_ground_segmentation_ros/lib/linefit_ground_segmentation_ros/ground_segmentation_node
[33.004s] -- Set runtime path of "/home/nhs/engineer/install/linefit_ground_segmentation_ros/lib/linefit_ground_segmentation_ros/ground_segmentation_node" to ""
[33.004s] -- Installing: /home/nhs/engineer/install/linefit_ground_segmentation_ros/lib/linefit_ground_segmentation_ros/ground_segmentation_test_node
[33.004s] -- Set runtime path of "/home/nhs/engineer/install/linefit_ground_segmentation_ros/lib/linefit_ground_segmentation_ros/ground_segmentation_test_node" to ""
[33.004s] -- Installing: /home/nhs/engineer/install/linefit_ground_segmentation_ros/share/linefit_ground_segmentation_ros/launch
[33.004s] -- Installing: /home/nhs/engineer/install/linefit_ground_segmentation_ros/share/linefit_ground_segmentation_ros/launch/segmentation.launch.py
[33.005s] -- Installing: /home/nhs/engineer/install/linefit_ground_segmentation_ros/share/linefit_ground_segmentation_ros/launch/segmentation_params.yaml
[33.005s] -- Installing: /home/nhs/engineer/install/linefit_ground_segmentation_ros/share/linefit_ground_segmentation_ros/launch/test.launch.py
[33.005s] -- Installing: /home/nhs/engineer/install/linefit_ground_segmentation_ros/share/ament_index/resource_index/package_run_dependencies/linefit_ground_segmentation_ros
[33.005s] -- Installing: /home/nhs/engineer/install/linefit_ground_segmentation_ros/share/ament_index/resource_index/parent_prefix_path/linefit_ground_segmentation_ros
[33.005s] -- Installing: /home/nhs/engineer/install/linefit_ground_segmentation_ros/share/linefit_ground_segmentation_ros/environment/ament_prefix_path.sh
[33.005s] -- Installing: /home/nhs/engineer/install/linefit_ground_segmentation_ros/share/linefit_ground_segmentation_ros/environment/ament_prefix_path.dsv
[33.005s] -- Installing: /home/nhs/engineer/install/linefit_ground_segmentation_ros/share/linefit_ground_segmentation_ros/environment/path.sh
[33.005s] -- Installing: /home/nhs/engineer/install/linefit_ground_segmentation_ros/share/linefit_ground_segmentation_ros/environment/path.dsv
[33.006s] -- Installing: /home/nhs/engineer/install/linefit_ground_segmentation_ros/share/linefit_ground_segmentation_ros/local_setup.bash
[33.006s] -- Installing: /home/nhs/engineer/install/linefit_ground_segmentation_ros/share/linefit_ground_segmentation_ros/local_setup.sh
[33.006s] -- Installing: /home/nhs/engineer/install/linefit_ground_segmentation_ros/share/linefit_ground_segmentation_ros/local_setup.zsh
[33.006s] -- Installing: /home/nhs/engineer/install/linefit_ground_segmentation_ros/share/linefit_ground_segmentation_ros/local_setup.dsv
[33.006s] -- Installing: /home/nhs/engineer/install/linefit_ground_segmentation_ros/share/linefit_ground_segmentation_ros/package.dsv
[33.006s] -- Installing: /home/nhs/engineer/install/linefit_ground_segmentation_ros/share/ament_index/resource_index/packages/linefit_ground_segmentation_ros
[33.006s] -- Installing: /home/nhs/engineer/install/linefit_ground_segmentation_ros/share/linefit_ground_segmentation_ros/cmake/ament_cmake_export_dependencies-extras.cmake
[33.006s] -- Installing: /home/nhs/engineer/install/linefit_ground_segmentation_ros/share/linefit_ground_segmentation_ros/cmake/linefit_ground_segmentation_rosConfig.cmake
[33.006s] -- Installing: /home/nhs/engineer/install/linefit_ground_segmentation_ros/share/linefit_ground_segmentation_ros/cmake/linefit_ground_segmentation_rosConfig-version.cmake
[33.007s] -- Installing: /home/nhs/engineer/install/linefit_ground_segmentation_ros/share/linefit_ground_segmentation_ros/package.xml
[33.008s] Invoked command in '/home/nhs/engineer/build/linefit_ground_segmentation_ros' returned '0': CMAKE_PREFIX_PATH=/home/nhs/engineer/install/linefit_ground_segmentation:/home/nhs/engineer/install/rmctrl_msgs:/home/nhs/engineer/install/rm_description:/home/nhs/engineer/install/pointcloud_to_laserscan:/home/nhs/engineer/install/point_lio:/home/nhs/engineer/install/pcd2pgm:/home/nhs/engineer/install/navi:/home/nhs/engineer/install/livox_ros_driver2:/home/nhs/engineer/install/linefit_ground_segmentation_ros:/home/nhs/engineer/install/bubble_protocol:/opt/ros/humble LD_LIBRARY_PATH=/home/nhs/engineer/install/linefit_ground_segmentation/lib:/home/nhs/engineer/install/rmctrl_msgs/lib:/home/nhs/engineer/install/pointcloud_to_laserscan/lib:/home/nhs/engineer/install/livox_sdk2/lib:/home/nhs/engineer/install/livox_ros_driver2/lib:/opt/ros/humble/opt/rviz_ogre_vendor/lib:/opt/ros/humble/lib/x86_64-linux-gnu:/opt/ros/humble/lib /usr/bin/cmake --install /home/nhs/engineer/build/linefit_ground_segmentation_ros
