[0.030s] Invoking command in '/home/zrk/engineer_up/engineer/build/linefit_ground_segmentation': CMAKE_PREFIX_PATH=/opt/ros/humble /usr/bin/cmake /home/zrk/engineer_up/engineer/src/rm_perception/linefit_ground_segementation_ros2/linefit_ground_segmentation -DROS_EDITION=ROS2 -DHUMBLE_ROS=humble -DCMAKE_INSTALL_PREFIX=/home/zrk/engineer_up/engineer/install/linefit_ground_segmentation
[0.222s] -- The C compiler identification is GNU 11.4.0
[0.222s] -- The CXX compiler identification is GNU 11.4.0
[0.222s] -- Detecting C compiler ABI info
[0.222s] -- Detecting C compiler ABI info - done
[0.222s] -- Check for working C compiler: /usr/bin/cc - skipped
[0.222s] -- Detecting C compile features
[0.222s] -- Detecting C compile features - done
[0.222s] -- Detecting CXX compiler ABI info
[0.258s] -- Detecting CXX compiler ABI info - done
[0.264s] -- Check for working CXX compiler: /usr/bin/c++ - skipped
[0.264s] -- Detecting CXX compile features
[0.264s] -- Detecting CXX compile features - done
[0.266s] -- Found ament_cmake_auto: 1.3.11 (/opt/ros/humble/share/ament_cmake_auto/cmake)
[0.403s] -- Found Python3: /usr/bin/python3 (found version "3.10.12") found components: Interpreter 
[0.648s] -- Found rosidl_generator_c: 3.1.6 (/opt/ros/humble/share/rosidl_generator_c/cmake)
[0.662s] -- Found rosidl_adapter: 3.1.6 (/opt/ros/humble/share/rosidl_adapter/cmake)
[0.670s] -- Found rosidl_generator_cpp: 3.1.6 (/opt/ros/humble/share/rosidl_generator_cpp/cmake)
[0.685s] -- Using all available rosidl_typesupport_c: rosidl_typesupport_fastrtps_c;rosidl_typesupport_introspection_c
[0.704s] -- Using all available rosidl_typesupport_cpp: rosidl_typesupport_fastrtps_cpp;rosidl_typesupport_introspection_cpp
[0.773s] -- Found rmw_implementation_cmake: 6.1.2 (/opt/ros/humble/share/rmw_implementation_cmake/cmake)
[0.777s] -- Found rmw_fastrtps_cpp: 6.2.7 (/opt/ros/humble/share/rmw_fastrtps_cpp/cmake)
[0.957s] -- Found OpenSSL: /usr/lib/x86_64-linux-gnu/libcrypto.so (found version "3.0.2")  
[1.041s] -- Found FastRTPS: /opt/ros/humble/include  
[1.150s] -- Using RMW implementation 'rmw_fastrtps_cpp' as default
[1.178s] -- Looking for pthread.h
[1.396s] -- Looking for pthread.h - found
[1.396s] -- Performing Test CMAKE_HAVE_LIBC_PTHREAD
[1.590s] -- Performing Test CMAKE_HAVE_LIBC_PTHREAD - Success
[1.591s] -- Found Threads: TRUE  
[1.840s] -- Checking for module 'eigen3'
[1.886s] --   Found eigen3, version 3.4.0
[2.001s] -- Found Eigen: /usr/include/eigen3 (Required is at least version "3.1") 
[2.001s] -- Eigen found (include: /usr/include/eigen3, version: 3.4.0)
[2.097s] -- Checking for module 'flann'
[2.133s] --   Found flann, version 1.9.1
[2.267s] -- Found FLANN: /usr/lib/x86_64-linux-gnu/libflann_cpp.so  
[2.267s] -- FLANN found (include: /usr/include, lib: /usr/lib/x86_64-linux-gnu/libflann_cpp.so)
[5.251s] -- Checking for module 'libusb-1.0'
[5.293s] --   Found libusb-1.0, version 1.0.25
[5.411s] -- Found libusb: /usr/lib/x86_64-linux-gnu/libusb-1.0.so  
[5.411s] -- OpenNI found (version: 1.5.4.0, include: /usr/include/ni, lib: /usr/lib/libOpenNI.so;libusb::libusb)
[5.610s] -- OpenNI2 found (version: 2.2.0.33, include: /usr/include/openni2, lib: /usr/lib/x86_64-linux-gnu/libOpenNI2.so;libusb::libusb)
[6.129s] -- Eigen found (include: /usr/include/eigen3, version: 3.4.0)
[6.148s] -- OpenNI found (version: 1.5.4.0, include: /usr/include/ni, lib: /usr/lib/libOpenNI.so;libusb::libusb)
[6.181s] -- OpenNI2 found (version: 2.2.0.33, include: /usr/include/openni2, lib: /usr/lib/x86_64-linux-gnu/libOpenNI2.so;libusb::libusb)
[6.787s] -- Found Qhull version 8.0.2
[7.157s] -- OpenNI found (version: 1.5.4.0, include: /usr/include/ni, lib: /usr/lib/libOpenNI.so;libusb::libusb)
[7.639s] -- Found PCL_COMMON: /usr/lib/x86_64-linux-gnu/libpcl_common.so  
[7.641s] -- Found PCL_KDTREE: /usr/lib/x86_64-linux-gnu/libpcl_kdtree.so  
[7.646s] -- Found PCL_OCTREE: /usr/lib/x86_64-linux-gnu/libpcl_octree.so  
[7.649s] -- Found PCL_SEARCH: /usr/lib/x86_64-linux-gnu/libpcl_search.so  
[7.655s] -- Found PCL_SAMPLE_CONSENSUS: /usr/lib/x86_64-linux-gnu/libpcl_sample_consensus.so  
[7.658s] -- Found PCL_FILTERS: /usr/lib/x86_64-linux-gnu/libpcl_filters.so  
[7.658s] -- Found PCL_2D: /usr/include/pcl-1.12  
[7.662s] -- Found PCL_GEOMETRY: /usr/include/pcl-1.12  
[7.664s] -- Found PCL_IO: /usr/lib/x86_64-linux-gnu/libpcl_io.so  
[7.672s] -- Found PCL_FEATURES: /usr/lib/x86_64-linux-gnu/libpcl_features.so  
[7.677s] -- Found PCL_ML: /usr/lib/x86_64-linux-gnu/libpcl_ml.so  
[7.684s] -- Found PCL_SEGMENTATION: /usr/lib/x86_64-linux-gnu/libpcl_segmentation.so  
[7.685s] -- Found PCL_VISUALIZATION: /usr/lib/x86_64-linux-gnu/libpcl_visualization.so  
[7.692s] -- Found PCL_SURFACE: /usr/lib/x86_64-linux-gnu/libpcl_surface.so  
[7.694s] -- Found PCL_REGISTRATION: /usr/lib/x86_64-linux-gnu/libpcl_registration.so  
[7.703s] -- Found PCL_KEYPOINTS: /usr/lib/x86_64-linux-gnu/libpcl_keypoints.so  
[7.708s] -- Found PCL_TRACKING: /usr/lib/x86_64-linux-gnu/libpcl_tracking.so  
[7.710s] -- Found PCL_RECOGNITION: /usr/lib/x86_64-linux-gnu/libpcl_recognition.so  
[7.718s] -- Found PCL_STEREO: /usr/lib/x86_64-linux-gnu/libpcl_stereo.so  
[7.725s] -- Found PCL_APPS: /usr/lib/x86_64-linux-gnu/libpcl_apps.so  
[7.726s] -- Found PCL_IN_HAND_SCANNER: /usr/include/pcl-1.12  
[7.726s] -- Found PCL_MODELER: /usr/include/pcl-1.12  
[7.729s] -- Found PCL_POINT_CLOUD_EDITOR: /usr/include/pcl-1.12  
[7.729s] -- Found PCL_OUTOFCORE: /usr/lib/x86_64-linux-gnu/libpcl_outofcore.so  
[7.734s] -- Found PCL_PEOPLE: /usr/lib/x86_64-linux-gnu/libpcl_people.so  
[7.815s] -- Found eigen3_cmake_module: 0.1.1 (/opt/ros/humble/share/eigen3_cmake_module/cmake)
[7.817s] -- Found Eigen3: TRUE (found version "3.4.0") 
[7.817s] -- Ensuring Eigen3 include directory is part of orocos-kdl CMake target
[7.982s] -- Configuring done
[8.074s] -- Generating done
[8.087s] [33mCMake Warning:
[8.087s]   Manually-specified variables were not used by the project:
[8.087s] 
[8.087s]     HUMBLE_ROS
[8.087s]     ROS_EDITION
[8.087s] 
[8.087s] [0m
[8.104s] -- Build files have been written to: /home/zrk/engineer_up/engineer/build/linefit_ground_segmentation
[8.152s] Invoked command in '/home/zrk/engineer_up/engineer/build/linefit_ground_segmentation' returned '0': CMAKE_PREFIX_PATH=/opt/ros/humble /usr/bin/cmake /home/zrk/engineer_up/engineer/src/rm_perception/linefit_ground_segementation_ros2/linefit_ground_segmentation -DROS_EDITION=ROS2 -DHUMBLE_ROS=humble -DCMAKE_INSTALL_PREFIX=/home/zrk/engineer_up/engineer/install/linefit_ground_segmentation
[8.153s] Invoking command in '/home/zrk/engineer_up/engineer/build/linefit_ground_segmentation': CMAKE_PREFIX_PATH=/opt/ros/humble /usr/bin/cmake --build /home/zrk/engineer_up/engineer/build/linefit_ground_segmentation -- -j16 -l16
[8.322s] [ 40%] [32mBuilding CXX object CMakeFiles/linefit_ground_segmentation.dir/src/bin.cc.o[0m
[8.322s] [ 40%] [32mBuilding CXX object CMakeFiles/linefit_ground_segmentation.dir/src/ground_segmentation.cc.o[0m
[8.323s] [ 80%] [32mBuilding CXX object CMakeFiles/linefit_ground_segmentation.dir/src/segment.cc.o[0m
[8.327s] [ 80%] [32mBuilding CXX object CMakeFiles/linefit_ground_segmentation.dir/src/viewer.cc.o[0m
[20.768s] [100%] [32m[1mLinking CXX shared library liblinefit_ground_segmentation.so[0m
[21.217s] [100%] Built target linefit_ground_segmentation
[21.228s] Invoked command in '/home/zrk/engineer_up/engineer/build/linefit_ground_segmentation' returned '0': CMAKE_PREFIX_PATH=/opt/ros/humble /usr/bin/cmake --build /home/zrk/engineer_up/engineer/build/linefit_ground_segmentation -- -j16 -l16
[21.230s] Invoking command in '/home/zrk/engineer_up/engineer/build/linefit_ground_segmentation': CMAKE_PREFIX_PATH=/opt/ros/humble /usr/bin/cmake --install /home/zrk/engineer_up/engineer/build/linefit_ground_segmentation
[21.237s] -- Install configuration: ""
[21.237s] -- Installing: /home/zrk/engineer_up/engineer/install/linefit_ground_segmentation/include
[21.237s] -- Installing: /home/zrk/engineer_up/engineer/install/linefit_ground_segmentation/include/ground_segmentation
[21.237s] -- Installing: /home/zrk/engineer_up/engineer/install/linefit_ground_segmentation/include/ground_segmentation/segment.h
[21.237s] -- Installing: /home/zrk/engineer_up/engineer/install/linefit_ground_segmentation/include/ground_segmentation/ground_segmentation.h
[21.237s] -- Installing: /home/zrk/engineer_up/engineer/install/linefit_ground_segmentation/include/ground_segmentation/typedefs.h
[21.237s] -- Installing: /home/zrk/engineer_up/engineer/install/linefit_ground_segmentation/include/ground_segmentation/viewer.h
[21.237s] -- Installing: /home/zrk/engineer_up/engineer/install/linefit_ground_segmentation/include/ground_segmentation/bin.h
[21.238s] -- Installing: /home/zrk/engineer_up/engineer/install/linefit_ground_segmentation/share/linefit_ground_segmentation/environment/library_path.sh
[21.238s] -- Installing: /home/zrk/engineer_up/engineer/install/linefit_ground_segmentation/share/linefit_ground_segmentation/environment/library_path.dsv
[21.238s] -- Installing: /home/zrk/engineer_up/engineer/install/linefit_ground_segmentation/lib/liblinefit_ground_segmentation.so
[21.238s] -- Set runtime path of "/home/zrk/engineer_up/engineer/install/linefit_ground_segmentation/lib/liblinefit_ground_segmentation.so" to ""
[21.238s] -- Installing: /home/zrk/engineer_up/engineer/install/linefit_ground_segmentation/share/ament_index/resource_index/package_run_dependencies/linefit_ground_segmentation
[21.239s] -- Installing: /home/zrk/engineer_up/engineer/install/linefit_ground_segmentation/share/ament_index/resource_index/parent_prefix_path/linefit_ground_segmentation
[21.239s] -- Installing: /home/zrk/engineer_up/engineer/install/linefit_ground_segmentation/share/linefit_ground_segmentation/environment/ament_prefix_path.sh
[21.239s] -- Installing: /home/zrk/engineer_up/engineer/install/linefit_ground_segmentation/share/linefit_ground_segmentation/environment/ament_prefix_path.dsv
[21.239s] -- Installing: /home/zrk/engineer_up/engineer/install/linefit_ground_segmentation/share/linefit_ground_segmentation/environment/path.sh
[21.239s] -- Installing: /home/zrk/engineer_up/engineer/install/linefit_ground_segmentation/share/linefit_ground_segmentation/environment/path.dsv
[21.239s] -- Installing: /home/zrk/engineer_up/engineer/install/linefit_ground_segmentation/share/linefit_ground_segmentation/local_setup.bash
[21.239s] -- Installing: /home/zrk/engineer_up/engineer/install/linefit_ground_segmentation/share/linefit_ground_segmentation/local_setup.sh
[21.239s] -- Installing: /home/zrk/engineer_up/engineer/install/linefit_ground_segmentation/share/linefit_ground_segmentation/local_setup.zsh
[21.240s] -- Installing: /home/zrk/engineer_up/engineer/install/linefit_ground_segmentation/share/linefit_ground_segmentation/local_setup.dsv
[21.240s] -- Installing: /home/zrk/engineer_up/engineer/install/linefit_ground_segmentation/share/linefit_ground_segmentation/package.dsv
[21.240s] -- Installing: /home/zrk/engineer_up/engineer/install/linefit_ground_segmentation/share/ament_index/resource_index/packages/linefit_ground_segmentation
[21.240s] -- Installing: /home/zrk/engineer_up/engineer/install/linefit_ground_segmentation/share/linefit_ground_segmentation/cmake/ament_cmake_export_dependencies-extras.cmake
[21.240s] -- Installing: /home/zrk/engineer_up/engineer/install/linefit_ground_segmentation/share/linefit_ground_segmentation/cmake/ament_cmake_export_include_directories-extras.cmake
[21.240s] -- Installing: /home/zrk/engineer_up/engineer/install/linefit_ground_segmentation/share/linefit_ground_segmentation/cmake/ament_cmake_export_libraries-extras.cmake
[21.240s] -- Installing: /home/zrk/engineer_up/engineer/install/linefit_ground_segmentation/share/linefit_ground_segmentation/cmake/linefit_ground_segmentationConfig.cmake
[21.240s] -- Installing: /home/zrk/engineer_up/engineer/install/linefit_ground_segmentation/share/linefit_ground_segmentation/cmake/linefit_ground_segmentationConfig-version.cmake
[21.241s] -- Installing: /home/zrk/engineer_up/engineer/install/linefit_ground_segmentation/share/linefit_ground_segmentation/package.xml
[21.243s] Invoked command in '/home/zrk/engineer_up/engineer/build/linefit_ground_segmentation' returned '0': CMAKE_PREFIX_PATH=/opt/ros/humble /usr/bin/cmake --install /home/zrk/engineer_up/engineer/build/linefit_ground_segmentation
