[0.025s] Invoking command in '/home/zrk/engineer_up/engineer/build/linefit_ground_segmentation_ros': AMENT_PREFIX_PATH=/home/zrk/engineer_up/engineer/install/linefit_ground_segmentation:${AMENT_PREFIX_PATH} CMAKE_PREFIX_PATH=/home/zrk/engineer_up/engineer/install/linefit_ground_segmentation:/opt/ros/humble LD_LIBRARY_PATH=/home/zrk/engineer_up/engineer/install/linefit_ground_segmentation/lib:${LD_LIBRARY_PATH} /usr/bin/cmake --build /home/zrk/engineer_up/engineer/build/linefit_ground_segmentation_ros -- -j16 -l16
[0.099s] [100%] Built target ground_segmentation_test_node
[0.099s] [100%] Built target ground_segmentation_node
[0.125s] Invoked command in '/home/zrk/engineer_up/engineer/build/linefit_ground_segmentation_ros' returned '0': AMENT_PREFIX_PATH=/home/zrk/engineer_up/engineer/install/linefit_ground_segmentation:${AMENT_PREFIX_PATH} CMAKE_PREFIX_PATH=/home/zrk/engineer_up/engineer/install/linefit_ground_segmentation:/opt/ros/humble LD_LIBRARY_PATH=/home/zrk/engineer_up/engineer/install/linefit_ground_segmentation/lib:${LD_LIBRARY_PATH} /usr/bin/cmake --build /home/zrk/engineer_up/engineer/build/linefit_ground_segmentation_ros -- -j16 -l16
[0.127s] Invoking command in '/home/zrk/engineer_up/engineer/build/linefit_ground_segmentation_ros': AMENT_PREFIX_PATH=/home/zrk/engineer_up/engineer/install/linefit_ground_segmentation:${AMENT_PREFIX_PATH} CMAKE_PREFIX_PATH=/home/zrk/engineer_up/engineer/install/linefit_ground_segmentation:/opt/ros/humble LD_LIBRARY_PATH=/home/zrk/engineer_up/engineer/install/linefit_ground_segmentation/lib:${LD_LIBRARY_PATH} /usr/bin/cmake --install /home/zrk/engineer_up/engineer/build/linefit_ground_segmentation_ros
[0.134s] -- Install configuration: ""
[0.134s] -- Up-to-date: /home/zrk/engineer_up/engineer/install/linefit_ground_segmentation_ros/lib/linefit_ground_segmentation_ros/ground_segmentation_node
[0.134s] -- Up-to-date: /home/zrk/engineer_up/engineer/install/linefit_ground_segmentation_ros/lib/linefit_ground_segmentation_ros/ground_segmentation_test_node
[0.135s] -- Up-to-date: /home/zrk/engineer_up/engineer/install/linefit_ground_segmentation_ros/share/linefit_ground_segmentation_ros/launch
[0.135s] -- Up-to-date: /home/zrk/engineer_up/engineer/install/linefit_ground_segmentation_ros/share/linefit_ground_segmentation_ros/launch/segmentation.launch.py
[0.135s] -- Up-to-date: /home/zrk/engineer_up/engineer/install/linefit_ground_segmentation_ros/share/linefit_ground_segmentation_ros/launch/segmentation_params.yaml
[0.135s] -- Up-to-date: /home/zrk/engineer_up/engineer/install/linefit_ground_segmentation_ros/share/linefit_ground_segmentation_ros/launch/test.launch.py
[0.135s] -- Up-to-date: /home/zrk/engineer_up/engineer/install/linefit_ground_segmentation_ros/share/ament_index/resource_index/package_run_dependencies/linefit_ground_segmentation_ros
[0.135s] -- Up-to-date: /home/zrk/engineer_up/engineer/install/linefit_ground_segmentation_ros/share/ament_index/resource_index/parent_prefix_path/linefit_ground_segmentation_ros
[0.135s] -- Up-to-date: /home/zrk/engineer_up/engineer/install/linefit_ground_segmentation_ros/share/linefit_ground_segmentation_ros/environment/ament_prefix_path.sh
[0.135s] -- Up-to-date: /home/zrk/engineer_up/engineer/install/linefit_ground_segmentation_ros/share/linefit_ground_segmentation_ros/environment/ament_prefix_path.dsv
[0.135s] -- Up-to-date: /home/zrk/engineer_up/engineer/install/linefit_ground_segmentation_ros/share/linefit_ground_segmentation_ros/environment/path.sh
[0.135s] -- Up-to-date: /home/zrk/engineer_up/engineer/install/linefit_ground_segmentation_ros/share/linefit_ground_segmentation_ros/environment/path.dsv
[0.135s] -- Up-to-date: /home/zrk/engineer_up/engineer/install/linefit_ground_segmentation_ros/share/linefit_ground_segmentation_ros/local_setup.bash
[0.135s] -- Up-to-date: /home/zrk/engineer_up/engineer/install/linefit_ground_segmentation_ros/share/linefit_ground_segmentation_ros/local_setup.sh
[0.135s] -- Up-to-date: /home/zrk/engineer_up/engineer/install/linefit_ground_segmentation_ros/share/linefit_ground_segmentation_ros/local_setup.zsh
[0.136s] -- Up-to-date: /home/zrk/engineer_up/engineer/install/linefit_ground_segmentation_ros/share/linefit_ground_segmentation_ros/local_setup.dsv
[0.136s] -- Up-to-date: /home/zrk/engineer_up/engineer/install/linefit_ground_segmentation_ros/share/linefit_ground_segmentation_ros/package.dsv
[0.136s] -- Up-to-date: /home/zrk/engineer_up/engineer/install/linefit_ground_segmentation_ros/share/ament_index/resource_index/packages/linefit_ground_segmentation_ros
[0.136s] -- Up-to-date: /home/zrk/engineer_up/engineer/install/linefit_ground_segmentation_ros/share/linefit_ground_segmentation_ros/cmake/ament_cmake_export_dependencies-extras.cmake
[0.136s] -- Up-to-date: /home/zrk/engineer_up/engineer/install/linefit_ground_segmentation_ros/share/linefit_ground_segmentation_ros/cmake/linefit_ground_segmentation_rosConfig.cmake
[0.136s] -- Up-to-date: /home/zrk/engineer_up/engineer/install/linefit_ground_segmentation_ros/share/linefit_ground_segmentation_ros/cmake/linefit_ground_segmentation_rosConfig-version.cmake
[0.136s] -- Up-to-date: /home/zrk/engineer_up/engineer/install/linefit_ground_segmentation_ros/share/linefit_ground_segmentation_ros/package.xml
[0.150s] Invoked command in '/home/zrk/engineer_up/engineer/build/linefit_ground_segmentation_ros' returned '0': AMENT_PREFIX_PATH=/home/zrk/engineer_up/engineer/install/linefit_ground_segmentation:${AMENT_PREFIX_PATH} CMAKE_PREFIX_PATH=/home/zrk/engineer_up/engineer/install/linefit_ground_segmentation:/opt/ros/humble LD_LIBRARY_PATH=/home/zrk/engineer_up/engineer/install/linefit_ground_segmentation/lib:${LD_LIBRARY_PATH} /usr/bin/cmake --install /home/zrk/engineer_up/engineer/build/linefit_ground_segmentation_ros
