-- Install configuration: ""
-- Installing: /home/nhs/engineer/install/navi/share/navi/params
-- Installing: /home/nhs/engineer/install/navi/share/navi/params/nav2_params.yaml
-- Installing: /home/nhs/engineer/install/navi/share/navi/params/mapper_params_online_async.yaml
-- Installing: /home/nhs/engineer/install/navi/share/navi/launch
-- Installing: /home/nhs/engineer/install/navi/share/navi/launch/rviz_launch.py
-- Installing: /home/nhs/engineer/install/navi/share/navi/launch/navigation2acm.launch.py
-- Installing: /home/nhs/engineer/install/navi/share/navi/launch/bringup_launch.py
-- Installing: /home/nhs/engineer/install/navi/share/navi/launch/navigation_launch.py
-- Installing: /home/nhs/engineer/install/navi/share/navi/launch/localization_launch.py
-- Installing: /home/nhs/engineer/install/navi/share/navi/launch/slam_launch.py
-- Installing: /home/nhs/engineer/install/navi/share/navi/launch/online_async_launch.py
-- Installing: /home/nhs/engineer/install/navi/share/navi/maps
-- Installing: /home/nhs/engineer/install/navi/share/navi/maps/9-room.pgm
-- Installing: /home/nhs/engineer/install/navi/share/navi/maps/9-room.yaml
-- Installing: /home/nhs/engineer/install/navi/share/navi/rviz
-- Installing: /home/nhs/engineer/install/navi/share/navi/rviz/nav2_default_view.rviz
-- Installing: /home/nhs/engineer/install/navi/share/ament_index/resource_index/package_run_dependencies/navi
-- Installing: /home/nhs/engineer/install/navi/share/ament_index/resource_index/parent_prefix_path/navi
-- Installing: /home/nhs/engineer/install/navi/share/navi/environment/ament_prefix_path.sh
-- Installing: /home/nhs/engineer/install/navi/share/navi/environment/ament_prefix_path.dsv
-- Installing: /home/nhs/engineer/install/navi/share/navi/environment/path.sh
-- Installing: /home/nhs/engineer/install/navi/share/navi/environment/path.dsv
-- Installing: /home/nhs/engineer/install/navi/share/navi/local_setup.bash
-- Installing: /home/nhs/engineer/install/navi/share/navi/local_setup.sh
-- Installing: /home/nhs/engineer/install/navi/share/navi/local_setup.zsh
-- Installing: /home/nhs/engineer/install/navi/share/navi/local_setup.dsv
-- Installing: /home/nhs/engineer/install/navi/share/navi/package.dsv
-- Installing: /home/nhs/engineer/install/navi/share/ament_index/resource_index/packages/navi
-- Installing: /home/nhs/engineer/install/navi/share/navi/cmake/naviConfig.cmake
-- Installing: /home/nhs/engineer/install/navi/share/navi/cmake/naviConfig-version.cmake
-- Installing: /home/nhs/engineer/install/navi/share/navi/package.xml
