-- Install configuration: ""
-- Up-to-date: /home/nhs/engineer/install/rm_description/share/rm_description/launch
-- Up-to-date: /home/nhs/engineer/install/rm_description/share/rm_description/launch/model.launch.py
-- Up-to-date: /home/nhs/engineer/install/rm_description/share/rm_description/launch/view_model.launch.py
-- Up-to-date: /home/nhs/engineer/install/rm_description/share/rm_description/launch/view_model.rviz
-- Up-to-date: /home/nhs/engineer/install/rm_description/share/rm_description/urdf
-- Up-to-date: /home/nhs/engineer/install/rm_description/share/rm_description/urdf/engineer.urdf.xacro
-- Up-to-date: /home/nhs/engineer/install/rm_description/share/ament_index/resource_index/package_run_dependencies/rm_description
-- Up-to-date: /home/nhs/engineer/install/rm_description/share/ament_index/resource_index/parent_prefix_path/rm_description
-- Up-to-date: /home/nhs/engineer/install/rm_description/share/rm_description/environment/ament_prefix_path.sh
-- Up-to-date: /home/nhs/engineer/install/rm_description/share/rm_description/environment/ament_prefix_path.dsv
-- Up-to-date: /home/nhs/engineer/install/rm_description/share/rm_description/environment/path.sh
-- Up-to-date: /home/nhs/engineer/install/rm_description/share/rm_description/environment/path.dsv
-- Up-to-date: /home/nhs/engineer/install/rm_description/share/rm_description/local_setup.bash
-- Up-to-date: /home/nhs/engineer/install/rm_description/share/rm_description/local_setup.sh
-- Up-to-date: /home/nhs/engineer/install/rm_description/share/rm_description/local_setup.zsh
-- Up-to-date: /home/nhs/engineer/install/rm_description/share/rm_description/local_setup.dsv
-- Up-to-date: /home/nhs/engineer/install/rm_description/share/rm_description/package.dsv
-- Up-to-date: /home/nhs/engineer/install/rm_description/share/ament_index/resource_index/packages/rm_description
-- Up-to-date: /home/nhs/engineer/install/rm_description/share/rm_description/cmake/rm_descriptionConfig.cmake
-- Up-to-date: /home/nhs/engineer/install/rm_description/share/rm_description/cmake/rm_descriptionConfig-version.cmake
-- Up-to-date: /home/nhs/engineer/install/rm_description/share/rm_description/package.xml
