[0.214s] Invoking command in '/home/nhs/engineer/build/rm_description': CMAKE_PREFIX_PATH=${CMAKE_PREFIX_PATH}:/home/nhs/engineer/install/bubble_protocol:/opt/ros/humble /usr/bin/cmake /home/nhs/engineer/src/rm_description -DROS_EDITION=ROS2 -DHUMBLE_ROS=humble -DCMAKE_INSTALL_PREFIX=/home/nhs/engineer/install/rm_description
[0.677s] -- The C compiler identification is GNU 11.4.0
[0.677s] -- The CXX compiler identification is GNU 11.4.0
[0.677s] -- Detecting C compiler ABI info
[0.677s] -- Detecting C compiler ABI info - done
[0.677s] -- Check for working C compiler: /usr/bin/cc - skipped
[0.677s] -- Detecting C compile features
[0.677s] -- Detecting C compile features - done
[0.677s] -- Detecting CXX compiler ABI info
[0.678s] -- Detecting CXX compiler ABI info - done
[0.678s] -- Check for working CXX compiler: /usr/bin/c++ - skipped
[0.679s] -- Detecting CXX compile features
[0.679s] -- Detecting CXX compile features - done
[0.679s] -- Found ament_cmake: 1.3.12 (/opt/ros/humble/share/ament_cmake/cmake)
[0.750s] -- Found Python3: /usr/bin/python3 (found version "3.10.12") found components: Interpreter 
[0.898s] -- Found ament_lint_auto: 0.12.14 (/opt/ros/humble/share/ament_lint_auto/cmake)
[1.111s] -- Added test 'flake8' to check Python code syntax and style conventions
[1.116s] -- Added test 'lint_cmake' to check CMake code style
[1.116s] -- Added test 'pep257' to check Python code against some of the docstring style conventions in PEP 257
[1.116s] -- Added test 'xmllint' to check XML markup files
[1.121s] -- Configuring done
[1.126s] -- Generating done
[1.127s] [33mCMake Warning:
[1.127s]   Manually-specified variables were not used by the project:
[1.132s] -- Build files have been written to: /home/nhs/engineer/build/rm_description
[1.136s] 
[1.136s]     HUMBLE_ROS
[1.136s]     ROS_EDITION
[1.136s] 
[1.136s] [0m
[1.157s] Invoked command in '/home/nhs/engineer/build/rm_description' returned '0': CMAKE_PREFIX_PATH=${CMAKE_PREFIX_PATH}:/home/nhs/engineer/install/bubble_protocol:/opt/ros/humble /usr/bin/cmake /home/nhs/engineer/src/rm_description -DROS_EDITION=ROS2 -DHUMBLE_ROS=humble -DCMAKE_INSTALL_PREFIX=/home/nhs/engineer/install/rm_description
[1.158s] Invoking command in '/home/nhs/engineer/build/rm_description': CMAKE_PREFIX_PATH=${CMAKE_PREFIX_PATH}:/home/nhs/engineer/install/bubble_protocol:/opt/ros/humble /usr/bin/cmake --build /home/nhs/engineer/build/rm_description -- -j8 -l8
[1.315s] Invoked command in '/home/nhs/engineer/build/rm_description' returned '0': CMAKE_PREFIX_PATH=${CMAKE_PREFIX_PATH}:/home/nhs/engineer/install/bubble_protocol:/opt/ros/humble /usr/bin/cmake --build /home/nhs/engineer/build/rm_description -- -j8 -l8
[1.316s] Invoking command in '/home/nhs/engineer/build/rm_description': CMAKE_PREFIX_PATH=${CMAKE_PREFIX_PATH}:/home/nhs/engineer/install/bubble_protocol:/opt/ros/humble /usr/bin/cmake --install /home/nhs/engineer/build/rm_description
[1.338s] -- Install configuration: ""
[1.338s] -- Installing: /home/nhs/engineer/install/rm_description/share/rm_description/launch
[1.338s] -- Installing: /home/nhs/engineer/install/rm_description/share/rm_description/launch/model.launch.py
[1.338s] -- Installing: /home/nhs/engineer/install/rm_description/share/rm_description/launch/view_model.launch.py
[1.338s] -- Installing: /home/nhs/engineer/install/rm_description/share/rm_description/launch/view_model.rviz
[1.338s] -- Installing: /home/nhs/engineer/install/rm_description/share/rm_description/urdf
[1.338s] -- Installing: /home/nhs/engineer/install/rm_description/share/rm_description/urdf/engineer.urdf.xacro
[1.338s] -- Installing: /home/nhs/engineer/install/rm_description/share/ament_index/resource_index/package_run_dependencies/rm_description
[1.338s] -- Installing: /home/nhs/engineer/install/rm_description/share/ament_index/resource_index/parent_prefix_path/rm_description
[1.338s] -- Installing: /home/nhs/engineer/install/rm_description/share/rm_description/environment/ament_prefix_path.sh
[1.338s] -- Installing: /home/nhs/engineer/install/rm_description/share/rm_description/environment/ament_prefix_path.dsv
[1.339s] -- Installing: /home/nhs/engineer/install/rm_description/share/rm_description/environment/path.sh
[1.339s] -- Installing: /home/nhs/engineer/install/rm_description/share/rm_description/environment/path.dsv
[1.353s] -- Installing: /home/nhs/engineer/install/rm_description/share/rm_description/local_setup.bash
[1.353s] -- Installing: /home/nhs/engineer/install/rm_description/share/rm_description/local_setup.sh
[1.353s] -- Installing: /home/nhs/engineer/install/rm_description/share/rm_description/local_setup.zsh
[1.353s] -- Installing: /home/nhs/engineer/install/rm_description/share/rm_description/local_setup.dsv
[1.354s] -- Installing: /home/nhs/engineer/install/rm_description/share/rm_description/package.dsv
[1.355s] -- Installing: /home/nhs/engineer/install/rm_description/share/ament_index/resource_index/packages/rm_description
[1.355s] -- Installing: /home/nhs/engineer/install/rm_description/share/rm_description/cmake/rm_descriptionConfig.cmake
[1.355s] -- Installing: /home/nhs/engineer/install/rm_description/share/rm_description/cmake/rm_descriptionConfig-version.cmake
[1.355s] -- Installing: /home/nhs/engineer/install/rm_description/share/rm_description/package.xml
[1.362s] Invoked command in '/home/nhs/engineer/build/rm_description' returned '0': CMAKE_PREFIX_PATH=${CMAKE_PREFIX_PATH}:/home/nhs/engineer/install/bubble_protocol:/opt/ros/humble /usr/bin/cmake --install /home/nhs/engineer/build/rm_description
