[0.019s] Invoking command in '/home/nhs/engineer/build/linefit_ground_segmentation_ros': CMAKE_PREFIX_PATH=/home/nhs/engineer/install/linefit_ground_segmentation:/home/nhs/engineer/install/rmctrl_msgs:/home/nhs/engineer/install/rm_description:/home/nhs/engineer/install/pointcloud_to_laserscan:/home/nhs/engineer/install/point_lio:/home/nhs/engineer/install/pcd2pgm:/home/nhs/engineer/install/navi:/home/nhs/engineer/install/livox_ros_driver2:/home/nhs/engineer/install/linefit_ground_segmentation_ros:/home/nhs/engineer/install/bubble_protocol:/opt/ros/humble LD_LIBRARY_PATH=/home/nhs/engineer/install/linefit_ground_segmentation/lib:/home/nhs/engineer/install/rmctrl_msgs/lib:/home/nhs/engineer/install/pointcloud_to_laserscan/lib:/home/nhs/engineer/install/livox_sdk2/lib:/home/nhs/engineer/install/livox_ros_driver2/lib:/opt/ros/humble/opt/rviz_ogre_vendor/lib:/opt/ros/humble/lib/x86_64-linux-gnu:/opt/ros/humble/lib /usr/bin/cmake /home/nhs/engineer/src/rm_perception/linefit_ground_segementation_ros2/linefit_ground_segmentation_ros -DROS_EDITION=ROS2 -DHUMBLE_ROS=humble -DCMAKE_INSTALL_PREFIX=/home/nhs/engineer/install/linefit_ground_segmentation_ros
[0.086s] -- The C compiler identification is GNU 11.4.0
[0.185s] -- The CXX compiler identification is GNU 11.4.0
[0.198s] -- Detecting C compiler ABI info
[0.279s] -- Detecting C compiler ABI info - done
[0.280s] -- Check for working C compiler: /usr/bin/cc - skipped
[0.280s] -- Detecting C compile features
[0.280s] -- Detecting C compile features - done
[0.284s] -- Detecting CXX compiler ABI info
[0.344s] -- Detecting CXX compiler ABI info - done
[0.346s] -- Check for working CXX compiler: /usr/bin/c++ - skipped
[0.346s] -- Detecting CXX compile features
[0.347s] -- Detecting CXX compile features - done
[0.351s] -- Found ament_cmake_auto: 1.3.12 (/opt/ros/humble/share/ament_cmake_auto/cmake)
[0.488s] -- Found Python3: /usr/bin/python3 (found version "3.10.12") found components: Interpreter 
[0.679s] -- Found rosidl_generator_c: 3.1.7 (/opt/ros/humble/share/rosidl_generator_c/cmake)
[0.684s] -- Found rosidl_adapter: 3.1.7 (/opt/ros/humble/share/rosidl_adapter/cmake)
[0.693s] -- Found rosidl_generator_cpp: 3.1.7 (/opt/ros/humble/share/rosidl_generator_cpp/cmake)
[0.706s] -- Using all available rosidl_typesupport_c: rosidl_typesupport_fastrtps_c;rosidl_typesupport_introspection_c
[0.717s] -- Using all available rosidl_typesupport_cpp: rosidl_typesupport_fastrtps_cpp;rosidl_typesupport_introspection_cpp
[0.749s] -- Found rmw_implementation_cmake: 6.1.2 (/opt/ros/humble/share/rmw_implementation_cmake/cmake)
[0.751s] -- Found rmw_fastrtps_cpp: 6.2.8 (/opt/ros/humble/share/rmw_fastrtps_cpp/cmake)
[0.819s] -- Found OpenSSL: /usr/lib/x86_64-linux-gnu/libcrypto.so (found version "3.0.2")  
[0.839s] -- Found FastRTPS: /opt/ros/humble/include  
[0.867s] -- Using RMW implementation 'rmw_fastrtps_cpp' as default
[0.872s] -- Looking for pthread.h
[0.927s] -- Looking for pthread.h - found
[0.927s] -- Performing Test CMAKE_HAVE_LIBC_PTHREAD
[0.982s] -- Performing Test CMAKE_HAVE_LIBC_PTHREAD - Success
[0.983s] -- Found Threads: TRUE  
[1.145s] -- Checking for module 'eigen3'
[1.156s] --   Found eigen3, version 3.4.0
[1.180s] -- Found Eigen: /usr/include/eigen3 (Required is at least version "3.1") 
[1.180s] -- Eigen found (include: /usr/include/eigen3, version: 3.4.0)
[1.216s] -- Checking for module 'flann'
[1.227s] --   Found flann, version 1.9.1
[1.257s] -- Found FLANN: /usr/lib/x86_64-linux-gnu/libflann_cpp.so  
[1.258s] -- FLANN found (include: /usr/include, lib: /usr/lib/x86_64-linux-gnu/libflann_cpp.so)
[1.998s] -- Checking for module 'libusb-1.0'
[2.015s] --   Found libusb-1.0, version 1.0.25
[2.060s] -- Found libusb: /usr/lib/x86_64-linux-gnu/libusb-1.0.so  
[2.062s] -- OpenNI found (version: 1.5.4.0, include: /usr/include/ni, lib: /usr/lib/libOpenNI.so;libusb::libusb)
[2.121s] -- OpenNI2 found (version: 2.2.0.33, include: /usr/include/openni2, lib: /usr/lib/x86_64-linux-gnu/libOpenNI2.so;libusb::libusb)
[2.302s] -- Eigen found (include: /usr/include/eigen3, version: 3.4.0)
[2.309s] -- OpenNI found (version: 1.5.4.0, include: /usr/include/ni, lib: /usr/lib/libOpenNI.so;libusb::libusb)
[2.316s] -- OpenNI2 found (version: 2.2.0.33, include: /usr/include/openni2, lib: /usr/lib/x86_64-linux-gnu/libOpenNI2.so;libusb::libusb)
[2.431s] -- Found Qhull version 8.0.2
[2.549s] -- OpenNI found (version: 1.5.4.0, include: /usr/include/ni, lib: /usr/lib/libOpenNI.so;libusb::libusb)
[2.659s] -- Found PCL_COMMON: /usr/lib/x86_64-linux-gnu/libpcl_common.so  
[2.660s] -- Found PCL_KDTREE: /usr/lib/x86_64-linux-gnu/libpcl_kdtree.so  
[2.661s] -- Found PCL_OCTREE: /usr/lib/x86_64-linux-gnu/libpcl_octree.so  
[2.661s] -- Found PCL_SEARCH: /usr/lib/x86_64-linux-gnu/libpcl_search.so  
[2.662s] -- Found PCL_SAMPLE_CONSENSUS: /usr/lib/x86_64-linux-gnu/libpcl_sample_consensus.so  
[2.662s] -- Found PCL_FILTERS: /usr/lib/x86_64-linux-gnu/libpcl_filters.so  
[2.663s] -- Found PCL_2D: /usr/include/pcl-1.12  
[2.663s] -- Found PCL_GEOMETRY: /usr/include/pcl-1.12  
[2.664s] -- Found PCL_IO: /usr/lib/x86_64-linux-gnu/libpcl_io.so  
[2.664s] -- Found PCL_FEATURES: /usr/lib/x86_64-linux-gnu/libpcl_features.so  
[2.665s] -- Found PCL_ML: /usr/lib/x86_64-linux-gnu/libpcl_ml.so  
[2.665s] -- Found PCL_SEGMENTATION: /usr/lib/x86_64-linux-gnu/libpcl_segmentation.so  
[2.666s] -- Found PCL_VISUALIZATION: /usr/lib/x86_64-linux-gnu/libpcl_visualization.so  
[2.667s] -- Found PCL_SURFACE: /usr/lib/x86_64-linux-gnu/libpcl_surface.so  
[2.667s] -- Found PCL_REGISTRATION: /usr/lib/x86_64-linux-gnu/libpcl_registration.so  
[2.668s] -- Found PCL_KEYPOINTS: /usr/lib/x86_64-linux-gnu/libpcl_keypoints.so  
[2.668s] -- Found PCL_TRACKING: /usr/lib/x86_64-linux-gnu/libpcl_tracking.so  
[2.669s] -- Found PCL_RECOGNITION: /usr/lib/x86_64-linux-gnu/libpcl_recognition.so  
[2.670s] -- Found PCL_STEREO: /usr/lib/x86_64-linux-gnu/libpcl_stereo.so  
[2.671s] -- Found PCL_APPS: /usr/lib/x86_64-linux-gnu/libpcl_apps.so  
[2.671s] -- Found PCL_IN_HAND_SCANNER: /usr/include/pcl-1.12  
[2.672s] -- Found PCL_MODELER: /usr/include/pcl-1.12  
[2.672s] -- Found PCL_POINT_CLOUD_EDITOR: /usr/include/pcl-1.12  
[2.673s] -- Found PCL_OUTOFCORE: /usr/lib/x86_64-linux-gnu/libpcl_outofcore.so  
[2.673s] -- Found PCL_PEOPLE: /usr/lib/x86_64-linux-gnu/libpcl_people.so  
[2.689s] -- Found eigen3_cmake_module: 0.1.1 (/opt/ros/humble/share/eigen3_cmake_module/cmake)
[2.690s] -- Found Eigen3: TRUE (found version "3.4.0") 
[2.690s] -- Ensuring Eigen3 include directory is part of orocos-kdl CMake target
[2.711s] -- Configuring done
[2.763s] -- Generating done
[2.764s] [33mCMake Warning:
[2.766s]   Manually-specified variables were not used by the project:
[2.766s] 
[2.766s]     HUMBLE_ROS
[2.766s]     ROS_EDITION
[2.766s] 
[2.766s] [0m
[2.778s] -- Build files have been written to: /home/nhs/engineer/build/linefit_ground_segmentation_ros
[2.790s] Invoked command in '/home/nhs/engineer/build/linefit_ground_segmentation_ros' returned '0': CMAKE_PREFIX_PATH=/home/nhs/engineer/install/linefit_ground_segmentation:/home/nhs/engineer/install/rmctrl_msgs:/home/nhs/engineer/install/rm_description:/home/nhs/engineer/install/pointcloud_to_laserscan:/home/nhs/engineer/install/point_lio:/home/nhs/engineer/install/pcd2pgm:/home/nhs/engineer/install/navi:/home/nhs/engineer/install/livox_ros_driver2:/home/nhs/engineer/install/linefit_ground_segmentation_ros:/home/nhs/engineer/install/bubble_protocol:/opt/ros/humble LD_LIBRARY_PATH=/home/nhs/engineer/install/linefit_ground_segmentation/lib:/home/nhs/engineer/install/rmctrl_msgs/lib:/home/nhs/engineer/install/pointcloud_to_laserscan/lib:/home/nhs/engineer/install/livox_sdk2/lib:/home/nhs/engineer/install/livox_ros_driver2/lib:/opt/ros/humble/opt/rviz_ogre_vendor/lib:/opt/ros/humble/lib/x86_64-linux-gnu:/opt/ros/humble/lib /usr/bin/cmake /home/nhs/engineer/src/rm_perception/linefit_ground_segementation_ros2/linefit_ground_segmentation_ros -DROS_EDITION=ROS2 -DHUMBLE_ROS=humble -DCMAKE_INSTALL_PREFIX=/home/nhs/engineer/install/linefit_ground_segmentation_ros
[2.791s] Invoking command in '/home/nhs/engineer/build/linefit_ground_segmentation_ros': CMAKE_PREFIX_PATH=/home/nhs/engineer/install/linefit_ground_segmentation:/home/nhs/engineer/install/rmctrl_msgs:/home/nhs/engineer/install/rm_description:/home/nhs/engineer/install/pointcloud_to_laserscan:/home/nhs/engineer/install/point_lio:/home/nhs/engineer/install/pcd2pgm:/home/nhs/engineer/install/navi:/home/nhs/engineer/install/livox_ros_driver2:/home/nhs/engineer/install/linefit_ground_segmentation_ros:/home/nhs/engineer/install/bubble_protocol:/opt/ros/humble LD_LIBRARY_PATH=/home/nhs/engineer/install/linefit_ground_segmentation/lib:/home/nhs/engineer/install/rmctrl_msgs/lib:/home/nhs/engineer/install/pointcloud_to_laserscan/lib:/home/nhs/engineer/install/livox_sdk2/lib:/home/nhs/engineer/install/livox_ros_driver2/lib:/opt/ros/humble/opt/rviz_ogre_vendor/lib:/opt/ros/humble/lib/x86_64-linux-gnu:/opt/ros/humble/lib /usr/bin/cmake --build /home/nhs/engineer/build/linefit_ground_segmentation_ros -- -j8 -l8
[2.829s] [ 25%] [32mBuilding CXX object CMakeFiles/ground_segmentation_node.dir/src/ground_segmentation_node.cc.o[0m
[18.030s] [ 50%] [32m[1mLinking CXX executable ground_segmentation_node[0m
[18.561s] [ 50%] Built target ground_segmentation_node
[18.578s] [ 75%] [32mBuilding CXX object CMakeFiles/ground_segmentation_test_node.dir/src/ground_segmentation_test_node.cc.o[0m
[26.242s] [100%] [32m[1mLinking CXX executable ground_segmentation_test_node[0m
[26.641s] [100%] Built target ground_segmentation_test_node
[26.650s] Invoked command in '/home/nhs/engineer/build/linefit_ground_segmentation_ros' returned '0': CMAKE_PREFIX_PATH=/home/nhs/engineer/install/linefit_ground_segmentation:/home/nhs/engineer/install/rmctrl_msgs:/home/nhs/engineer/install/rm_description:/home/nhs/engineer/install/pointcloud_to_laserscan:/home/nhs/engineer/install/point_lio:/home/nhs/engineer/install/pcd2pgm:/home/nhs/engineer/install/navi:/home/nhs/engineer/install/livox_ros_driver2:/home/nhs/engineer/install/linefit_ground_segmentation_ros:/home/nhs/engineer/install/bubble_protocol:/opt/ros/humble LD_LIBRARY_PATH=/home/nhs/engineer/install/linefit_ground_segmentation/lib:/home/nhs/engineer/install/rmctrl_msgs/lib:/home/nhs/engineer/install/pointcloud_to_laserscan/lib:/home/nhs/engineer/install/livox_sdk2/lib:/home/nhs/engineer/install/livox_ros_driver2/lib:/opt/ros/humble/opt/rviz_ogre_vendor/lib:/opt/ros/humble/lib/x86_64-linux-gnu:/opt/ros/humble/lib /usr/bin/cmake --build /home/nhs/engineer/build/linefit_ground_segmentation_ros -- -j8 -l8
[26.651s] Invoking command in '/home/nhs/engineer/build/linefit_ground_segmentation_ros': CMAKE_PREFIX_PATH=/home/nhs/engineer/install/linefit_ground_segmentation:/home/nhs/engineer/install/rmctrl_msgs:/home/nhs/engineer/install/rm_description:/home/nhs/engineer/install/pointcloud_to_laserscan:/home/nhs/engineer/install/point_lio:/home/nhs/engineer/install/pcd2pgm:/home/nhs/engineer/install/navi:/home/nhs/engineer/install/livox_ros_driver2:/home/nhs/engineer/install/linefit_ground_segmentation_ros:/home/nhs/engineer/install/bubble_protocol:/opt/ros/humble LD_LIBRARY_PATH=/home/nhs/engineer/install/linefit_ground_segmentation/lib:/home/nhs/engineer/install/rmctrl_msgs/lib:/home/nhs/engineer/install/pointcloud_to_laserscan/lib:/home/nhs/engineer/install/livox_sdk2/lib:/home/nhs/engineer/install/livox_ros_driver2/lib:/opt/ros/humble/opt/rviz_ogre_vendor/lib:/opt/ros/humble/lib/x86_64-linux-gnu:/opt/ros/humble/lib /usr/bin/cmake --install /home/nhs/engineer/build/linefit_ground_segmentation_ros
[26.656s] -- Install configuration: ""
[26.656s] -- Installing: /home/nhs/engineer/install/linefit_ground_segmentation_ros/lib/linefit_ground_segmentation_ros/ground_segmentation_node
[26.657s] -- Set runtime path of "/home/nhs/engineer/install/linefit_ground_segmentation_ros/lib/linefit_ground_segmentation_ros/ground_segmentation_node" to ""
[26.657s] -- Installing: /home/nhs/engineer/install/linefit_ground_segmentation_ros/lib/linefit_ground_segmentation_ros/ground_segmentation_test_node
[26.657s] -- Set runtime path of "/home/nhs/engineer/install/linefit_ground_segmentation_ros/lib/linefit_ground_segmentation_ros/ground_segmentation_test_node" to ""
[26.657s] -- Installing: /home/nhs/engineer/install/linefit_ground_segmentation_ros/share/linefit_ground_segmentation_ros/launch
[26.657s] -- Installing: /home/nhs/engineer/install/linefit_ground_segmentation_ros/share/linefit_ground_segmentation_ros/launch/segmentation.launch.py
[26.657s] -- Installing: /home/nhs/engineer/install/linefit_ground_segmentation_ros/share/linefit_ground_segmentation_ros/launch/segmentation_params.yaml
[26.657s] -- Installing: /home/nhs/engineer/install/linefit_ground_segmentation_ros/share/linefit_ground_segmentation_ros/launch/test.launch.py
[26.657s] -- Installing: /home/nhs/engineer/install/linefit_ground_segmentation_ros/share/ament_index/resource_index/package_run_dependencies/linefit_ground_segmentation_ros
[26.658s] -- Installing: /home/nhs/engineer/install/linefit_ground_segmentation_ros/share/ament_index/resource_index/parent_prefix_path/linefit_ground_segmentation_ros
[26.658s] -- Installing: /home/nhs/engineer/install/linefit_ground_segmentation_ros/share/linefit_ground_segmentation_ros/environment/ament_prefix_path.sh
[26.658s] -- Installing: /home/nhs/engineer/install/linefit_ground_segmentation_ros/share/linefit_ground_segmentation_ros/environment/ament_prefix_path.dsv
[26.658s] -- Installing: /home/nhs/engineer/install/linefit_ground_segmentation_ros/share/linefit_ground_segmentation_ros/environment/path.sh
[26.658s] -- Installing: /home/nhs/engineer/install/linefit_ground_segmentation_ros/share/linefit_ground_segmentation_ros/environment/path.dsv
[26.658s] -- Installing: /home/nhs/engineer/install/linefit_ground_segmentation_ros/share/linefit_ground_segmentation_ros/local_setup.bash
[26.658s] -- Installing: /home/nhs/engineer/install/linefit_ground_segmentation_ros/share/linefit_ground_segmentation_ros/local_setup.sh
[26.658s] -- Installing: /home/nhs/engineer/install/linefit_ground_segmentation_ros/share/linefit_ground_segmentation_ros/local_setup.zsh
[26.658s] -- Installing: /home/nhs/engineer/install/linefit_ground_segmentation_ros/share/linefit_ground_segmentation_ros/local_setup.dsv
[26.658s] -- Installing: /home/nhs/engineer/install/linefit_ground_segmentation_ros/share/linefit_ground_segmentation_ros/package.dsv
[26.658s] -- Installing: /home/nhs/engineer/install/linefit_ground_segmentation_ros/share/ament_index/resource_index/packages/linefit_ground_segmentation_ros
[26.659s] -- Installing: /home/nhs/engineer/install/linefit_ground_segmentation_ros/share/linefit_ground_segmentation_ros/cmake/ament_cmake_export_dependencies-extras.cmake
[26.659s] -- Installing: /home/nhs/engineer/install/linefit_ground_segmentation_ros/share/linefit_ground_segmentation_ros/cmake/linefit_ground_segmentation_rosConfig.cmake
[26.659s] -- Installing: /home/nhs/engineer/install/linefit_ground_segmentation_ros/share/linefit_ground_segmentation_ros/cmake/linefit_ground_segmentation_rosConfig-version.cmake
[26.659s] -- Installing: /home/nhs/engineer/install/linefit_ground_segmentation_ros/share/linefit_ground_segmentation_ros/package.xml
[26.660s] Invoked command in '/home/nhs/engineer/build/linefit_ground_segmentation_ros' returned '0': CMAKE_PREFIX_PATH=/home/nhs/engineer/install/linefit_ground_segmentation:/home/nhs/engineer/install/rmctrl_msgs:/home/nhs/engineer/install/rm_description:/home/nhs/engineer/install/pointcloud_to_laserscan:/home/nhs/engineer/install/point_lio:/home/nhs/engineer/install/pcd2pgm:/home/nhs/engineer/install/navi:/home/nhs/engineer/install/livox_ros_driver2:/home/nhs/engineer/install/linefit_ground_segmentation_ros:/home/nhs/engineer/install/bubble_protocol:/opt/ros/humble LD_LIBRARY_PATH=/home/nhs/engineer/install/linefit_ground_segmentation/lib:/home/nhs/engineer/install/rmctrl_msgs/lib:/home/nhs/engineer/install/pointcloud_to_laserscan/lib:/home/nhs/engineer/install/livox_sdk2/lib:/home/nhs/engineer/install/livox_ros_driver2/lib:/opt/ros/humble/opt/rviz_ogre_vendor/lib:/opt/ros/humble/lib/x86_64-linux-gnu:/opt/ros/humble/lib /usr/bin/cmake --install /home/nhs/engineer/build/linefit_ground_segmentation_ros
