[0.217s] Invoking command in '/home/nhs/engineer/build/navi': CMAKE_PREFIX_PATH=/opt/ros/humble /usr/bin/cmake /home/nhs/engineer/src/rm_navigation/navi -DCMAKE_INSTALL_PREFIX=/home/nhs/engineer/install/navi
[0.273s] -- The C compiler identification is GNU 11.4.0
[0.343s] -- The CXX compiler identification is GNU 11.4.0
[0.363s] -- Detecting C compiler ABI info
[0.466s] -- Detecting C compiler ABI info - done
[0.475s] -- Check for working C compiler: /usr/bin/cc - skipped
[0.475s] -- Detecting C compile features
[0.475s] -- Detecting C compile features - done
[0.480s] -- Detecting CXX compiler ABI info
[0.574s] -- Detecting CXX compiler ABI info - done
[0.583s] -- Check for working CXX compiler: /usr/bin/c++ - skipped
[0.583s] -- Detecting CXX compile features
[0.584s] -- Detecting CXX compile features - done
[0.585s] -- Found ament_cmake_auto: 1.3.12 (/opt/ros/humble/share/ament_cmake_auto/cmake)
[0.808s] -- Found Python3: /usr/bin/python3 (found version "3.10.12") found components: Interpreter 
[1.055s] -- Configuring done
[1.058s] -- Generating done
[1.060s] -- Build files have been written to: /home/nhs/engineer/build/navi
[1.079s] Invoked command in '/home/nhs/engineer/build/navi' returned '0': CMAKE_PREFIX_PATH=/opt/ros/humble /usr/bin/cmake /home/nhs/engineer/src/rm_navigation/navi -DCMAKE_INSTALL_PREFIX=/home/nhs/engineer/install/navi
[1.080s] Invoking command in '/home/nhs/engineer/build/navi': CMAKE_PREFIX_PATH=/opt/ros/humble /usr/bin/cmake --build /home/nhs/engineer/build/navi -- -j8 -l8
[1.332s] Invoked command in '/home/nhs/engineer/build/navi' returned '0': CMAKE_PREFIX_PATH=/opt/ros/humble /usr/bin/cmake --build /home/nhs/engineer/build/navi -- -j8 -l8
[1.385s] Invoking command in '/home/nhs/engineer/build/navi': CMAKE_PREFIX_PATH=/opt/ros/humble /usr/bin/cmake --install /home/nhs/engineer/build/navi
[3.235s] -- Install configuration: ""
[3.235s] -- Installing: /home/nhs/engineer/install/navi/share/navi/params
[3.235s] -- Installing: /home/nhs/engineer/install/navi/share/navi/params/nav2_params.yaml
[3.235s] -- Installing: /home/nhs/engineer/install/navi/share/navi/params/mapper_params_online_async.yaml
[3.235s] -- Installing: /home/nhs/engineer/install/navi/share/navi/launch
[3.235s] -- Installing: /home/nhs/engineer/install/navi/share/navi/launch/rviz_launch.py
[3.236s] -- Installing: /home/nhs/engineer/install/navi/share/navi/launch/bringup_launch.py
[3.236s] -- Installing: /home/nhs/engineer/install/navi/share/navi/launch/navigation_launch.py
[3.236s] -- Installing: /home/nhs/engineer/install/navi/share/navi/launch/localization_launch.py
[3.236s] -- Installing: /home/nhs/engineer/install/navi/share/navi/launch/slam_launch.py
[3.236s] -- Installing: /home/nhs/engineer/install/navi/share/navi/launch/online_async_launch.py
[3.236s] -- Installing: /home/nhs/engineer/install/navi/share/navi/maps
[3.236s] -- Installing: /home/nhs/engineer/install/navi/share/navi/maps/test.pgm
[3.236s] -- Installing: /home/nhs/engineer/install/navi/share/navi/maps/test.yaml
[3.236s] -- Installing: /home/nhs/engineer/install/navi/share/navi/rviz
[3.236s] -- Installing: /home/nhs/engineer/install/navi/share/navi/rviz/nav2_default_view.rviz
[3.236s] -- Installing: /home/nhs/engineer/install/navi/share/ament_index/resource_index/package_run_dependencies/navi
[3.236s] -- Installing: /home/nhs/engineer/install/navi/share/ament_index/resource_index/parent_prefix_path/navi
[3.236s] -- Installing: /home/nhs/engineer/install/navi/share/navi/environment/ament_prefix_path.sh
[3.236s] -- Installing: /home/nhs/engineer/install/navi/share/navi/environment/ament_prefix_path.dsv
[3.236s] -- Installing: /home/nhs/engineer/install/navi/share/navi/environment/path.sh
[3.236s] -- Installing: /home/nhs/engineer/install/navi/share/navi/environment/path.dsv
[3.237s] -- Installing: /home/nhs/engineer/install/navi/share/navi/local_setup.bash
[3.237s] -- Installing: /home/nhs/engineer/install/navi/share/navi/local_setup.sh
[3.237s] -- Installing: /home/nhs/engineer/install/navi/share/navi/local_setup.zsh
[3.237s] -- Installing: /home/nhs/engineer/install/navi/share/navi/local_setup.dsv
[3.237s] -- Installing: /home/nhs/engineer/install/navi/share/navi/package.dsv
[3.237s] -- Installing: /home/nhs/engineer/install/navi/share/ament_index/resource_index/packages/navi
[3.237s] -- Installing: /home/nhs/engineer/install/navi/share/navi/cmake/naviConfig.cmake
[3.237s] -- Installing: /home/nhs/engineer/install/navi/share/navi/cmake/naviConfig-version.cmake
[3.237s] -- Installing: /home/nhs/engineer/install/navi/share/navi/package.xml
[3.261s] Invoked command in '/home/nhs/engineer/build/navi' returned '0': CMAKE_PREFIX_PATH=/opt/ros/humble /usr/bin/cmake --install /home/nhs/engineer/build/navi
