[0.008s] Invoking command in '/home/zrk/engineer_up/engineer/build/point_lio': AMENT_PREFIX_PATH=/home/zrk/engineer_up/engineer/install/livox_ros_driver2:${AMENT_PREFIX_PATH} CMAKE_PREFIX_PATH=/home/zrk/engineer_up/engineer/install/livox_ros_driver2:/opt/ros/humble LD_LIBRARY_PATH=/home/zrk/engineer_up/engineer/install/livox_ros_driver2/lib:${LD_LIBRARY_PATH} PYTHONPATH=/home/zrk/engineer_up/engineer/install/livox_ros_driver2/local/lib/python3.10/dist-packages:${PYTHONPATH} /usr/bin/cmake /home/zrk/engineer_up/engineer/src/rm_localization/point_lio -DCMAKE_INSTALL_PREFIX=/home/zrk/engineer_up/engineer/install/point_lio
[0.018s] -- Current CPU architecture: x86_64
[0.022s] -- Processor number:  16
[0.022s] -- core for MP:  3
[0.022s] -- Found ament_cmake: 1.3.11 (/opt/ros/humble/share/ament_cmake/cmake)
[0.115s] -- Found rclcpp: 16.0.12 (/opt/ros/humble/share/rclcpp/cmake)
[0.136s] -- Found rosidl_generator_c: 3.1.6 (/opt/ros/humble/share/rosidl_generator_c/cmake)
[0.138s] -- Found rosidl_adapter: 3.1.6 (/opt/ros/humble/share/rosidl_adapter/cmake)
[0.142s] -- Found rosidl_generator_cpp: 3.1.6 (/opt/ros/humble/share/rosidl_generator_cpp/cmake)
[0.148s] -- Using all available rosidl_typesupport_c: rosidl_typesupport_fastrtps_c;rosidl_typesupport_introspection_c
[0.157s] -- Using all available rosidl_typesupport_cpp: rosidl_typesupport_fastrtps_cpp;rosidl_typesupport_introspection_cpp
[0.179s] -- Found rmw_implementation_cmake: 6.1.2 (/opt/ros/humble/share/rmw_implementation_cmake/cmake)
[0.180s] -- Found rmw_fastrtps_cpp: 6.2.7 (/opt/ros/humble/share/rmw_fastrtps_cpp/cmake)
[0.270s] -- Using RMW implementation 'rmw_fastrtps_cpp' as default
[0.304s] -- Found rclpy: 3.3.16 (/opt/ros/humble/share/rclpy/cmake)
[0.304s] -- Found geometry_msgs: 4.8.0 (/opt/ros/humble/share/geometry_msgs/cmake)
[0.313s] -- Found nav_msgs: 4.8.0 (/opt/ros/humble/share/nav_msgs/cmake)
[0.326s] -- Found sensor_msgs: 4.8.0 (/opt/ros/humble/share/sensor_msgs/cmake)
[0.336s] -- Found pcl_ros: 2.4.5 (/opt/ros/humble/share/pcl_ros/cmake)
[0.367s] -- Eigen found (include: /usr/include/eigen3, version: 3.4.0)
[0.393s] -- FLANN found (include: /usr/include, lib: /usr/lib/x86_64-linux-gnu/libflann_cpp.so)
[0.634s] -- OpenNI found (version: 1.5.4.0, include: /usr/include/ni, lib: /usr/lib/libOpenNI.so;libusb::libusb)
[0.640s] -- OpenNI2 found (version: 2.2.0.33, include: /usr/include/openni2, lib: /usr/lib/x86_64-linux-gnu/libOpenNI2.so;libusb::libusb)
[0.761s] -- Eigen found (include: /usr/include/eigen3, version: 3.4.0)
[0.766s] -- OpenNI found (version: 1.5.4.0, include: /usr/include/ni, lib: /usr/lib/libOpenNI.so;libusb::libusb)
[0.771s] -- OpenNI2 found (version: 2.2.0.33, include: /usr/include/openni2, lib: /usr/lib/x86_64-linux-gnu/libOpenNI2.so;libusb::libusb)
[0.880s] -- Found Qhull version 8.0.2
[0.997s] -- OpenNI found (version: 1.5.4.0, include: /usr/include/ni, lib: /usr/lib/libOpenNI.so;libusb::libusb)
[1.122s] -- Found eigen3_cmake_module: 0.1.1 (/opt/ros/humble/share/eigen3_cmake_module/cmake)
[1.123s] -- Ensuring Eigen3 include directory is part of orocos-kdl CMake target
[1.184s] -- Found visualization_msgs: 4.8.0 (/opt/ros/humble/share/visualization_msgs/cmake)
[1.198s] -- Found livox_ros_driver2: 1.0.0 (/home/zrk/engineer_up/engineer/install/livox_ros_driver2/share/livox_ros_driver2/cmake)
[1.266s] -- Configuring done
[1.304s] -- Generating done
[1.313s] -- Build files have been written to: /home/zrk/engineer_up/engineer/build/point_lio
[1.335s] Invoked command in '/home/zrk/engineer_up/engineer/build/point_lio' returned '0': AMENT_PREFIX_PATH=/home/zrk/engineer_up/engineer/install/livox_ros_driver2:${AMENT_PREFIX_PATH} CMAKE_PREFIX_PATH=/home/zrk/engineer_up/engineer/install/livox_ros_driver2:/opt/ros/humble LD_LIBRARY_PATH=/home/zrk/engineer_up/engineer/install/livox_ros_driver2/lib:${LD_LIBRARY_PATH} PYTHONPATH=/home/zrk/engineer_up/engineer/install/livox_ros_driver2/local/lib/python3.10/dist-packages:${PYTHONPATH} /usr/bin/cmake /home/zrk/engineer_up/engineer/src/rm_localization/point_lio -DCMAKE_INSTALL_PREFIX=/home/zrk/engineer_up/engineer/install/point_lio
[1.336s] Invoking command in '/home/zrk/engineer_up/engineer/build/point_lio': AMENT_PREFIX_PATH=/home/zrk/engineer_up/engineer/install/livox_ros_driver2:${AMENT_PREFIX_PATH} CMAKE_PREFIX_PATH=/home/zrk/engineer_up/engineer/install/livox_ros_driver2:/opt/ros/humble LD_LIBRARY_PATH=/home/zrk/engineer_up/engineer/install/livox_ros_driver2/lib:${LD_LIBRARY_PATH} PYTHONPATH=/home/zrk/engineer_up/engineer/install/livox_ros_driver2/local/lib/python3.10/dist-packages:${PYTHONPATH} /usr/bin/cmake --build /home/zrk/engineer_up/engineer/build/point_lio -- -j16 -l16
[1.386s] [35m[1mConsolidate compiler generated dependencies of target pointlio_mapping[0m
[1.433s] [100%] Built target pointlio_mapping
[1.443s] Invoked command in '/home/zrk/engineer_up/engineer/build/point_lio' returned '0': AMENT_PREFIX_PATH=/home/zrk/engineer_up/engineer/install/livox_ros_driver2:${AMENT_PREFIX_PATH} CMAKE_PREFIX_PATH=/home/zrk/engineer_up/engineer/install/livox_ros_driver2:/opt/ros/humble LD_LIBRARY_PATH=/home/zrk/engineer_up/engineer/install/livox_ros_driver2/lib:${LD_LIBRARY_PATH} PYTHONPATH=/home/zrk/engineer_up/engineer/install/livox_ros_driver2/local/lib/python3.10/dist-packages:${PYTHONPATH} /usr/bin/cmake --build /home/zrk/engineer_up/engineer/build/point_lio -- -j16 -l16
[1.445s] Invoking command in '/home/zrk/engineer_up/engineer/build/point_lio': AMENT_PREFIX_PATH=/home/zrk/engineer_up/engineer/install/livox_ros_driver2:${AMENT_PREFIX_PATH} CMAKE_PREFIX_PATH=/home/zrk/engineer_up/engineer/install/livox_ros_driver2:/opt/ros/humble LD_LIBRARY_PATH=/home/zrk/engineer_up/engineer/install/livox_ros_driver2/lib:${LD_LIBRARY_PATH} PYTHONPATH=/home/zrk/engineer_up/engineer/install/livox_ros_driver2/local/lib/python3.10/dist-packages:${PYTHONPATH} /usr/bin/cmake --install /home/zrk/engineer_up/engineer/build/point_lio
[1.451s] -- Install configuration: ""
[1.451s] -- Up-to-date: /home/zrk/engineer_up/engineer/install/point_lio/lib/point_lio/pointlio_mapping
[1.452s] -- Up-to-date: /home/zrk/engineer_up/engineer/install/point_lio/share/point_lio/config
[1.452s] -- Up-to-date: /home/zrk/engineer_up/engineer/install/point_lio/share/point_lio/config/avia.yaml
[1.452s] -- Up-to-date: /home/zrk/engineer_up/engineer/install/point_lio/share/point_lio/config/velody16.yaml
[1.452s] -- Up-to-date: /home/zrk/engineer_up/engineer/install/point_lio/share/point_lio/config/mid360.yaml
[1.452s] -- Up-to-date: /home/zrk/engineer_up/engineer/install/point_lio/share/point_lio/config/ouster64.yaml
[1.452s] -- Up-to-date: /home/zrk/engineer_up/engineer/install/point_lio/share/point_lio/config/horizon.yaml
[1.452s] -- Up-to-date: /home/zrk/engineer_up/engineer/install/point_lio/share/point_lio/launch
[1.452s] -- Up-to-date: /home/zrk/engineer_up/engineer/install/point_lio/share/point_lio/launch/mapping_mid360.launch.py
[1.452s] -- Up-to-date: /home/zrk/engineer_up/engineer/install/point_lio/share/point_lio/launch/gdb_debug_example.launch.py
[1.452s] -- Up-to-date: /home/zrk/engineer_up/engineer/install/point_lio/share/point_lio/launch/mapping_horizon.launch.py
[1.452s] -- Up-to-date: /home/zrk/engineer_up/engineer/install/point_lio/share/point_lio/launch/mapping_ouster64.launch.py
[1.452s] -- Up-to-date: /home/zrk/engineer_up/engineer/install/point_lio/share/point_lio/launch/mapping_avia.launch.py
[1.452s] -- Up-to-date: /home/zrk/engineer_up/engineer/install/point_lio/share/point_lio/launch/mapping_velody16.launch.py
[1.452s] -- Up-to-date: /home/zrk/engineer_up/engineer/install/point_lio/share/point_lio/rviz_cfg
[1.453s] -- Up-to-date: /home/zrk/engineer_up/engineer/install/point_lio/share/point_lio/rviz_cfg/loam_livox.rviz
[1.453s] -- Up-to-date: /home/zrk/engineer_up/engineer/install/point_lio/share/ament_index/resource_index/package_run_dependencies/point_lio
[1.453s] -- Up-to-date: /home/zrk/engineer_up/engineer/install/point_lio/share/ament_index/resource_index/parent_prefix_path/point_lio
[1.453s] -- Up-to-date: /home/zrk/engineer_up/engineer/install/point_lio/share/point_lio/environment/ament_prefix_path.sh
[1.453s] -- Installing: /home/zrk/engineer_up/engineer/install/point_lio/share/point_lio/environment/ament_prefix_path.dsv
[1.453s] -- Up-to-date: /home/zrk/engineer_up/engineer/install/point_lio/share/point_lio/environment/path.sh
[1.453s] -- Installing: /home/zrk/engineer_up/engineer/install/point_lio/share/point_lio/environment/path.dsv
[1.453s] -- Up-to-date: /home/zrk/engineer_up/engineer/install/point_lio/share/point_lio/local_setup.bash
[1.453s] -- Up-to-date: /home/zrk/engineer_up/engineer/install/point_lio/share/point_lio/local_setup.sh
[1.453s] -- Up-to-date: /home/zrk/engineer_up/engineer/install/point_lio/share/point_lio/local_setup.zsh
[1.453s] -- Installing: /home/zrk/engineer_up/engineer/install/point_lio/share/point_lio/local_setup.dsv
[1.453s] -- Installing: /home/zrk/engineer_up/engineer/install/point_lio/share/point_lio/package.dsv
[1.453s] -- Up-to-date: /home/zrk/engineer_up/engineer/install/point_lio/share/ament_index/resource_index/packages/point_lio
[1.453s] -- Up-to-date: /home/zrk/engineer_up/engineer/install/point_lio/share/point_lio/cmake/ament_cmake_export_dependencies-extras.cmake
[1.453s] -- Up-to-date: /home/zrk/engineer_up/engineer/install/point_lio/share/point_lio/cmake/point_lioConfig.cmake
[1.453s] -- Up-to-date: /home/zrk/engineer_up/engineer/install/point_lio/share/point_lio/cmake/point_lioConfig-version.cmake
[1.453s] -- Up-to-date: /home/zrk/engineer_up/engineer/install/point_lio/share/point_lio/package.xml
[1.454s] Invoked command in '/home/zrk/engineer_up/engineer/build/point_lio' returned '0': AMENT_PREFIX_PATH=/home/zrk/engineer_up/engineer/install/livox_ros_driver2:${AMENT_PREFIX_PATH} CMAKE_PREFIX_PATH=/home/zrk/engineer_up/engineer/install/livox_ros_driver2:/opt/ros/humble LD_LIBRARY_PATH=/home/zrk/engineer_up/engineer/install/livox_ros_driver2/lib:${LD_LIBRARY_PATH} PYTHONPATH=/home/zrk/engineer_up/engineer/install/livox_ros_driver2/local/lib/python3.10/dist-packages:${PYTHONPATH} /usr/bin/cmake --install /home/zrk/engineer_up/engineer/build/point_lio
