[0.207s] Invoking command in '/home/nhs/engineer/build/pointcloud_to_laserscan': CMAKE_PREFIX_PATH=${CMAKE_PREFIX_PATH}:/home/nhs/engineer/install/bubble_protocol:/opt/ros/humble /usr/bin/cmake /home/nhs/engineer/src/rm_perception/pointcloud_to_laserscan -DCMAKE_INSTALL_PREFIX=/home/nhs/engineer/install/pointcloud_to_laserscan
[0.219s] -- Found ament_cmake_auto: 1.3.12 (/opt/ros/humble/share/ament_cmake_auto/cmake)
[0.461s] -- Found rosidl_generator_c: 3.1.7 (/opt/ros/humble/share/rosidl_generator_c/cmake)
[0.468s] -- Found rosidl_adapter: 3.1.7 (/opt/ros/humble/share/rosidl_adapter/cmake)
[0.474s] -- Found rosidl_generator_cpp: 3.1.7 (/opt/ros/humble/share/rosidl_generator_cpp/cmake)
[0.485s] -- Using all available rosidl_typesupport_c: rosidl_typesupport_fastrtps_c;rosidl_typesupport_introspection_c
[0.510s] -- Using all available rosidl_typesupport_cpp: rosidl_typesupport_fastrtps_cpp;rosidl_typesupport_introspection_cpp
[0.549s] -- Found rmw_implementation_cmake: 6.1.2 (/opt/ros/humble/share/rmw_implementation_cmake/cmake)
[0.551s] -- Found rmw_fastrtps_cpp: 6.2.8 (/opt/ros/humble/share/rmw_fastrtps_cpp/cmake)
[0.658s] -- Using RMW implementation 'rmw_fastrtps_cpp' as default
[0.897s] -- Found ament_lint_auto: 0.12.14 (/opt/ros/humble/share/ament_lint_auto/cmake)
[0.899s] [0mIn this package, headers install destination is set to `include` by ament_auto_package. It is recommended to install `include/pointcloud_to_laserscan` instead and will be the default behavior of ament_auto_package from ROS 2 Kilted Kaiju. On distributions before Kilted, ament_auto_package behaves the same way when you use USE_SCOPED_HEADER_INSTALL_DIR option.[0m
[0.902s] -- Added test 'cppcheck' to perform static code analysis on C / C++ code
[0.902s] -- Configured cppcheck include dirs: /home/nhs/engineer/src/rm_perception/pointcloud_to_laserscan/include
[0.902s] -- Configured cppcheck exclude dirs and/or files: 
[0.903s] -- Added test 'cpplint' to check C / C++ code against the Google style
[0.903s] -- Configured cpplint exclude dirs and/or files: 
[0.903s] -- Added test 'flake8' to check Python code syntax and style conventions
[0.904s] -- Added test 'lint_cmake' to check CMake code style
[0.904s] -- Added test 'pep257' to check Python code against some of the docstring style conventions in PEP 257
[0.905s] -- Added test 'uncrustify' to check C / C++ code style
[0.905s] -- Configured uncrustify additional arguments: 
[0.906s] -- Added test 'xmllint' to check XML markup files
[0.908s] -- Configuring done
[0.944s] -- Generating done
[0.958s] -- Build files have been written to: /home/nhs/engineer/build/pointcloud_to_laserscan
[0.967s] Invoked command in '/home/nhs/engineer/build/pointcloud_to_laserscan' returned '0': CMAKE_PREFIX_PATH=${CMAKE_PREFIX_PATH}:/home/nhs/engineer/install/bubble_protocol:/opt/ros/humble /usr/bin/cmake /home/nhs/engineer/src/rm_perception/pointcloud_to_laserscan -DCMAKE_INSTALL_PREFIX=/home/nhs/engineer/install/pointcloud_to_laserscan
[0.969s] Invoking command in '/home/nhs/engineer/build/pointcloud_to_laserscan': CMAKE_PREFIX_PATH=${CMAKE_PREFIX_PATH}:/home/nhs/engineer/install/bubble_protocol:/opt/ros/humble /usr/bin/cmake --build /home/nhs/engineer/build/pointcloud_to_laserscan -- -j8 -l8
[1.013s] [35m[1mConsolidate compiler generated dependencies of target laserscan_to_pointcloud_node[0m
[1.013s] [35m[1mConsolidate compiler generated dependencies of target pointcloud_to_laserscan_node[0m
[1.026s] [35m[1mConsolidate compiler generated dependencies of target laserscan_to_pointcloud[0m
[1.033s] [ 20%] Built target pointcloud_to_laserscan_node
[1.048s] [ 40%] Built target laserscan_to_pointcloud_node
[1.057s] [ 60%] Built target laserscan_to_pointcloud
[1.067s] [35m[1mConsolidate compiler generated dependencies of target pointcloud_to_laserscan[0m
[1.090s] [ 80%] Built target pointcloud_to_laserscan
[1.098s] [35m[1mConsolidate compiler generated dependencies of target dummy_pointcloud_publisher[0m
[1.117s] [100%] Built target dummy_pointcloud_publisher
[1.127s] Invoked command in '/home/nhs/engineer/build/pointcloud_to_laserscan' returned '0': CMAKE_PREFIX_PATH=${CMAKE_PREFIX_PATH}:/home/nhs/engineer/install/bubble_protocol:/opt/ros/humble /usr/bin/cmake --build /home/nhs/engineer/build/pointcloud_to_laserscan -- -j8 -l8
[1.129s] Invoking command in '/home/nhs/engineer/build/pointcloud_to_laserscan': CMAKE_PREFIX_PATH=${CMAKE_PREFIX_PATH}:/home/nhs/engineer/install/bubble_protocol:/opt/ros/humble /usr/bin/cmake --install /home/nhs/engineer/build/pointcloud_to_laserscan
[1.135s] -- Install configuration: ""
[1.136s] -- Installing: /home/nhs/engineer/install/pointcloud_to_laserscan/lib/pointcloud_to_laserscan/laserscan_to_pointcloud_node
[1.137s] -- Set runtime path of "/home/nhs/engineer/install/pointcloud_to_laserscan/lib/pointcloud_to_laserscan/laserscan_to_pointcloud_node" to ""
[1.139s] -- Installing: /home/nhs/engineer/install/pointcloud_to_laserscan/lib/pointcloud_to_laserscan/pointcloud_to_laserscan_node
[1.140s] -- Set runtime path of "/home/nhs/engineer/install/pointcloud_to_laserscan/lib/pointcloud_to_laserscan/pointcloud_to_laserscan_node" to ""
[1.141s] -- Installing: /home/nhs/engineer/install/pointcloud_to_laserscan/include
[1.142s] -- Installing: /home/nhs/engineer/install/pointcloud_to_laserscan/include/pointcloud_to_laserscan
[1.143s] -- Installing: /home/nhs/engineer/install/pointcloud_to_laserscan/include/pointcloud_to_laserscan/visibility_control.h
[1.143s] -- Installing: /home/nhs/engineer/install/pointcloud_to_laserscan/include/pointcloud_to_laserscan/pointcloud_to_laserscan_node.hpp
[1.143s] -- Installing: /home/nhs/engineer/install/pointcloud_to_laserscan/include/pointcloud_to_laserscan/laserscan_to_pointcloud_node.hpp
[1.143s] -- Installing: /home/nhs/engineer/install/pointcloud_to_laserscan/share/pointcloud_to_laserscan/environment/library_path.sh
[1.143s] -- Installing: /home/nhs/engineer/install/pointcloud_to_laserscan/share/pointcloud_to_laserscan/environment/library_path.dsv
[1.143s] -- Installing: /home/nhs/engineer/install/pointcloud_to_laserscan/lib/liblaserscan_to_pointcloud.so
[1.143s] -- Set runtime path of "/home/nhs/engineer/install/pointcloud_to_laserscan/lib/liblaserscan_to_pointcloud.so" to ""
[1.143s] -- Installing: /home/nhs/engineer/install/pointcloud_to_laserscan/lib/libpointcloud_to_laserscan.so
[1.143s] -- Set runtime path of "/home/nhs/engineer/install/pointcloud_to_laserscan/lib/libpointcloud_to_laserscan.so" to ""
[1.143s] -- Installing: /home/nhs/engineer/install/pointcloud_to_laserscan/lib/pointcloud_to_laserscan/dummy_pointcloud_publisher
[1.143s] -- Set runtime path of "/home/nhs/engineer/install/pointcloud_to_laserscan/lib/pointcloud_to_laserscan/dummy_pointcloud_publisher" to ""
[1.143s] -- Installing: /home/nhs/engineer/install/pointcloud_to_laserscan/share/pointcloud_to_laserscan/launch
[1.143s] -- Installing: /home/nhs/engineer/install/pointcloud_to_laserscan/share/pointcloud_to_laserscan/launch/sample_pointcloud_to_laserscan_launch.py
[1.143s] -- Installing: /home/nhs/engineer/install/pointcloud_to_laserscan/share/pointcloud_to_laserscan/launch/sample_laserscan_to_pointcloud_launch.py
[1.143s] -- Installing: /home/nhs/engineer/install/pointcloud_to_laserscan/share/pointcloud_to_laserscan/launch/pointcloud_to_laserscan_launch.py
[1.143s] -- Installing: /home/nhs/engineer/install/pointcloud_to_laserscan/share/ament_index/resource_index/package_run_dependencies/pointcloud_to_laserscan
[1.144s] -- Installing: /home/nhs/engineer/install/pointcloud_to_laserscan/share/ament_index/resource_index/parent_prefix_path/pointcloud_to_laserscan
[1.144s] -- Installing: /home/nhs/engineer/install/pointcloud_to_laserscan/share/pointcloud_to_laserscan/environment/ament_prefix_path.sh
[1.144s] -- Installing: /home/nhs/engineer/install/pointcloud_to_laserscan/share/pointcloud_to_laserscan/environment/ament_prefix_path.dsv
[1.144s] -- Installing: /home/nhs/engineer/install/pointcloud_to_laserscan/share/pointcloud_to_laserscan/environment/path.sh
[1.144s] -- Installing: /home/nhs/engineer/install/pointcloud_to_laserscan/share/pointcloud_to_laserscan/environment/path.dsv
[1.145s] -- Installing: /home/nhs/engineer/install/pointcloud_to_laserscan/share/pointcloud_to_laserscan/local_setup.bash
[1.145s] -- Installing: /home/nhs/engineer/install/pointcloud_to_laserscan/share/pointcloud_to_laserscan/local_setup.sh
[1.145s] -- Installing: /home/nhs/engineer/install/pointcloud_to_laserscan/share/pointcloud_to_laserscan/local_setup.zsh
[1.145s] -- Installing: /home/nhs/engineer/install/pointcloud_to_laserscan/share/pointcloud_to_laserscan/local_setup.dsv
[1.145s] -- Installing: /home/nhs/engineer/install/pointcloud_to_laserscan/share/pointcloud_to_laserscan/package.dsv
[1.145s] -- Installing: /home/nhs/engineer/install/pointcloud_to_laserscan/share/ament_index/resource_index/packages/pointcloud_to_laserscan
[1.145s] -- Installing: /home/nhs/engineer/install/pointcloud_to_laserscan/share/ament_index/resource_index/rclcpp_components/pointcloud_to_laserscan
[1.146s] -- Installing: /home/nhs/engineer/install/pointcloud_to_laserscan/share/pointcloud_to_laserscan/cmake/ament_cmake_export_dependencies-extras.cmake
[1.146s] -- Installing: /home/nhs/engineer/install/pointcloud_to_laserscan/share/pointcloud_to_laserscan/cmake/ament_cmake_export_include_directories-extras.cmake
[1.146s] -- Installing: /home/nhs/engineer/install/pointcloud_to_laserscan/share/pointcloud_to_laserscan/cmake/ament_cmake_export_libraries-extras.cmake
[1.146s] -- Installing: /home/nhs/engineer/install/pointcloud_to_laserscan/share/pointcloud_to_laserscan/cmake/pointcloud_to_laserscanConfig.cmake
[1.146s] -- Installing: /home/nhs/engineer/install/pointcloud_to_laserscan/share/pointcloud_to_laserscan/cmake/pointcloud_to_laserscanConfig-version.cmake
[1.146s] -- Installing: /home/nhs/engineer/install/pointcloud_to_laserscan/share/pointcloud_to_laserscan/package.xml
[1.146s] Invoked command in '/home/nhs/engineer/build/pointcloud_to_laserscan' returned '0': CMAKE_PREFIX_PATH=${CMAKE_PREFIX_PATH}:/home/nhs/engineer/install/bubble_protocol:/opt/ros/humble /usr/bin/cmake --install /home/nhs/engineer/build/pointcloud_to_laserscan
