[0.199s] Invoking command in '/home/zrk/engineer_up/engineer/build/pcd2pgm': CMAKE_PREFIX_PATH=/opt/ros/humble /usr/bin/cmake /home/zrk/engineer_up/engineer/src/rm_localization/pcd2pgm -DROS_EDITION=ROS2 -DHUMBLE_ROS=humble -DCMAKE_INSTALL_PREFIX=/home/zrk/engineer_up/engineer/install/pcd2pgm
[0.246s] -- The C compiler identification is GNU 11.4.0
[0.294s] -- The CXX compiler identification is GNU 11.4.0
[0.302s] -- Detecting C compiler ABI info
[0.363s] -- Detecting C compiler ABI info - done
[0.372s] -- Check for working C compiler: /usr/bin/cc - skipped
[0.372s] -- Detecting C compile features
[0.372s] -- Detecting C compile features - done
[0.375s] -- Detecting CXX compiler ABI info
[0.454s] -- Detecting CXX compiler ABI info - done
[0.464s] -- Check for working CXX compiler: /usr/bin/c++ - skipped
[0.464s] -- Detecting CXX compile features
[0.465s] -- Detecting CXX compile features - done
[0.468s] -- Found ament_cmake: 1.3.11 (/opt/ros/humble/share/ament_cmake/cmake)
[0.626s] -- Found Python3: /usr/bin/python3 (found version "3.10.12") found components: Interpreter 
[0.825s] -- Found rclcpp: 16.0.12 (/opt/ros/humble/share/rclcpp/cmake)
[0.888s] -- Found rosidl_generator_c: 3.1.6 (/opt/ros/humble/share/rosidl_generator_c/cmake)
[0.896s] -- Found rosidl_adapter: 3.1.6 (/opt/ros/humble/share/rosidl_adapter/cmake)
[0.917s] -- Found rosidl_generator_cpp: 3.1.6 (/opt/ros/humble/share/rosidl_generator_cpp/cmake)
[0.933s] -- Using all available rosidl_typesupport_c: rosidl_typesupport_fastrtps_c;rosidl_typesupport_introspection_c
[0.955s] -- Using all available rosidl_typesupport_cpp: rosidl_typesupport_fastrtps_cpp;rosidl_typesupport_introspection_cpp
[1.022s] -- Found rmw_implementation_cmake: 6.1.2 (/opt/ros/humble/share/rmw_implementation_cmake/cmake)
[1.025s] -- Found rmw_fastrtps_cpp: 6.2.7 (/opt/ros/humble/share/rmw_fastrtps_cpp/cmake)
[1.212s] -- Found OpenSSL: /usr/lib/x86_64-linux-gnu/libcrypto.so (found version "3.0.2")  
[1.269s] -- Found FastRTPS: /opt/ros/humble/include  
[1.337s] -- Using RMW implementation 'rmw_fastrtps_cpp' as default
[1.351s] -- Looking for pthread.h
[1.531s] -- Looking for pthread.h - found
[1.532s] -- Performing Test CMAKE_HAVE_LIBC_PTHREAD
[1.775s] -- Performing Test CMAKE_HAVE_LIBC_PTHREAD - Success
[1.777s] -- Found Threads: TRUE  
[1.964s] -- Checking for module 'eigen3'
[2.003s] --   Found eigen3, version 3.4.0
[2.106s] -- Found Eigen: /usr/include/eigen3 (Required is at least version "3.1") 
[2.106s] -- Eigen found (include: /usr/include/eigen3, version: 3.4.0)
[2.151s] -- Found Boost: /usr/lib/x86_64-linux-gnu/cmake/Boost-1.74.0/BoostConfig.cmake (found suitable version "1.74.0", minimum required is "1.65.0") found components: system filesystem date_time iostreams serialization 
[2.203s] -- Checking for module 'flann'
[2.231s] --   Found flann, version 1.9.1
[2.353s] -- Found FLANN: /usr/lib/x86_64-linux-gnu/libflann_cpp.so  
[2.353s] -- FLANN found (include: /usr/include, lib: /usr/lib/x86_64-linux-gnu/libflann_cpp.so)
[2.457s] -- Found GLEW: /usr/lib/x86_64-linux-gnu/libGLEW.so  
[2.477s] -- Found OpenGL: /usr/lib/x86_64-linux-gnu/libOpenGL.so  found components: OpenGL GLX 
[2.850s] -- Found MPI_C: /usr/lib/x86_64-linux-gnu/libmpi.so (found version "3.1") 
[2.850s] -- Found MPI: TRUE (found version "3.1") found components: C 
[2.861s] -- Found JsonCpp: /usr/lib/x86_64-linux-gnu/libjsoncpp.so (found suitable version "1.9.5", minimum required is "0.7.0") 
[2.889s] -- Found ZLIB: /usr/lib/x86_64-linux-gnu/libz.so (found version "1.2.11") 
[2.939s] -- Found PNG: /usr/lib/x86_64-linux-gnu/libpng.so (found version "1.6.37") 
[2.971s] -- Found Eigen3: /usr/include/eigen3 (found version "3.4.0") 
[3.283s] -- Found X11: /usr/include   
[3.287s] -- Looking for XOpenDisplay in /usr/lib/x86_64-linux-gnu/libX11.so;/usr/lib/x86_64-linux-gnu/libXext.so
[3.542s] -- Looking for XOpenDisplay in /usr/lib/x86_64-linux-gnu/libX11.so;/usr/lib/x86_64-linux-gnu/libXext.so - found
[3.542s] -- Looking for gethostbyname
[3.803s] -- Looking for gethostbyname - found
[3.810s] -- Looking for connect
[4.025s] -- Looking for connect - found
[4.025s] -- Looking for remove
[4.243s] -- Looking for remove - found
[4.245s] -- Looking for shmat
[4.493s] -- Looking for shmat - found
[4.493s] -- Looking for IceConnectionNumber in ICE
[4.714s] -- Looking for IceConnectionNumber in ICE - found
[4.992s] -- Found EXPAT: /usr/lib/x86_64-linux-gnu/libexpat.so (found version "2.4.7") 
[4.999s] -- Found double-conversion: /usr/lib/x86_64-linux-gnu/libdouble-conversion.so  
[5.007s] -- Found LZ4: /usr/lib/x86_64-linux-gnu/liblz4.so (found version "1.9.3") 
[5.017s] -- Found LZMA: /usr/lib/x86_64-linux-gnu/liblzma.so (found version "5.2.5") 
[5.063s] -- Found JPEG: /usr/lib/x86_64-linux-gnu/libjpeg.so (found version "80") 
[5.090s] -- Found TIFF: /usr/lib/x86_64-linux-gnu/libtiff.so (found version "4.3.0")  
[5.106s] -- Found Freetype: /usr/lib/x86_64-linux-gnu/libfreetype.so (found version "2.11.1") 
[5.117s] -- Found utf8cpp: /usr/include/utf8cpp  
[5.378s] -- Checking for module 'libusb-1.0'
[5.421s] --   Found libusb-1.0, version 1.0.25
[5.562s] -- Found libusb: /usr/lib/x86_64-linux-gnu/libusb-1.0.so  
[5.563s] -- Found OpenNI: /usr/lib/libOpenNI.so;libusb::libusb (found version "1.5.4.0") 
[5.563s] -- OpenNI found (version: 1.5.4.0, include: /usr/include/ni, lib: /usr/lib/libOpenNI.so;libusb::libusb)
[5.772s] [0m** WARNING ** io features related to pcap will be disabled[0m
[5.773s] -- Found OpenNI2: /usr/lib/x86_64-linux-gnu/libOpenNI2.so;libusb::libusb (found version "2.2.0.33") 
[5.773s] -- OpenNI2 found (version: 2.2.0.33, include: /usr/include/openni2, lib: /usr/lib/x86_64-linux-gnu/libOpenNI2.so;libusb::libusb)
[6.354s] -- Eigen found (include: /usr/include/eigen3, version: 3.4.0)
[6.376s] -- OpenNI found (version: 1.5.4.0, include: /usr/include/ni, lib: /usr/lib/libOpenNI.so;libusb::libusb)
[6.397s] -- OpenNI2 found (version: 2.2.0.33, include: /usr/include/openni2, lib: /usr/lib/x86_64-linux-gnu/libOpenNI2.so;libusb::libusb)
[6.730s] -- Found Qhull version 8.0.2
[7.080s] -- OpenNI found (version: 1.5.4.0, include: /usr/include/ni, lib: /usr/lib/libOpenNI.so;libusb::libusb)
[7.472s] -- looking for PCL_COMMON
[7.477s] -- Found PCL_COMMON: /usr/lib/x86_64-linux-gnu/libpcl_common.so  
[7.477s] -- looking for PCL_KDTREE
[7.479s] -- Found PCL_KDTREE: /usr/lib/x86_64-linux-gnu/libpcl_kdtree.so  
[7.479s] -- looking for PCL_OCTREE
[7.487s] -- Found PCL_OCTREE: /usr/lib/x86_64-linux-gnu/libpcl_octree.so  
[7.487s] -- looking for PCL_SEARCH
[7.491s] -- Found PCL_SEARCH: /usr/lib/x86_64-linux-gnu/libpcl_search.so  
[7.493s] -- looking for PCL_SAMPLE_CONSENSUS
[7.494s] -- Found PCL_SAMPLE_CONSENSUS: /usr/lib/x86_64-linux-gnu/libpcl_sample_consensus.so  
[7.494s] -- looking for PCL_FILTERS
[7.496s] -- Found PCL_FILTERS: /usr/lib/x86_64-linux-gnu/libpcl_filters.so  
[7.497s] -- looking for PCL_2D
[7.498s] -- Found PCL_2D: /usr/include/pcl-1.12  
[7.498s] -- looking for PCL_GEOMETRY
[7.499s] -- Found PCL_GEOMETRY: /usr/include/pcl-1.12  
[7.499s] -- looking for PCL_IO
[7.501s] -- Found PCL_IO: /usr/lib/x86_64-linux-gnu/libpcl_io.so  
[7.502s] -- looking for PCL_FEATURES
[7.504s] -- Found PCL_FEATURES: /usr/lib/x86_64-linux-gnu/libpcl_features.so  
[7.504s] -- looking for PCL_ML
[7.506s] -- Found PCL_ML: /usr/lib/x86_64-linux-gnu/libpcl_ml.so  
[7.508s] -- looking for PCL_SEGMENTATION
[7.508s] -- Found PCL_SEGMENTATION: /usr/lib/x86_64-linux-gnu/libpcl_segmentation.so  
[7.509s] -- looking for PCL_VISUALIZATION
[7.511s] -- Found PCL_VISUALIZATION: /usr/lib/x86_64-linux-gnu/libpcl_visualization.so  
[7.512s] -- looking for PCL_SURFACE
[7.513s] -- Found PCL_SURFACE: /usr/lib/x86_64-linux-gnu/libpcl_surface.so  
[7.514s] -- looking for PCL_REGISTRATION
[7.516s] -- Found PCL_REGISTRATION: /usr/lib/x86_64-linux-gnu/libpcl_registration.so  
[7.516s] -- looking for PCL_KEYPOINTS
[7.518s] -- Found PCL_KEYPOINTS: /usr/lib/x86_64-linux-gnu/libpcl_keypoints.so  
[7.519s] -- looking for PCL_TRACKING
[7.520s] -- Found PCL_TRACKING: /usr/lib/x86_64-linux-gnu/libpcl_tracking.so  
[7.521s] -- looking for PCL_RECOGNITION
[7.522s] -- Found PCL_RECOGNITION: /usr/lib/x86_64-linux-gnu/libpcl_recognition.so  
[7.523s] -- looking for PCL_STEREO
[7.525s] -- Found PCL_STEREO: /usr/lib/x86_64-linux-gnu/libpcl_stereo.so  
[7.525s] -- looking for PCL_APPS
[7.526s] -- Found PCL_APPS: /usr/lib/x86_64-linux-gnu/libpcl_apps.so  
[7.528s] -- looking for PCL_IN_HAND_SCANNER
[7.528s] -- Found PCL_IN_HAND_SCANNER: /usr/include/pcl-1.12  
[7.529s] -- looking for PCL_MODELER
[7.529s] -- Found PCL_MODELER: /usr/include/pcl-1.12  
[7.529s] -- looking for PCL_POINT_CLOUD_EDITOR
[7.530s] -- Found PCL_POINT_CLOUD_EDITOR: /usr/include/pcl-1.12  
[7.530s] -- looking for PCL_OUTOFCORE
[7.533s] -- Found PCL_OUTOFCORE: /usr/lib/x86_64-linux-gnu/libpcl_outofcore.so  
[7.533s] -- looking for PCL_PEOPLE
[7.536s] -- Found PCL_PEOPLE: /usr/lib/x86_64-linux-gnu/libpcl_people.so  
[7.536s] -- Found PCL: pcl_common;pcl_kdtree;pcl_octree;pcl_search;pcl_sample_consensus;pcl_filters;pcl_io;pcl_features;pcl_ml;pcl_segmentation;pcl_visualization;pcl_surface;pcl_registration;pcl_keypoints;pcl_tracking;pcl_recognition;pcl_stereo;pcl_apps;pcl_outofcore;pcl_people;Boost::system;Boost::filesystem;Boost::date_time;Boost::iostreams;Boost::serialization;/usr/lib/libOpenNI.so;libusb::libusb;/usr/lib/x86_64-linux-gnu/libOpenNI2.so;libusb::libusb;VTK::ChartsCore;VTK::CommonColor;VTK::CommonComputationalGeometry;VTK::CommonCore;VTK::CommonDataModel;VTK::CommonExecutionModel;VTK::CommonMath;VTK::CommonMisc;VTK::CommonTransforms;VTK::FiltersCore;VTK::FiltersExtraction;VTK::FiltersGeneral;VTK::FiltersGeometry;VTK::FiltersModeling;VTK::FiltersSources;VTK::ImagingCore;VTK::ImagingSources;VTK::InteractionImage;VTK::InteractionStyle;VTK::InteractionWidgets;VTK::IOCore;VTK::IOGeometry;VTK::IOImage;VTK::IOLegacy;VTK::IOPLY;VTK::RenderingAnnotation;VTK::RenderingCore;VTK::RenderingContext2D;VTK::RenderingLOD;VTK::RenderingFreeType;VTK::ViewsCore;VTK::ViewsContext2D;VTK::RenderingOpenGL2;VTK::GUISupportQt;FLANN::FLANN;QHULL::QHULL  
[7.549s] -- Found OpenCV: /usr (found version "4.5.4") 
[7.748s] -- Configuring done
[7.856s] -- Generating done
[7.861s] [33mCMake Warning:
[7.861s]   Manually-specified variables were not used by the project:
[7.861s] 
[7.861s]     HUMBLE_ROS
[7.861s]     ROS_EDITION
[7.861s] 
[7.861s] [0m
[7.880s] -- Build files have been written to: /home/zrk/engineer_up/engineer/build/pcd2pgm
[7.927s] Invoked command in '/home/zrk/engineer_up/engineer/build/pcd2pgm' returned '0': CMAKE_PREFIX_PATH=/opt/ros/humble /usr/bin/cmake /home/zrk/engineer_up/engineer/src/rm_localization/pcd2pgm -DROS_EDITION=ROS2 -DHUMBLE_ROS=humble -DCMAKE_INSTALL_PREFIX=/home/zrk/engineer_up/engineer/install/pcd2pgm
[7.928s] Invoking command in '/home/zrk/engineer_up/engineer/build/pcd2pgm': CMAKE_PREFIX_PATH=/opt/ros/humble /usr/bin/cmake --build /home/zrk/engineer_up/engineer/build/pcd2pgm -- -j16 -l16
[8.100s] [ 50%] [32mBuilding CXX object CMakeFiles/pcd2pgm.dir/src/pcd2pgm.cpp.o[0m
[20.368s] [100%] [32m[1mLinking CXX executable pcd2pgm[0m
[21.030s] [100%] Built target pcd2pgm
[21.042s] Invoked command in '/home/zrk/engineer_up/engineer/build/pcd2pgm' returned '0': CMAKE_PREFIX_PATH=/opt/ros/humble /usr/bin/cmake --build /home/zrk/engineer_up/engineer/build/pcd2pgm -- -j16 -l16
[21.044s] Invoking command in '/home/zrk/engineer_up/engineer/build/pcd2pgm': CMAKE_PREFIX_PATH=/opt/ros/humble /usr/bin/cmake --install /home/zrk/engineer_up/engineer/build/pcd2pgm
[21.052s] -- Install configuration: ""
[21.052s] -- Installing: /home/zrk/engineer_up/engineer/install/pcd2pgm/lib/pcd2pgm/pcd2pgm
[21.053s] -- Set runtime path of "/home/zrk/engineer_up/engineer/install/pcd2pgm/lib/pcd2pgm/pcd2pgm" to ""
[21.053s] -- Installing: /home/zrk/engineer_up/engineer/install/pcd2pgm/share/pcd2pgm/launch
[21.053s] -- Installing: /home/zrk/engineer_up/engineer/install/pcd2pgm/share/pcd2pgm/launch/pcd2pgm.launch.py
[21.053s] -- Installing: /home/zrk/engineer_up/engineer/install/pcd2pgm/share/pcd2pgm/config
[21.053s] -- Installing: /home/zrk/engineer_up/engineer/install/pcd2pgm/share/pcd2pgm/config/pcd2pgm.yaml
[21.053s] -- Installing: /home/zrk/engineer_up/engineer/install/pcd2pgm/share/pcd2pgm/map
[21.053s] -- Installing: /home/zrk/engineer_up/engineer/install/pcd2pgm/share/pcd2pgm/map/test.yaml
[21.053s] -- Installing: /home/zrk/engineer_up/engineer/install/pcd2pgm/share/pcd2pgm/map/test.pgm
[21.053s] -- Installing: /home/zrk/engineer_up/engineer/install/pcd2pgm/share/ament_index/resource_index/package_run_dependencies/pcd2pgm
[21.054s] -- Installing: /home/zrk/engineer_up/engineer/install/pcd2pgm/share/ament_index/resource_index/parent_prefix_path/pcd2pgm
[21.054s] -- Installing: /home/zrk/engineer_up/engineer/install/pcd2pgm/share/pcd2pgm/environment/ament_prefix_path.sh
[21.054s] -- Installing: /home/zrk/engineer_up/engineer/install/pcd2pgm/share/pcd2pgm/environment/ament_prefix_path.dsv
[21.054s] -- Installing: /home/zrk/engineer_up/engineer/install/pcd2pgm/share/pcd2pgm/environment/path.sh
[21.054s] -- Installing: /home/zrk/engineer_up/engineer/install/pcd2pgm/share/pcd2pgm/environment/path.dsv
[21.054s] -- Installing: /home/zrk/engineer_up/engineer/install/pcd2pgm/share/pcd2pgm/local_setup.bash
[21.054s] -- Installing: /home/zrk/engineer_up/engineer/install/pcd2pgm/share/pcd2pgm/local_setup.sh
[21.054s] -- Installing: /home/zrk/engineer_up/engineer/install/pcd2pgm/share/pcd2pgm/local_setup.zsh
[21.055s] -- Installing: /home/zrk/engineer_up/engineer/install/pcd2pgm/share/pcd2pgm/local_setup.dsv
[21.055s] -- Installing: /home/zrk/engineer_up/engineer/install/pcd2pgm/share/pcd2pgm/package.dsv
[21.055s] -- Installing: /home/zrk/engineer_up/engineer/install/pcd2pgm/share/ament_index/resource_index/packages/pcd2pgm
[21.055s] -- Installing: /home/zrk/engineer_up/engineer/install/pcd2pgm/share/pcd2pgm/cmake/pcd2pgmConfig.cmake
[21.055s] -- Installing: /home/zrk/engineer_up/engineer/install/pcd2pgm/share/pcd2pgm/cmake/pcd2pgmConfig-version.cmake
[21.055s] -- Installing: /home/zrk/engineer_up/engineer/install/pcd2pgm/share/pcd2pgm/package.xml
[21.058s] Invoked command in '/home/zrk/engineer_up/engineer/build/pcd2pgm' returned '0': CMAKE_PREFIX_PATH=/opt/ros/humble /usr/bin/cmake --install /home/zrk/engineer_up/engineer/build/pcd2pgm
