[0.012s] Invoking command in '/home/nhs/engineer/build/rmctrl_msgs': CMAKE_PREFIX_PATH=${CMAKE_PREFIX_PATH}:/home/nhs/engineer/install/bubble_protocol:/opt/ros/humble /usr/bin/cmake --build /home/nhs/engineer/build/rmctrl_msgs -- -j8 -l8
[0.045s] -- Found ament_cmake: 1.3.12 (/opt/ros/humble/share/ament_cmake/cmake)
[0.173s] -- Found builtin_interfaces: 1.2.2 (/opt/ros/humble/share/builtin_interfaces/cmake)
[0.192s] -- Found rosidl_generator_c: 3.1.7 (/opt/ros/humble/share/rosidl_generator_c/cmake)
[0.194s] -- Found rosidl_adapter: 3.1.7 (/opt/ros/humble/share/rosidl_adapter/cmake)
[0.198s] -- Found rosidl_generator_cpp: 3.1.7 (/opt/ros/humble/share/rosidl_generator_cpp/cmake)
[0.204s] -- Using all available rosidl_typesupport_c: rosidl_typesupport_fastrtps_c;rosidl_typesupport_introspection_c
[0.214s] -- Using all available rosidl_typesupport_cpp: rosidl_typesupport_fastrtps_cpp;rosidl_typesupport_introspection_cpp
[0.221s] -- Found std_msgs: 4.9.0 (/opt/ros/humble/share/std_msgs/cmake)
[0.230s] -- Found rosidl_default_generators: 1.2.0 (/opt/ros/humble/share/rosidl_default_generators/cmake)
[0.457s] -- Found ament_cmake_ros: 0.10.0 (/opt/ros/humble/share/ament_cmake_ros/cmake)
[0.691s] -- Using all available rosidl_typesupport_c: rosidl_typesupport_fastrtps_c;rosidl_typesupport_introspection_c
[0.781s] -- Using all available rosidl_typesupport_cpp: rosidl_typesupport_fastrtps_cpp;rosidl_typesupport_introspection_cpp
[0.796s] -- Found python_cmake_module: 0.10.0 (/opt/ros/humble/share/python_cmake_module/cmake)
[0.812s] -- Using PYTHON_EXECUTABLE: /usr/bin/python3
[0.812s] -- Using PYTHON_INCLUDE_DIRS: /usr/include/python3.10
[0.812s] -- Using PYTHON_LIBRARIES: /usr/lib/x86_64-linux-gnu/libpython3.10.so
[0.837s] -- Configuring done
[0.859s] -- Generating done
[0.867s] -- Build files have been written to: /home/nhs/engineer/build/rmctrl_msgs
[0.883s] [  2%] [34m[1mGenerating C code for ROS interfaces[0m
[0.890s] [  4%] [34m[1mGenerating C++ code for ROS interfaces[0m
[0.896s] [  4%] Built target ament_cmake_python_copy_rmctrl_msgs
[1.048s] running egg_info
[1.049s] writing rmctrl_msgs.egg-info/PKG-INFO
[1.049s] writing dependency_links to rmctrl_msgs.egg-info/dependency_links.txt
[1.049s] writing top-level names to rmctrl_msgs.egg-info/top_level.txt
[1.051s] reading manifest file 'rmctrl_msgs.egg-info/SOURCES.txt'
[1.051s] writing manifest file 'rmctrl_msgs.egg-info/SOURCES.txt'
[1.070s] [  4%] Built target ament_cmake_python_build_rmctrl_msgs_egg
[1.150s] [35m[1mConsolidate compiler generated dependencies of target rmctrl_msgs__rosidl_generator_c[0m
[1.156s] [  4%] Built target rmctrl_msgs__cpp
[1.158s] [  6%] [32mBuilding C object CMakeFiles/rmctrl_msgs__rosidl_generator_c.dir/rosidl_generator_c/rmctrl_msgs/msg/detail/chassis__functions.c.o[0m
[1.158s] [ 10%] [32mBuilding C object CMakeFiles/rmctrl_msgs__rosidl_generator_c.dir/rosidl_generator_c/rmctrl_msgs/msg/detail/imu__functions.c.o[0m
[1.158s] [ 10%] [32mBuilding C object CMakeFiles/rmctrl_msgs__rosidl_generator_c.dir/rosidl_generator_c/rmctrl_msgs/msg/detail/odom__functions.c.o[0m
[1.164s] [ 12%] [34m[1mGenerating C++ type support dispatch for ROS interfaces[0m
[1.164s] [ 17%] [34m[1mGenerating C++ introspection for ROS interfaces[0m
[1.164s] [ 17%] [34m[1mGenerating C++ type support for eProsima Fast-RTPS[0m
[1.218s] [ 19%] [32m[1mLinking C shared library librmctrl_msgs__rosidl_generator_c.so[0m
[1.249s] [ 19%] Built target rmctrl_msgs__rosidl_generator_c
[1.257s] [ 21%] [34m[1mGenerating C introspection for ROS interfaces[0m
[1.259s] [ 23%] [34m[1mGenerating C type support dispatch for ROS interfaces[0m
[1.259s] [ 25%] [34m[1mGenerating C type support for eProsima Fast-RTPS[0m
[1.434s] [35m[1mConsolidate compiler generated dependencies of target rmctrl_msgs__rosidl_typesupport_fastrtps_cpp[0m
[1.445s] [ 29%] [32mBuilding CXX object CMakeFiles/rmctrl_msgs__rosidl_typesupport_fastrtps_cpp.dir/rosidl_typesupport_fastrtps_cpp/rmctrl_msgs/msg/detail/dds_fastrtps/imu__type_support.cpp.o[0m
[1.445s] [ 29%] [32mBuilding CXX object CMakeFiles/rmctrl_msgs__rosidl_typesupport_fastrtps_cpp.dir/rosidl_typesupport_fastrtps_cpp/rmctrl_msgs/msg/detail/dds_fastrtps/chassis__type_support.cpp.o[0m
[1.445s] [ 31%] [32mBuilding CXX object CMakeFiles/rmctrl_msgs__rosidl_typesupport_fastrtps_cpp.dir/rosidl_typesupport_fastrtps_cpp/rmctrl_msgs/msg/detail/dds_fastrtps/odom__type_support.cpp.o[0m
[1.505s] [35m[1mConsolidate compiler generated dependencies of target rmctrl_msgs__rosidl_typesupport_cpp[0m
[1.520s] [ 34%] [32mBuilding CXX object CMakeFiles/rmctrl_msgs__rosidl_typesupport_cpp.dir/rosidl_typesupport_cpp/rmctrl_msgs/msg/chassis__type_support.cpp.o[0m
[1.554s] [35m[1mConsolidate compiler generated dependencies of target rmctrl_msgs__rosidl_typesupport_c[0m
[1.562s] [ 36%] [32mBuilding CXX object CMakeFiles/rmctrl_msgs__rosidl_typesupport_c.dir/rosidl_typesupport_c/rmctrl_msgs/msg/chassis__type_support.cpp.o[0m
[1.564s] [35m[1mConsolidate compiler generated dependencies of target rmctrl_msgs__rosidl_typesupport_introspection_cpp[0m
[1.577s] [ 38%] [32mBuilding CXX object CMakeFiles/rmctrl_msgs__rosidl_typesupport_introspection_cpp.dir/rosidl_typesupport_introspection_cpp/rmctrl_msgs/msg/detail/chassis__type_support.cpp.o[0m
[1.585s] [35m[1mConsolidate compiler generated dependencies of target rmctrl_msgs__rosidl_typesupport_fastrtps_c[0m
[1.597s] [ 40%] [32mBuilding CXX object CMakeFiles/rmctrl_msgs__rosidl_typesupport_fastrtps_c.dir/rosidl_typesupport_fastrtps_c/rmctrl_msgs/msg/detail/chassis__type_support_c.cpp.o[0m
[1.603s] [ 42%] [32mBuilding CXX object CMakeFiles/rmctrl_msgs__rosidl_typesupport_c.dir/rosidl_typesupport_c/rmctrl_msgs/msg/imu__type_support.cpp.o[0m
[1.658s] [ 44%] [32mBuilding CXX object CMakeFiles/rmctrl_msgs__rosidl_typesupport_c.dir/rosidl_typesupport_c/rmctrl_msgs/msg/odom__type_support.cpp.o[0m
[1.673s] [35m[1mConsolidate compiler generated dependencies of target rmctrl_msgs__rosidl_typesupport_introspection_c[0m
[1.684s] [ 46%] [32mBuilding C object CMakeFiles/rmctrl_msgs__rosidl_typesupport_introspection_c.dir/rosidl_typesupport_introspection_c/rmctrl_msgs/msg/detail/chassis__type_support.c.o[0m
[1.691s] [ 48%] [32m[1mLinking CXX shared library librmctrl_msgs__rosidl_typesupport_c.so[0m
[1.735s] [ 51%] [32mBuilding C object CMakeFiles/rmctrl_msgs__rosidl_typesupport_introspection_c.dir/rosidl_typesupport_introspection_c/rmctrl_msgs/msg/detail/imu__type_support.c.o[0m
[1.741s] [ 51%] Built target rmctrl_msgs__rosidl_typesupport_c
[1.754s] [ 53%] [32mBuilding C object CMakeFiles/rmctrl_msgs__rosidl_typesupport_introspection_c.dir/rosidl_typesupport_introspection_c/rmctrl_msgs/msg/detail/odom__type_support.c.o[0m
[1.775s] [ 55%] [32mBuilding CXX object CMakeFiles/rmctrl_msgs__rosidl_typesupport_cpp.dir/rosidl_typesupport_cpp/rmctrl_msgs/msg/imu__type_support.cpp.o[0m
[1.791s] [ 57%] [32m[1mLinking C shared library librmctrl_msgs__rosidl_typesupport_introspection_c.so[0m
[1.813s] [ 59%] [32mBuilding CXX object CMakeFiles/rmctrl_msgs__rosidl_typesupport_introspection_cpp.dir/rosidl_typesupport_introspection_cpp/rmctrl_msgs/msg/detail/imu__type_support.cpp.o[0m
[1.829s] [ 59%] Built target rmctrl_msgs__rosidl_typesupport_introspection_c
[1.838s] [ 61%] [32mBuilding CXX object CMakeFiles/rmctrl_msgs__rosidl_typesupport_fastrtps_c.dir/rosidl_typesupport_fastrtps_c/rmctrl_msgs/msg/detail/imu__type_support_c.cpp.o[0m
[1.890s] [ 63%] [32mBuilding CXX object CMakeFiles/rmctrl_msgs__rosidl_typesupport_introspection_cpp.dir/rosidl_typesupport_introspection_cpp/rmctrl_msgs/msg/detail/odom__type_support.cpp.o[0m
[1.902s] [ 65%] [32mBuilding CXX object CMakeFiles/rmctrl_msgs__rosidl_typesupport_cpp.dir/rosidl_typesupport_cpp/rmctrl_msgs/msg/odom__type_support.cpp.o[0m
[1.938s] [ 68%] [32m[1mLinking CXX shared library librmctrl_msgs__rosidl_typesupport_fastrtps_cpp.so[0m
[1.953s] [ 70%] [32mBuilding CXX object CMakeFiles/rmctrl_msgs__rosidl_typesupport_fastrtps_c.dir/rosidl_typesupport_fastrtps_c/rmctrl_msgs/msg/detail/odom__type_support_c.cpp.o[0m
[2.077s] [ 70%] Built target rmctrl_msgs__rosidl_typesupport_fastrtps_cpp
[2.191s] [ 72%] [32m[1mLinking CXX shared library librmctrl_msgs__rosidl_typesupport_cpp.so[0m
[2.222s] [ 72%] Built target rmctrl_msgs__rosidl_typesupport_cpp
[2.235s] [ 74%] [32m[1mLinking CXX shared library librmctrl_msgs__rosidl_typesupport_introspection_cpp.so[0m
[2.263s] [ 76%] [32m[1mLinking CXX shared library librmctrl_msgs__rosidl_typesupport_fastrtps_c.so[0m
[2.276s] [ 76%] Built target rmctrl_msgs__rosidl_typesupport_introspection_cpp
[2.312s] [ 76%] Built target rmctrl_msgs__rosidl_typesupport_fastrtps_c
[2.325s] [ 76%] Built target rmctrl_msgs
[2.338s] [ 78%] [34m[1mGenerating Python code for ROS interfaces[0m
[2.661s] [ 78%] Built target rmctrl_msgs__py
[2.668s] [35m[1mConsolidate compiler generated dependencies of target rmctrl_msgs__rosidl_generator_py[0m
[2.677s] [ 85%] [32mBuilding C object CMakeFiles/rmctrl_msgs__rosidl_generator_py.dir/rosidl_generator_py/rmctrl_msgs/msg/_imu_s.c.o[0m
[2.678s] [ 85%] [32mBuilding C object CMakeFiles/rmctrl_msgs__rosidl_generator_py.dir/rosidl_generator_py/rmctrl_msgs/msg/_odom_s.c.o[0m
[2.678s] [ 85%] [32mBuilding C object CMakeFiles/rmctrl_msgs__rosidl_generator_py.dir/rosidl_generator_py/rmctrl_msgs/msg/_chassis_s.c.o[0m
[2.758s] [ 87%] [32m[1mLinking C shared library rosidl_generator_py/rmctrl_msgs/librmctrl_msgs__rosidl_generator_py.so[0m
[2.786s] [ 87%] Built target rmctrl_msgs__rosidl_generator_py
[2.793s] [35m[1mConsolidate compiler generated dependencies of target rmctrl_msgs__rosidl_typesupport_fastrtps_c__pyext[0m
[2.793s] [35m[1mConsolidate compiler generated dependencies of target rmctrl_msgs__rosidl_typesupport_c__pyext[0m
[2.793s] [35m[1mConsolidate compiler generated dependencies of target rmctrl_msgs__rosidl_typesupport_introspection_c__pyext[0m
[2.801s] [ 91%] [32mBuilding C object CMakeFiles/rmctrl_msgs__rosidl_typesupport_c__pyext.dir/rosidl_generator_py/rmctrl_msgs/_rmctrl_msgs_s.ep.rosidl_typesupport_c.c.o[0m
[2.802s] [ 93%] [32mBuilding C object CMakeFiles/rmctrl_msgs__rosidl_typesupport_fastrtps_c__pyext.dir/rosidl_generator_py/rmctrl_msgs/_rmctrl_msgs_s.ep.rosidl_typesupport_fastrtps_c.c.o[0m
[2.802s] [ 93%] [32mBuilding C object CMakeFiles/rmctrl_msgs__rosidl_typesupport_introspection_c__pyext.dir/rosidl_generator_py/rmctrl_msgs/_rmctrl_msgs_s.ep.rosidl_typesupport_introspection_c.c.o[0m
[2.870s] [ 95%] [32m[1mLinking C shared library rosidl_generator_py/rmctrl_msgs/rmctrl_msgs_s__rosidl_typesupport_fastrtps_c.cpython-310-x86_64-linux-gnu.so[0m
[2.875s] [ 97%] [32m[1mLinking C shared library rosidl_generator_py/rmctrl_msgs/rmctrl_msgs_s__rosidl_typesupport_c.cpython-310-x86_64-linux-gnu.so[0m
[2.895s] [ 97%] Built target rmctrl_msgs__rosidl_typesupport_fastrtps_c__pyext
[2.900s] [ 97%] Built target rmctrl_msgs__rosidl_typesupport_c__pyext
[2.903s] [100%] [32m[1mLinking C shared library rosidl_generator_py/rmctrl_msgs/rmctrl_msgs_s__rosidl_typesupport_introspection_c.cpython-310-x86_64-linux-gnu.so[0m
[2.930s] [100%] Built target rmctrl_msgs__rosidl_typesupport_introspection_c__pyext
[2.939s] Invoked command in '/home/nhs/engineer/build/rmctrl_msgs' returned '0': CMAKE_PREFIX_PATH=${CMAKE_PREFIX_PATH}:/home/nhs/engineer/install/bubble_protocol:/opt/ros/humble /usr/bin/cmake --build /home/nhs/engineer/build/rmctrl_msgs -- -j8 -l8
[2.940s] Invoking command in '/home/nhs/engineer/build/rmctrl_msgs': CMAKE_PREFIX_PATH=${CMAKE_PREFIX_PATH}:/home/nhs/engineer/install/bubble_protocol:/opt/ros/humble /usr/bin/cmake --install /home/nhs/engineer/build/rmctrl_msgs
[2.945s] -- Install configuration: ""
[2.945s] -- Installing: /home/nhs/engineer/install/rmctrl_msgs/share/ament_index/resource_index/rosidl_interfaces/rmctrl_msgs
[2.945s] -- Installing: /home/nhs/engineer/install/rmctrl_msgs/include/rmctrl_msgs/rmctrl_msgs
[2.945s] -- Installing: /home/nhs/engineer/install/rmctrl_msgs/include/rmctrl_msgs/rmctrl_msgs/msg
[2.945s] -- Installing: /home/nhs/engineer/install/rmctrl_msgs/include/rmctrl_msgs/rmctrl_msgs/msg/chassis.h
[2.945s] -- Installing: /home/nhs/engineer/install/rmctrl_msgs/include/rmctrl_msgs/rmctrl_msgs/msg/gimbal.h
[2.945s] -- Installing: /home/nhs/engineer/install/rmctrl_msgs/include/rmctrl_msgs/rmctrl_msgs/msg/imu.h
[2.945s] -- Installing: /home/nhs/engineer/install/rmctrl_msgs/include/rmctrl_msgs/rmctrl_msgs/msg/rosidl_generator_c__visibility_control.h
[2.945s] -- Installing: /home/nhs/engineer/install/rmctrl_msgs/include/rmctrl_msgs/rmctrl_msgs/msg/detail
[2.946s] -- Installing: /home/nhs/engineer/install/rmctrl_msgs/include/rmctrl_msgs/rmctrl_msgs/msg/detail/imu__struct.h
[2.946s] -- Installing: /home/nhs/engineer/install/rmctrl_msgs/include/rmctrl_msgs/rmctrl_msgs/msg/detail/imu__type_support.h
[2.946s] -- Installing: /home/nhs/engineer/install/rmctrl_msgs/include/rmctrl_msgs/rmctrl_msgs/msg/detail/gimbal__functions.c
[2.946s] -- Installing: /home/nhs/engineer/install/rmctrl_msgs/include/rmctrl_msgs/rmctrl_msgs/msg/detail/chassis__type_support.h
[2.946s] -- Installing: /home/nhs/engineer/install/rmctrl_msgs/include/rmctrl_msgs/rmctrl_msgs/msg/detail/chassis__struct.h
[2.946s] -- Installing: /home/nhs/engineer/install/rmctrl_msgs/include/rmctrl_msgs/rmctrl_msgs/msg/detail/gimbal__struct.h
[2.946s] -- Installing: /home/nhs/engineer/install/rmctrl_msgs/include/rmctrl_msgs/rmctrl_msgs/msg/detail/imu__functions.c
[2.946s] -- Installing: /home/nhs/engineer/install/rmctrl_msgs/include/rmctrl_msgs/rmctrl_msgs/msg/detail/odom__struct.h
[2.946s] -- Installing: /home/nhs/engineer/install/rmctrl_msgs/include/rmctrl_msgs/rmctrl_msgs/msg/detail/chassis__functions.c
[2.946s] -- Installing: /home/nhs/engineer/install/rmctrl_msgs/include/rmctrl_msgs/rmctrl_msgs/msg/detail/odom__type_support.h
[2.947s] -- Installing: /home/nhs/engineer/install/rmctrl_msgs/include/rmctrl_msgs/rmctrl_msgs/msg/detail/odom__functions.c
[2.947s] -- Installing: /home/nhs/engineer/install/rmctrl_msgs/include/rmctrl_msgs/rmctrl_msgs/msg/detail/gimbal__type_support.h
[2.947s] -- Installing: /home/nhs/engineer/install/rmctrl_msgs/include/rmctrl_msgs/rmctrl_msgs/msg/detail/odom__functions.h
[2.947s] -- Installing: /home/nhs/engineer/install/rmctrl_msgs/include/rmctrl_msgs/rmctrl_msgs/msg/detail/imu__functions.h
[2.947s] -- Installing: /home/nhs/engineer/install/rmctrl_msgs/include/rmctrl_msgs/rmctrl_msgs/msg/detail/gimbal__functions.h
[2.947s] -- Installing: /home/nhs/engineer/install/rmctrl_msgs/include/rmctrl_msgs/rmctrl_msgs/msg/detail/chassis__functions.h
[2.947s] -- Installing: /home/nhs/engineer/install/rmctrl_msgs/include/rmctrl_msgs/rmctrl_msgs/msg/odom.h
[2.947s] -- Installing: /home/nhs/engineer/install/rmctrl_msgs/share/rmctrl_msgs/environment/library_path.sh
[2.947s] -- Installing: /home/nhs/engineer/install/rmctrl_msgs/share/rmctrl_msgs/environment/library_path.dsv
[2.948s] -- Installing: /home/nhs/engineer/install/rmctrl_msgs/lib/librmctrl_msgs__rosidl_generator_c.so
[2.948s] -- Set runtime path of "/home/nhs/engineer/install/rmctrl_msgs/lib/librmctrl_msgs__rosidl_generator_c.so" to ""
[2.948s] -- Up-to-date: /home/nhs/engineer/install/rmctrl_msgs/include/rmctrl_msgs/rmctrl_msgs
[2.948s] -- Up-to-date: /home/nhs/engineer/install/rmctrl_msgs/include/rmctrl_msgs/rmctrl_msgs/msg
[2.948s] -- Up-to-date: /home/nhs/engineer/install/rmctrl_msgs/include/rmctrl_msgs/rmctrl_msgs/msg/detail
[2.948s] -- Installing: /home/nhs/engineer/install/rmctrl_msgs/include/rmctrl_msgs/rmctrl_msgs/msg/detail/odom__rosidl_typesupport_fastrtps_c.h
[2.948s] -- Installing: /home/nhs/engineer/install/rmctrl_msgs/include/rmctrl_msgs/rmctrl_msgs/msg/detail/imu__rosidl_typesupport_fastrtps_c.h
[2.948s] -- Installing: /home/nhs/engineer/install/rmctrl_msgs/include/rmctrl_msgs/rmctrl_msgs/msg/detail/chassis__rosidl_typesupport_fastrtps_c.h
[2.948s] -- Installing: /home/nhs/engineer/install/rmctrl_msgs/include/rmctrl_msgs/rmctrl_msgs/msg/detail/gimbal__rosidl_typesupport_fastrtps_c.h
[2.948s] -- Installing: /home/nhs/engineer/install/rmctrl_msgs/include/rmctrl_msgs/rmctrl_msgs/msg/rosidl_typesupport_fastrtps_c__visibility_control.h
[2.948s] -- Installing: /home/nhs/engineer/install/rmctrl_msgs/lib/librmctrl_msgs__rosidl_typesupport_fastrtps_c.so
[2.948s] -- Set runtime path of "/home/nhs/engineer/install/rmctrl_msgs/lib/librmctrl_msgs__rosidl_typesupport_fastrtps_c.so" to ""
[2.948s] -- Up-to-date: /home/nhs/engineer/install/rmctrl_msgs/include/rmctrl_msgs/rmctrl_msgs
[2.948s] -- Up-to-date: /home/nhs/engineer/install/rmctrl_msgs/include/rmctrl_msgs/rmctrl_msgs/msg
[2.948s] -- Installing: /home/nhs/engineer/install/rmctrl_msgs/include/rmctrl_msgs/rmctrl_msgs/msg/chassis.hpp
[2.949s] -- Up-to-date: /home/nhs/engineer/install/rmctrl_msgs/include/rmctrl_msgs/rmctrl_msgs/msg/detail
[2.949s] -- Installing: /home/nhs/engineer/install/rmctrl_msgs/include/rmctrl_msgs/rmctrl_msgs/msg/detail/odom__builder.hpp
[2.949s] -- Installing: /home/nhs/engineer/install/rmctrl_msgs/include/rmctrl_msgs/rmctrl_msgs/msg/detail/imu__struct.hpp
[2.949s] -- Installing: /home/nhs/engineer/install/rmctrl_msgs/include/rmctrl_msgs/rmctrl_msgs/msg/detail/imu__type_support.hpp
[2.949s] -- Installing: /home/nhs/engineer/install/rmctrl_msgs/include/rmctrl_msgs/rmctrl_msgs/msg/detail/gimbal__type_support.hpp
[2.949s] -- Installing: /home/nhs/engineer/install/rmctrl_msgs/include/rmctrl_msgs/rmctrl_msgs/msg/detail/gimbal__builder.hpp
[2.949s] -- Installing: /home/nhs/engineer/install/rmctrl_msgs/include/rmctrl_msgs/rmctrl_msgs/msg/detail/chassis__builder.hpp
[2.949s] -- Installing: /home/nhs/engineer/install/rmctrl_msgs/include/rmctrl_msgs/rmctrl_msgs/msg/detail/imu__builder.hpp
[2.949s] -- Installing: /home/nhs/engineer/install/rmctrl_msgs/include/rmctrl_msgs/rmctrl_msgs/msg/detail/chassis__type_support.hpp
[2.949s] -- Installing: /home/nhs/engineer/install/rmctrl_msgs/include/rmctrl_msgs/rmctrl_msgs/msg/detail/gimbal__struct.hpp
[2.949s] -- Installing: /home/nhs/engineer/install/rmctrl_msgs/include/rmctrl_msgs/rmctrl_msgs/msg/detail/odom__struct.hpp
[2.949s] -- Installing: /home/nhs/engineer/install/rmctrl_msgs/include/rmctrl_msgs/rmctrl_msgs/msg/detail/chassis__struct.hpp
[2.949s] -- Installing: /home/nhs/engineer/install/rmctrl_msgs/include/rmctrl_msgs/rmctrl_msgs/msg/detail/chassis__traits.hpp
[2.949s] -- Installing: /home/nhs/engineer/install/rmctrl_msgs/include/rmctrl_msgs/rmctrl_msgs/msg/detail/imu__traits.hpp
[2.949s] -- Installing: /home/nhs/engineer/install/rmctrl_msgs/include/rmctrl_msgs/rmctrl_msgs/msg/detail/odom__type_support.hpp
[2.949s] -- Installing: /home/nhs/engineer/install/rmctrl_msgs/include/rmctrl_msgs/rmctrl_msgs/msg/detail/odom__traits.hpp
[2.949s] -- Installing: /home/nhs/engineer/install/rmctrl_msgs/include/rmctrl_msgs/rmctrl_msgs/msg/detail/gimbal__traits.hpp
[2.950s] -- Installing: /home/nhs/engineer/install/rmctrl_msgs/include/rmctrl_msgs/rmctrl_msgs/msg/imu.hpp
[2.950s] -- Installing: /home/nhs/engineer/install/rmctrl_msgs/include/rmctrl_msgs/rmctrl_msgs/msg/gimbal.hpp
[2.950s] -- Installing: /home/nhs/engineer/install/rmctrl_msgs/include/rmctrl_msgs/rmctrl_msgs/msg/rosidl_generator_cpp__visibility_control.hpp
[2.950s] -- Installing: /home/nhs/engineer/install/rmctrl_msgs/include/rmctrl_msgs/rmctrl_msgs/msg/odom.hpp
[2.950s] -- Up-to-date: /home/nhs/engineer/install/rmctrl_msgs/include/rmctrl_msgs/rmctrl_msgs
[2.950s] -- Up-to-date: /home/nhs/engineer/install/rmctrl_msgs/include/rmctrl_msgs/rmctrl_msgs/msg
[2.950s] -- Up-to-date: /home/nhs/engineer/install/rmctrl_msgs/include/rmctrl_msgs/rmctrl_msgs/msg/detail
[2.950s] -- Installing: /home/nhs/engineer/install/rmctrl_msgs/include/rmctrl_msgs/rmctrl_msgs/msg/detail/imu__rosidl_typesupport_fastrtps_cpp.hpp
[2.950s] -- Installing: /home/nhs/engineer/install/rmctrl_msgs/include/rmctrl_msgs/rmctrl_msgs/msg/detail/odom__rosidl_typesupport_fastrtps_cpp.hpp
[2.950s] -- Installing: /home/nhs/engineer/install/rmctrl_msgs/include/rmctrl_msgs/rmctrl_msgs/msg/detail/gimbal__rosidl_typesupport_fastrtps_cpp.hpp
[2.950s] -- Installing: /home/nhs/engineer/install/rmctrl_msgs/include/rmctrl_msgs/rmctrl_msgs/msg/detail/dds_fastrtps
[2.950s] -- Installing: /home/nhs/engineer/install/rmctrl_msgs/include/rmctrl_msgs/rmctrl_msgs/msg/detail/chassis__rosidl_typesupport_fastrtps_cpp.hpp
[2.950s] -- Installing: /home/nhs/engineer/install/rmctrl_msgs/include/rmctrl_msgs/rmctrl_msgs/msg/rosidl_typesupport_fastrtps_cpp__visibility_control.h
[2.950s] -- Installing: /home/nhs/engineer/install/rmctrl_msgs/lib/librmctrl_msgs__rosidl_typesupport_fastrtps_cpp.so
[2.950s] -- Set runtime path of "/home/nhs/engineer/install/rmctrl_msgs/lib/librmctrl_msgs__rosidl_typesupport_fastrtps_cpp.so" to ""
[2.950s] -- Up-to-date: /home/nhs/engineer/install/rmctrl_msgs/include/rmctrl_msgs/rmctrl_msgs
[2.951s] -- Up-to-date: /home/nhs/engineer/install/rmctrl_msgs/include/rmctrl_msgs/rmctrl_msgs/msg
[2.951s] -- Up-to-date: /home/nhs/engineer/install/rmctrl_msgs/include/rmctrl_msgs/rmctrl_msgs/msg/detail
[2.951s] -- Installing: /home/nhs/engineer/install/rmctrl_msgs/include/rmctrl_msgs/rmctrl_msgs/msg/detail/imu__rosidl_typesupport_introspection_c.h
[2.951s] -- Installing: /home/nhs/engineer/install/rmctrl_msgs/include/rmctrl_msgs/rmctrl_msgs/msg/detail/chassis__rosidl_typesupport_introspection_c.h
[2.951s] -- Installing: /home/nhs/engineer/install/rmctrl_msgs/include/rmctrl_msgs/rmctrl_msgs/msg/detail/gimbal__rosidl_typesupport_introspection_c.h
[2.951s] -- Installing: /home/nhs/engineer/install/rmctrl_msgs/include/rmctrl_msgs/rmctrl_msgs/msg/detail/odom__type_support.c
[2.951s] -- Installing: /home/nhs/engineer/install/rmctrl_msgs/include/rmctrl_msgs/rmctrl_msgs/msg/detail/chassis__type_support.c
[2.951s] -- Installing: /home/nhs/engineer/install/rmctrl_msgs/include/rmctrl_msgs/rmctrl_msgs/msg/detail/odom__rosidl_typesupport_introspection_c.h
[2.951s] -- Installing: /home/nhs/engineer/install/rmctrl_msgs/include/rmctrl_msgs/rmctrl_msgs/msg/detail/gimbal__type_support.c
[2.951s] -- Installing: /home/nhs/engineer/install/rmctrl_msgs/include/rmctrl_msgs/rmctrl_msgs/msg/detail/imu__type_support.c
[2.951s] -- Installing: /home/nhs/engineer/install/rmctrl_msgs/include/rmctrl_msgs/rmctrl_msgs/msg/rosidl_typesupport_introspection_c__visibility_control.h
[2.951s] -- Installing: /home/nhs/engineer/install/rmctrl_msgs/lib/librmctrl_msgs__rosidl_typesupport_introspection_c.so
[2.951s] -- Set runtime path of "/home/nhs/engineer/install/rmctrl_msgs/lib/librmctrl_msgs__rosidl_typesupport_introspection_c.so" to ""
[2.951s] -- Installing: /home/nhs/engineer/install/rmctrl_msgs/lib/librmctrl_msgs__rosidl_typesupport_c.so
[2.951s] -- Set runtime path of "/home/nhs/engineer/install/rmctrl_msgs/lib/librmctrl_msgs__rosidl_typesupport_c.so" to ""
[2.952s] -- Up-to-date: /home/nhs/engineer/install/rmctrl_msgs/include/rmctrl_msgs/rmctrl_msgs
[2.952s] -- Up-to-date: /home/nhs/engineer/install/rmctrl_msgs/include/rmctrl_msgs/rmctrl_msgs/msg
[2.952s] -- Up-to-date: /home/nhs/engineer/install/rmctrl_msgs/include/rmctrl_msgs/rmctrl_msgs/msg/detail
[2.952s] -- Installing: /home/nhs/engineer/install/rmctrl_msgs/include/rmctrl_msgs/rmctrl_msgs/msg/detail/odom__type_support.cpp
[2.952s] -- Installing: /home/nhs/engineer/install/rmctrl_msgs/include/rmctrl_msgs/rmctrl_msgs/msg/detail/gimbal__rosidl_typesupport_introspection_cpp.hpp
[2.952s] -- Installing: /home/nhs/engineer/install/rmctrl_msgs/include/rmctrl_msgs/rmctrl_msgs/msg/detail/chassis__type_support.cpp
[2.952s] -- Installing: /home/nhs/engineer/install/rmctrl_msgs/include/rmctrl_msgs/rmctrl_msgs/msg/detail/chassis__rosidl_typesupport_introspection_cpp.hpp
[2.952s] -- Installing: /home/nhs/engineer/install/rmctrl_msgs/include/rmctrl_msgs/rmctrl_msgs/msg/detail/imu__type_support.cpp
[2.952s] -- Installing: /home/nhs/engineer/install/rmctrl_msgs/include/rmctrl_msgs/rmctrl_msgs/msg/detail/gimbal__type_support.cpp
[2.952s] -- Installing: /home/nhs/engineer/install/rmctrl_msgs/include/rmctrl_msgs/rmctrl_msgs/msg/detail/odom__rosidl_typesupport_introspection_cpp.hpp
[2.952s] -- Installing: /home/nhs/engineer/install/rmctrl_msgs/include/rmctrl_msgs/rmctrl_msgs/msg/detail/imu__rosidl_typesupport_introspection_cpp.hpp
[2.952s] -- Installing: /home/nhs/engineer/install/rmctrl_msgs/lib/librmctrl_msgs__rosidl_typesupport_introspection_cpp.so
[2.952s] -- Set runtime path of "/home/nhs/engineer/install/rmctrl_msgs/lib/librmctrl_msgs__rosidl_typesupport_introspection_cpp.so" to ""
[2.952s] -- Installing: /home/nhs/engineer/install/rmctrl_msgs/lib/librmctrl_msgs__rosidl_typesupport_cpp.so
[2.953s] -- Set runtime path of "/home/nhs/engineer/install/rmctrl_msgs/lib/librmctrl_msgs__rosidl_typesupport_cpp.so" to ""
[2.953s] -- Installing: /home/nhs/engineer/install/rmctrl_msgs/share/rmctrl_msgs/environment/pythonpath.sh
[2.953s] -- Installing: /home/nhs/engineer/install/rmctrl_msgs/share/rmctrl_msgs/environment/pythonpath.dsv
[2.953s] -- Installing: /home/nhs/engineer/install/rmctrl_msgs/local/lib/python3.10/dist-packages/rmctrl_msgs-1.0.0-py3.10.egg-info
[2.953s] -- Installing: /home/nhs/engineer/install/rmctrl_msgs/local/lib/python3.10/dist-packages/rmctrl_msgs-1.0.0-py3.10.egg-info/dependency_links.txt
[2.953s] -- Installing: /home/nhs/engineer/install/rmctrl_msgs/local/lib/python3.10/dist-packages/rmctrl_msgs-1.0.0-py3.10.egg-info/top_level.txt
[2.953s] -- Installing: /home/nhs/engineer/install/rmctrl_msgs/local/lib/python3.10/dist-packages/rmctrl_msgs-1.0.0-py3.10.egg-info/PKG-INFO
[2.953s] -- Installing: /home/nhs/engineer/install/rmctrl_msgs/local/lib/python3.10/dist-packages/rmctrl_msgs-1.0.0-py3.10.egg-info/SOURCES.txt
[2.953s] -- Installing: /home/nhs/engineer/install/rmctrl_msgs/local/lib/python3.10/dist-packages/rmctrl_msgs
[2.953s] -- Installing: /home/nhs/engineer/install/rmctrl_msgs/local/lib/python3.10/dist-packages/rmctrl_msgs/rmctrl_msgs_s__rosidl_typesupport_c.cpython-310-x86_64-linux-gnu.so
[2.953s] -- Installing: /home/nhs/engineer/install/rmctrl_msgs/local/lib/python3.10/dist-packages/rmctrl_msgs/_rmctrl_msgs_s.ep.rosidl_typesupport_fastrtps_c.c
[2.953s] -- Installing: /home/nhs/engineer/install/rmctrl_msgs/local/lib/python3.10/dist-packages/rmctrl_msgs/_rmctrl_msgs_s.ep.rosidl_typesupport_introspection_c.c
[2.953s] -- Installing: /home/nhs/engineer/install/rmctrl_msgs/local/lib/python3.10/dist-packages/rmctrl_msgs/rmctrl_msgs_s__rosidl_typesupport_fastrtps_c.cpython-310-x86_64-linux-gnu.so
[2.953s] -- Installing: /home/nhs/engineer/install/rmctrl_msgs/local/lib/python3.10/dist-packages/rmctrl_msgs/__init__.py
[2.953s] -- Installing: /home/nhs/engineer/install/rmctrl_msgs/local/lib/python3.10/dist-packages/rmctrl_msgs/msg
[2.953s] -- Installing: /home/nhs/engineer/install/rmctrl_msgs/local/lib/python3.10/dist-packages/rmctrl_msgs/msg/_gimbal.py
[2.953s] -- Installing: /home/nhs/engineer/install/rmctrl_msgs/local/lib/python3.10/dist-packages/rmctrl_msgs/msg/_chassis_s.c
[2.954s] -- Installing: /home/nhs/engineer/install/rmctrl_msgs/local/lib/python3.10/dist-packages/rmctrl_msgs/msg/_gimbal_s.c
[2.954s] -- Installing: /home/nhs/engineer/install/rmctrl_msgs/local/lib/python3.10/dist-packages/rmctrl_msgs/msg/_imu_s.c
[2.954s] -- Installing: /home/nhs/engineer/install/rmctrl_msgs/local/lib/python3.10/dist-packages/rmctrl_msgs/msg/__init__.py
[2.954s] -- Installing: /home/nhs/engineer/install/rmctrl_msgs/local/lib/python3.10/dist-packages/rmctrl_msgs/msg/_imu.py
[2.954s] -- Installing: /home/nhs/engineer/install/rmctrl_msgs/local/lib/python3.10/dist-packages/rmctrl_msgs/msg/_chassis.py
[2.954s] -- Installing: /home/nhs/engineer/install/rmctrl_msgs/local/lib/python3.10/dist-packages/rmctrl_msgs/msg/_odom.py
[2.954s] -- Installing: /home/nhs/engineer/install/rmctrl_msgs/local/lib/python3.10/dist-packages/rmctrl_msgs/msg/_odom_s.c
[2.954s] -- Installing: /home/nhs/engineer/install/rmctrl_msgs/local/lib/python3.10/dist-packages/rmctrl_msgs/_rmctrl_msgs_s.ep.rosidl_typesupport_c.c
[2.954s] -- Installing: /home/nhs/engineer/install/rmctrl_msgs/local/lib/python3.10/dist-packages/rmctrl_msgs/librmctrl_msgs__rosidl_generator_py.so
[2.954s] -- Installing: /home/nhs/engineer/install/rmctrl_msgs/local/lib/python3.10/dist-packages/rmctrl_msgs/rmctrl_msgs_s__rosidl_typesupport_introspection_c.cpython-310-x86_64-linux-gnu.so
[2.980s] Listing '/home/nhs/engineer/install/rmctrl_msgs/local/lib/python3.10/dist-packages/rmctrl_msgs'...
[2.980s] Compiling '/home/nhs/engineer/install/rmctrl_msgs/local/lib/python3.10/dist-packages/rmctrl_msgs/__init__.py'...
[2.980s] Listing '/home/nhs/engineer/install/rmctrl_msgs/local/lib/python3.10/dist-packages/rmctrl_msgs/msg'...
[2.980s] Compiling '/home/nhs/engineer/install/rmctrl_msgs/local/lib/python3.10/dist-packages/rmctrl_msgs/msg/__init__.py'...
[2.980s] Compiling '/home/nhs/engineer/install/rmctrl_msgs/local/lib/python3.10/dist-packages/rmctrl_msgs/msg/_chassis.py'...
[2.980s] Compiling '/home/nhs/engineer/install/rmctrl_msgs/local/lib/python3.10/dist-packages/rmctrl_msgs/msg/_gimbal.py'...
[2.980s] Compiling '/home/nhs/engineer/install/rmctrl_msgs/local/lib/python3.10/dist-packages/rmctrl_msgs/msg/_imu.py'...
[2.980s] Compiling '/home/nhs/engineer/install/rmctrl_msgs/local/lib/python3.10/dist-packages/rmctrl_msgs/msg/_odom.py'...
[2.983s] -- Installing: /home/nhs/engineer/install/rmctrl_msgs/local/lib/python3.10/dist-packages/rmctrl_msgs/rmctrl_msgs_s__rosidl_typesupport_fastrtps_c.cpython-310-x86_64-linux-gnu.so
[2.983s] -- Set runtime path of "/home/nhs/engineer/install/rmctrl_msgs/local/lib/python3.10/dist-packages/rmctrl_msgs/rmctrl_msgs_s__rosidl_typesupport_fastrtps_c.cpython-310-x86_64-linux-gnu.so" to ""
[2.983s] -- Installing: /home/nhs/engineer/install/rmctrl_msgs/local/lib/python3.10/dist-packages/rmctrl_msgs/rmctrl_msgs_s__rosidl_typesupport_introspection_c.cpython-310-x86_64-linux-gnu.so
[2.983s] -- Set runtime path of "/home/nhs/engineer/install/rmctrl_msgs/local/lib/python3.10/dist-packages/rmctrl_msgs/rmctrl_msgs_s__rosidl_typesupport_introspection_c.cpython-310-x86_64-linux-gnu.so" to ""
[2.983s] -- Installing: /home/nhs/engineer/install/rmctrl_msgs/local/lib/python3.10/dist-packages/rmctrl_msgs/rmctrl_msgs_s__rosidl_typesupport_c.cpython-310-x86_64-linux-gnu.so
[2.983s] -- Set runtime path of "/home/nhs/engineer/install/rmctrl_msgs/local/lib/python3.10/dist-packages/rmctrl_msgs/rmctrl_msgs_s__rosidl_typesupport_c.cpython-310-x86_64-linux-gnu.so" to ""
[2.983s] -- Installing: /home/nhs/engineer/install/rmctrl_msgs/lib/librmctrl_msgs__rosidl_generator_py.so
[2.983s] -- Set runtime path of "/home/nhs/engineer/install/rmctrl_msgs/lib/librmctrl_msgs__rosidl_generator_py.so" to ""
[2.983s] -- Installing: /home/nhs/engineer/install/rmctrl_msgs/share/rmctrl_msgs/msg/Chassis.idl
[2.984s] -- Installing: /home/nhs/engineer/install/rmctrl_msgs/share/rmctrl_msgs/msg/Imu.idl
[2.984s] -- Installing: /home/nhs/engineer/install/rmctrl_msgs/share/rmctrl_msgs/msg/Odom.idl
[2.984s] -- Installing: /home/nhs/engineer/install/rmctrl_msgs/share/rmctrl_msgs/msg/Chassis.msg
[2.984s] -- Installing: /home/nhs/engineer/install/rmctrl_msgs/share/rmctrl_msgs/msg/Imu.msg
[2.984s] -- Installing: /home/nhs/engineer/install/rmctrl_msgs/share/rmctrl_msgs/msg/Odom.msg
[2.984s] -- Installing: /home/nhs/engineer/install/rmctrl_msgs/share/ament_index/resource_index/package_run_dependencies/rmctrl_msgs
[2.984s] -- Installing: /home/nhs/engineer/install/rmctrl_msgs/share/ament_index/resource_index/parent_prefix_path/rmctrl_msgs
[2.984s] -- Installing: /home/nhs/engineer/install/rmctrl_msgs/share/rmctrl_msgs/environment/ament_prefix_path.sh
[2.984s] -- Installing: /home/nhs/engineer/install/rmctrl_msgs/share/rmctrl_msgs/environment/ament_prefix_path.dsv
[2.984s] -- Installing: /home/nhs/engineer/install/rmctrl_msgs/share/rmctrl_msgs/environment/path.sh
[2.984s] -- Installing: /home/nhs/engineer/install/rmctrl_msgs/share/rmctrl_msgs/environment/path.dsv
[2.984s] -- Installing: /home/nhs/engineer/install/rmctrl_msgs/share/rmctrl_msgs/local_setup.bash
[2.984s] -- Installing: /home/nhs/engineer/install/rmctrl_msgs/share/rmctrl_msgs/local_setup.sh
[2.984s] -- Installing: /home/nhs/engineer/install/rmctrl_msgs/share/rmctrl_msgs/local_setup.zsh
[2.984s] -- Installing: /home/nhs/engineer/install/rmctrl_msgs/share/rmctrl_msgs/local_setup.dsv
[2.985s] -- Installing: /home/nhs/engineer/install/rmctrl_msgs/share/rmctrl_msgs/package.dsv
[2.985s] -- Installing: /home/nhs/engineer/install/rmctrl_msgs/share/ament_index/resource_index/packages/rmctrl_msgs
[2.985s] -- Installing: /home/nhs/engineer/install/rmctrl_msgs/share/rmctrl_msgs/cmake/export_rmctrl_msgs__rosidl_generator_cExport.cmake
[2.985s] -- Installing: /home/nhs/engineer/install/rmctrl_msgs/share/rmctrl_msgs/cmake/export_rmctrl_msgs__rosidl_generator_cExport-noconfig.cmake
[2.985s] -- Installing: /home/nhs/engineer/install/rmctrl_msgs/share/rmctrl_msgs/cmake/export_rmctrl_msgs__rosidl_typesupport_fastrtps_cExport.cmake
[2.985s] -- Installing: /home/nhs/engineer/install/rmctrl_msgs/share/rmctrl_msgs/cmake/export_rmctrl_msgs__rosidl_typesupport_fastrtps_cExport-noconfig.cmake
[2.985s] -- Installing: /home/nhs/engineer/install/rmctrl_msgs/share/rmctrl_msgs/cmake/export_rmctrl_msgs__rosidl_generator_cppExport.cmake
[2.985s] -- Installing: /home/nhs/engineer/install/rmctrl_msgs/share/rmctrl_msgs/cmake/export_rmctrl_msgs__rosidl_typesupport_fastrtps_cppExport.cmake
[2.985s] -- Installing: /home/nhs/engineer/install/rmctrl_msgs/share/rmctrl_msgs/cmake/export_rmctrl_msgs__rosidl_typesupport_fastrtps_cppExport-noconfig.cmake
[2.985s] -- Installing: /home/nhs/engineer/install/rmctrl_msgs/share/rmctrl_msgs/cmake/rmctrl_msgs__rosidl_typesupport_introspection_cExport.cmake
[2.985s] -- Installing: /home/nhs/engineer/install/rmctrl_msgs/share/rmctrl_msgs/cmake/rmctrl_msgs__rosidl_typesupport_introspection_cExport-noconfig.cmake
[2.985s] -- Installing: /home/nhs/engineer/install/rmctrl_msgs/share/rmctrl_msgs/cmake/rmctrl_msgs__rosidl_typesupport_cExport.cmake
[2.985s] -- Installing: /home/nhs/engineer/install/rmctrl_msgs/share/rmctrl_msgs/cmake/rmctrl_msgs__rosidl_typesupport_cExport-noconfig.cmake
[2.985s] -- Installing: /home/nhs/engineer/install/rmctrl_msgs/share/rmctrl_msgs/cmake/rmctrl_msgs__rosidl_typesupport_introspection_cppExport.cmake
[2.986s] -- Installing: /home/nhs/engineer/install/rmctrl_msgs/share/rmctrl_msgs/cmake/rmctrl_msgs__rosidl_typesupport_introspection_cppExport-noconfig.cmake
[2.986s] -- Installing: /home/nhs/engineer/install/rmctrl_msgs/share/rmctrl_msgs/cmake/rmctrl_msgs__rosidl_typesupport_cppExport.cmake
[2.986s] -- Installing: /home/nhs/engineer/install/rmctrl_msgs/share/rmctrl_msgs/cmake/rmctrl_msgs__rosidl_typesupport_cppExport-noconfig.cmake
[2.986s] -- Installing: /home/nhs/engineer/install/rmctrl_msgs/share/rmctrl_msgs/cmake/export_rmctrl_msgs__rosidl_generator_pyExport.cmake
[2.986s] -- Installing: /home/nhs/engineer/install/rmctrl_msgs/share/rmctrl_msgs/cmake/export_rmctrl_msgs__rosidl_generator_pyExport-noconfig.cmake
[2.986s] -- Installing: /home/nhs/engineer/install/rmctrl_msgs/share/rmctrl_msgs/cmake/rosidl_cmake-extras.cmake
[2.986s] -- Installing: /home/nhs/engineer/install/rmctrl_msgs/share/rmctrl_msgs/cmake/ament_cmake_export_dependencies-extras.cmake
[2.986s] -- Installing: /home/nhs/engineer/install/rmctrl_msgs/share/rmctrl_msgs/cmake/ament_cmake_export_include_directories-extras.cmake
[2.986s] -- Installing: /home/nhs/engineer/install/rmctrl_msgs/share/rmctrl_msgs/cmake/ament_cmake_export_libraries-extras.cmake
[2.986s] -- Installing: /home/nhs/engineer/install/rmctrl_msgs/share/rmctrl_msgs/cmake/ament_cmake_export_targets-extras.cmake
[2.986s] -- Installing: /home/nhs/engineer/install/rmctrl_msgs/share/rmctrl_msgs/cmake/rosidl_cmake_export_typesupport_targets-extras.cmake
[2.986s] -- Installing: /home/nhs/engineer/install/rmctrl_msgs/share/rmctrl_msgs/cmake/rosidl_cmake_export_typesupport_libraries-extras.cmake
[2.986s] -- Installing: /home/nhs/engineer/install/rmctrl_msgs/share/rmctrl_msgs/cmake/rmctrl_msgsConfig.cmake
[2.986s] -- Installing: /home/nhs/engineer/install/rmctrl_msgs/share/rmctrl_msgs/cmake/rmctrl_msgsConfig-version.cmake
[2.986s] -- Installing: /home/nhs/engineer/install/rmctrl_msgs/share/rmctrl_msgs/package.xml
[2.988s] Invoked command in '/home/nhs/engineer/build/rmctrl_msgs' returned '0': CMAKE_PREFIX_PATH=${CMAKE_PREFIX_PATH}:/home/nhs/engineer/install/bubble_protocol:/opt/ros/humble /usr/bin/cmake --install /home/nhs/engineer/build/rmctrl_msgs
