[0.028s] Invoking command in '/home/nhs/engineer/build/livox_ros_driver2': CMAKE_PREFIX_PATH=${CMAKE_PREFIX_PATH}:/home/nhs/engineer/install/bubble_protocol:/opt/ros/humble /usr/bin/cmake /home/nhs/engineer/src/rm_driver/livox_ros_driver2 -DROS_EDITION=ROS2 -DHUMBLE_ROS=humble -DCMAKE_INSTALL_PREFIX=/home/nhs/engineer/install/livox_ros_driver2
[0.227s] -- The C compiler identification is GNU 11.4.0
[0.227s] -- The CXX compiler identification is GNU 11.4.0
[0.227s] -- Detecting C compiler ABI info
[0.227s] -- Detecting C compiler ABI info - done
[0.227s] -- Check for working C compiler: /usr/bin/cc - skipped
[0.227s] -- Detecting C compile features
[0.227s] -- Detecting C compile features - done
[0.227s] -- Detecting CXX compiler ABI info
[0.237s] -- Detecting CXX compiler ABI info - done
[0.244s] -- Check for working CXX compiler: /usr/bin/c++ - skipped
[0.245s] -- Detecting CXX compile features
[0.246s] -- Detecting CXX compile features - done
[0.247s] -- livox_ros_driver2 version: 1.2.4
[0.258s] -- Found ament_cmake_auto: 1.3.12 (/opt/ros/humble/share/ament_cmake_auto/cmake)
[0.462s] -- Found Python3: /usr/bin/python3 (found version "3.10.12") found components: Interpreter 
[0.716s] -- Using all available rosidl_typesupport_c: rosidl_typesupport_fastrtps_c;rosidl_typesupport_introspection_c
[0.778s] -- Found rosidl_adapter: 3.1.7 (/opt/ros/humble/share/rosidl_adapter/cmake)
[0.925s] -- Using all available rosidl_typesupport_cpp: rosidl_typesupport_fastrtps_cpp;rosidl_typesupport_introspection_cpp
[1.160s] -- Found rmw_implementation_cmake: 6.1.2 (/opt/ros/humble/share/rmw_implementation_cmake/cmake)
[1.169s] -- Found rmw_fastrtps_cpp: 6.2.8 (/opt/ros/humble/share/rmw_fastrtps_cpp/cmake)
[1.385s] -- Found OpenSSL: /usr/lib/x86_64-linux-gnu/libcrypto.so (found version "3.0.2")  
[1.442s] -- Found FastRTPS: /opt/ros/humble/include  
[1.539s] -- Using RMW implementation 'rmw_fastrtps_cpp' as default
[1.553s] -- Looking for pthread.h
[1.745s] -- Looking for pthread.h - found
[1.745s] -- Performing Test CMAKE_HAVE_LIBC_PTHREAD
[1.955s] -- Performing Test CMAKE_HAVE_LIBC_PTHREAD - Success
[1.956s] -- Found Threads: TRUE  
[2.339s] -- Checking for module 'eigen3'
[2.369s] --   Found eigen3, version 3.4.0
[2.449s] -- Found Eigen: /usr/include/eigen3 (Required is at least version "3.1") 
[2.449s] -- Eigen found (include: /usr/include/eigen3, version: 3.4.0)
[2.515s] -- Checking for module 'flann'
[2.554s] --   Found flann, version 1.9.1
[2.645s] -- Found FLANN: /usr/lib/x86_64-linux-gnu/libflann_cpp.so  
[2.645s] -- FLANN found (include: /usr/include, lib: /usr/lib/x86_64-linux-gnu/libflann_cpp.so)
[5.112s] -- Checking for module 'libusb-1.0'
[5.150s] --   Found libusb-1.0, version 1.0.25
[5.252s] -- Found libusb: /usr/lib/x86_64-linux-gnu/libusb-1.0.so  
[5.256s] -- OpenNI found (version: 1.5.4.0, include: /usr/include/ni, lib: /usr/lib/libOpenNI.so;libusb::libusb)
[5.400s] -- OpenNI2 found (version: 2.2.0.33, include: /usr/include/openni2, lib: /usr/lib/x86_64-linux-gnu/libOpenNI2.so;libusb::libusb)
[5.861s] -- Eigen found (include: /usr/include/eigen3, version: 3.4.0)
[5.875s] -- OpenNI found (version: 1.5.4.0, include: /usr/include/ni, lib: /usr/lib/libOpenNI.so;libusb::libusb)
[5.897s] -- OpenNI2 found (version: 2.2.0.33, include: /usr/include/openni2, lib: /usr/lib/x86_64-linux-gnu/libOpenNI2.so;libusb::libusb)
[6.315s] -- Found Qhull version 8.0.2
[6.815s] -- OpenNI found (version: 1.5.4.0, include: /usr/include/ni, lib: /usr/lib/libOpenNI.so;libusb::libusb)
[7.107s] -- Found PCL_COMMON: /usr/lib/x86_64-linux-gnu/libpcl_common.so  
[7.108s] -- Found PCL_KDTREE: /usr/lib/x86_64-linux-gnu/libpcl_kdtree.so  
[7.115s] -- Found PCL_OCTREE: /usr/lib/x86_64-linux-gnu/libpcl_octree.so  
[7.116s] -- Found PCL_SEARCH: /usr/lib/x86_64-linux-gnu/libpcl_search.so  
[7.116s] -- Found PCL_SAMPLE_CONSENSUS: /usr/lib/x86_64-linux-gnu/libpcl_sample_consensus.so  
[7.122s] -- Found PCL_FILTERS: /usr/lib/x86_64-linux-gnu/libpcl_filters.so  
[7.123s] -- Found PCL_2D: /usr/include/pcl-1.12  
[7.123s] -- Found PCL_GEOMETRY: /usr/include/pcl-1.12  
[7.129s] -- Found PCL_IO: /usr/lib/x86_64-linux-gnu/libpcl_io.so  
[7.130s] -- Found PCL_FEATURES: /usr/lib/x86_64-linux-gnu/libpcl_features.so  
[7.136s] -- Found PCL_ML: /usr/lib/x86_64-linux-gnu/libpcl_ml.so  
[7.137s] -- Found PCL_SEGMENTATION: /usr/lib/x86_64-linux-gnu/libpcl_segmentation.so  
[7.138s] -- Found PCL_VISUALIZATION: /usr/lib/x86_64-linux-gnu/libpcl_visualization.so  
[7.145s] -- Found PCL_SURFACE: /usr/lib/x86_64-linux-gnu/libpcl_surface.so  
[7.152s] -- Found PCL_REGISTRATION: /usr/lib/x86_64-linux-gnu/libpcl_registration.so  
[7.153s] -- Found PCL_KEYPOINTS: /usr/lib/x86_64-linux-gnu/libpcl_keypoints.so  
[7.161s] -- Found PCL_TRACKING: /usr/lib/x86_64-linux-gnu/libpcl_tracking.so  
[7.161s] -- Found PCL_RECOGNITION: /usr/lib/x86_64-linux-gnu/libpcl_recognition.so  
[7.169s] -- Found PCL_STEREO: /usr/lib/x86_64-linux-gnu/libpcl_stereo.so  
[7.172s] -- Found PCL_APPS: /usr/lib/x86_64-linux-gnu/libpcl_apps.so  
[7.177s] -- Found PCL_IN_HAND_SCANNER: /usr/include/pcl-1.12  
[7.177s] -- Found PCL_MODELER: /usr/include/pcl-1.12  
[7.178s] -- Found PCL_POINT_CLOUD_EDITOR: /usr/include/pcl-1.12  
[7.185s] -- Found PCL_OUTOFCORE: /usr/lib/x86_64-linux-gnu/libpcl_outofcore.so  
[7.186s] -- Found PCL_PEOPLE: /usr/lib/x86_64-linux-gnu/libpcl_people.so  
[7.329s] -- Found PkgConfig: /usr/bin/pkg-config (found version "0.29.2") 
[7.330s] -- Checking for module 'apr-1'
[7.342s] --   No package 'apr-1' found
[8.085s] -- Found ament_cmake_ros: 0.10.0 (/opt/ros/humble/share/ament_cmake_ros/cmake)
[8.696s] -- Using all available rosidl_typesupport_c: rosidl_typesupport_fastrtps_c;rosidl_typesupport_introspection_c
[9.290s] -- Using all available rosidl_typesupport_cpp: rosidl_typesupport_fastrtps_cpp;rosidl_typesupport_introspection_cpp
[9.434s] -- Found PythonInterp: /usr/bin/python3 (found suitable version "3.10.12", minimum required is "3.6") 
[9.446s] -- Found python_cmake_module: 0.10.0 (/opt/ros/humble/share/python_cmake_module/cmake)
[9.549s] -- Found PythonLibs: /usr/lib/x86_64-linux-gnu/libpython3.10.so (found suitable version "3.10.12", minimum required is "3.5") 
[9.557s] -- Using PYTHON_EXECUTABLE: /usr/bin/python3
[9.557s] -- Using PYTHON_INCLUDE_DIRS: /usr/include/python3.10
[9.557s] -- Using PYTHON_LIBRARIES: /usr/lib/x86_64-linux-gnu/libpython3.10.so
[9.647s] -- Found PythonExtra: .so  
[9.948s] -- Found ament_lint_auto: 0.12.14 (/opt/ros/humble/share/ament_lint_auto/cmake)
[10.035s] -- Added test 'copyright' to check source files copyright and LICENSE
[10.048s] -- Added test 'cppcheck' to perform static code analysis on C / C++ code
[10.050s] -- Configured cppcheck include dirs: /home/nhs/engineer/src/rm_driver/livox_ros_driver2/3rdparty;/home/nhs/engineer/src/rm_driver/livox_ros_driver2/src
[10.050s] -- Configured cppcheck exclude dirs and/or files: 
[10.069s] -- Added test 'cpplint' to check C / C++ code against the Google style
[10.070s] -- Configured cpplint exclude dirs and/or files: 
[10.074s] -- Added test 'flake8' to check Python code syntax and style conventions
[10.087s] -- Added test 'lint_cmake' to check CMake code style
[10.088s] -- Added test 'pep257' to check Python code against some of the docstring style conventions in PEP 257
[10.109s] -- Added test 'uncrustify' to check C / C++ code style
[10.109s] -- Configured uncrustify additional arguments: 
[10.121s] -- Added test 'xmllint' to check XML markup files
[10.132s] -- Configuring done
[10.498s] -- Generating done
[10.537s] -- Build files have been written to: /home/nhs/engineer/build/livox_ros_driver2
[10.638s] Invoked command in '/home/nhs/engineer/build/livox_ros_driver2' returned '0': CMAKE_PREFIX_PATH=${CMAKE_PREFIX_PATH}:/home/nhs/engineer/install/bubble_protocol:/opt/ros/humble /usr/bin/cmake /home/nhs/engineer/src/rm_driver/livox_ros_driver2 -DROS_EDITION=ROS2 -DHUMBLE_ROS=humble -DCMAKE_INSTALL_PREFIX=/home/nhs/engineer/install/livox_ros_driver2
[10.639s] Invoking command in '/home/nhs/engineer/build/livox_ros_driver2': CMAKE_PREFIX_PATH=${CMAKE_PREFIX_PATH}:/home/nhs/engineer/install/bubble_protocol:/opt/ros/humble /usr/bin/cmake --build /home/nhs/engineer/build/livox_ros_driver2 -- -j8 -l8
[10.820s] [  1%] [34m[1mGenerating C code for ROS interfaces[0m
[10.849s] [  3%] [34m[1mGenerating C++ code for ROS interfaces[0m
[10.868s] [  5%] [32mBuilding CXX object CMakeFiles/livox_ros_driver2_node.dir/rclcpp_components/node_main_livox_ros_driver2_node.cpp.o[0m
[10.871s] [  5%] Built target ament_cmake_python_copy_livox_ros_driver2
[12.024s] running egg_info
[12.031s] creating livox_ros_driver2.egg-info
[12.034s] writing livox_ros_driver2.egg-info/PKG-INFO
[12.034s] writing dependency_links to livox_ros_driver2.egg-info/dependency_links.txt
[12.034s] writing top-level names to livox_ros_driver2.egg-info/top_level.txt
[12.034s] writing manifest file 'livox_ros_driver2.egg-info/SOURCES.txt'
[12.049s] reading manifest file 'livox_ros_driver2.egg-info/SOURCES.txt'
[12.049s] writing manifest file 'livox_ros_driver2.egg-info/SOURCES.txt'
[12.189s] [  5%] Built target ament_cmake_python_build_livox_ros_driver2_egg
[12.679s] [  5%] Built target livox_interfaces2__cpp
[12.709s] [  7%] [34m[1mGenerating C++ type support for eProsima Fast-RTPS[0m
[12.712s] [  8%] [34m[1mGenerating C++ introspection for ROS interfaces[0m
[12.736s] [ 10%] [34m[1mGenerating C++ type support dispatch for ROS interfaces[0m
[12.856s] [ 12%] [32mBuilding C object CMakeFiles/livox_interfaces2__rosidl_generator_c.dir/rosidl_generator_c/livox_ros_driver2/msg/detail/custom_point__functions.c.o[0m
[12.887s] [ 14%] [32mBuilding C object CMakeFiles/livox_interfaces2__rosidl_generator_c.dir/rosidl_generator_c/livox_ros_driver2/msg/detail/custom_msg__functions.c.o[0m
[13.107s] [ 15%] [32m[1mLinking C shared library liblivox_ros_driver2__rosidl_generator_c.so[0m
[13.226s] [ 15%] Built target livox_interfaces2__rosidl_generator_c
[13.271s] [ 17%] [34m[1mGenerating C type support for eProsima Fast-RTPS[0m
[13.295s] [ 19%] [34m[1mGenerating C introspection for ROS interfaces[0m
[13.307s] [ 21%] [34m[1mGenerating C type support dispatch for ROS interfaces[0m
[13.485s] [ 22%] [32mBuilding CXX object CMakeFiles/livox_interfaces2__rosidl_typesupport_fastrtps_cpp.dir/rosidl_typesupport_fastrtps_cpp/livox_ros_driver2/msg/detail/dds_fastrtps/custom_point__type_support.cpp.o[0m
[13.498s] [ 24%] [32mBuilding CXX object CMakeFiles/livox_interfaces2__rosidl_typesupport_fastrtps_cpp.dir/rosidl_typesupport_fastrtps_cpp/livox_ros_driver2/msg/detail/dds_fastrtps/custom_msg__type_support.cpp.o[0m
[14.039s] [ 26%] [32mBuilding C object CMakeFiles/livox_interfaces2__rosidl_typesupport_introspection_c.dir/rosidl_typesupport_introspection_c/livox_ros_driver2/msg/detail/custom_point__type_support.c.o[0m
[14.140s] [ 28%] [32mBuilding C object CMakeFiles/livox_interfaces2__rosidl_typesupport_introspection_c.dir/rosidl_typesupport_introspection_c/livox_ros_driver2/msg/detail/custom_msg__type_support.c.o[0m
[14.263s] [ 29%] [32m[1mLinking C shared library liblivox_ros_driver2__rosidl_typesupport_introspection_c.so[0m
[14.352s] [ 29%] Built target livox_interfaces2__rosidl_typesupport_introspection_c
[14.712s] [ 31%] [32m[1mLinking CXX shared library liblivox_ros_driver2__rosidl_typesupport_fastrtps_cpp.so[0m
[14.896s] [ 33%] [32mBuilding CXX object CMakeFiles/livox_interfaces2__rosidl_typesupport_fastrtps_c.dir/rosidl_typesupport_fastrtps_c/livox_ros_driver2/msg/detail/custom_point__type_support_c.cpp.o[0m
[14.901s] [ 35%] [32mBuilding CXX object CMakeFiles/livox_interfaces2__rosidl_typesupport_fastrtps_c.dir/rosidl_typesupport_fastrtps_c/livox_ros_driver2/msg/detail/custom_msg__type_support_c.cpp.o[0m
[14.948s] [ 35%] Built target livox_interfaces2__rosidl_typesupport_fastrtps_cpp
[15.391s] CMake Error: Target DependInfo.cmake file not found
[15.421s] [32mBuilding CXX object CMakeFiles/livox_interfaces2__rosidl_typesupport_cpp.dir/rosidl_typesupport_cpp/livox_ros_driver2/msg/custom_point__type_support.cpp.o[0m
[15.441s] [01m[Kcc1plus:[m[K [01;31m[Kfatal error: [m[K/home/nhs/engineer/build/livox_ros_driver2/rosidl_typesupport_cpp/livox_ros_driver2/msg/custom_point__type_support.cpp: 没有那个文件或目录
[15.441s] compilation terminated.
[15.441s] gmake[2]: *** [CMakeFiles/livox_interfaces2__rosidl_typesupport_cpp.dir/build.make:122：CMakeFiles/livox_interfaces2__rosidl_typesupport_cpp.dir/rosidl_typesupport_cpp/livox_ros_driver2/msg/custom_point__type_support.cpp.o] 错误 1
[15.442s] gmake[2]: *** 正在等待未完成的任务....
[15.444s] gmake[1]: *** [CMakeFiles/Makefile2:399：CMakeFiles/livox_interfaces2__rosidl_typesupport_cpp.dir/all] 错误 2
[15.445s] gmake[1]: *** 正在等待未完成的任务....
[15.500s] Error processing idl file: /home/nhs/engineer/build/livox_ros_driver2/rosidl_adapter/livox_ros_driver2/msg/CustomMsg.idl
[15.674s] CMake Error: Target DependInfo.cmake file not found
[15.734s] [32mBuilding CXX object CMakeFiles/livox_interfaces2__rosidl_typesupport_introspection_cpp.dir/rosidl_typesupport_introspection_cpp/livox_ros_driver2/msg/detail/custom_point__type_support.cpp.o[0m
[15.747s] [01m[Kcc1plus:[m[K [01;31m[Kfatal error: [m[K/home/nhs/engineer/build/livox_ros_driver2/rosidl_typesupport_introspection_cpp/livox_ros_driver2/msg/detail/custom_point__type_support.cpp: 没有那个文件或目录
[15.747s] compilation terminated.
[15.753s] [32mBuilding CXX object CMakeFiles/livox_interfaces2__rosidl_typesupport_introspection_cpp.dir/rosidl_typesupport_introspection_cpp/livox_ros_driver2/msg/detail/custom_msg__type_support.cpp.o[0m
[15.763s] gmake[2]: *** [CMakeFiles/livox_interfaces2__rosidl_typesupport_introspection_cpp.dir/build.make:130：CMakeFiles/livox_interfaces2__rosidl_typesupport_introspection_cpp.dir/rosidl_typesupport_introspection_cpp/livox_ros_driver2/msg/detail/custom_point__type_support.cpp.o] 错误 1
[15.763s] gmake[2]: *** 正在等待未完成的任务....
[15.766s] Traceback (most recent call last):
[15.766s]   File "/opt/ros/humble/lib/rosidl_typesupport_c/rosidl_typesupport_c", line 28, in <module>
[15.766s]     sys.exit(main())
[15.766s]   File "/opt/ros/humble/lib/rosidl_typesupport_c/rosidl_typesupport_c", line 24, in main
[15.767s]     generate_c(args.generator_arguments_file, args.typesupports)
[15.767s]   File "/opt/ros/humble/local/lib/python3.10/dist-packages/rosidl_typesupport_c/__init__.py", line 28, in generate_c
[15.767s]     return generate_files(
[15.767s]   File "/opt/ros/humble/local/lib/python3.10/dist-packages/rosidl_cmake/__init__.py", line 96, in generate_files
[15.767s]     raise(e)
[15.767s]   File "/opt/ros/humble/local/lib/python3.10/dist-packages/rosidl_cmake/__init__.py", line 74, in generate_files
[15.767s]     idl_file = parse_idl_file(locator)
[15.768s]   File "/opt/ros/humble/local/lib/python3.10/dist-packages/rosidl_parser/parser.py", line 62, in parse_idl_file
[15.768s]     string = locator.get_absolute_path().read_text(encoding='utf-8')
[15.768s]   File "/usr/lib/python3.10/pathlib.py", line 1134, in read_text
[15.768s]     with self.open(mode='r', encoding=encoding, errors=errors) as f:
[15.768s]   File "/usr/lib/python3.10/pathlib.py", line 1119, in open
[15.768s]     return self._accessor.open(self, mode, buffering, encoding, errors,
[15.768s] FileNotFoundError: [Errno 2] No such file or directory: '/home/nhs/engineer/build/livox_ros_driver2/rosidl_adapter/livox_ros_driver2/msg/CustomMsg.idl'
[15.889s] gmake[2]: *** [CMakeFiles/livox_interfaces2__rosidl_typesupport_c.dir/build.make:113：rosidl_typesupport_c/livox_ros_driver2/msg/custom_point__type_support.cpp] 错误 1
[15.890s] gmake[1]: *** [CMakeFiles/Makefile2:294：CMakeFiles/livox_interfaces2__rosidl_typesupport_c.dir/all] 错误 2
[15.914s] [01m[K/home/nhs/engineer/build/livox_ros_driver2/rosidl_typesupport_introspection_cpp/livox_ros_driver2/msg/detail/custom_msg__type_support.cpp:12:10:[m[K [01;31m[Kfatal error: [m[Klivox_ros_driver2/msg/detail/custom_msg__struct.hpp: 没有那个文件或目录
[15.914s]    12 | #include [01;31m[K"livox_ros_driver2/msg/detail/custom_msg__struct.hpp"[m[K
[15.914s]       |          [01;31m[K^~~~~~~~~~~~~~~~~~~~~~~~~~~~~~~~~~~~~~~~~~~~~~~~~~~~~[m[K
[15.914s] compilation terminated.
[15.923s] gmake[2]: *** [CMakeFiles/livox_interfaces2__rosidl_typesupport_introspection_cpp.dir/build.make:144：CMakeFiles/livox_interfaces2__rosidl_typesupport_introspection_cpp.dir/rosidl_typesupport_introspection_cpp/livox_ros_driver2/msg/detail/custom_msg__type_support.cpp.o] 错误 1
[15.923s] gmake[1]: *** [CMakeFiles/Makefile2:373：CMakeFiles/livox_interfaces2__rosidl_typesupport_introspection_cpp.dir/all] 错误 2
[16.030s] [32m[1mLinking CXX shared library liblivox_ros_driver2__rosidl_typesupport_fastrtps_c.so[0m
[16.186s] Built target livox_interfaces2__rosidl_typesupport_fastrtps_c
[19.929s] [32m[1mLinking CXX executable livox_ros_driver2_node[0m
[20.097s] Built target livox_ros_driver2_node
[20.102s] gmake: *** [Makefile:146：all] 错误 2
