[0.006s] Invoking command in '/home/nhs/engineer/build/point_lio': CMAKE_PREFIX_PATH=/home/nhs/engineer/install/livox_ros_driver2:/home/nhs/engineer/install/rmctrl_msgs:/home/nhs/engineer/install/pcd2pgm:/home/nhs/engineer/install/linefit_ground_segmentation:/home/nhs/engineer/install/rm_description:/home/nhs/engineer/install/navi:/home/nhs/engineer/install/bubble_protocol:/opt/ros/humble LD_LIBRARY_PATH=/home/nhs/engineer/install/livox_ros_driver2/lib:/home/nhs/engineer/install/rmctrl_msgs/lib:/home/nhs/engineer/install/linefit_ground_segmentation/lib:/opt/ros/humble/opt/rviz_ogre_vendor/lib:/opt/ros/humble/lib/x86_64-linux-gnu:/opt/ros/humble/lib /usr/bin/cmake /home/nhs/engineer/src/rm_localization/point_lio -DCMAKE_INSTALL_PREFIX=/home/nhs/engineer/install/point_lio
[0.013s] -- Current CPU architecture: x86_64
[0.016s] -- Processor number:  8
[0.016s] -- core for MP:  3
[0.016s] -- Found ament_cmake: 1.3.12 (/opt/ros/humble/share/ament_cmake/cmake)
[0.106s] -- Found rclcpp: 16.0.15 (/opt/ros/humble/share/rclcpp/cmake)
[0.123s] -- Found rosidl_generator_c: 3.1.7 (/opt/ros/humble/share/rosidl_generator_c/cmake)
[0.125s] -- Found rosidl_adapter: 3.1.7 (/opt/ros/humble/share/rosidl_adapter/cmake)
[0.129s] -- Found rosidl_generator_cpp: 3.1.7 (/opt/ros/humble/share/rosidl_generator_cpp/cmake)
[0.135s] -- Using all available rosidl_typesupport_c: rosidl_typesupport_fastrtps_c;rosidl_typesupport_introspection_c
[0.143s] -- Using all available rosidl_typesupport_cpp: rosidl_typesupport_fastrtps_cpp;rosidl_typesupport_introspection_cpp
[0.164s] -- Found rmw_implementation_cmake: 6.1.2 (/opt/ros/humble/share/rmw_implementation_cmake/cmake)
[0.165s] -- Found rmw_fastrtps_cpp: 6.2.8 (/opt/ros/humble/share/rmw_fastrtps_cpp/cmake)
[0.231s] -- Using RMW implementation 'rmw_fastrtps_cpp' as default
[0.265s] -- Found rclpy: 3.3.17 (/opt/ros/humble/share/rclpy/cmake)
[0.265s] -- Found geometry_msgs: 4.9.0 (/opt/ros/humble/share/geometry_msgs/cmake)
[0.273s] -- Found nav_msgs: 4.9.0 (/opt/ros/humble/share/nav_msgs/cmake)
[0.287s] -- Found sensor_msgs: 4.9.0 (/opt/ros/humble/share/sensor_msgs/cmake)
[0.309s] -- Configuring incomplete, errors occurred!
[0.309s] See also "/home/nhs/engineer/build/point_lio/CMakeFiles/CMakeOutput.log".
[0.309s] [31mCMake Error at CMakeLists.txt:45 (find_package):
[0.309s]   By not providing "Findpcl_ros.cmake" in CMAKE_MODULE_PATH this project has
[0.309s]   asked CMake to find a package configuration file provided by "pcl_ros", but
[0.309s]   CMake did not find one.
[0.309s] 
[0.309s]   Could not find a package configuration file provided by "pcl_ros" with any
[0.309s]   of the following names:
[0.309s] 
[0.309s]     pcl_rosConfig.cmake
[0.309s]     pcl_ros-config.cmake
[0.310s] 
[0.310s]   Add the installation prefix of "pcl_ros" to CMAKE_PREFIX_PATH or set
[0.310s]   "pcl_ros_DIR" to a directory containing one of the above files.  If
[0.310s]   "pcl_ros" provides a separate development package or SDK, be sure it has
[0.310s]   been installed.
[0.310s] 
[0.310s] [0m
[0.313s] Invoked command in '/home/nhs/engineer/build/point_lio' returned '1': CMAKE_PREFIX_PATH=/home/nhs/engineer/install/livox_ros_driver2:/home/nhs/engineer/install/rmctrl_msgs:/home/nhs/engineer/install/pcd2pgm:/home/nhs/engineer/install/linefit_ground_segmentation:/home/nhs/engineer/install/rm_description:/home/nhs/engineer/install/navi:/home/nhs/engineer/install/bubble_protocol:/opt/ros/humble LD_LIBRARY_PATH=/home/nhs/engineer/install/livox_ros_driver2/lib:/home/nhs/engineer/install/rmctrl_msgs/lib:/home/nhs/engineer/install/linefit_ground_segmentation/lib:/opt/ros/humble/opt/rviz_ogre_vendor/lib:/opt/ros/humble/lib/x86_64-linux-gnu:/opt/ros/humble/lib /usr/bin/cmake /home/nhs/engineer/src/rm_localization/point_lio -DCMAKE_INSTALL_PREFIX=/home/nhs/engineer/install/point_lio
