[0.214s] Invoking command in '/home/nhs/engineer/build/pointcloud_to_laserscan': CMAKE_PREFIX_PATH=${CMAKE_PREFIX_PATH}:/home/nhs/engineer/install/bubble_protocol:/opt/ros/humble /usr/bin/cmake --build /home/nhs/engineer/build/pointcloud_to_laserscan -- -j8 -l8
[0.282s] [ 20%] Built target pointcloud_to_laserscan_node
[0.286s] [ 40%] Built target laserscan_to_pointcloud
[0.286s] [ 60%] Built target laserscan_to_pointcloud_node
[0.330s] [ 80%] Built target pointcloud_to_laserscan
[0.359s] [100%] Built target dummy_pointcloud_publisher
[0.420s] Invoked command in '/home/nhs/engineer/build/pointcloud_to_laserscan' returned '0': CMAKE_PREFIX_PATH=${CMAKE_PREFIX_PATH}:/home/nhs/engineer/install/bubble_protocol:/opt/ros/humble /usr/bin/cmake --build /home/nhs/engineer/build/pointcloud_to_laserscan -- -j8 -l8
[0.427s] Invoking command in '/home/nhs/engineer/build/pointcloud_to_laserscan': CMAKE_PREFIX_PATH=${CMAKE_PREFIX_PATH}:/home/nhs/engineer/install/bubble_protocol:/opt/ros/humble /usr/bin/cmake --install /home/nhs/engineer/build/pointcloud_to_laserscan
[0.434s] -- Install configuration: ""
[0.434s] -- Up-to-date: /home/nhs/engineer/install/pointcloud_to_laserscan/lib/pointcloud_to_laserscan/laserscan_to_pointcloud_node
[0.434s] -- Up-to-date: /home/nhs/engineer/install/pointcloud_to_laserscan/lib/pointcloud_to_laserscan/pointcloud_to_laserscan_node
[0.434s] -- Up-to-date: /home/nhs/engineer/install/pointcloud_to_laserscan/include
[0.434s] -- Up-to-date: /home/nhs/engineer/install/pointcloud_to_laserscan/include/pointcloud_to_laserscan
[0.434s] -- Up-to-date: /home/nhs/engineer/install/pointcloud_to_laserscan/include/pointcloud_to_laserscan/visibility_control.h
[0.434s] -- Up-to-date: /home/nhs/engineer/install/pointcloud_to_laserscan/include/pointcloud_to_laserscan/pointcloud_to_laserscan_node.hpp
[0.434s] -- Up-to-date: /home/nhs/engineer/install/pointcloud_to_laserscan/include/pointcloud_to_laserscan/laserscan_to_pointcloud_node.hpp
[0.434s] -- Up-to-date: /home/nhs/engineer/install/pointcloud_to_laserscan/share/pointcloud_to_laserscan/environment/library_path.sh
[0.434s] -- Up-to-date: /home/nhs/engineer/install/pointcloud_to_laserscan/share/pointcloud_to_laserscan/environment/library_path.dsv
[0.434s] -- Up-to-date: /home/nhs/engineer/install/pointcloud_to_laserscan/lib/liblaserscan_to_pointcloud.so
[0.434s] -- Up-to-date: /home/nhs/engineer/install/pointcloud_to_laserscan/lib/libpointcloud_to_laserscan.so
[0.434s] -- Up-to-date: /home/nhs/engineer/install/pointcloud_to_laserscan/lib/pointcloud_to_laserscan/dummy_pointcloud_publisher
[0.434s] -- Up-to-date: /home/nhs/engineer/install/pointcloud_to_laserscan/share/pointcloud_to_laserscan/launch
[0.434s] -- Up-to-date: /home/nhs/engineer/install/pointcloud_to_laserscan/share/pointcloud_to_laserscan/launch/sample_pointcloud_to_laserscan_launch.py
[0.435s] -- Up-to-date: /home/nhs/engineer/install/pointcloud_to_laserscan/share/pointcloud_to_laserscan/launch/sample_laserscan_to_pointcloud_launch.py
[0.435s] -- Up-to-date: /home/nhs/engineer/install/pointcloud_to_laserscan/share/pointcloud_to_laserscan/launch/pointcloud_to_laserscan_launch.py
[0.435s] -- Up-to-date: /home/nhs/engineer/install/pointcloud_to_laserscan/share/ament_index/resource_index/package_run_dependencies/pointcloud_to_laserscan
[0.435s] -- Up-to-date: /home/nhs/engineer/install/pointcloud_to_laserscan/share/ament_index/resource_index/parent_prefix_path/pointcloud_to_laserscan
[0.435s] -- Up-to-date: /home/nhs/engineer/install/pointcloud_to_laserscan/share/pointcloud_to_laserscan/environment/ament_prefix_path.sh
[0.435s] -- Up-to-date: /home/nhs/engineer/install/pointcloud_to_laserscan/share/pointcloud_to_laserscan/environment/ament_prefix_path.dsv
[0.435s] -- Up-to-date: /home/nhs/engineer/install/pointcloud_to_laserscan/share/pointcloud_to_laserscan/environment/path.sh
[0.435s] -- Up-to-date: /home/nhs/engineer/install/pointcloud_to_laserscan/share/pointcloud_to_laserscan/environment/path.dsv
[0.435s] -- Up-to-date: /home/nhs/engineer/install/pointcloud_to_laserscan/share/pointcloud_to_laserscan/local_setup.bash
[0.435s] -- Up-to-date: /home/nhs/engineer/install/pointcloud_to_laserscan/share/pointcloud_to_laserscan/local_setup.sh
[0.435s] -- Up-to-date: /home/nhs/engineer/install/pointcloud_to_laserscan/share/pointcloud_to_laserscan/local_setup.zsh
[0.435s] -- Up-to-date: /home/nhs/engineer/install/pointcloud_to_laserscan/share/pointcloud_to_laserscan/local_setup.dsv
[0.435s] -- Installing: /home/nhs/engineer/install/pointcloud_to_laserscan/share/pointcloud_to_laserscan/package.dsv
[0.435s] -- Up-to-date: /home/nhs/engineer/install/pointcloud_to_laserscan/share/ament_index/resource_index/packages/pointcloud_to_laserscan
[0.435s] -- Up-to-date: /home/nhs/engineer/install/pointcloud_to_laserscan/share/ament_index/resource_index/rclcpp_components/pointcloud_to_laserscan
[0.435s] -- Up-to-date: /home/nhs/engineer/install/pointcloud_to_laserscan/share/pointcloud_to_laserscan/cmake/ament_cmake_export_dependencies-extras.cmake
[0.435s] -- Up-to-date: /home/nhs/engineer/install/pointcloud_to_laserscan/share/pointcloud_to_laserscan/cmake/ament_cmake_export_include_directories-extras.cmake
[0.435s] -- Up-to-date: /home/nhs/engineer/install/pointcloud_to_laserscan/share/pointcloud_to_laserscan/cmake/ament_cmake_export_libraries-extras.cmake
[0.436s] -- Up-to-date: /home/nhs/engineer/install/pointcloud_to_laserscan/share/pointcloud_to_laserscan/cmake/pointcloud_to_laserscanConfig.cmake
[0.436s] -- Up-to-date: /home/nhs/engineer/install/pointcloud_to_laserscan/share/pointcloud_to_laserscan/cmake/pointcloud_to_laserscanConfig-version.cmake
[0.436s] -- Up-to-date: /home/nhs/engineer/install/pointcloud_to_laserscan/share/pointcloud_to_laserscan/package.xml
[0.456s] Invoked command in '/home/nhs/engineer/build/pointcloud_to_laserscan' returned '0': CMAKE_PREFIX_PATH=${CMAKE_PREFIX_PATH}:/home/nhs/engineer/install/bubble_protocol:/opt/ros/humble /usr/bin/cmake --install /home/nhs/engineer/build/pointcloud_to_laserscan
