[0.027s] Invoking command in '/home/nhs/engineer/build/livox_ros_driver2': CMAKE_PREFIX_PATH=${CMAKE_PREFIX_PATH}:/home/nhs/engineer/install/bubble_protocol:/opt/ros/humble /usr/bin/cmake /home/nhs/engineer/src/rm_driver/livox_ros_driver2 -DCMAKE_INSTALL_PREFIX=/home/nhs/engineer/install/livox_ros_driver2
[0.220s] -- livox_ros_driver2 version: 1.2.4
[0.220s] -- Found ament_cmake_auto: 1.3.12 (/opt/ros/humble/share/ament_cmake_auto/cmake)
[0.220s] -- Using all available rosidl_typesupport_c: rosidl_typesupport_fastrtps_c;rosidl_typesupport_introspection_c
[0.220s] -- Found rosidl_adapter: 3.1.7 (/opt/ros/humble/share/rosidl_adapter/cmake)
[0.220s] -- Using all available rosidl_typesupport_cpp: rosidl_typesupport_fastrtps_cpp;rosidl_typesupport_introspection_cpp
[0.286s] -- Found rmw_implementation_cmake: 6.1.2 (/opt/ros/humble/share/rmw_implementation_cmake/cmake)
[0.288s] -- Found rmw_fastrtps_cpp: 6.2.8 (/opt/ros/humble/share/rmw_fastrtps_cpp/cmake)
[0.447s] -- Using RMW implementation 'rmw_fastrtps_cpp' as default
[0.607s] -- Eigen found (include: /usr/include/eigen3, version: 3.4.0)
[0.638s] -- FLANN found (include: /usr/include, lib: /usr/lib/x86_64-linux-gnu/libflann_cpp.so)
[0.946s] -- OpenNI found (version: 1.5.4.0, include: /usr/include/ni, lib: /usr/lib/libOpenNI.so;libusb::libusb)
[0.953s] -- OpenNI2 found (version: 2.2.0.33, include: /usr/include/openni2, lib: /usr/lib/x86_64-linux-gnu/libOpenNI2.so;libusb::libusb)
[1.096s] -- Eigen found (include: /usr/include/eigen3, version: 3.4.0)
[1.103s] -- OpenNI found (version: 1.5.4.0, include: /usr/include/ni, lib: /usr/lib/libOpenNI.so;libusb::libusb)
[1.109s] -- OpenNI2 found (version: 2.2.0.33, include: /usr/include/openni2, lib: /usr/lib/x86_64-linux-gnu/libOpenNI2.so;libusb::libusb)
[1.251s] -- Found Qhull version 8.0.2
[1.372s] -- OpenNI found (version: 1.5.4.0, include: /usr/include/ni, lib: /usr/lib/libOpenNI.so;libusb::libusb)
[1.537s] -- Checking for module 'apr-1'
[1.540s] --   No package 'apr-1' found
[1.744s] -- Found ament_cmake_ros: 0.10.0 (/opt/ros/humble/share/ament_cmake_ros/cmake)
[1.933s] -- Using all available rosidl_typesupport_c: rosidl_typesupport_fastrtps_c;rosidl_typesupport_introspection_c
[2.159s] -- Using all available rosidl_typesupport_cpp: rosidl_typesupport_fastrtps_cpp;rosidl_typesupport_introspection_cpp
[2.175s] -- Found python_cmake_module: 0.10.0 (/opt/ros/humble/share/python_cmake_module/cmake)
[2.191s] -- Using PYTHON_EXECUTABLE: /usr/bin/python3
[2.191s] -- Using PYTHON_INCLUDE_DIRS: /usr/include/python3.10
[2.191s] -- Using PYTHON_LIBRARIES: /usr/lib/x86_64-linux-gnu/libpython3.10.so
[2.224s] -- Found ament_lint_auto: 0.12.14 (/opt/ros/humble/share/ament_lint_auto/cmake)
[2.231s] -- Added test 'copyright' to check source files copyright and LICENSE
[2.234s] -- Added test 'cppcheck' to perform static code analysis on C / C++ code
[2.234s] -- Configured cppcheck include dirs: /home/nhs/engineer/src/rm_driver/livox_ros_driver2/3rdparty;/home/nhs/engineer/src/rm_driver/livox_ros_driver2/src
[2.234s] -- Configured cppcheck exclude dirs and/or files: 
[2.236s] -- Added test 'cpplint' to check C / C++ code against the Google style
[2.237s] -- Configured cpplint exclude dirs and/or files: 
[2.237s] -- Added test 'flake8' to check Python code syntax and style conventions
[2.238s] -- Added test 'lint_cmake' to check CMake code style
[2.238s] -- Added test 'pep257' to check Python code against some of the docstring style conventions in PEP 257
[2.240s] -- Added test 'uncrustify' to check C / C++ code style
[2.240s] -- Configured uncrustify additional arguments: 
[2.241s] -- Added test 'xmllint' to check XML markup files
[2.242s] -- Configuring done
[2.287s] -- Generating done
[2.302s] -- Build files have been written to: /home/nhs/engineer/build/livox_ros_driver2
[2.317s] Invoked command in '/home/nhs/engineer/build/livox_ros_driver2' returned '0': CMAKE_PREFIX_PATH=${CMAKE_PREFIX_PATH}:/home/nhs/engineer/install/bubble_protocol:/opt/ros/humble /usr/bin/cmake /home/nhs/engineer/src/rm_driver/livox_ros_driver2 -DCMAKE_INSTALL_PREFIX=/home/nhs/engineer/install/livox_ros_driver2
[2.318s] Invoking command in '/home/nhs/engineer/build/livox_ros_driver2': CMAKE_PREFIX_PATH=${CMAKE_PREFIX_PATH}:/home/nhs/engineer/install/bubble_protocol:/opt/ros/humble /usr/bin/cmake --build /home/nhs/engineer/build/livox_ros_driver2 -- -j8 -l8
[2.351s] [35m[1mConsolidate compiler generated dependencies of target livox_interfaces2__rosidl_generator_c[0m
[2.351s] [35m[1mConsolidate compiler generated dependencies of target livox_ros_driver2_node[0m
[2.360s] [  3%] Built target livox_interfaces2__cpp
[2.360s] [  8%] Built target livox_interfaces2__rosidl_generator_c
[2.366s] [ 12%] Built target livox_ros_driver2_node
[2.367s] [ 12%] Built target ament_cmake_python_copy_livox_ros_driver2
[2.369s] [35m[1mConsolidate compiler generated dependencies of target livox_interfaces2__rosidl_typesupport_introspection_c[0m
[2.369s] [35m[1mConsolidate compiler generated dependencies of target livox_interfaces2__rosidl_typesupport_fastrtps_c[0m
[2.369s] [35m[1mConsolidate compiler generated dependencies of target livox_interfaces2__rosidl_typesupport_c[0m
[2.370s] [35m[1mConsolidate compiler generated dependencies of target livox_interfaces2__rosidl_typesupport_fastrtps_cpp[0m
[2.375s] [35m[1mConsolidate compiler generated dependencies of target livox_interfaces2__rosidl_typesupport_introspection_cpp[0m
[2.379s] [35m[1mConsolidate compiler generated dependencies of target livox_interfaces2__rosidl_typesupport_cpp[0m
[2.382s] [ 19%] Built target livox_interfaces2__rosidl_typesupport_c
[2.384s] [ 26%] Built target livox_interfaces2__rosidl_typesupport_introspection_c
[2.384s] [ 33%] Built target livox_interfaces2__rosidl_typesupport_fastrtps_c
[2.387s] [ 40%] Built target livox_interfaces2__rosidl_typesupport_introspection_cpp
[2.387s] [ 47%] Built target livox_interfaces2__rosidl_typesupport_fastrtps_cpp
[2.391s] [ 54%] Built target livox_interfaces2__rosidl_typesupport_cpp
[2.404s] [35m[1mConsolidate compiler generated dependencies of target livox_ros_driver2[0m
[2.405s] [ 54%] Built target livox_interfaces2
[2.420s] [ 56%] Built target livox_interfaces2__py
[2.429s] [35m[1mConsolidate compiler generated dependencies of target livox_interfaces2__rosidl_generator_py[0m
[2.432s] [ 84%] Built target livox_ros_driver2
[2.438s] [ 89%] Built target livox_interfaces2__rosidl_generator_py
[2.445s] [35m[1mConsolidate compiler generated dependencies of target livox_ros_driver2__rosidl_typesupport_introspection_c__pyext[0m
[2.447s] [35m[1mConsolidate compiler generated dependencies of target livox_ros_driver2__rosidl_typesupport_c__pyext[0m
[2.448s] [35m[1mConsolidate compiler generated dependencies of target livox_ros_driver2__rosidl_typesupport_fastrtps_c__pyext[0m
[2.454s] [ 92%] Built target livox_ros_driver2__rosidl_typesupport_introspection_c__pyext
[2.457s] [ 96%] Built target livox_ros_driver2__rosidl_typesupport_fastrtps_c__pyext
[2.459s] [100%] Built target livox_ros_driver2__rosidl_typesupport_c__pyext
[2.544s] running egg_info
[2.545s] writing livox_ros_driver2.egg-info/PKG-INFO
[2.545s] writing dependency_links to livox_ros_driver2.egg-info/dependency_links.txt
[2.545s] writing top-level names to livox_ros_driver2.egg-info/top_level.txt
[2.546s] reading manifest file 'livox_ros_driver2.egg-info/SOURCES.txt'
[2.546s] writing manifest file 'livox_ros_driver2.egg-info/SOURCES.txt'
[2.565s] [100%] Built target ament_cmake_python_build_livox_ros_driver2_egg
[2.573s] Invoked command in '/home/nhs/engineer/build/livox_ros_driver2' returned '0': CMAKE_PREFIX_PATH=${CMAKE_PREFIX_PATH}:/home/nhs/engineer/install/bubble_protocol:/opt/ros/humble /usr/bin/cmake --build /home/nhs/engineer/build/livox_ros_driver2 -- -j8 -l8
[2.574s] Invoking command in '/home/nhs/engineer/build/livox_ros_driver2': CMAKE_PREFIX_PATH=${CMAKE_PREFIX_PATH}:/home/nhs/engineer/install/bubble_protocol:/opt/ros/humble /usr/bin/cmake --install /home/nhs/engineer/build/livox_ros_driver2
[2.580s] -- Install configuration: ""
[2.580s] -- Up-to-date: /home/nhs/engineer/install/livox_ros_driver2/share/ament_index/resource_index/rosidl_interfaces/livox_ros_driver2
[2.580s] -- Up-to-date: /home/nhs/engineer/install/livox_ros_driver2/include/livox_ros_driver2/livox_ros_driver2
[2.580s] -- Up-to-date: /home/nhs/engineer/install/livox_ros_driver2/include/livox_ros_driver2/livox_ros_driver2/msg
[2.580s] -- Up-to-date: /home/nhs/engineer/install/livox_ros_driver2/include/livox_ros_driver2/livox_ros_driver2/msg/custom_msg.h
[2.581s] -- Up-to-date: /home/nhs/engineer/install/livox_ros_driver2/include/livox_ros_driver2/livox_ros_driver2/msg/rosidl_generator_c__visibility_control.h
[2.581s] -- Up-to-date: /home/nhs/engineer/install/livox_ros_driver2/include/livox_ros_driver2/livox_ros_driver2/msg/detail
[2.581s] -- Up-to-date: /home/nhs/engineer/install/livox_ros_driver2/include/livox_ros_driver2/livox_ros_driver2/msg/detail/custom_point__functions.h
[2.581s] -- Up-to-date: /home/nhs/engineer/install/livox_ros_driver2/include/livox_ros_driver2/livox_ros_driver2/msg/detail/custom_point__type_support.h
[2.581s] -- Up-to-date: /home/nhs/engineer/install/livox_ros_driver2/include/livox_ros_driver2/livox_ros_driver2/msg/detail/custom_msg__functions.c
[2.581s] -- Up-to-date: /home/nhs/engineer/install/livox_ros_driver2/include/livox_ros_driver2/livox_ros_driver2/msg/detail/custom_msg__struct.h
[2.581s] -- Up-to-date: /home/nhs/engineer/install/livox_ros_driver2/include/livox_ros_driver2/livox_ros_driver2/msg/detail/custom_msg__type_support.h
[2.581s] -- Up-to-date: /home/nhs/engineer/install/livox_ros_driver2/include/livox_ros_driver2/livox_ros_driver2/msg/detail/custom_point__functions.c
[2.581s] -- Up-to-date: /home/nhs/engineer/install/livox_ros_driver2/include/livox_ros_driver2/livox_ros_driver2/msg/detail/custom_msg__functions.h
[2.581s] -- Up-to-date: /home/nhs/engineer/install/livox_ros_driver2/include/livox_ros_driver2/livox_ros_driver2/msg/detail/custom_point__struct.h
[2.581s] -- Up-to-date: /home/nhs/engineer/install/livox_ros_driver2/include/livox_ros_driver2/livox_ros_driver2/msg/custom_point.h
[2.581s] -- Up-to-date: /home/nhs/engineer/install/livox_ros_driver2/share/livox_ros_driver2/environment/library_path.sh
[2.581s] -- Installing: /home/nhs/engineer/install/livox_ros_driver2/share/livox_ros_driver2/environment/library_path.dsv
[2.581s] -- Up-to-date: /home/nhs/engineer/install/livox_ros_driver2/lib/liblivox_ros_driver2__rosidl_generator_c.so
[2.581s] -- Up-to-date: /home/nhs/engineer/install/livox_ros_driver2/include/livox_ros_driver2/livox_ros_driver2
[2.581s] -- Up-to-date: /home/nhs/engineer/install/livox_ros_driver2/include/livox_ros_driver2/livox_ros_driver2/msg
[2.581s] -- Up-to-date: /home/nhs/engineer/install/livox_ros_driver2/include/livox_ros_driver2/livox_ros_driver2/msg/detail
[2.581s] -- Up-to-date: /home/nhs/engineer/install/livox_ros_driver2/include/livox_ros_driver2/livox_ros_driver2/msg/detail/custom_point__rosidl_typesupport_fastrtps_c.h
[2.581s] -- Up-to-date: /home/nhs/engineer/install/livox_ros_driver2/include/livox_ros_driver2/livox_ros_driver2/msg/detail/custom_msg__rosidl_typesupport_fastrtps_c.h
[2.581s] -- Up-to-date: /home/nhs/engineer/install/livox_ros_driver2/include/livox_ros_driver2/livox_ros_driver2/msg/rosidl_typesupport_fastrtps_c__visibility_control.h
[2.581s] -- Up-to-date: /home/nhs/engineer/install/livox_ros_driver2/lib/liblivox_ros_driver2__rosidl_typesupport_fastrtps_c.so
[2.581s] -- Up-to-date: /home/nhs/engineer/install/livox_ros_driver2/include/livox_ros_driver2/livox_ros_driver2
[2.581s] -- Up-to-date: /home/nhs/engineer/install/livox_ros_driver2/include/livox_ros_driver2/livox_ros_driver2/msg
[2.582s] -- Up-to-date: /home/nhs/engineer/install/livox_ros_driver2/include/livox_ros_driver2/livox_ros_driver2/msg/detail
[2.582s] -- Up-to-date: /home/nhs/engineer/install/livox_ros_driver2/include/livox_ros_driver2/livox_ros_driver2/msg/detail/custom_point__rosidl_typesupport_introspection_c.h
[2.582s] -- Up-to-date: /home/nhs/engineer/install/livox_ros_driver2/include/livox_ros_driver2/livox_ros_driver2/msg/detail/custom_msg__rosidl_typesupport_introspection_c.h
[2.582s] -- Up-to-date: /home/nhs/engineer/install/livox_ros_driver2/include/livox_ros_driver2/livox_ros_driver2/msg/detail/custom_msg__type_support.c
[2.582s] -- Up-to-date: /home/nhs/engineer/install/livox_ros_driver2/include/livox_ros_driver2/livox_ros_driver2/msg/detail/custom_point__type_support.c
[2.582s] -- Up-to-date: /home/nhs/engineer/install/livox_ros_driver2/include/livox_ros_driver2/livox_ros_driver2/msg/rosidl_typesupport_introspection_c__visibility_control.h
[2.582s] -- Up-to-date: /home/nhs/engineer/install/livox_ros_driver2/lib/liblivox_ros_driver2__rosidl_typesupport_introspection_c.so
[2.582s] -- Up-to-date: /home/nhs/engineer/install/livox_ros_driver2/lib/liblivox_ros_driver2__rosidl_typesupport_c.so
[2.582s] -- Up-to-date: /home/nhs/engineer/install/livox_ros_driver2/include/livox_ros_driver2/livox_ros_driver2
[2.582s] -- Up-to-date: /home/nhs/engineer/install/livox_ros_driver2/include/livox_ros_driver2/livox_ros_driver2/msg
[2.582s] -- Up-to-date: /home/nhs/engineer/install/livox_ros_driver2/include/livox_ros_driver2/livox_ros_driver2/msg/detail
[2.582s] -- Up-to-date: /home/nhs/engineer/install/livox_ros_driver2/include/livox_ros_driver2/livox_ros_driver2/msg/detail/custom_msg__type_support.hpp
[2.582s] -- Up-to-date: /home/nhs/engineer/install/livox_ros_driver2/include/livox_ros_driver2/livox_ros_driver2/msg/detail/custom_point__struct.hpp
[2.582s] -- Up-to-date: /home/nhs/engineer/install/livox_ros_driver2/include/livox_ros_driver2/livox_ros_driver2/msg/detail/custom_point__traits.hpp
[2.582s] -- Up-to-date: /home/nhs/engineer/install/livox_ros_driver2/include/livox_ros_driver2/livox_ros_driver2/msg/detail/custom_msg__builder.hpp
[2.582s] -- Up-to-date: /home/nhs/engineer/install/livox_ros_driver2/include/livox_ros_driver2/livox_ros_driver2/msg/detail/custom_point__type_support.hpp
[2.582s] -- Up-to-date: /home/nhs/engineer/install/livox_ros_driver2/include/livox_ros_driver2/livox_ros_driver2/msg/detail/custom_msg__traits.hpp
[2.582s] -- Up-to-date: /home/nhs/engineer/install/livox_ros_driver2/include/livox_ros_driver2/livox_ros_driver2/msg/detail/custom_msg__struct.hpp
[2.582s] -- Up-to-date: /home/nhs/engineer/install/livox_ros_driver2/include/livox_ros_driver2/livox_ros_driver2/msg/detail/custom_point__builder.hpp
[2.582s] -- Up-to-date: /home/nhs/engineer/install/livox_ros_driver2/include/livox_ros_driver2/livox_ros_driver2/msg/custom_point.hpp
[2.582s] -- Up-to-date: /home/nhs/engineer/install/livox_ros_driver2/include/livox_ros_driver2/livox_ros_driver2/msg/custom_msg.hpp
[2.583s] -- Up-to-date: /home/nhs/engineer/install/livox_ros_driver2/include/livox_ros_driver2/livox_ros_driver2/msg/rosidl_generator_cpp__visibility_control.hpp
[2.583s] -- Up-to-date: /home/nhs/engineer/install/livox_ros_driver2/include/livox_ros_driver2/livox_ros_driver2
[2.583s] -- Up-to-date: /home/nhs/engineer/install/livox_ros_driver2/include/livox_ros_driver2/livox_ros_driver2/msg
[2.583s] -- Up-to-date: /home/nhs/engineer/install/livox_ros_driver2/include/livox_ros_driver2/livox_ros_driver2/msg/detail
[2.583s] -- Up-to-date: /home/nhs/engineer/install/livox_ros_driver2/include/livox_ros_driver2/livox_ros_driver2/msg/detail/custom_msg__rosidl_typesupport_fastrtps_cpp.hpp
[2.583s] -- Up-to-date: /home/nhs/engineer/install/livox_ros_driver2/include/livox_ros_driver2/livox_ros_driver2/msg/detail/custom_point__rosidl_typesupport_fastrtps_cpp.hpp
[2.583s] -- Up-to-date: /home/nhs/engineer/install/livox_ros_driver2/include/livox_ros_driver2/livox_ros_driver2/msg/detail/dds_fastrtps
[2.583s] -- Up-to-date: /home/nhs/engineer/install/livox_ros_driver2/include/livox_ros_driver2/livox_ros_driver2/msg/rosidl_typesupport_fastrtps_cpp__visibility_control.h
[2.583s] -- Up-to-date: /home/nhs/engineer/install/livox_ros_driver2/lib/liblivox_ros_driver2__rosidl_typesupport_fastrtps_cpp.so
[2.583s] -- Up-to-date: /home/nhs/engineer/install/livox_ros_driver2/include/livox_ros_driver2/livox_ros_driver2
[2.583s] -- Up-to-date: /home/nhs/engineer/install/livox_ros_driver2/include/livox_ros_driver2/livox_ros_driver2/msg
[2.583s] -- Up-to-date: /home/nhs/engineer/install/livox_ros_driver2/include/livox_ros_driver2/livox_ros_driver2/msg/detail
[2.583s] -- Up-to-date: /home/nhs/engineer/install/livox_ros_driver2/include/livox_ros_driver2/livox_ros_driver2/msg/detail/custom_msg__rosidl_typesupport_introspection_cpp.hpp
[2.583s] -- Up-to-date: /home/nhs/engineer/install/livox_ros_driver2/include/livox_ros_driver2/livox_ros_driver2/msg/detail/custom_msg__type_support.cpp
[2.583s] -- Up-to-date: /home/nhs/engineer/install/livox_ros_driver2/include/livox_ros_driver2/livox_ros_driver2/msg/detail/custom_point__type_support.cpp
[2.583s] -- Up-to-date: /home/nhs/engineer/install/livox_ros_driver2/include/livox_ros_driver2/livox_ros_driver2/msg/detail/custom_point__rosidl_typesupport_introspection_cpp.hpp
[2.583s] -- Up-to-date: /home/nhs/engineer/install/livox_ros_driver2/lib/liblivox_ros_driver2__rosidl_typesupport_introspection_cpp.so
[2.583s] -- Up-to-date: /home/nhs/engineer/install/livox_ros_driver2/lib/liblivox_ros_driver2__rosidl_typesupport_cpp.so
[2.583s] -- Up-to-date: /home/nhs/engineer/install/livox_ros_driver2/share/livox_ros_driver2/environment/pythonpath.sh
[2.583s] -- Installing: /home/nhs/engineer/install/livox_ros_driver2/share/livox_ros_driver2/environment/pythonpath.dsv
[2.583s] -- Up-to-date: /home/nhs/engineer/install/livox_ros_driver2/local/lib/python3.10/dist-packages/livox_ros_driver2-1.0.0-py3.10.egg-info
[2.583s] -- Installing: /home/nhs/engineer/install/livox_ros_driver2/local/lib/python3.10/dist-packages/livox_ros_driver2-1.0.0-py3.10.egg-info/dependency_links.txt
[2.583s] -- Installing: /home/nhs/engineer/install/livox_ros_driver2/local/lib/python3.10/dist-packages/livox_ros_driver2-1.0.0-py3.10.egg-info/top_level.txt
[2.583s] -- Installing: /home/nhs/engineer/install/livox_ros_driver2/local/lib/python3.10/dist-packages/livox_ros_driver2-1.0.0-py3.10.egg-info/PKG-INFO
[2.584s] -- Installing: /home/nhs/engineer/install/livox_ros_driver2/local/lib/python3.10/dist-packages/livox_ros_driver2-1.0.0-py3.10.egg-info/SOURCES.txt
[2.584s] -- Up-to-date: /home/nhs/engineer/install/livox_ros_driver2/local/lib/python3.10/dist-packages/livox_ros_driver2
[2.584s] -- Up-to-date: /home/nhs/engineer/install/livox_ros_driver2/local/lib/python3.10/dist-packages/livox_ros_driver2/_livox_ros_driver2_s.ep.rosidl_typesupport_c.c
[2.584s] -- Up-to-date: /home/nhs/engineer/install/livox_ros_driver2/local/lib/python3.10/dist-packages/livox_ros_driver2/livox_ros_driver2_s__rosidl_typesupport_fastrtps_c.cpython-310-x86_64-linux-gnu.so
[2.584s] -- Up-to-date: /home/nhs/engineer/install/livox_ros_driver2/local/lib/python3.10/dist-packages/livox_ros_driver2/liblivox_interfaces2__rosidl_generator_py.so
[2.584s] -- Up-to-date: /home/nhs/engineer/install/livox_ros_driver2/local/lib/python3.10/dist-packages/livox_ros_driver2/livox_ros_driver2_s__rosidl_typesupport_introspection_c.cpython-310-x86_64-linux-gnu.so
[2.584s] -- Up-to-date: /home/nhs/engineer/install/livox_ros_driver2/local/lib/python3.10/dist-packages/livox_ros_driver2/_livox_ros_driver2_s.ep.rosidl_typesupport_introspection_c.c
[2.584s] -- Installing: /home/nhs/engineer/install/livox_ros_driver2/local/lib/python3.10/dist-packages/livox_ros_driver2/__init__.py
[2.584s] -- Up-to-date: /home/nhs/engineer/install/livox_ros_driver2/local/lib/python3.10/dist-packages/livox_ros_driver2/_livox_ros_driver2_s.ep.rosidl_typesupport_fastrtps_c.c
[2.584s] -- Up-to-date: /home/nhs/engineer/install/livox_ros_driver2/local/lib/python3.10/dist-packages/livox_ros_driver2/msg
[2.584s] -- Up-to-date: /home/nhs/engineer/install/livox_ros_driver2/local/lib/python3.10/dist-packages/livox_ros_driver2/msg/_custom_point_s.c
[2.584s] -- Up-to-date: /home/nhs/engineer/install/livox_ros_driver2/local/lib/python3.10/dist-packages/livox_ros_driver2/msg/_custom_point.py
[2.584s] -- Up-to-date: /home/nhs/engineer/install/livox_ros_driver2/local/lib/python3.10/dist-packages/livox_ros_driver2/msg/__init__.py
[2.584s] -- Up-to-date: /home/nhs/engineer/install/livox_ros_driver2/local/lib/python3.10/dist-packages/livox_ros_driver2/msg/_custom_msg.py
[2.584s] -- Up-to-date: /home/nhs/engineer/install/livox_ros_driver2/local/lib/python3.10/dist-packages/livox_ros_driver2/msg/_custom_msg_s.c
[2.584s] -- Up-to-date: /home/nhs/engineer/install/livox_ros_driver2/local/lib/python3.10/dist-packages/livox_ros_driver2/livox_ros_driver2_s__rosidl_typesupport_c.cpython-310-x86_64-linux-gnu.so
[2.606s] Listing '/home/nhs/engineer/install/livox_ros_driver2/local/lib/python3.10/dist-packages/livox_ros_driver2'...
[2.606s] Compiling '/home/nhs/engineer/install/livox_ros_driver2/local/lib/python3.10/dist-packages/livox_ros_driver2/__init__.py'...
[2.606s] Listing '/home/nhs/engineer/install/livox_ros_driver2/local/lib/python3.10/dist-packages/livox_ros_driver2/msg'...
[2.610s] -- Up-to-date: /home/nhs/engineer/install/livox_ros_driver2/local/lib/python3.10/dist-packages/livox_ros_driver2/livox_ros_driver2_s__rosidl_typesupport_fastrtps_c.cpython-310-x86_64-linux-gnu.so
[2.610s] -- Up-to-date: /home/nhs/engineer/install/livox_ros_driver2/local/lib/python3.10/dist-packages/livox_ros_driver2/livox_ros_driver2_s__rosidl_typesupport_introspection_c.cpython-310-x86_64-linux-gnu.so
[2.610s] -- Up-to-date: /home/nhs/engineer/install/livox_ros_driver2/local/lib/python3.10/dist-packages/livox_ros_driver2/livox_ros_driver2_s__rosidl_typesupport_c.cpython-310-x86_64-linux-gnu.so
[2.610s] -- Up-to-date: /home/nhs/engineer/install/livox_ros_driver2/lib/liblivox_interfaces2__rosidl_generator_py.so
[2.610s] -- Up-to-date: /home/nhs/engineer/install/livox_ros_driver2/share/livox_ros_driver2/msg/CustomPoint.idl
[2.610s] -- Up-to-date: /home/nhs/engineer/install/livox_ros_driver2/share/livox_ros_driver2/msg/CustomMsg.idl
[2.610s] -- Up-to-date: /home/nhs/engineer/install/livox_ros_driver2/share/livox_ros_driver2/msg/CustomPoint.msg
[2.610s] -- Up-to-date: /home/nhs/engineer/install/livox_ros_driver2/share/livox_ros_driver2/msg/CustomMsg.msg
[2.610s] -- Up-to-date: /home/nhs/engineer/install/livox_ros_driver2/lib/livox_ros_driver2/livox_ros_driver2_node
[2.610s] -- Up-to-date: /home/nhs/engineer/install/livox_ros_driver2/lib/liblivox_ros_driver2.so
[2.610s] -- Up-to-date: /home/nhs/engineer/install/livox_ros_driver2/share/livox_ros_driver2/config
[2.611s] -- Up-to-date: /home/nhs/engineer/install/livox_ros_driver2/share/livox_ros_driver2/config/display_point_cloud_ROS2.rviz
[2.611s] -- Up-to-date: /home/nhs/engineer/install/livox_ros_driver2/share/livox_ros_driver2/config/MID360_config.json
[2.611s] -- Up-to-date: /home/nhs/engineer/install/livox_ros_driver2/share/livox_ros_driver2/config/display_point_cloud_ROS1.rviz
[2.611s] -- Up-to-date: /home/nhs/engineer/install/livox_ros_driver2/share/livox_ros_driver2/config/HAP_config.json
[2.611s] -- Up-to-date: /home/nhs/engineer/install/livox_ros_driver2/share/livox_ros_driver2/config/mixed_HAP_MID360_config.json
[2.611s] -- Up-to-date: /home/nhs/engineer/install/livox_ros_driver2/share/livox_ros_driver2/launch_ROS2
[2.611s] -- Up-to-date: /home/nhs/engineer/install/livox_ros_driver2/share/livox_ros_driver2/launch_ROS2/rviz_MID360_launch.py
[2.611s] -- Up-to-date: /home/nhs/engineer/install/livox_ros_driver2/share/livox_ros_driver2/launch_ROS2/rviz_mixed.py
[2.611s] -- Up-to-date: /home/nhs/engineer/install/livox_ros_driver2/share/livox_ros_driver2/launch_ROS2/msg_HAP_launch.py
[2.611s] -- Up-to-date: /home/nhs/engineer/install/livox_ros_driver2/share/livox_ros_driver2/launch_ROS2/msg_MID360_custom_launch.py
[2.611s] -- Up-to-date: /home/nhs/engineer/install/livox_ros_driver2/share/livox_ros_driver2/launch_ROS2/msg_MID360_cloud_launch.py
[2.611s] -- Up-to-date: /home/nhs/engineer/install/livox_ros_driver2/share/livox_ros_driver2/launch_ROS2/rviz_HAP_launch.py
[2.611s] -- Up-to-date: /home/nhs/engineer/install/livox_ros_driver2/share/ament_index/resource_index/package_run_dependencies/livox_ros_driver2
[2.611s] -- Up-to-date: /home/nhs/engineer/install/livox_ros_driver2/share/ament_index/resource_index/parent_prefix_path/livox_ros_driver2
[2.611s] -- Up-to-date: /home/nhs/engineer/install/livox_ros_driver2/share/livox_ros_driver2/environment/ament_prefix_path.sh
[2.611s] -- Installing: /home/nhs/engineer/install/livox_ros_driver2/share/livox_ros_driver2/environment/ament_prefix_path.dsv
[2.611s] -- Up-to-date: /home/nhs/engineer/install/livox_ros_driver2/share/livox_ros_driver2/environment/path.sh
[2.611s] -- Installing: /home/nhs/engineer/install/livox_ros_driver2/share/livox_ros_driver2/environment/path.dsv
[2.611s] -- Up-to-date: /home/nhs/engineer/install/livox_ros_driver2/share/livox_ros_driver2/local_setup.bash
[2.612s] -- Up-to-date: /home/nhs/engineer/install/livox_ros_driver2/share/livox_ros_driver2/local_setup.sh
[2.612s] -- Up-to-date: /home/nhs/engineer/install/livox_ros_driver2/share/livox_ros_driver2/local_setup.zsh
[2.612s] -- Installing: /home/nhs/engineer/install/livox_ros_driver2/share/livox_ros_driver2/local_setup.dsv
[2.612s] -- Installing: /home/nhs/engineer/install/livox_ros_driver2/share/livox_ros_driver2/package.dsv
[2.612s] -- Up-to-date: /home/nhs/engineer/install/livox_ros_driver2/share/ament_index/resource_index/packages/livox_ros_driver2
[2.612s] -- Up-to-date: /home/nhs/engineer/install/livox_ros_driver2/share/livox_ros_driver2/cmake/export_livox_interfaces2__rosidl_generator_cExport.cmake
[2.612s] -- Up-to-date: /home/nhs/engineer/install/livox_ros_driver2/share/livox_ros_driver2/cmake/export_livox_interfaces2__rosidl_generator_cExport-noconfig.cmake
[2.612s] -- Up-to-date: /home/nhs/engineer/install/livox_ros_driver2/share/livox_ros_driver2/cmake/export_livox_interfaces2__rosidl_typesupport_fastrtps_cExport.cmake
[2.612s] -- Up-to-date: /home/nhs/engineer/install/livox_ros_driver2/share/livox_ros_driver2/cmake/export_livox_interfaces2__rosidl_typesupport_fastrtps_cExport-noconfig.cmake
[2.612s] -- Up-to-date: /home/nhs/engineer/install/livox_ros_driver2/share/livox_ros_driver2/cmake/livox_interfaces2__rosidl_typesupport_introspection_cExport.cmake
[2.612s] -- Up-to-date: /home/nhs/engineer/install/livox_ros_driver2/share/livox_ros_driver2/cmake/livox_interfaces2__rosidl_typesupport_introspection_cExport-noconfig.cmake
[2.612s] -- Up-to-date: /home/nhs/engineer/install/livox_ros_driver2/share/livox_ros_driver2/cmake/livox_interfaces2__rosidl_typesupport_cExport.cmake
[2.612s] -- Up-to-date: /home/nhs/engineer/install/livox_ros_driver2/share/livox_ros_driver2/cmake/livox_interfaces2__rosidl_typesupport_cExport-noconfig.cmake
[2.612s] -- Up-to-date: /home/nhs/engineer/install/livox_ros_driver2/share/livox_ros_driver2/cmake/export_livox_interfaces2__rosidl_generator_cppExport.cmake
[2.612s] -- Up-to-date: /home/nhs/engineer/install/livox_ros_driver2/share/livox_ros_driver2/cmake/export_livox_interfaces2__rosidl_typesupport_fastrtps_cppExport.cmake
[2.612s] -- Up-to-date: /home/nhs/engineer/install/livox_ros_driver2/share/livox_ros_driver2/cmake/export_livox_interfaces2__rosidl_typesupport_fastrtps_cppExport-noconfig.cmake
[2.612s] -- Up-to-date: /home/nhs/engineer/install/livox_ros_driver2/share/livox_ros_driver2/cmake/livox_interfaces2__rosidl_typesupport_introspection_cppExport.cmake
[2.612s] -- Up-to-date: /home/nhs/engineer/install/livox_ros_driver2/share/livox_ros_driver2/cmake/livox_interfaces2__rosidl_typesupport_introspection_cppExport-noconfig.cmake
[2.612s] -- Up-to-date: /home/nhs/engineer/install/livox_ros_driver2/share/livox_ros_driver2/cmake/livox_interfaces2__rosidl_typesupport_cppExport.cmake
[2.612s] -- Up-to-date: /home/nhs/engineer/install/livox_ros_driver2/share/livox_ros_driver2/cmake/livox_interfaces2__rosidl_typesupport_cppExport-noconfig.cmake
[2.612s] -- Up-to-date: /home/nhs/engineer/install/livox_ros_driver2/share/livox_ros_driver2/cmake/export_livox_interfaces2__rosidl_generator_pyExport.cmake
[2.613s] -- Up-to-date: /home/nhs/engineer/install/livox_ros_driver2/share/livox_ros_driver2/cmake/export_livox_interfaces2__rosidl_generator_pyExport-noconfig.cmake
[2.613s] -- Up-to-date: /home/nhs/engineer/install/livox_ros_driver2/share/ament_index/resource_index/rclcpp_components/livox_ros_driver2
[2.613s] -- Up-to-date: /home/nhs/engineer/install/livox_ros_driver2/share/livox_ros_driver2/cmake/rosidl_cmake-extras.cmake
[2.613s] -- Up-to-date: /home/nhs/engineer/install/livox_ros_driver2/share/livox_ros_driver2/cmake/ament_cmake_export_dependencies-extras.cmake
[2.613s] -- Up-to-date: /home/nhs/engineer/install/livox_ros_driver2/share/livox_ros_driver2/cmake/ament_cmake_export_include_directories-extras.cmake
[2.613s] -- Up-to-date: /home/nhs/engineer/install/livox_ros_driver2/share/livox_ros_driver2/cmake/ament_cmake_export_libraries-extras.cmake
[2.613s] -- Up-to-date: /home/nhs/engineer/install/livox_ros_driver2/share/livox_ros_driver2/cmake/ament_cmake_export_targets-extras.cmake
[2.613s] -- Up-to-date: /home/nhs/engineer/install/livox_ros_driver2/share/livox_ros_driver2/cmake/rosidl_cmake_export_typesupport_targets-extras.cmake
[2.613s] -- Up-to-date: /home/nhs/engineer/install/livox_ros_driver2/share/livox_ros_driver2/cmake/rosidl_cmake_export_typesupport_libraries-extras.cmake
[2.613s] -- Up-to-date: /home/nhs/engineer/install/livox_ros_driver2/share/livox_ros_driver2/cmake/livox_ros_driver2Config.cmake
[2.613s] -- Up-to-date: /home/nhs/engineer/install/livox_ros_driver2/share/livox_ros_driver2/cmake/livox_ros_driver2Config-version.cmake
[2.613s] -- Up-to-date: /home/nhs/engineer/install/livox_ros_driver2/share/livox_ros_driver2/package.xml
[2.614s] Invoked command in '/home/nhs/engineer/build/livox_ros_driver2' returned '0': CMAKE_PREFIX_PATH=${CMAKE_PREFIX_PATH}:/home/nhs/engineer/install/bubble_protocol:/opt/ros/humble /usr/bin/cmake --install /home/nhs/engineer/build/livox_ros_driver2
