[0.099s] DEBUG:colcon:Command line arguments: ['/usr/bin/colcon', 'build', '--cmake-args', '-DROS_EDITION=ROS2', '-DHUMBLE_ROS=humble']
[0.099s] DEBUG:colcon:Parsed command line arguments: Namespace(log_base=None, log_level=None, verb_name='build', build_base='build', install_base='install', merge_install=False, symlink_install=False, test_result_base=None, continue_on_error=False, executor='parallel', parallel_workers=8, event_handlers=None, ignore_user_meta=False, metas=['./colcon.meta'], base_paths=['.'], packages_ignore=None, packages_ignore_regex=None, paths=None, packages_up_to=None, packages_up_to_regex=None, packages_above=None, packages_above_and_dependencies=None, packages_above_depth=None, packages_select_by_dep=None, packages_skip_by_dep=None, packages_skip_up_to=None, packages_select_build_failed=False, packages_skip_build_finished=False, packages_select_test_failures=False, packages_skip_test_passed=False, packages_select=None, packages_skip=None, packages_select_regex=None, packages_skip_regex=None, packages_start=None, packages_end=None, allow_overriding=[], cmake_args=['-DROS_EDITION=ROS2', '-DHUMBLE_ROS=humble'], cmake_target=None, cmake_target_skip_unavailable=False, cmake_clean_cache=False, cmake_clean_first=False, cmake_force_configure=False, ament_cmake_args=None, catkin_cmake_args=None, catkin_skip_building_tests=False, verb_parser=<colcon_defaults.argument_parser.defaults.DefaultArgumentsDecorator object at 0x70cd3b35c310>, verb_extension=<colcon_core.verb.build.BuildVerb object at 0x70cd3b451690>, main=<bound method BuildVerb.main of <colcon_core.verb.build.BuildVerb object at 0x70cd3b451690>>)
[0.244s] Level 1:colcon.colcon_core.package_discovery:discover_packages(colcon_meta) check parameters
[0.244s] Level 1:colcon.colcon_core.package_discovery:discover_packages(recursive) check parameters
[0.244s] Level 1:colcon.colcon_core.package_discovery:discover_packages(ignore) check parameters
[0.244s] Level 1:colcon.colcon_core.package_discovery:discover_packages(path) check parameters
[0.244s] Level 1:colcon.colcon_core.package_discovery:discover_packages(colcon_meta) discover
[0.244s] Level 1:colcon.colcon_core.package_discovery:discover_packages(recursive) discover
[0.244s] INFO:colcon.colcon_core.package_discovery:Crawling recursively for packages in '/home/nhs/engineer'
[0.244s] Level 1:colcon.colcon_core.package_identification:_identify(.) by extensions ['ignore', 'ignore_ament_install']
[0.244s] Level 1:colcon.colcon_core.package_identification:_identify(.) by extension 'ignore'
[0.244s] Level 1:colcon.colcon_core.package_identification:_identify(.) by extension 'ignore_ament_install'
[0.244s] Level 1:colcon.colcon_core.package_identification:_identify(.) by extensions ['colcon_pkg']
[0.244s] Level 1:colcon.colcon_core.package_identification:_identify(.) by extension 'colcon_pkg'
[0.244s] Level 1:colcon.colcon_core.package_identification:_identify(.) by extensions ['colcon_meta']
[0.244s] Level 1:colcon.colcon_core.package_identification:_identify(.) by extension 'colcon_meta'
[0.244s] Level 1:colcon.colcon_core.package_identification:_identify(.) by extensions ['ros']
[0.244s] Level 1:colcon.colcon_core.package_identification:_identify(.) by extension 'ros'
[0.253s] Level 1:colcon.colcon_core.package_identification:_identify(.) by extensions ['cmake', 'python']
[0.253s] Level 1:colcon.colcon_core.package_identification:_identify(.) by extension 'cmake'
[0.253s] Level 1:colcon.colcon_core.package_identification:_identify(.) by extension 'python'
[0.253s] Level 1:colcon.colcon_core.package_identification:_identify(.) by extensions ['python_setup_py']
[0.253s] Level 1:colcon.colcon_core.package_identification:_identify(.) by extension 'python_setup_py'
[0.253s] Level 1:colcon.colcon_core.package_identification:_identify(build) by extensions ['ignore', 'ignore_ament_install']
[0.253s] Level 1:colcon.colcon_core.package_identification:_identify(build) by extension 'ignore'
[0.253s] Level 1:colcon.colcon_core.package_identification:_identify(build) ignored
[0.253s] Level 1:colcon.colcon_core.package_identification:_identify(install) by extensions ['ignore', 'ignore_ament_install']
[0.253s] Level 1:colcon.colcon_core.package_identification:_identify(install) by extension 'ignore'
[0.253s] Level 1:colcon.colcon_core.package_identification:_identify(install) ignored
[0.254s] Level 1:colcon.colcon_core.package_identification:_identify(log) by extensions ['ignore', 'ignore_ament_install']
[0.254s] Level 1:colcon.colcon_core.package_identification:_identify(log) by extension 'ignore'
[0.254s] Level 1:colcon.colcon_core.package_identification:_identify(log) ignored
[0.254s] Level 1:colcon.colcon_core.package_identification:_identify(src) by extensions ['ignore', 'ignore_ament_install']
[0.254s] Level 1:colcon.colcon_core.package_identification:_identify(src) by extension 'ignore'
[0.254s] Level 1:colcon.colcon_core.package_identification:_identify(src) by extension 'ignore_ament_install'
[0.254s] Level 1:colcon.colcon_core.package_identification:_identify(src) by extensions ['colcon_pkg']
[0.254s] Level 1:colcon.colcon_core.package_identification:_identify(src) by extension 'colcon_pkg'
[0.254s] Level 1:colcon.colcon_core.package_identification:_identify(src) by extensions ['colcon_meta']
[0.254s] Level 1:colcon.colcon_core.package_identification:_identify(src) by extension 'colcon_meta'
[0.254s] Level 1:colcon.colcon_core.package_identification:_identify(src) by extensions ['ros']
[0.254s] Level 1:colcon.colcon_core.package_identification:_identify(src) by extension 'ros'
[0.254s] Level 1:colcon.colcon_core.package_identification:_identify(src) by extensions ['cmake', 'python']
[0.254s] Level 1:colcon.colcon_core.package_identification:_identify(src) by extension 'cmake'
[0.254s] Level 1:colcon.colcon_core.package_identification:_identify(src) by extension 'python'
[0.254s] Level 1:colcon.colcon_core.package_identification:_identify(src) by extensions ['python_setup_py']
[0.254s] Level 1:colcon.colcon_core.package_identification:_identify(src) by extension 'python_setup_py'
[0.254s] Level 1:colcon.colcon_core.package_identification:_identify(src/rm_communication) by extensions ['ignore', 'ignore_ament_install']
[0.254s] Level 1:colcon.colcon_core.package_identification:_identify(src/rm_communication) by extension 'ignore'
[0.254s] Level 1:colcon.colcon_core.package_identification:_identify(src/rm_communication) by extension 'ignore_ament_install'
[0.254s] Level 1:colcon.colcon_core.package_identification:_identify(src/rm_communication) by extensions ['colcon_pkg']
[0.254s] Level 1:colcon.colcon_core.package_identification:_identify(src/rm_communication) by extension 'colcon_pkg'
[0.254s] Level 1:colcon.colcon_core.package_identification:_identify(src/rm_communication) by extensions ['colcon_meta']
[0.254s] Level 1:colcon.colcon_core.package_identification:_identify(src/rm_communication) by extension 'colcon_meta'
[0.254s] Level 1:colcon.colcon_core.package_identification:_identify(src/rm_communication) by extensions ['ros']
[0.254s] Level 1:colcon.colcon_core.package_identification:_identify(src/rm_communication) by extension 'ros'
[0.254s] Level 1:colcon.colcon_core.package_identification:_identify(src/rm_communication) by extensions ['cmake', 'python']
[0.254s] Level 1:colcon.colcon_core.package_identification:_identify(src/rm_communication) by extension 'cmake'
[0.254s] Level 1:colcon.colcon_core.package_identification:_identify(src/rm_communication) by extension 'python'
[0.254s] Level 1:colcon.colcon_core.package_identification:_identify(src/rm_communication) by extensions ['python_setup_py']
[0.254s] Level 1:colcon.colcon_core.package_identification:_identify(src/rm_communication) by extension 'python_setup_py'
[0.254s] Level 1:colcon.colcon_core.package_identification:_identify(src/rm_communication/bubble_interface) by extensions ['ignore', 'ignore_ament_install']
[0.254s] Level 1:colcon.colcon_core.package_identification:_identify(src/rm_communication/bubble_interface) by extension 'ignore'
[0.255s] Level 1:colcon.colcon_core.package_identification:_identify(src/rm_communication/bubble_interface) by extension 'ignore_ament_install'
[0.255s] Level 1:colcon.colcon_core.package_identification:_identify(src/rm_communication/bubble_interface) by extensions ['colcon_pkg']
[0.255s] Level 1:colcon.colcon_core.package_identification:_identify(src/rm_communication/bubble_interface) by extension 'colcon_pkg'
[0.255s] Level 1:colcon.colcon_core.package_identification:_identify(src/rm_communication/bubble_interface) by extensions ['colcon_meta']
[0.255s] Level 1:colcon.colcon_core.package_identification:_identify(src/rm_communication/bubble_interface) by extension 'colcon_meta'
[0.255s] Level 1:colcon.colcon_core.package_identification:_identify(src/rm_communication/bubble_interface) by extensions ['ros']
[0.255s] Level 1:colcon.colcon_core.package_identification:_identify(src/rm_communication/bubble_interface) by extension 'ros'
[0.255s] Level 1:colcon.colcon_core.package_identification:_identify(src/rm_communication/bubble_interface) by extensions ['cmake', 'python']
[0.255s] Level 1:colcon.colcon_core.package_identification:_identify(src/rm_communication/bubble_interface) by extension 'cmake'
[0.255s] Level 1:colcon.colcon_core.package_identification:_identify(src/rm_communication/bubble_interface) by extension 'python'
[0.255s] Level 1:colcon.colcon_core.package_identification:_identify(src/rm_communication/bubble_interface) by extensions ['python_setup_py']
[0.255s] Level 1:colcon.colcon_core.package_identification:_identify(src/rm_communication/bubble_interface) by extension 'python_setup_py'
[0.255s] Level 1:colcon.colcon_core.package_identification:_identify(src/rm_communication/bubble_interface/rmctrl_msgs) by extensions ['ignore', 'ignore_ament_install']
[0.255s] Level 1:colcon.colcon_core.package_identification:_identify(src/rm_communication/bubble_interface/rmctrl_msgs) by extension 'ignore'
[0.255s] Level 1:colcon.colcon_core.package_identification:_identify(src/rm_communication/bubble_interface/rmctrl_msgs) by extension 'ignore_ament_install'
[0.255s] Level 1:colcon.colcon_core.package_identification:_identify(src/rm_communication/bubble_interface/rmctrl_msgs) by extensions ['colcon_pkg']
[0.255s] Level 1:colcon.colcon_core.package_identification:_identify(src/rm_communication/bubble_interface/rmctrl_msgs) by extension 'colcon_pkg'
[0.255s] Level 1:colcon.colcon_core.package_identification:_identify(src/rm_communication/bubble_interface/rmctrl_msgs) by extensions ['colcon_meta']
[0.255s] Level 1:colcon.colcon_core.package_identification:_identify(src/rm_communication/bubble_interface/rmctrl_msgs) by extension 'colcon_meta'
[0.255s] Level 1:colcon.colcon_core.package_identification:_identify(src/rm_communication/bubble_interface/rmctrl_msgs) by extensions ['ros']
[0.255s] Level 1:colcon.colcon_core.package_identification:_identify(src/rm_communication/bubble_interface/rmctrl_msgs) by extension 'ros'
[0.257s] DEBUG:colcon.colcon_core.package_identification:Package 'src/rm_communication/bubble_interface/rmctrl_msgs' with type 'ros.ament_cmake' and name 'rmctrl_msgs'
[0.257s] Level 1:colcon.colcon_core.package_identification:_identify(src/rm_communication/bubble_interface/script) by extensions ['ignore', 'ignore_ament_install']
[0.257s] Level 1:colcon.colcon_core.package_identification:_identify(src/rm_communication/bubble_interface/script) by extension 'ignore'
[0.258s] Level 1:colcon.colcon_core.package_identification:_identify(src/rm_communication/bubble_interface/script) by extension 'ignore_ament_install'
[0.258s] Level 1:colcon.colcon_core.package_identification:_identify(src/rm_communication/bubble_interface/script) by extensions ['colcon_pkg']
[0.258s] Level 1:colcon.colcon_core.package_identification:_identify(src/rm_communication/bubble_interface/script) by extension 'colcon_pkg'
[0.258s] Level 1:colcon.colcon_core.package_identification:_identify(src/rm_communication/bubble_interface/script) by extensions ['colcon_meta']
[0.258s] Level 1:colcon.colcon_core.package_identification:_identify(src/rm_communication/bubble_interface/script) by extension 'colcon_meta'
[0.258s] Level 1:colcon.colcon_core.package_identification:_identify(src/rm_communication/bubble_interface/script) by extensions ['ros']
[0.258s] Level 1:colcon.colcon_core.package_identification:_identify(src/rm_communication/bubble_interface/script) by extension 'ros'
[0.258s] Level 1:colcon.colcon_core.package_identification:_identify(src/rm_communication/bubble_interface/script) by extensions ['cmake', 'python']
[0.258s] Level 1:colcon.colcon_core.package_identification:_identify(src/rm_communication/bubble_interface/script) by extension 'cmake'
[0.258s] Level 1:colcon.colcon_core.package_identification:_identify(src/rm_communication/bubble_interface/script) by extension 'python'
[0.258s] Level 1:colcon.colcon_core.package_identification:_identify(src/rm_communication/bubble_interface/script) by extensions ['python_setup_py']
[0.258s] Level 1:colcon.colcon_core.package_identification:_identify(src/rm_communication/bubble_interface/script) by extension 'python_setup_py'
[0.258s] Level 1:colcon.colcon_core.package_identification:_identify(src/rm_communication/bubble_protocol) by extensions ['ignore', 'ignore_ament_install']
[0.258s] Level 1:colcon.colcon_core.package_identification:_identify(src/rm_communication/bubble_protocol) by extension 'ignore'
[0.258s] Level 1:colcon.colcon_core.package_identification:_identify(src/rm_communication/bubble_protocol) by extension 'ignore_ament_install'
[0.258s] Level 1:colcon.colcon_core.package_identification:_identify(src/rm_communication/bubble_protocol) by extensions ['colcon_pkg']
[0.258s] Level 1:colcon.colcon_core.package_identification:_identify(src/rm_communication/bubble_protocol) by extension 'colcon_pkg'
[0.258s] Level 1:colcon.colcon_core.package_identification:_identify(src/rm_communication/bubble_protocol) by extensions ['colcon_meta']
[0.258s] Level 1:colcon.colcon_core.package_identification:_identify(src/rm_communication/bubble_protocol) by extension 'colcon_meta'
[0.258s] Level 1:colcon.colcon_core.package_identification:_identify(src/rm_communication/bubble_protocol) by extensions ['ros']
[0.258s] Level 1:colcon.colcon_core.package_identification:_identify(src/rm_communication/bubble_protocol) by extension 'ros'
[0.259s] DEBUG:colcon.colcon_core.package_identification:Package 'src/rm_communication/bubble_protocol' with type 'ros.ament_python' and name 'bubble_protocol'
[0.259s] Level 1:colcon.colcon_core.package_identification:_identify(src/rm_description) by extensions ['ignore', 'ignore_ament_install']
[0.259s] Level 1:colcon.colcon_core.package_identification:_identify(src/rm_description) by extension 'ignore'
[0.259s] Level 1:colcon.colcon_core.package_identification:_identify(src/rm_description) by extension 'ignore_ament_install'
[0.259s] Level 1:colcon.colcon_core.package_identification:_identify(src/rm_description) by extensions ['colcon_pkg']
[0.259s] Level 1:colcon.colcon_core.package_identification:_identify(src/rm_description) by extension 'colcon_pkg'
[0.259s] Level 1:colcon.colcon_core.package_identification:_identify(src/rm_description) by extensions ['colcon_meta']
[0.259s] Level 1:colcon.colcon_core.package_identification:_identify(src/rm_description) by extension 'colcon_meta'
[0.259s] Level 1:colcon.colcon_core.package_identification:_identify(src/rm_description) by extensions ['ros']
[0.259s] Level 1:colcon.colcon_core.package_identification:_identify(src/rm_description) by extension 'ros'
[0.259s] DEBUG:colcon.colcon_core.package_identification:Package 'src/rm_description' with type 'ros.ament_cmake' and name 'rm_description'
[0.260s] Level 1:colcon.colcon_core.package_identification:_identify(src/rm_driver) by extensions ['ignore', 'ignore_ament_install']
[0.260s] Level 1:colcon.colcon_core.package_identification:_identify(src/rm_driver) by extension 'ignore'
[0.260s] Level 1:colcon.colcon_core.package_identification:_identify(src/rm_driver) by extension 'ignore_ament_install'
[0.260s] Level 1:colcon.colcon_core.package_identification:_identify(src/rm_driver) by extensions ['colcon_pkg']
[0.260s] Level 1:colcon.colcon_core.package_identification:_identify(src/rm_driver) by extension 'colcon_pkg'
[0.260s] Level 1:colcon.colcon_core.package_identification:_identify(src/rm_driver) by extensions ['colcon_meta']
[0.260s] Level 1:colcon.colcon_core.package_identification:_identify(src/rm_driver) by extension 'colcon_meta'
[0.260s] Level 1:colcon.colcon_core.package_identification:_identify(src/rm_driver) by extensions ['ros']
[0.260s] Level 1:colcon.colcon_core.package_identification:_identify(src/rm_driver) by extension 'ros'
[0.260s] Level 1:colcon.colcon_core.package_identification:_identify(src/rm_driver) by extensions ['cmake', 'python']
[0.260s] Level 1:colcon.colcon_core.package_identification:_identify(src/rm_driver) by extension 'cmake'
[0.260s] Level 1:colcon.colcon_core.package_identification:_identify(src/rm_driver) by extension 'python'
[0.260s] Level 1:colcon.colcon_core.package_identification:_identify(src/rm_driver) by extensions ['python_setup_py']
[0.260s] Level 1:colcon.colcon_core.package_identification:_identify(src/rm_driver) by extension 'python_setup_py'
[0.260s] Level 1:colcon.colcon_core.package_identification:_identify(src/rm_driver/Livox-SDK2) by extensions ['ignore', 'ignore_ament_install']
[0.260s] Level 1:colcon.colcon_core.package_identification:_identify(src/rm_driver/Livox-SDK2) by extension 'ignore'
[0.260s] Level 1:colcon.colcon_core.package_identification:_identify(src/rm_driver/Livox-SDK2) by extension 'ignore_ament_install'
[0.260s] Level 1:colcon.colcon_core.package_identification:_identify(src/rm_driver/Livox-SDK2) by extensions ['colcon_pkg']
[0.260s] Level 1:colcon.colcon_core.package_identification:_identify(src/rm_driver/Livox-SDK2) by extension 'colcon_pkg'
[0.260s] Level 1:colcon.colcon_core.package_identification:_identify(src/rm_driver/Livox-SDK2) by extensions ['colcon_meta']
[0.260s] Level 1:colcon.colcon_core.package_identification:_identify(src/rm_driver/Livox-SDK2) by extension 'colcon_meta'
[0.260s] Level 1:colcon.colcon_core.package_identification:_identify(src/rm_driver/Livox-SDK2) by extensions ['ros']
[0.260s] Level 1:colcon.colcon_core.package_identification:_identify(src/rm_driver/Livox-SDK2) by extension 'ros'
[0.260s] Level 1:colcon.colcon_core.package_identification:_identify(src/rm_driver/Livox-SDK2) by extensions ['cmake', 'python']
[0.260s] Level 1:colcon.colcon_core.package_identification:_identify(src/rm_driver/Livox-SDK2) by extension 'cmake'
[0.266s] Level 1:colcon.colcon_core.package_identification:_identify(src/rm_driver/Livox-SDK2) by extension 'python'
[0.266s] DEBUG:colcon.colcon_core.package_identification:Package 'src/rm_driver/Livox-SDK2' with type 'cmake' and name 'livox_sdk2'
[0.266s] Level 1:colcon.colcon_core.package_identification:_identify(src/rm_driver/livox_ros_driver2) by extensions ['ignore', 'ignore_ament_install']
[0.266s] Level 1:colcon.colcon_core.package_identification:_identify(src/rm_driver/livox_ros_driver2) by extension 'ignore'
[0.266s] Level 1:colcon.colcon_core.package_identification:_identify(src/rm_driver/livox_ros_driver2) by extension 'ignore_ament_install'
[0.267s] Level 1:colcon.colcon_core.package_identification:_identify(src/rm_driver/livox_ros_driver2) by extensions ['colcon_pkg']
[0.267s] Level 1:colcon.colcon_core.package_identification:_identify(src/rm_driver/livox_ros_driver2) by extension 'colcon_pkg'
[0.267s] Level 1:colcon.colcon_core.package_identification:_identify(src/rm_driver/livox_ros_driver2) by extensions ['colcon_meta']
[0.267s] Level 1:colcon.colcon_core.package_identification:_identify(src/rm_driver/livox_ros_driver2) by extension 'colcon_meta'
[0.267s] Level 1:colcon.colcon_core.package_identification:_identify(src/rm_driver/livox_ros_driver2) by extensions ['ros']
[0.267s] Level 1:colcon.colcon_core.package_identification:_identify(src/rm_driver/livox_ros_driver2) by extension 'ros'
[0.267s] DEBUG:colcon.colcon_core.package_identification:Package 'src/rm_driver/livox_ros_driver2' with type 'ros.ament_cmake' and name 'livox_ros_driver2'
[0.267s] Level 1:colcon.colcon_core.package_identification:_identify(src/rm_localization) by extensions ['ignore', 'ignore_ament_install']
[0.267s] Level 1:colcon.colcon_core.package_identification:_identify(src/rm_localization) by extension 'ignore'
[0.267s] Level 1:colcon.colcon_core.package_identification:_identify(src/rm_localization) by extension 'ignore_ament_install'
[0.268s] Level 1:colcon.colcon_core.package_identification:_identify(src/rm_localization) by extensions ['colcon_pkg']
[0.268s] Level 1:colcon.colcon_core.package_identification:_identify(src/rm_localization) by extension 'colcon_pkg'
[0.268s] Level 1:colcon.colcon_core.package_identification:_identify(src/rm_localization) by extensions ['colcon_meta']
[0.268s] Level 1:colcon.colcon_core.package_identification:_identify(src/rm_localization) by extension 'colcon_meta'
[0.268s] Level 1:colcon.colcon_core.package_identification:_identify(src/rm_localization) by extensions ['ros']
[0.268s] Level 1:colcon.colcon_core.package_identification:_identify(src/rm_localization) by extension 'ros'
[0.268s] Level 1:colcon.colcon_core.package_identification:_identify(src/rm_localization) by extensions ['cmake', 'python']
[0.268s] Level 1:colcon.colcon_core.package_identification:_identify(src/rm_localization) by extension 'cmake'
[0.268s] Level 1:colcon.colcon_core.package_identification:_identify(src/rm_localization) by extension 'python'
[0.268s] Level 1:colcon.colcon_core.package_identification:_identify(src/rm_localization) by extensions ['python_setup_py']
[0.268s] Level 1:colcon.colcon_core.package_identification:_identify(src/rm_localization) by extension 'python_setup_py'
[0.268s] Level 1:colcon.colcon_core.package_identification:_identify(src/rm_localization/pcd2pgm) by extensions ['ignore', 'ignore_ament_install']
[0.268s] Level 1:colcon.colcon_core.package_identification:_identify(src/rm_localization/pcd2pgm) by extension 'ignore'
[0.268s] Level 1:colcon.colcon_core.package_identification:_identify(src/rm_localization/pcd2pgm) by extension 'ignore_ament_install'
[0.268s] Level 1:colcon.colcon_core.package_identification:_identify(src/rm_localization/pcd2pgm) by extensions ['colcon_pkg']
[0.268s] Level 1:colcon.colcon_core.package_identification:_identify(src/rm_localization/pcd2pgm) by extension 'colcon_pkg'
[0.268s] Level 1:colcon.colcon_core.package_identification:_identify(src/rm_localization/pcd2pgm) by extensions ['colcon_meta']
[0.268s] Level 1:colcon.colcon_core.package_identification:_identify(src/rm_localization/pcd2pgm) by extension 'colcon_meta'
[0.268s] Level 1:colcon.colcon_core.package_identification:_identify(src/rm_localization/pcd2pgm) by extensions ['ros']
[0.268s] Level 1:colcon.colcon_core.package_identification:_identify(src/rm_localization/pcd2pgm) by extension 'ros'
[0.268s] DEBUG:colcon.colcon_core.package_identification:Package 'src/rm_localization/pcd2pgm' with type 'ros.ament_cmake' and name 'pcd2pgm'
[0.269s] Level 1:colcon.colcon_core.package_identification:_identify(src/rm_localization/point_lio) by extensions ['ignore', 'ignore_ament_install']
[0.269s] Level 1:colcon.colcon_core.package_identification:_identify(src/rm_localization/point_lio) by extension 'ignore'
[0.269s] Level 1:colcon.colcon_core.package_identification:_identify(src/rm_localization/point_lio) by extension 'ignore_ament_install'
[0.269s] Level 1:colcon.colcon_core.package_identification:_identify(src/rm_localization/point_lio) by extensions ['colcon_pkg']
[0.269s] Level 1:colcon.colcon_core.package_identification:_identify(src/rm_localization/point_lio) by extension 'colcon_pkg'
[0.269s] Level 1:colcon.colcon_core.package_identification:_identify(src/rm_localization/point_lio) by extensions ['colcon_meta']
[0.269s] Level 1:colcon.colcon_core.package_identification:_identify(src/rm_localization/point_lio) by extension 'colcon_meta'
[0.269s] Level 1:colcon.colcon_core.package_identification:_identify(src/rm_localization/point_lio) by extensions ['ros']
[0.269s] Level 1:colcon.colcon_core.package_identification:_identify(src/rm_localization/point_lio) by extension 'ros'
[0.270s] DEBUG:colcon.colcon_core.package_identification:Package 'src/rm_localization/point_lio' with type 'ros.ament_cmake' and name 'point_lio'
[0.270s] Level 1:colcon.colcon_core.package_identification:_identify(src/rm_navigation) by extensions ['ignore', 'ignore_ament_install']
[0.270s] Level 1:colcon.colcon_core.package_identification:_identify(src/rm_navigation) by extension 'ignore'
[0.270s] Level 1:colcon.colcon_core.package_identification:_identify(src/rm_navigation) by extension 'ignore_ament_install'
[0.270s] Level 1:colcon.colcon_core.package_identification:_identify(src/rm_navigation) by extensions ['colcon_pkg']
[0.270s] Level 1:colcon.colcon_core.package_identification:_identify(src/rm_navigation) by extension 'colcon_pkg'
[0.270s] Level 1:colcon.colcon_core.package_identification:_identify(src/rm_navigation) by extensions ['colcon_meta']
[0.270s] Level 1:colcon.colcon_core.package_identification:_identify(src/rm_navigation) by extension 'colcon_meta'
[0.270s] Level 1:colcon.colcon_core.package_identification:_identify(src/rm_navigation) by extensions ['ros']
[0.270s] Level 1:colcon.colcon_core.package_identification:_identify(src/rm_navigation) by extension 'ros'
[0.270s] Level 1:colcon.colcon_core.package_identification:_identify(src/rm_navigation) by extensions ['cmake', 'python']
[0.270s] Level 1:colcon.colcon_core.package_identification:_identify(src/rm_navigation) by extension 'cmake'
[0.270s] Level 1:colcon.colcon_core.package_identification:_identify(src/rm_navigation) by extension 'python'
[0.270s] Level 1:colcon.colcon_core.package_identification:_identify(src/rm_navigation) by extensions ['python_setup_py']
[0.270s] Level 1:colcon.colcon_core.package_identification:_identify(src/rm_navigation) by extension 'python_setup_py'
[0.270s] Level 1:colcon.colcon_core.package_identification:_identify(src/rm_navigation/navi) by extensions ['ignore', 'ignore_ament_install']
[0.270s] Level 1:colcon.colcon_core.package_identification:_identify(src/rm_navigation/navi) by extension 'ignore'
[0.270s] Level 1:colcon.colcon_core.package_identification:_identify(src/rm_navigation/navi) by extension 'ignore_ament_install'
[0.270s] Level 1:colcon.colcon_core.package_identification:_identify(src/rm_navigation/navi) by extensions ['colcon_pkg']
[0.270s] Level 1:colcon.colcon_core.package_identification:_identify(src/rm_navigation/navi) by extension 'colcon_pkg'
[0.270s] Level 1:colcon.colcon_core.package_identification:_identify(src/rm_navigation/navi) by extensions ['colcon_meta']
[0.270s] Level 1:colcon.colcon_core.package_identification:_identify(src/rm_navigation/navi) by extension 'colcon_meta'
[0.270s] Level 1:colcon.colcon_core.package_identification:_identify(src/rm_navigation/navi) by extensions ['ros']
[0.270s] Level 1:colcon.colcon_core.package_identification:_identify(src/rm_navigation/navi) by extension 'ros'
[0.271s] DEBUG:colcon.colcon_core.package_identification:Package 'src/rm_navigation/navi' with type 'ros.ament_cmake' and name 'navi'
[0.271s] Level 1:colcon.colcon_core.package_identification:_identify(src/rm_perception) by extensions ['ignore', 'ignore_ament_install']
[0.271s] Level 1:colcon.colcon_core.package_identification:_identify(src/rm_perception) by extension 'ignore'
[0.271s] Level 1:colcon.colcon_core.package_identification:_identify(src/rm_perception) by extension 'ignore_ament_install'
[0.271s] Level 1:colcon.colcon_core.package_identification:_identify(src/rm_perception) by extensions ['colcon_pkg']
[0.271s] Level 1:colcon.colcon_core.package_identification:_identify(src/rm_perception) by extension 'colcon_pkg'
[0.271s] Level 1:colcon.colcon_core.package_identification:_identify(src/rm_perception) by extensions ['colcon_meta']
[0.271s] Level 1:colcon.colcon_core.package_identification:_identify(src/rm_perception) by extension 'colcon_meta'
[0.271s] Level 1:colcon.colcon_core.package_identification:_identify(src/rm_perception) by extensions ['ros']
[0.271s] Level 1:colcon.colcon_core.package_identification:_identify(src/rm_perception) by extension 'ros'
[0.271s] Level 1:colcon.colcon_core.package_identification:_identify(src/rm_perception) by extensions ['cmake', 'python']
[0.271s] Level 1:colcon.colcon_core.package_identification:_identify(src/rm_perception) by extension 'cmake'
[0.271s] Level 1:colcon.colcon_core.package_identification:_identify(src/rm_perception) by extension 'python'
[0.271s] Level 1:colcon.colcon_core.package_identification:_identify(src/rm_perception) by extensions ['python_setup_py']
[0.271s] Level 1:colcon.colcon_core.package_identification:_identify(src/rm_perception) by extension 'python_setup_py'
[0.271s] Level 1:colcon.colcon_core.package_identification:_identify(src/rm_perception/linefit_ground_segementation_ros2) by extensions ['ignore', 'ignore_ament_install']
[0.271s] Level 1:colcon.colcon_core.package_identification:_identify(src/rm_perception/linefit_ground_segementation_ros2) by extension 'ignore'
[0.271s] Level 1:colcon.colcon_core.package_identification:_identify(src/rm_perception/linefit_ground_segementation_ros2) by extension 'ignore_ament_install'
[0.271s] Level 1:colcon.colcon_core.package_identification:_identify(src/rm_perception/linefit_ground_segementation_ros2) by extensions ['colcon_pkg']
[0.271s] Level 1:colcon.colcon_core.package_identification:_identify(src/rm_perception/linefit_ground_segementation_ros2) by extension 'colcon_pkg'
[0.271s] Level 1:colcon.colcon_core.package_identification:_identify(src/rm_perception/linefit_ground_segementation_ros2) by extensions ['colcon_meta']
[0.271s] Level 1:colcon.colcon_core.package_identification:_identify(src/rm_perception/linefit_ground_segementation_ros2) by extension 'colcon_meta'
[0.271s] Level 1:colcon.colcon_core.package_identification:_identify(src/rm_perception/linefit_ground_segementation_ros2) by extensions ['ros']
[0.271s] Level 1:colcon.colcon_core.package_identification:_identify(src/rm_perception/linefit_ground_segementation_ros2) by extension 'ros'
[0.271s] Level 1:colcon.colcon_core.package_identification:_identify(src/rm_perception/linefit_ground_segementation_ros2) by extensions ['cmake', 'python']
[0.271s] Level 1:colcon.colcon_core.package_identification:_identify(src/rm_perception/linefit_ground_segementation_ros2) by extension 'cmake'
[0.272s] Level 1:colcon.colcon_core.package_identification:_identify(src/rm_perception/linefit_ground_segementation_ros2) by extension 'python'
[0.272s] Level 1:colcon.colcon_core.package_identification:_identify(src/rm_perception/linefit_ground_segementation_ros2) by extensions ['python_setup_py']
[0.272s] Level 1:colcon.colcon_core.package_identification:_identify(src/rm_perception/linefit_ground_segementation_ros2) by extension 'python_setup_py'
[0.272s] Level 1:colcon.colcon_core.package_identification:_identify(src/rm_perception/linefit_ground_segementation_ros2/doc) by extensions ['ignore', 'ignore_ament_install']
[0.272s] Level 1:colcon.colcon_core.package_identification:_identify(src/rm_perception/linefit_ground_segementation_ros2/doc) by extension 'ignore'
[0.272s] Level 1:colcon.colcon_core.package_identification:_identify(src/rm_perception/linefit_ground_segementation_ros2/doc) by extension 'ignore_ament_install'
[0.272s] Level 1:colcon.colcon_core.package_identification:_identify(src/rm_perception/linefit_ground_segementation_ros2/doc) by extensions ['colcon_pkg']
[0.272s] Level 1:colcon.colcon_core.package_identification:_identify(src/rm_perception/linefit_ground_segementation_ros2/doc) by extension 'colcon_pkg'
[0.272s] Level 1:colcon.colcon_core.package_identification:_identify(src/rm_perception/linefit_ground_segementation_ros2/doc) by extensions ['colcon_meta']
[0.272s] Level 1:colcon.colcon_core.package_identification:_identify(src/rm_perception/linefit_ground_segementation_ros2/doc) by extension 'colcon_meta'
[0.272s] Level 1:colcon.colcon_core.package_identification:_identify(src/rm_perception/linefit_ground_segementation_ros2/doc) by extensions ['ros']
[0.272s] Level 1:colcon.colcon_core.package_identification:_identify(src/rm_perception/linefit_ground_segementation_ros2/doc) by extension 'ros'
[0.272s] Level 1:colcon.colcon_core.package_identification:_identify(src/rm_perception/linefit_ground_segementation_ros2/doc) by extensions ['cmake', 'python']
[0.272s] Level 1:colcon.colcon_core.package_identification:_identify(src/rm_perception/linefit_ground_segementation_ros2/doc) by extension 'cmake'
[0.272s] Level 1:colcon.colcon_core.package_identification:_identify(src/rm_perception/linefit_ground_segementation_ros2/doc) by extension 'python'
[0.272s] Level 1:colcon.colcon_core.package_identification:_identify(src/rm_perception/linefit_ground_segementation_ros2/doc) by extensions ['python_setup_py']
[0.272s] Level 1:colcon.colcon_core.package_identification:_identify(src/rm_perception/linefit_ground_segementation_ros2/doc) by extension 'python_setup_py'
[0.272s] Level 1:colcon.colcon_core.package_identification:_identify(src/rm_perception/linefit_ground_segementation_ros2/linefit_ground_segmentation) by extensions ['ignore', 'ignore_ament_install']
[0.272s] Level 1:colcon.colcon_core.package_identification:_identify(src/rm_perception/linefit_ground_segementation_ros2/linefit_ground_segmentation) by extension 'ignore'
[0.272s] Level 1:colcon.colcon_core.package_identification:_identify(src/rm_perception/linefit_ground_segementation_ros2/linefit_ground_segmentation) by extension 'ignore_ament_install'
[0.272s] Level 1:colcon.colcon_core.package_identification:_identify(src/rm_perception/linefit_ground_segementation_ros2/linefit_ground_segmentation) by extensions ['colcon_pkg']
[0.272s] Level 1:colcon.colcon_core.package_identification:_identify(src/rm_perception/linefit_ground_segementation_ros2/linefit_ground_segmentation) by extension 'colcon_pkg'
[0.272s] Level 1:colcon.colcon_core.package_identification:_identify(src/rm_perception/linefit_ground_segementation_ros2/linefit_ground_segmentation) by extensions ['colcon_meta']
[0.272s] Level 1:colcon.colcon_core.package_identification:_identify(src/rm_perception/linefit_ground_segementation_ros2/linefit_ground_segmentation) by extension 'colcon_meta'
[0.272s] Level 1:colcon.colcon_core.package_identification:_identify(src/rm_perception/linefit_ground_segementation_ros2/linefit_ground_segmentation) by extensions ['ros']
[0.272s] Level 1:colcon.colcon_core.package_identification:_identify(src/rm_perception/linefit_ground_segementation_ros2/linefit_ground_segmentation) by extension 'ros'
[0.273s] DEBUG:colcon.colcon_core.package_identification:Package 'src/rm_perception/linefit_ground_segementation_ros2/linefit_ground_segmentation' with type 'ros.ament_cmake' and name 'linefit_ground_segmentation'
[0.273s] Level 1:colcon.colcon_core.package_identification:_identify(src/rm_perception/linefit_ground_segementation_ros2/linefit_ground_segmentation_ros) by extensions ['ignore', 'ignore_ament_install']
[0.273s] Level 1:colcon.colcon_core.package_identification:_identify(src/rm_perception/linefit_ground_segementation_ros2/linefit_ground_segmentation_ros) by extension 'ignore'
[0.273s] Level 1:colcon.colcon_core.package_identification:_identify(src/rm_perception/linefit_ground_segementation_ros2/linefit_ground_segmentation_ros) by extension 'ignore_ament_install'
[0.273s] Level 1:colcon.colcon_core.package_identification:_identify(src/rm_perception/linefit_ground_segementation_ros2/linefit_ground_segmentation_ros) by extensions ['colcon_pkg']
[0.273s] Level 1:colcon.colcon_core.package_identification:_identify(src/rm_perception/linefit_ground_segementation_ros2/linefit_ground_segmentation_ros) by extension 'colcon_pkg'
[0.273s] Level 1:colcon.colcon_core.package_identification:_identify(src/rm_perception/linefit_ground_segementation_ros2/linefit_ground_segmentation_ros) by extensions ['colcon_meta']
[0.273s] Level 1:colcon.colcon_core.package_identification:_identify(src/rm_perception/linefit_ground_segementation_ros2/linefit_ground_segmentation_ros) by extension 'colcon_meta'
[0.273s] Level 1:colcon.colcon_core.package_identification:_identify(src/rm_perception/linefit_ground_segementation_ros2/linefit_ground_segmentation_ros) by extensions ['ros']
[0.273s] Level 1:colcon.colcon_core.package_identification:_identify(src/rm_perception/linefit_ground_segementation_ros2/linefit_ground_segmentation_ros) by extension 'ros'
[0.274s] DEBUG:colcon.colcon_core.package_identification:Package 'src/rm_perception/linefit_ground_segementation_ros2/linefit_ground_segmentation_ros' with type 'ros.ament_cmake' and name 'linefit_ground_segmentation_ros'
[0.274s] Level 1:colcon.colcon_core.package_identification:_identify(src/rm_perception/pointcloud_to_laserscan) by extensions ['ignore', 'ignore_ament_install']
[0.274s] Level 1:colcon.colcon_core.package_identification:_identify(src/rm_perception/pointcloud_to_laserscan) by extension 'ignore'
[0.274s] Level 1:colcon.colcon_core.package_identification:_identify(src/rm_perception/pointcloud_to_laserscan) by extension 'ignore_ament_install'
[0.274s] Level 1:colcon.colcon_core.package_identification:_identify(src/rm_perception/pointcloud_to_laserscan) by extensions ['colcon_pkg']
[0.274s] Level 1:colcon.colcon_core.package_identification:_identify(src/rm_perception/pointcloud_to_laserscan) by extension 'colcon_pkg'
[0.274s] Level 1:colcon.colcon_core.package_identification:_identify(src/rm_perception/pointcloud_to_laserscan) by extensions ['colcon_meta']
[0.274s] Level 1:colcon.colcon_core.package_identification:_identify(src/rm_perception/pointcloud_to_laserscan) by extension 'colcon_meta'
[0.274s] Level 1:colcon.colcon_core.package_identification:_identify(src/rm_perception/pointcloud_to_laserscan) by extensions ['ros']
[0.274s] Level 1:colcon.colcon_core.package_identification:_identify(src/rm_perception/pointcloud_to_laserscan) by extension 'ros'
[0.275s] DEBUG:colcon.colcon_core.package_identification:Package 'src/rm_perception/pointcloud_to_laserscan' with type 'ros.ament_cmake' and name 'pointcloud_to_laserscan'
[0.275s] Level 1:colcon.colcon_core.package_discovery:discover_packages(recursive) using defaults
[0.275s] Level 1:colcon.colcon_core.package_discovery:discover_packages(ignore) discover
[0.275s] Level 1:colcon.colcon_core.package_discovery:discover_packages(ignore) using defaults
[0.275s] Level 1:colcon.colcon_core.package_discovery:discover_packages(path) discover
[0.275s] Level 1:colcon.colcon_core.package_discovery:discover_packages(path) using defaults
[0.298s] Level 1:colcon.colcon_core.package_discovery:discover_packages(prefix_path) check parameters
[0.298s] Level 1:colcon.colcon_core.package_discovery:discover_packages(prefix_path) discover
[0.299s] WARNING:colcon.colcon_ros.prefix_path.ament:The path '/home/nhs/engineer/install/rmctrl_msgs' in the environment variable AMENT_PREFIX_PATH doesn't exist
[0.299s] WARNING:colcon.colcon_ros.prefix_path.ament:The path '/home/nhs/engineer/install/rm_description' in the environment variable AMENT_PREFIX_PATH doesn't exist
[0.299s] WARNING:colcon.colcon_ros.prefix_path.ament:The path '/home/nhs/engineer/install/pointcloud_to_laserscan' in the environment variable AMENT_PREFIX_PATH doesn't exist
[0.299s] WARNING:colcon.colcon_ros.prefix_path.ament:The path '/home/nhs/engineer/install/point_lio' in the environment variable AMENT_PREFIX_PATH doesn't exist
[0.299s] WARNING:colcon.colcon_ros.prefix_path.ament:The path '/home/nhs/engineer/install/pcd2pgm' in the environment variable AMENT_PREFIX_PATH doesn't exist
[0.299s] WARNING:colcon.colcon_ros.prefix_path.ament:The path '/home/nhs/engineer/install/navi' in the environment variable AMENT_PREFIX_PATH doesn't exist
[0.299s] WARNING:colcon.colcon_ros.prefix_path.ament:The path '/home/nhs/engineer/install/livox_ros_driver2' in the environment variable AMENT_PREFIX_PATH doesn't exist
[0.299s] WARNING:colcon.colcon_ros.prefix_path.ament:The path '/home/nhs/engineer/install/linefit_ground_segmentation_ros' in the environment variable AMENT_PREFIX_PATH doesn't exist
[0.299s] WARNING:colcon.colcon_ros.prefix_path.ament:The path '/home/nhs/engineer/install/linefit_ground_segmentation' in the environment variable AMENT_PREFIX_PATH doesn't exist
[0.299s] WARNING:colcon.colcon_ros.prefix_path.ament:The path '/home/nhs/engineer/install/bubble_protocol' in the environment variable AMENT_PREFIX_PATH doesn't exist
[0.300s] WARNING:colcon.colcon_ros.prefix_path.catkin:The path '/home/nhs/engineer/install/rmctrl_msgs' in the environment variable CMAKE_PREFIX_PATH doesn't exist
[0.300s] WARNING:colcon.colcon_ros.prefix_path.catkin:The path '/home/nhs/engineer/install/rm_description' in the environment variable CMAKE_PREFIX_PATH doesn't exist
[0.300s] WARNING:colcon.colcon_ros.prefix_path.catkin:The path '/home/nhs/engineer/install/pointcloud_to_laserscan' in the environment variable CMAKE_PREFIX_PATH doesn't exist
[0.300s] WARNING:colcon.colcon_ros.prefix_path.catkin:The path '/home/nhs/engineer/install/point_lio' in the environment variable CMAKE_PREFIX_PATH doesn't exist
[0.300s] WARNING:colcon.colcon_ros.prefix_path.catkin:The path '/home/nhs/engineer/install/pcd2pgm' in the environment variable CMAKE_PREFIX_PATH doesn't exist
[0.300s] WARNING:colcon.colcon_ros.prefix_path.catkin:The path '/home/nhs/engineer/install/navi' in the environment variable CMAKE_PREFIX_PATH doesn't exist
[0.300s] WARNING:colcon.colcon_ros.prefix_path.catkin:The path '/home/nhs/engineer/install/livox_ros_driver2' in the environment variable CMAKE_PREFIX_PATH doesn't exist
[0.300s] WARNING:colcon.colcon_ros.prefix_path.catkin:The path '/home/nhs/engineer/install/linefit_ground_segmentation_ros' in the environment variable CMAKE_PREFIX_PATH doesn't exist
[0.300s] WARNING:colcon.colcon_ros.prefix_path.catkin:The path '/home/nhs/engineer/install/linefit_ground_segmentation' in the environment variable CMAKE_PREFIX_PATH doesn't exist
[0.300s] DEBUG:colcon.colcon_installed_package_information.package_discovery:Found 0 installed packages in /home/nhs/engineer/install
[0.301s] DEBUG:colcon.colcon_installed_package_information.package_discovery:Found 274 installed packages in /opt/ros/humble
[0.311s] Level 1:colcon.colcon_core.package_discovery:discover_packages(prefix_path) using defaults
[0.337s] Level 5:colcon.colcon_core.verb:set package 'bubble_protocol' build argument 'cmake_args' from command line to '['-DROS_EDITION=ROS2', '-DHUMBLE_ROS=humble']'
[0.337s] Level 5:colcon.colcon_core.verb:set package 'bubble_protocol' build argument 'cmake_target' from command line to 'None'
[0.337s] Level 5:colcon.colcon_core.verb:set package 'bubble_protocol' build argument 'cmake_target_skip_unavailable' from command line to 'False'
[0.337s] Level 5:colcon.colcon_core.verb:set package 'bubble_protocol' build argument 'cmake_clean_cache' from command line to 'False'
[0.337s] Level 5:colcon.colcon_core.verb:set package 'bubble_protocol' build argument 'cmake_clean_first' from command line to 'False'
[0.337s] Level 5:colcon.colcon_core.verb:set package 'bubble_protocol' build argument 'cmake_force_configure' from command line to 'False'
[0.337s] Level 5:colcon.colcon_core.verb:set package 'bubble_protocol' build argument 'ament_cmake_args' from command line to 'None'
[0.337s] Level 5:colcon.colcon_core.verb:set package 'bubble_protocol' build argument 'catkin_cmake_args' from command line to 'None'
[0.337s] Level 5:colcon.colcon_core.verb:set package 'bubble_protocol' build argument 'catkin_skip_building_tests' from command line to 'False'
[0.337s] DEBUG:colcon.colcon_core.verb:Building package 'bubble_protocol' with the following arguments: {'ament_cmake_args': None, 'build_base': '/home/nhs/engineer/build/bubble_protocol', 'catkin_cmake_args': None, 'catkin_skip_building_tests': False, 'cmake_args': ['-DROS_EDITION=ROS2', '-DHUMBLE_ROS=humble'], 'cmake_clean_cache': False, 'cmake_clean_first': False, 'cmake_force_configure': False, 'cmake_target': None, 'cmake_target_skip_unavailable': False, 'install_base': '/home/nhs/engineer/install/bubble_protocol', 'merge_install': False, 'path': '/home/nhs/engineer/src/rm_communication/bubble_protocol', 'symlink_install': False, 'test_result_base': None}
[0.337s] Level 5:colcon.colcon_core.verb:set package 'linefit_ground_segmentation' build argument 'cmake_args' from command line to '['-DROS_EDITION=ROS2', '-DHUMBLE_ROS=humble']'
[0.337s] Level 5:colcon.colcon_core.verb:set package 'linefit_ground_segmentation' build argument 'cmake_target' from command line to 'None'
[0.337s] Level 5:colcon.colcon_core.verb:set package 'linefit_ground_segmentation' build argument 'cmake_target_skip_unavailable' from command line to 'False'
[0.337s] Level 5:colcon.colcon_core.verb:set package 'linefit_ground_segmentation' build argument 'cmake_clean_cache' from command line to 'False'
[0.337s] Level 5:colcon.colcon_core.verb:set package 'linefit_ground_segmentation' build argument 'cmake_clean_first' from command line to 'False'
[0.337s] Level 5:colcon.colcon_core.verb:set package 'linefit_ground_segmentation' build argument 'cmake_force_configure' from command line to 'False'
[0.337s] Level 5:colcon.colcon_core.verb:set package 'linefit_ground_segmentation' build argument 'ament_cmake_args' from command line to 'None'
[0.337s] Level 5:colcon.colcon_core.verb:set package 'linefit_ground_segmentation' build argument 'catkin_cmake_args' from command line to 'None'
[0.337s] Level 5:colcon.colcon_core.verb:set package 'linefit_ground_segmentation' build argument 'catkin_skip_building_tests' from command line to 'False'
[0.337s] DEBUG:colcon.colcon_core.verb:Building package 'linefit_ground_segmentation' with the following arguments: {'ament_cmake_args': None, 'build_base': '/home/nhs/engineer/build/linefit_ground_segmentation', 'catkin_cmake_args': None, 'catkin_skip_building_tests': False, 'cmake_args': ['-DROS_EDITION=ROS2', '-DHUMBLE_ROS=humble'], 'cmake_clean_cache': False, 'cmake_clean_first': False, 'cmake_force_configure': False, 'cmake_target': None, 'cmake_target_skip_unavailable': False, 'install_base': '/home/nhs/engineer/install/linefit_ground_segmentation', 'merge_install': False, 'path': '/home/nhs/engineer/src/rm_perception/linefit_ground_segementation_ros2/linefit_ground_segmentation', 'symlink_install': False, 'test_result_base': None}
[0.337s] Level 5:colcon.colcon_core.verb:set package 'livox_ros_driver2' build argument 'cmake_args' from command line to '['-DROS_EDITION=ROS2', '-DHUMBLE_ROS=humble']'
[0.337s] Level 5:colcon.colcon_core.verb:set package 'livox_ros_driver2' build argument 'cmake_target' from command line to 'None'
[0.337s] Level 5:colcon.colcon_core.verb:set package 'livox_ros_driver2' build argument 'cmake_target_skip_unavailable' from command line to 'False'
[0.337s] Level 5:colcon.colcon_core.verb:set package 'livox_ros_driver2' build argument 'cmake_clean_cache' from command line to 'False'
[0.337s] Level 5:colcon.colcon_core.verb:set package 'livox_ros_driver2' build argument 'cmake_clean_first' from command line to 'False'
[0.337s] Level 5:colcon.colcon_core.verb:set package 'livox_ros_driver2' build argument 'cmake_force_configure' from command line to 'False'
[0.337s] Level 5:colcon.colcon_core.verb:set package 'livox_ros_driver2' build argument 'ament_cmake_args' from command line to 'None'
[0.337s] Level 5:colcon.colcon_core.verb:set package 'livox_ros_driver2' build argument 'catkin_cmake_args' from command line to 'None'
[0.337s] Level 5:colcon.colcon_core.verb:set package 'livox_ros_driver2' build argument 'catkin_skip_building_tests' from command line to 'False'
[0.338s] DEBUG:colcon.colcon_core.verb:Building package 'livox_ros_driver2' with the following arguments: {'ament_cmake_args': None, 'build_base': '/home/nhs/engineer/build/livox_ros_driver2', 'catkin_cmake_args': None, 'catkin_skip_building_tests': False, 'cmake_args': ['-DROS_EDITION=ROS2', '-DHUMBLE_ROS=humble'], 'cmake_clean_cache': False, 'cmake_clean_first': False, 'cmake_force_configure': False, 'cmake_target': None, 'cmake_target_skip_unavailable': False, 'install_base': '/home/nhs/engineer/install/livox_ros_driver2', 'merge_install': False, 'path': '/home/nhs/engineer/src/rm_driver/livox_ros_driver2', 'symlink_install': False, 'test_result_base': None}
[0.338s] Level 5:colcon.colcon_core.verb:set package 'livox_sdk2' build argument 'cmake_args' from command line to '['-DROS_EDITION=ROS2', '-DHUMBLE_ROS=humble']'
[0.338s] Level 5:colcon.colcon_core.verb:set package 'livox_sdk2' build argument 'cmake_target' from command line to 'None'
[0.338s] Level 5:colcon.colcon_core.verb:set package 'livox_sdk2' build argument 'cmake_target_skip_unavailable' from command line to 'False'
[0.338s] Level 5:colcon.colcon_core.verb:set package 'livox_sdk2' build argument 'cmake_clean_cache' from command line to 'False'
[0.338s] Level 5:colcon.colcon_core.verb:set package 'livox_sdk2' build argument 'cmake_clean_first' from command line to 'False'
[0.338s] Level 5:colcon.colcon_core.verb:set package 'livox_sdk2' build argument 'cmake_force_configure' from command line to 'False'
[0.338s] Level 5:colcon.colcon_core.verb:set package 'livox_sdk2' build argument 'ament_cmake_args' from command line to 'None'
[0.338s] Level 5:colcon.colcon_core.verb:set package 'livox_sdk2' build argument 'catkin_cmake_args' from command line to 'None'
[0.338s] Level 5:colcon.colcon_core.verb:set package 'livox_sdk2' build argument 'catkin_skip_building_tests' from command line to 'False'
[0.338s] DEBUG:colcon.colcon_core.verb:Building package 'livox_sdk2' with the following arguments: {'ament_cmake_args': None, 'build_base': '/home/nhs/engineer/build/livox_sdk2', 'catkin_cmake_args': None, 'catkin_skip_building_tests': False, 'cmake_args': ['-DROS_EDITION=ROS2', '-DHUMBLE_ROS=humble'], 'cmake_clean_cache': False, 'cmake_clean_first': False, 'cmake_force_configure': False, 'cmake_target': None, 'cmake_target_skip_unavailable': False, 'install_base': '/home/nhs/engineer/install/livox_sdk2', 'merge_install': False, 'path': '/home/nhs/engineer/src/rm_driver/Livox-SDK2', 'symlink_install': False, 'test_result_base': None}
[0.338s] Level 5:colcon.colcon_core.verb:set package 'navi' build argument 'cmake_args' from command line to '['-DROS_EDITION=ROS2', '-DHUMBLE_ROS=humble']'
[0.338s] Level 5:colcon.colcon_core.verb:set package 'navi' build argument 'cmake_target' from command line to 'None'
[0.338s] Level 5:colcon.colcon_core.verb:set package 'navi' build argument 'cmake_target_skip_unavailable' from command line to 'False'
[0.338s] Level 5:colcon.colcon_core.verb:set package 'navi' build argument 'cmake_clean_cache' from command line to 'False'
[0.338s] Level 5:colcon.colcon_core.verb:set package 'navi' build argument 'cmake_clean_first' from command line to 'False'
[0.338s] Level 5:colcon.colcon_core.verb:set package 'navi' build argument 'cmake_force_configure' from command line to 'False'
[0.338s] Level 5:colcon.colcon_core.verb:set package 'navi' build argument 'ament_cmake_args' from command line to 'None'
[0.338s] Level 5:colcon.colcon_core.verb:set package 'navi' build argument 'catkin_cmake_args' from command line to 'None'
[0.338s] Level 5:colcon.colcon_core.verb:set package 'navi' build argument 'catkin_skip_building_tests' from command line to 'False'
[0.338s] DEBUG:colcon.colcon_core.verb:Building package 'navi' with the following arguments: {'ament_cmake_args': None, 'build_base': '/home/nhs/engineer/build/navi', 'catkin_cmake_args': None, 'catkin_skip_building_tests': False, 'cmake_args': ['-DROS_EDITION=ROS2', '-DHUMBLE_ROS=humble'], 'cmake_clean_cache': False, 'cmake_clean_first': False, 'cmake_force_configure': False, 'cmake_target': None, 'cmake_target_skip_unavailable': False, 'install_base': '/home/nhs/engineer/install/navi', 'merge_install': False, 'path': '/home/nhs/engineer/src/rm_navigation/navi', 'symlink_install': False, 'test_result_base': None}
[0.338s] Level 5:colcon.colcon_core.verb:set package 'pcd2pgm' build argument 'cmake_args' from command line to '['-DROS_EDITION=ROS2', '-DHUMBLE_ROS=humble']'
[0.338s] Level 5:colcon.colcon_core.verb:set package 'pcd2pgm' build argument 'cmake_target' from command line to 'None'
[0.338s] Level 5:colcon.colcon_core.verb:set package 'pcd2pgm' build argument 'cmake_target_skip_unavailable' from command line to 'False'
[0.338s] Level 5:colcon.colcon_core.verb:set package 'pcd2pgm' build argument 'cmake_clean_cache' from command line to 'False'
[0.338s] Level 5:colcon.colcon_core.verb:set package 'pcd2pgm' build argument 'cmake_clean_first' from command line to 'False'
[0.338s] Level 5:colcon.colcon_core.verb:set package 'pcd2pgm' build argument 'cmake_force_configure' from command line to 'False'
[0.338s] Level 5:colcon.colcon_core.verb:set package 'pcd2pgm' build argument 'ament_cmake_args' from command line to 'None'
[0.338s] Level 5:colcon.colcon_core.verb:set package 'pcd2pgm' build argument 'catkin_cmake_args' from command line to 'None'
[0.339s] Level 5:colcon.colcon_core.verb:set package 'pcd2pgm' build argument 'catkin_skip_building_tests' from command line to 'False'
[0.339s] DEBUG:colcon.colcon_core.verb:Building package 'pcd2pgm' with the following arguments: {'ament_cmake_args': None, 'build_base': '/home/nhs/engineer/build/pcd2pgm', 'catkin_cmake_args': None, 'catkin_skip_building_tests': False, 'cmake_args': ['-DROS_EDITION=ROS2', '-DHUMBLE_ROS=humble'], 'cmake_clean_cache': False, 'cmake_clean_first': False, 'cmake_force_configure': False, 'cmake_target': None, 'cmake_target_skip_unavailable': False, 'install_base': '/home/nhs/engineer/install/pcd2pgm', 'merge_install': False, 'path': '/home/nhs/engineer/src/rm_localization/pcd2pgm', 'symlink_install': False, 'test_result_base': None}
[0.339s] Level 5:colcon.colcon_core.verb:set package 'pointcloud_to_laserscan' build argument 'cmake_args' from command line to '['-DROS_EDITION=ROS2', '-DHUMBLE_ROS=humble']'
[0.339s] Level 5:colcon.colcon_core.verb:set package 'pointcloud_to_laserscan' build argument 'cmake_target' from command line to 'None'
[0.339s] Level 5:colcon.colcon_core.verb:set package 'pointcloud_to_laserscan' build argument 'cmake_target_skip_unavailable' from command line to 'False'
[0.339s] Level 5:colcon.colcon_core.verb:set package 'pointcloud_to_laserscan' build argument 'cmake_clean_cache' from command line to 'False'
[0.339s] Level 5:colcon.colcon_core.verb:set package 'pointcloud_to_laserscan' build argument 'cmake_clean_first' from command line to 'False'
[0.339s] Level 5:colcon.colcon_core.verb:set package 'pointcloud_to_laserscan' build argument 'cmake_force_configure' from command line to 'False'
[0.339s] Level 5:colcon.colcon_core.verb:set package 'pointcloud_to_laserscan' build argument 'ament_cmake_args' from command line to 'None'
[0.339s] Level 5:colcon.colcon_core.verb:set package 'pointcloud_to_laserscan' build argument 'catkin_cmake_args' from command line to 'None'
[0.339s] Level 5:colcon.colcon_core.verb:set package 'pointcloud_to_laserscan' build argument 'catkin_skip_building_tests' from command line to 'False'
[0.339s] DEBUG:colcon.colcon_core.verb:Building package 'pointcloud_to_laserscan' with the following arguments: {'ament_cmake_args': None, 'build_base': '/home/nhs/engineer/build/pointcloud_to_laserscan', 'catkin_cmake_args': None, 'catkin_skip_building_tests': False, 'cmake_args': ['-DROS_EDITION=ROS2', '-DHUMBLE_ROS=humble'], 'cmake_clean_cache': False, 'cmake_clean_first': False, 'cmake_force_configure': False, 'cmake_target': None, 'cmake_target_skip_unavailable': False, 'install_base': '/home/nhs/engineer/install/pointcloud_to_laserscan', 'merge_install': False, 'path': '/home/nhs/engineer/src/rm_perception/pointcloud_to_laserscan', 'symlink_install': False, 'test_result_base': None}
[0.339s] Level 5:colcon.colcon_core.verb:set package 'rm_description' build argument 'cmake_args' from command line to '['-DROS_EDITION=ROS2', '-DHUMBLE_ROS=humble']'
[0.339s] Level 5:colcon.colcon_core.verb:set package 'rm_description' build argument 'cmake_target' from command line to 'None'
[0.339s] Level 5:colcon.colcon_core.verb:set package 'rm_description' build argument 'cmake_target_skip_unavailable' from command line to 'False'
[0.339s] Level 5:colcon.colcon_core.verb:set package 'rm_description' build argument 'cmake_clean_cache' from command line to 'False'
[0.339s] Level 5:colcon.colcon_core.verb:set package 'rm_description' build argument 'cmake_clean_first' from command line to 'False'
[0.339s] Level 5:colcon.colcon_core.verb:set package 'rm_description' build argument 'cmake_force_configure' from command line to 'False'
[0.339s] Level 5:colcon.colcon_core.verb:set package 'rm_description' build argument 'ament_cmake_args' from command line to 'None'
[0.339s] Level 5:colcon.colcon_core.verb:set package 'rm_description' build argument 'catkin_cmake_args' from command line to 'None'
[0.339s] Level 5:colcon.colcon_core.verb:set package 'rm_description' build argument 'catkin_skip_building_tests' from command line to 'False'
[0.339s] DEBUG:colcon.colcon_core.verb:Building package 'rm_description' with the following arguments: {'ament_cmake_args': None, 'build_base': '/home/nhs/engineer/build/rm_description', 'catkin_cmake_args': None, 'catkin_skip_building_tests': False, 'cmake_args': ['-DROS_EDITION=ROS2', '-DHUMBLE_ROS=humble'], 'cmake_clean_cache': False, 'cmake_clean_first': False, 'cmake_force_configure': False, 'cmake_target': None, 'cmake_target_skip_unavailable': False, 'install_base': '/home/nhs/engineer/install/rm_description', 'merge_install': False, 'path': '/home/nhs/engineer/src/rm_description', 'symlink_install': False, 'test_result_base': None}
[0.339s] Level 5:colcon.colcon_core.verb:set package 'rmctrl_msgs' build argument 'cmake_args' from command line to '['-DROS_EDITION=ROS2', '-DHUMBLE_ROS=humble']'
[0.339s] Level 5:colcon.colcon_core.verb:set package 'rmctrl_msgs' build argument 'cmake_target' from command line to 'None'
[0.339s] Level 5:colcon.colcon_core.verb:set package 'rmctrl_msgs' build argument 'cmake_target_skip_unavailable' from command line to 'False'
[0.339s] Level 5:colcon.colcon_core.verb:set package 'rmctrl_msgs' build argument 'cmake_clean_cache' from command line to 'False'
[0.339s] Level 5:colcon.colcon_core.verb:set package 'rmctrl_msgs' build argument 'cmake_clean_first' from command line to 'False'
[0.339s] Level 5:colcon.colcon_core.verb:set package 'rmctrl_msgs' build argument 'cmake_force_configure' from command line to 'False'
[0.339s] Level 5:colcon.colcon_core.verb:set package 'rmctrl_msgs' build argument 'ament_cmake_args' from command line to 'None'
[0.339s] Level 5:colcon.colcon_core.verb:set package 'rmctrl_msgs' build argument 'catkin_cmake_args' from command line to 'None'
[0.340s] Level 5:colcon.colcon_core.verb:set package 'rmctrl_msgs' build argument 'catkin_skip_building_tests' from command line to 'False'
[0.340s] DEBUG:colcon.colcon_core.verb:Building package 'rmctrl_msgs' with the following arguments: {'ament_cmake_args': None, 'build_base': '/home/nhs/engineer/build/rmctrl_msgs', 'catkin_cmake_args': None, 'catkin_skip_building_tests': False, 'cmake_args': ['-DROS_EDITION=ROS2', '-DHUMBLE_ROS=humble'], 'cmake_clean_cache': False, 'cmake_clean_first': False, 'cmake_force_configure': False, 'cmake_target': None, 'cmake_target_skip_unavailable': False, 'install_base': '/home/nhs/engineer/install/rmctrl_msgs', 'merge_install': False, 'path': '/home/nhs/engineer/src/rm_communication/bubble_interface/rmctrl_msgs', 'symlink_install': False, 'test_result_base': None}
[0.340s] Level 5:colcon.colcon_core.verb:set package 'linefit_ground_segmentation_ros' build argument 'cmake_args' from command line to '['-DROS_EDITION=ROS2', '-DHUMBLE_ROS=humble']'
[0.340s] Level 5:colcon.colcon_core.verb:set package 'linefit_ground_segmentation_ros' build argument 'cmake_target' from command line to 'None'
[0.340s] Level 5:colcon.colcon_core.verb:set package 'linefit_ground_segmentation_ros' build argument 'cmake_target_skip_unavailable' from command line to 'False'
[0.340s] Level 5:colcon.colcon_core.verb:set package 'linefit_ground_segmentation_ros' build argument 'cmake_clean_cache' from command line to 'False'
[0.340s] Level 5:colcon.colcon_core.verb:set package 'linefit_ground_segmentation_ros' build argument 'cmake_clean_first' from command line to 'False'
[0.340s] Level 5:colcon.colcon_core.verb:set package 'linefit_ground_segmentation_ros' build argument 'cmake_force_configure' from command line to 'False'
[0.340s] Level 5:colcon.colcon_core.verb:set package 'linefit_ground_segmentation_ros' build argument 'ament_cmake_args' from command line to 'None'
[0.340s] Level 5:colcon.colcon_core.verb:set package 'linefit_ground_segmentation_ros' build argument 'catkin_cmake_args' from command line to 'None'
[0.340s] Level 5:colcon.colcon_core.verb:set package 'linefit_ground_segmentation_ros' build argument 'catkin_skip_building_tests' from command line to 'False'
[0.340s] DEBUG:colcon.colcon_core.verb:Building package 'linefit_ground_segmentation_ros' with the following arguments: {'ament_cmake_args': None, 'build_base': '/home/nhs/engineer/build/linefit_ground_segmentation_ros', 'catkin_cmake_args': None, 'catkin_skip_building_tests': False, 'cmake_args': ['-DROS_EDITION=ROS2', '-DHUMBLE_ROS=humble'], 'cmake_clean_cache': False, 'cmake_clean_first': False, 'cmake_force_configure': False, 'cmake_target': None, 'cmake_target_skip_unavailable': False, 'install_base': '/home/nhs/engineer/install/linefit_ground_segmentation_ros', 'merge_install': False, 'path': '/home/nhs/engineer/src/rm_perception/linefit_ground_segementation_ros2/linefit_ground_segmentation_ros', 'symlink_install': False, 'test_result_base': None}
[0.340s] Level 5:colcon.colcon_core.verb:set package 'point_lio' build argument 'cmake_args' from command line to '['-DROS_EDITION=ROS2', '-DHUMBLE_ROS=humble']'
[0.340s] Level 5:colcon.colcon_core.verb:set package 'point_lio' build argument 'cmake_target' from command line to 'None'
[0.340s] Level 5:colcon.colcon_core.verb:set package 'point_lio' build argument 'cmake_target_skip_unavailable' from command line to 'False'
[0.340s] Level 5:colcon.colcon_core.verb:set package 'point_lio' build argument 'cmake_clean_cache' from command line to 'False'
[0.340s] Level 5:colcon.colcon_core.verb:set package 'point_lio' build argument 'cmake_clean_first' from command line to 'False'
[0.340s] Level 5:colcon.colcon_core.verb:set package 'point_lio' build argument 'cmake_force_configure' from command line to 'False'
[0.340s] Level 5:colcon.colcon_core.verb:set package 'point_lio' build argument 'ament_cmake_args' from command line to 'None'
[0.340s] Level 5:colcon.colcon_core.verb:set package 'point_lio' build argument 'catkin_cmake_args' from command line to 'None'
[0.340s] Level 5:colcon.colcon_core.verb:set package 'point_lio' build argument 'catkin_skip_building_tests' from command line to 'False'
[0.340s] DEBUG:colcon.colcon_core.verb:Building package 'point_lio' with the following arguments: {'ament_cmake_args': None, 'build_base': '/home/nhs/engineer/build/point_lio', 'catkin_cmake_args': None, 'catkin_skip_building_tests': False, 'cmake_args': ['-DROS_EDITION=ROS2', '-DHUMBLE_ROS=humble'], 'cmake_clean_cache': False, 'cmake_clean_first': False, 'cmake_force_configure': False, 'cmake_target': None, 'cmake_target_skip_unavailable': False, 'install_base': '/home/nhs/engineer/install/point_lio', 'merge_install': False, 'path': '/home/nhs/engineer/src/rm_localization/point_lio', 'symlink_install': False, 'test_result_base': None}
[0.340s] INFO:colcon.colcon_core.executor:Executing jobs using 'parallel' executor
[0.341s] DEBUG:colcon.colcon_parallel_executor.executor.parallel:run_until_complete
[0.341s] INFO:colcon.colcon_ros.task.ament_cmake.build:Building ROS package in '/home/nhs/engineer/src/rm_perception/linefit_ground_segementation_ros2/linefit_ground_segmentation' with build type 'ament_cmake'
[0.341s] INFO:colcon.colcon_cmake.task.cmake.build:Building CMake package in '/home/nhs/engineer/src/rm_perception/linefit_ground_segementation_ros2/linefit_ground_segmentation'
[0.344s] INFO:colcon.colcon_core.plugin_system:Skipping extension 'colcon_core.shell.bat': Not used on non-Windows systems
[0.344s] INFO:colcon.colcon_core.shell:Skip shell extension 'powershell' for command environment: Not usable outside of PowerShell
[0.344s] DEBUG:colcon.colcon_core.shell:Skip shell extension 'dsv' for command environment
[0.346s] INFO:colcon.colcon_ros.task.ament_cmake.build:Building ROS package in '/home/nhs/engineer/src/rm_driver/livox_ros_driver2' with build type 'ament_cmake'
[0.346s] INFO:colcon.colcon_cmake.task.cmake.build:Building CMake package in '/home/nhs/engineer/src/rm_driver/livox_ros_driver2'
[0.346s] INFO:colcon.colcon_core.shell:Skip shell extension 'powershell' for command environment: Not usable outside of PowerShell
[0.346s] DEBUG:colcon.colcon_core.shell:Skip shell extension 'dsv' for command environment
[0.348s] INFO:colcon.colcon_ros.task.ament_python.build:Building ROS package in '/home/nhs/engineer/src/rm_communication/bubble_protocol' with build type 'ament_python'
[0.349s] Level 1:colcon.colcon_core.shell:create_environment_hook('bubble_protocol', 'ament_prefix_path')
[0.349s] INFO:colcon.colcon_core.shell:Creating environment hook '/home/nhs/engineer/install/bubble_protocol/share/bubble_protocol/hook/ament_prefix_path.ps1'
[0.349s] INFO:colcon.colcon_core.shell:Creating environment descriptor '/home/nhs/engineer/install/bubble_protocol/share/bubble_protocol/hook/ament_prefix_path.dsv'
[0.350s] INFO:colcon.colcon_core.shell:Creating environment hook '/home/nhs/engineer/install/bubble_protocol/share/bubble_protocol/hook/ament_prefix_path.sh'
[0.351s] INFO:colcon.colcon_core.shell:Skip shell extension 'powershell' for command environment: Not usable outside of PowerShell
[0.351s] DEBUG:colcon.colcon_core.shell:Skip shell extension 'dsv' for command environment
[0.353s] INFO:colcon.colcon_cmake.task.cmake.build:Building CMake package in '/home/nhs/engineer/src/rm_driver/Livox-SDK2'
[0.353s] INFO:colcon.colcon_core.shell:Skip shell extension 'powershell' for command environment: Not usable outside of PowerShell
[0.353s] DEBUG:colcon.colcon_core.shell:Skip shell extension 'dsv' for command environment
[0.356s] INFO:colcon.colcon_ros.task.ament_cmake.build:Building ROS package in '/home/nhs/engineer/src/rm_navigation/navi' with build type 'ament_cmake'
[0.356s] INFO:colcon.colcon_cmake.task.cmake.build:Building CMake package in '/home/nhs/engineer/src/rm_navigation/navi'
[0.356s] INFO:colcon.colcon_core.shell:Skip shell extension 'powershell' for command environment: Not usable outside of PowerShell
[0.356s] DEBUG:colcon.colcon_core.shell:Skip shell extension 'dsv' for command environment
[0.359s] INFO:colcon.colcon_ros.task.ament_cmake.build:Building ROS package in '/home/nhs/engineer/src/rm_localization/pcd2pgm' with build type 'ament_cmake'
[0.359s] INFO:colcon.colcon_cmake.task.cmake.build:Building CMake package in '/home/nhs/engineer/src/rm_localization/pcd2pgm'
[0.359s] INFO:colcon.colcon_core.shell:Skip shell extension 'powershell' for command environment: Not usable outside of PowerShell
[0.359s] DEBUG:colcon.colcon_core.shell:Skip shell extension 'dsv' for command environment
[0.362s] INFO:colcon.colcon_ros.task.ament_cmake.build:Building ROS package in '/home/nhs/engineer/src/rm_perception/pointcloud_to_laserscan' with build type 'ament_cmake'
[0.362s] INFO:colcon.colcon_cmake.task.cmake.build:Building CMake package in '/home/nhs/engineer/src/rm_perception/pointcloud_to_laserscan'
[0.362s] INFO:colcon.colcon_core.shell:Skip shell extension 'powershell' for command environment: Not usable outside of PowerShell
[0.362s] DEBUG:colcon.colcon_core.shell:Skip shell extension 'dsv' for command environment
[0.365s] INFO:colcon.colcon_ros.task.ament_cmake.build:Building ROS package in '/home/nhs/engineer/src/rm_description' with build type 'ament_cmake'
[0.365s] INFO:colcon.colcon_cmake.task.cmake.build:Building CMake package in '/home/nhs/engineer/src/rm_description'
[0.365s] INFO:colcon.colcon_core.shell:Skip shell extension 'powershell' for command environment: Not usable outside of PowerShell
[0.365s] DEBUG:colcon.colcon_core.shell:Skip shell extension 'dsv' for command environment
[0.372s] DEBUG:colcon.colcon_core.event_handler.log_command:Invoking command in '/home/nhs/engineer/build/linefit_ground_segmentation': CMAKE_PREFIX_PATH=${CMAKE_PREFIX_PATH}:/home/nhs/engineer/install/bubble_protocol:/opt/ros/humble /usr/bin/cmake /home/nhs/engineer/src/rm_perception/linefit_ground_segementation_ros2/linefit_ground_segmentation -DROS_EDITION=ROS2 -DHUMBLE_ROS=humble -DCMAKE_INSTALL_PREFIX=/home/nhs/engineer/install/linefit_ground_segmentation
[0.375s] DEBUG:colcon.colcon_core.event_handler.log_command:Invoking command in '/home/nhs/engineer/build/livox_ros_driver2': CMAKE_PREFIX_PATH=${CMAKE_PREFIX_PATH}:/home/nhs/engineer/install/bubble_protocol:/opt/ros/humble /usr/bin/cmake /home/nhs/engineer/src/rm_driver/livox_ros_driver2 -DROS_EDITION=ROS2 -DHUMBLE_ROS=humble -DCMAKE_INSTALL_PREFIX=/home/nhs/engineer/install/livox_ros_driver2
[0.556s] INFO:colcon.colcon_core.task.python.build:Building Python package in '/home/nhs/engineer/src/rm_communication/bubble_protocol'
[0.556s] INFO:colcon.colcon_core.shell:Skip shell extension 'powershell' for command environment: Not usable outside of PowerShell
[0.556s] DEBUG:colcon.colcon_core.shell:Skip shell extension 'dsv' for command environment
[0.560s] DEBUG:colcon.colcon_core.event_handler.log_command:Invoking command in '/home/nhs/engineer/build/livox_sdk2': /usr/bin/cmake /home/nhs/engineer/src/rm_driver/Livox-SDK2 -DROS_EDITION=ROS2 -DHUMBLE_ROS=humble -DCMAKE_INSTALL_PREFIX=/home/nhs/engineer/install/livox_sdk2
[0.562s] DEBUG:colcon.colcon_core.event_handler.log_command:Invoking command in '/home/nhs/engineer/build/navi': CMAKE_PREFIX_PATH=${CMAKE_PREFIX_PATH}:/home/nhs/engineer/install/bubble_protocol:/opt/ros/humble /usr/bin/cmake /home/nhs/engineer/src/rm_navigation/navi -DROS_EDITION=ROS2 -DHUMBLE_ROS=humble -DCMAKE_INSTALL_PREFIX=/home/nhs/engineer/install/navi
[0.563s] DEBUG:colcon.colcon_core.event_handler.log_command:Invoking command in '/home/nhs/engineer/build/pcd2pgm': CMAKE_PREFIX_PATH=${CMAKE_PREFIX_PATH}:/home/nhs/engineer/install/bubble_protocol:/opt/ros/humble /usr/bin/cmake /home/nhs/engineer/src/rm_localization/pcd2pgm -DROS_EDITION=ROS2 -DHUMBLE_ROS=humble -DCMAKE_INSTALL_PREFIX=/home/nhs/engineer/install/pcd2pgm
[0.566s] DEBUG:colcon.colcon_core.event_handler.log_command:Invoking command in '/home/nhs/engineer/build/pointcloud_to_laserscan': CMAKE_PREFIX_PATH=${CMAKE_PREFIX_PATH}:/home/nhs/engineer/install/bubble_protocol:/opt/ros/humble /usr/bin/cmake /home/nhs/engineer/src/rm_perception/pointcloud_to_laserscan -DROS_EDITION=ROS2 -DHUMBLE_ROS=humble -DCMAKE_INSTALL_PREFIX=/home/nhs/engineer/install/pointcloud_to_laserscan
[0.584s] DEBUG:colcon.colcon_core.event_handler.log_command:Invoking command in '/home/nhs/engineer/build/rm_description': CMAKE_PREFIX_PATH=${CMAKE_PREFIX_PATH}:/home/nhs/engineer/install/bubble_protocol:/opt/ros/humble /usr/bin/cmake /home/nhs/engineer/src/rm_description -DROS_EDITION=ROS2 -DHUMBLE_ROS=humble -DCMAKE_INSTALL_PREFIX=/home/nhs/engineer/install/rm_description
[0.980s] DEBUG:colcon.colcon_core.event_handler.log_command:Invoked command in '/home/nhs/engineer/build/livox_sdk2' returned '0': /usr/bin/cmake /home/nhs/engineer/src/rm_driver/Livox-SDK2 -DROS_EDITION=ROS2 -DHUMBLE_ROS=humble -DCMAKE_INSTALL_PREFIX=/home/nhs/engineer/install/livox_sdk2
[0.981s] DEBUG:colcon.colcon_core.event_handler.log_command:Invoking command in '/home/nhs/engineer/build/livox_sdk2': /usr/bin/cmake --build /home/nhs/engineer/build/livox_sdk2 -- -j8 -l8
[1.267s] DEBUG:colcon.colcon_core.event_handler.log_command:Invoking command in '/home/nhs/engineer/src/rm_communication/bubble_protocol': PYTHONPATH=/home/nhs/engineer/build/bubble_protocol/prefix_override:/usr/lib/python3/dist-packages/colcon_core/task/python/colcon_distutils_commands:/home/nhs/engineer/install/bubble_protocol/lib/python3.10/site-packages:${PYTHONPATH} /usr/bin/python3 -W ignore:setup.py install is deprecated -W ignore:easy_install command is deprecated setup.py egg_info --egg-base ../../../build/bubble_protocol build --build-base /home/nhs/engineer/build/bubble_protocol/build install --record /home/nhs/engineer/build/bubble_protocol/install.log --single-version-externally-managed install_data
[1.677s] DEBUG:colcon.colcon_core.event_handler.log_command:Invoked command in '/home/nhs/engineer/build/navi' returned '0': CMAKE_PREFIX_PATH=${CMAKE_PREFIX_PATH}:/home/nhs/engineer/install/bubble_protocol:/opt/ros/humble /usr/bin/cmake /home/nhs/engineer/src/rm_navigation/navi -DROS_EDITION=ROS2 -DHUMBLE_ROS=humble -DCMAKE_INSTALL_PREFIX=/home/nhs/engineer/install/navi
[1.678s] DEBUG:colcon.colcon_core.event_handler.log_command:Invoking command in '/home/nhs/engineer/build/navi': CMAKE_PREFIX_PATH=${CMAKE_PREFIX_PATH}:/home/nhs/engineer/install/bubble_protocol:/opt/ros/humble /usr/bin/cmake --build /home/nhs/engineer/build/navi -- -j8 -l8
[1.734s] DEBUG:colcon.colcon_core.event_handler.log_command:Invoked command in '/home/nhs/engineer/build/rm_description' returned '0': CMAKE_PREFIX_PATH=${CMAKE_PREFIX_PATH}:/home/nhs/engineer/install/bubble_protocol:/opt/ros/humble /usr/bin/cmake /home/nhs/engineer/src/rm_description -DROS_EDITION=ROS2 -DHUMBLE_ROS=humble -DCMAKE_INSTALL_PREFIX=/home/nhs/engineer/install/rm_description
[1.735s] DEBUG:colcon.colcon_core.event_handler.log_command:Invoking command in '/home/nhs/engineer/build/rm_description': CMAKE_PREFIX_PATH=${CMAKE_PREFIX_PATH}:/home/nhs/engineer/install/bubble_protocol:/opt/ros/humble /usr/bin/cmake --build /home/nhs/engineer/build/rm_description -- -j8 -l8
[1.996s] DEBUG:colcon.colcon_core.event_handler.log_command:Invoked command in '/home/nhs/engineer/build/navi' returned '0': CMAKE_PREFIX_PATH=${CMAKE_PREFIX_PATH}:/home/nhs/engineer/install/bubble_protocol:/opt/ros/humble /usr/bin/cmake --build /home/nhs/engineer/build/navi -- -j8 -l8
[2.018s] DEBUG:colcon.colcon_core.event_handler.log_command:Invoking command in '/home/nhs/engineer/build/navi': CMAKE_PREFIX_PATH=${CMAKE_PREFIX_PATH}:/home/nhs/engineer/install/bubble_protocol:/opt/ros/humble /usr/bin/cmake --install /home/nhs/engineer/build/navi
[2.023s] DEBUG:colcon.colcon_core.event_handler.log_command:Invoked command in '/home/nhs/engineer/src/rm_communication/bubble_protocol' returned '0': PYTHONPATH=/home/nhs/engineer/build/bubble_protocol/prefix_override:/usr/lib/python3/dist-packages/colcon_core/task/python/colcon_distutils_commands:/home/nhs/engineer/install/bubble_protocol/lib/python3.10/site-packages:${PYTHONPATH} /usr/bin/python3 -W ignore:setup.py install is deprecated -W ignore:easy_install command is deprecated setup.py egg_info --egg-base ../../../build/bubble_protocol build --build-base /home/nhs/engineer/build/bubble_protocol/build install --record /home/nhs/engineer/build/bubble_protocol/install.log --single-version-externally-managed install_data
[2.031s] Level 1:colcon.colcon_core.environment:checking '/home/nhs/engineer/install/bubble_protocol' for CMake module files
[2.032s] Level 1:colcon.colcon_core.environment:checking '/home/nhs/engineer/install/bubble_protocol' for CMake config files
[2.033s] Level 1:colcon.colcon_core.environment:checking '/home/nhs/engineer/install/bubble_protocol/lib'
[2.033s] Level 1:colcon.colcon_core.environment:checking '/home/nhs/engineer/install/bubble_protocol/bin'
[2.034s] Level 1:colcon.colcon_core.environment:checking '/home/nhs/engineer/install/bubble_protocol/lib/pkgconfig/bubble_protocol.pc'
[2.035s] Level 1:colcon.colcon_core.environment:checking '/home/nhs/engineer/install/bubble_protocol/lib/python3.10/site-packages'
[2.035s] Level 1:colcon.colcon_core.shell:create_environment_hook('bubble_protocol', 'pythonpath')
[2.036s] INFO:colcon.colcon_core.shell:Creating environment hook '/home/nhs/engineer/install/bubble_protocol/share/bubble_protocol/hook/pythonpath.ps1'
[2.036s] INFO:colcon.colcon_core.shell:Creating environment descriptor '/home/nhs/engineer/install/bubble_protocol/share/bubble_protocol/hook/pythonpath.dsv'
[2.039s] INFO:colcon.colcon_core.shell:Creating environment hook '/home/nhs/engineer/install/bubble_protocol/share/bubble_protocol/hook/pythonpath.sh'
[2.041s] Level 1:colcon.colcon_core.environment:checking '/home/nhs/engineer/install/bubble_protocol/bin'
[2.043s] Level 1:colcon.colcon_core.environment:create_environment_scripts_only(bubble_protocol)
[2.048s] INFO:colcon.colcon_core.shell:Creating package script '/home/nhs/engineer/install/bubble_protocol/share/bubble_protocol/package.ps1'
[2.050s] INFO:colcon.colcon_core.shell:Creating package descriptor '/home/nhs/engineer/install/bubble_protocol/share/bubble_protocol/package.dsv'
[2.051s] INFO:colcon.colcon_core.shell:Creating package script '/home/nhs/engineer/install/bubble_protocol/share/bubble_protocol/package.sh'
[2.052s] INFO:colcon.colcon_core.shell:Creating package script '/home/nhs/engineer/install/bubble_protocol/share/bubble_protocol/package.bash'
[2.053s] INFO:colcon.colcon_core.shell:Creating package script '/home/nhs/engineer/install/bubble_protocol/share/bubble_protocol/package.zsh'
[2.058s] Level 1:colcon.colcon_core.environment:create_file_with_runtime_dependencies(/home/nhs/engineer/install/bubble_protocol/share/colcon-core/packages/bubble_protocol)
[2.064s] DEBUG:colcon.colcon_core.event_handler.log_command:Invoked command in '/home/nhs/engineer/build/rm_description' returned '0': CMAKE_PREFIX_PATH=${CMAKE_PREFIX_PATH}:/home/nhs/engineer/install/bubble_protocol:/opt/ros/humble /usr/bin/cmake --build /home/nhs/engineer/build/rm_description -- -j8 -l8
[2.065s] INFO:colcon.colcon_ros.task.ament_cmake.build:Building ROS package in '/home/nhs/engineer/src/rm_communication/bubble_interface/rmctrl_msgs' with build type 'ament_cmake'
[2.066s] INFO:colcon.colcon_cmake.task.cmake.build:Building CMake package in '/home/nhs/engineer/src/rm_communication/bubble_interface/rmctrl_msgs'
[2.066s] INFO:colcon.colcon_core.shell:Skip shell extension 'powershell' for command environment: Not usable outside of PowerShell
[2.066s] DEBUG:colcon.colcon_core.shell:Skip shell extension 'dsv' for command environment
[2.066s] DEBUG:colcon.colcon_core.event_handler.log_command:Invoking command in '/home/nhs/engineer/build/rm_description': CMAKE_PREFIX_PATH=${CMAKE_PREFIX_PATH}:/home/nhs/engineer/install/bubble_protocol:/opt/ros/humble /usr/bin/cmake --install /home/nhs/engineer/build/rm_description
[2.077s] Level 1:colcon.colcon_core.environment:create_environment_scripts_only(navi)
[2.077s] Level 1:colcon.colcon_core.environment:checking '/home/nhs/engineer/install/navi' for CMake module files
[2.080s] Level 1:colcon.colcon_core.environment:checking '/home/nhs/engineer/install/navi' for CMake config files
[2.081s] Level 1:colcon.colcon_core.shell:create_environment_hook('navi', 'cmake_prefix_path')
[2.083s] INFO:colcon.colcon_core.shell:Creating environment hook '/home/nhs/engineer/install/navi/share/navi/hook/cmake_prefix_path.ps1'
[2.078s] DEBUG:colcon.colcon_core.event_handler.log_command:Invoked command in '/home/nhs/engineer/build/navi' returned '0': CMAKE_PREFIX_PATH=${CMAKE_PREFIX_PATH}:/home/nhs/engineer/install/bubble_protocol:/opt/ros/humble /usr/bin/cmake --install /home/nhs/engineer/build/navi
[2.088s] INFO:colcon.colcon_core.shell:Creating environment descriptor '/home/nhs/engineer/install/navi/share/navi/hook/cmake_prefix_path.dsv'
[2.089s] INFO:colcon.colcon_core.shell:Creating environment hook '/home/nhs/engineer/install/navi/share/navi/hook/cmake_prefix_path.sh'
[2.089s] Level 1:colcon.colcon_core.environment:checking '/home/nhs/engineer/install/navi/bin'
[2.090s] Level 1:colcon.colcon_core.environment:checking '/home/nhs/engineer/install/navi/lib/pkgconfig/navi.pc'
[2.090s] Level 1:colcon.colcon_core.environment:checking '/home/nhs/engineer/install/navi/lib/python3.10/site-packages'
[2.090s] Level 1:colcon.colcon_core.environment:checking '/home/nhs/engineer/install/navi/bin'
[2.091s] INFO:colcon.colcon_core.shell:Creating package script '/home/nhs/engineer/install/navi/share/navi/package.ps1'
[2.092s] INFO:colcon.colcon_core.shell:Creating package descriptor '/home/nhs/engineer/install/navi/share/navi/package.dsv'
[2.092s] INFO:colcon.colcon_core.shell:Creating package script '/home/nhs/engineer/install/navi/share/navi/package.sh'
[2.093s] INFO:colcon.colcon_core.shell:Creating package script '/home/nhs/engineer/install/navi/share/navi/package.bash'
[2.097s] INFO:colcon.colcon_core.shell:Creating package script '/home/nhs/engineer/install/navi/share/navi/package.zsh'
[2.098s] Level 1:colcon.colcon_core.environment:create_file_with_runtime_dependencies(/home/nhs/engineer/install/navi/share/colcon-core/packages/navi)
[2.099s] Level 1:colcon.colcon_core.environment:create_environment_scripts_only(navi)
[2.099s] Level 1:colcon.colcon_core.environment:checking '/home/nhs/engineer/install/navi' for CMake module files
[2.100s] Level 1:colcon.colcon_core.environment:checking '/home/nhs/engineer/install/navi' for CMake config files
[2.101s] Level 1:colcon.colcon_core.shell:create_environment_hook('navi', 'cmake_prefix_path')
[2.101s] INFO:colcon.colcon_core.shell:Creating environment hook '/home/nhs/engineer/install/navi/share/navi/hook/cmake_prefix_path.ps1'
[2.102s] INFO:colcon.colcon_core.shell:Creating environment descriptor '/home/nhs/engineer/install/navi/share/navi/hook/cmake_prefix_path.dsv'
[2.102s] INFO:colcon.colcon_core.shell:Creating environment hook '/home/nhs/engineer/install/navi/share/navi/hook/cmake_prefix_path.sh'
[2.103s] Level 1:colcon.colcon_core.environment:checking '/home/nhs/engineer/install/navi/bin'
[2.107s] Level 1:colcon.colcon_core.environment:checking '/home/nhs/engineer/install/navi/lib/pkgconfig/navi.pc'
[2.107s] Level 1:colcon.colcon_core.environment:checking '/home/nhs/engineer/install/navi/lib/python3.10/site-packages'
[2.108s] Level 1:colcon.colcon_core.environment:checking '/home/nhs/engineer/install/navi/bin'
[2.109s] INFO:colcon.colcon_core.shell:Creating package script '/home/nhs/engineer/install/navi/share/navi/package.ps1'
[2.110s] INFO:colcon.colcon_core.shell:Creating package descriptor '/home/nhs/engineer/install/navi/share/navi/package.dsv'
[2.110s] INFO:colcon.colcon_core.shell:Creating package script '/home/nhs/engineer/install/navi/share/navi/package.sh'
[2.111s] INFO:colcon.colcon_core.shell:Creating package script '/home/nhs/engineer/install/navi/share/navi/package.bash'
[2.116s] INFO:colcon.colcon_core.shell:Creating package script '/home/nhs/engineer/install/navi/share/navi/package.zsh'
[2.116s] Level 1:colcon.colcon_core.environment:create_file_with_runtime_dependencies(/home/nhs/engineer/install/navi/share/colcon-core/packages/navi)
[2.122s] DEBUG:colcon.colcon_core.event_handler.log_command:Invoking command in '/home/nhs/engineer/build/rmctrl_msgs': CMAKE_PREFIX_PATH=${CMAKE_PREFIX_PATH}:/home/nhs/engineer/install/bubble_protocol:/opt/ros/humble /usr/bin/cmake /home/nhs/engineer/src/rm_communication/bubble_interface/rmctrl_msgs -DROS_EDITION=ROS2 -DHUMBLE_ROS=humble -DCMAKE_INSTALL_PREFIX=/home/nhs/engineer/install/rmctrl_msgs
[2.133s] Level 1:colcon.colcon_core.environment:create_environment_scripts_only(rm_description)
[2.134s] Level 1:colcon.colcon_core.environment:checking '/home/nhs/engineer/install/rm_description' for CMake module files
[2.134s] Level 1:colcon.colcon_core.environment:checking '/home/nhs/engineer/install/rm_description' for CMake config files
[2.135s] Level 1:colcon.colcon_core.shell:create_environment_hook('rm_description', 'cmake_prefix_path')
[2.135s] INFO:colcon.colcon_core.shell:Creating environment hook '/home/nhs/engineer/install/rm_description/share/rm_description/hook/cmake_prefix_path.ps1'
[2.136s] INFO:colcon.colcon_core.shell:Creating environment descriptor '/home/nhs/engineer/install/rm_description/share/rm_description/hook/cmake_prefix_path.dsv'
[2.136s] DEBUG:colcon.colcon_core.event_handler.log_command:Invoked command in '/home/nhs/engineer/build/rm_description' returned '0': CMAKE_PREFIX_PATH=${CMAKE_PREFIX_PATH}:/home/nhs/engineer/install/bubble_protocol:/opt/ros/humble /usr/bin/cmake --install /home/nhs/engineer/build/rm_description
[2.141s] INFO:colcon.colcon_core.shell:Creating environment hook '/home/nhs/engineer/install/rm_description/share/rm_description/hook/cmake_prefix_path.sh'
[2.145s] Level 1:colcon.colcon_core.environment:checking '/home/nhs/engineer/install/rm_description/bin'
[2.147s] Level 1:colcon.colcon_core.environment:checking '/home/nhs/engineer/install/rm_description/lib/pkgconfig/rm_description.pc'
[2.147s] Level 1:colcon.colcon_core.environment:checking '/home/nhs/engineer/install/rm_description/lib/python3.10/site-packages'
[2.148s] Level 1:colcon.colcon_core.environment:checking '/home/nhs/engineer/install/rm_description/bin'
[2.148s] INFO:colcon.colcon_core.shell:Creating package script '/home/nhs/engineer/install/rm_description/share/rm_description/package.ps1'
[2.149s] INFO:colcon.colcon_core.shell:Creating package descriptor '/home/nhs/engineer/install/rm_description/share/rm_description/package.dsv'
[2.151s] INFO:colcon.colcon_core.shell:Creating package script '/home/nhs/engineer/install/rm_description/share/rm_description/package.sh'
[2.152s] INFO:colcon.colcon_core.shell:Creating package script '/home/nhs/engineer/install/rm_description/share/rm_description/package.bash'
[2.155s] INFO:colcon.colcon_core.shell:Creating package script '/home/nhs/engineer/install/rm_description/share/rm_description/package.zsh'
[2.156s] Level 1:colcon.colcon_core.environment:create_file_with_runtime_dependencies(/home/nhs/engineer/install/rm_description/share/colcon-core/packages/rm_description)
[2.157s] Level 1:colcon.colcon_core.environment:create_environment_scripts_only(rm_description)
[2.159s] Level 1:colcon.colcon_core.environment:checking '/home/nhs/engineer/install/rm_description' for CMake module files
[2.161s] Level 1:colcon.colcon_core.environment:checking '/home/nhs/engineer/install/rm_description' for CMake config files
[2.162s] Level 1:colcon.colcon_core.shell:create_environment_hook('rm_description', 'cmake_prefix_path')
[2.162s] INFO:colcon.colcon_core.shell:Creating environment hook '/home/nhs/engineer/install/rm_description/share/rm_description/hook/cmake_prefix_path.ps1'
[2.165s] INFO:colcon.colcon_core.shell:Creating environment descriptor '/home/nhs/engineer/install/rm_description/share/rm_description/hook/cmake_prefix_path.dsv'
[2.165s] INFO:colcon.colcon_core.shell:Creating environment hook '/home/nhs/engineer/install/rm_description/share/rm_description/hook/cmake_prefix_path.sh'
[2.169s] Level 1:colcon.colcon_core.environment:checking '/home/nhs/engineer/install/rm_description/bin'
[2.169s] Level 1:colcon.colcon_core.environment:checking '/home/nhs/engineer/install/rm_description/lib/pkgconfig/rm_description.pc'
[2.169s] Level 1:colcon.colcon_core.environment:checking '/home/nhs/engineer/install/rm_description/lib/python3.10/site-packages'
[2.173s] Level 1:colcon.colcon_core.environment:checking '/home/nhs/engineer/install/rm_description/bin'
[2.173s] INFO:colcon.colcon_core.shell:Creating package script '/home/nhs/engineer/install/rm_description/share/rm_description/package.ps1'
[2.177s] INFO:colcon.colcon_core.shell:Creating package descriptor '/home/nhs/engineer/install/rm_description/share/rm_description/package.dsv'
[2.181s] INFO:colcon.colcon_core.shell:Creating package script '/home/nhs/engineer/install/rm_description/share/rm_description/package.sh'
[2.183s] INFO:colcon.colcon_core.shell:Creating package script '/home/nhs/engineer/install/rm_description/share/rm_description/package.bash'
[2.184s] INFO:colcon.colcon_core.shell:Creating package script '/home/nhs/engineer/install/rm_description/share/rm_description/package.zsh'
[2.186s] Level 1:colcon.colcon_core.environment:create_file_with_runtime_dependencies(/home/nhs/engineer/install/rm_description/share/colcon-core/packages/rm_description)
[3.171s] DEBUG:colcon.colcon_core.event_handler.log_command:Invoked command in '/home/nhs/engineer/build/pointcloud_to_laserscan' returned '0': CMAKE_PREFIX_PATH=${CMAKE_PREFIX_PATH}:/home/nhs/engineer/install/bubble_protocol:/opt/ros/humble /usr/bin/cmake /home/nhs/engineer/src/rm_perception/pointcloud_to_laserscan -DROS_EDITION=ROS2 -DHUMBLE_ROS=humble -DCMAKE_INSTALL_PREFIX=/home/nhs/engineer/install/pointcloud_to_laserscan
[3.172s] DEBUG:colcon.colcon_core.event_handler.log_command:Invoking command in '/home/nhs/engineer/build/pointcloud_to_laserscan': CMAKE_PREFIX_PATH=${CMAKE_PREFIX_PATH}:/home/nhs/engineer/install/bubble_protocol:/opt/ros/humble /usr/bin/cmake --build /home/nhs/engineer/build/pointcloud_to_laserscan -- -j8 -l8
[6.317s] DEBUG:colcon.colcon_core.event_handler.log_command:Invoked command in '/home/nhs/engineer/build/rmctrl_msgs' returned '0': CMAKE_PREFIX_PATH=${CMAKE_PREFIX_PATH}:/home/nhs/engineer/install/bubble_protocol:/opt/ros/humble /usr/bin/cmake /home/nhs/engineer/src/rm_communication/bubble_interface/rmctrl_msgs -DROS_EDITION=ROS2 -DHUMBLE_ROS=humble -DCMAKE_INSTALL_PREFIX=/home/nhs/engineer/install/rmctrl_msgs
[6.318s] DEBUG:colcon.colcon_core.event_handler.log_command:Invoking command in '/home/nhs/engineer/build/rmctrl_msgs': CMAKE_PREFIX_PATH=${CMAKE_PREFIX_PATH}:/home/nhs/engineer/install/bubble_protocol:/opt/ros/humble /usr/bin/cmake --build /home/nhs/engineer/build/rmctrl_msgs -- -j8 -l8
[8.275s] DEBUG:colcon.colcon_core.event_handler.log_command:Invoked command in '/home/nhs/engineer/build/linefit_ground_segmentation' returned '0': CMAKE_PREFIX_PATH=${CMAKE_PREFIX_PATH}:/home/nhs/engineer/install/bubble_protocol:/opt/ros/humble /usr/bin/cmake /home/nhs/engineer/src/rm_perception/linefit_ground_segementation_ros2/linefit_ground_segmentation -DROS_EDITION=ROS2 -DHUMBLE_ROS=humble -DCMAKE_INSTALL_PREFIX=/home/nhs/engineer/install/linefit_ground_segmentation
[8.276s] DEBUG:colcon.colcon_core.event_handler.log_command:Invoking command in '/home/nhs/engineer/build/linefit_ground_segmentation': CMAKE_PREFIX_PATH=${CMAKE_PREFIX_PATH}:/home/nhs/engineer/install/bubble_protocol:/opt/ros/humble /usr/bin/cmake --build /home/nhs/engineer/build/linefit_ground_segmentation -- -j8 -l8
[8.456s] DEBUG:colcon.colcon_core.event_handler.log_command:Invoked command in '/home/nhs/engineer/build/pcd2pgm' returned '0': CMAKE_PREFIX_PATH=${CMAKE_PREFIX_PATH}:/home/nhs/engineer/install/bubble_protocol:/opt/ros/humble /usr/bin/cmake /home/nhs/engineer/src/rm_localization/pcd2pgm -DROS_EDITION=ROS2 -DHUMBLE_ROS=humble -DCMAKE_INSTALL_PREFIX=/home/nhs/engineer/install/pcd2pgm
[8.456s] DEBUG:colcon.colcon_core.event_handler.log_command:Invoking command in '/home/nhs/engineer/build/pcd2pgm': CMAKE_PREFIX_PATH=${CMAKE_PREFIX_PATH}:/home/nhs/engineer/install/bubble_protocol:/opt/ros/humble /usr/bin/cmake --build /home/nhs/engineer/build/pcd2pgm -- -j8 -l8
[10.985s] DEBUG:colcon.colcon_core.event_handler.log_command:Invoked command in '/home/nhs/engineer/build/livox_ros_driver2' returned '0': CMAKE_PREFIX_PATH=${CMAKE_PREFIX_PATH}:/home/nhs/engineer/install/bubble_protocol:/opt/ros/humble /usr/bin/cmake /home/nhs/engineer/src/rm_driver/livox_ros_driver2 -DROS_EDITION=ROS2 -DHUMBLE_ROS=humble -DCMAKE_INSTALL_PREFIX=/home/nhs/engineer/install/livox_ros_driver2
[10.985s] DEBUG:colcon.colcon_core.event_handler.log_command:Invoking command in '/home/nhs/engineer/build/livox_ros_driver2': CMAKE_PREFIX_PATH=${CMAKE_PREFIX_PATH}:/home/nhs/engineer/install/bubble_protocol:/opt/ros/humble /usr/bin/cmake --build /home/nhs/engineer/build/livox_ros_driver2 -- -j8 -l8
[15.649s] Level 1:colcon.colcon_core.environment:create_environment_scripts_only(rmctrl_msgs)
[15.650s] Level 1:colcon.colcon_core.environment:checking '/home/nhs/engineer/install/rmctrl_msgs' for CMake module files
[15.651s] Level 1:colcon.colcon_core.environment:checking '/home/nhs/engineer/install/rmctrl_msgs' for CMake config files
[15.651s] Level 1:colcon.colcon_core.environment:checking '/home/nhs/engineer/install/rmctrl_msgs/bin'
[15.652s] Level 1:colcon.colcon_core.environment:checking '/home/nhs/engineer/install/rmctrl_msgs/lib/pkgconfig/rmctrl_msgs.pc'
[15.652s] Level 1:colcon.colcon_core.environment:checking '/home/nhs/engineer/install/rmctrl_msgs/lib/python3.10/site-packages'
[15.650s] DEBUG:colcon.colcon_core.event_handler.log_command:Invoked command in '/home/nhs/engineer/build/rmctrl_msgs' returned '2': CMAKE_PREFIX_PATH=${CMAKE_PREFIX_PATH}:/home/nhs/engineer/install/bubble_protocol:/opt/ros/humble /usr/bin/cmake --build /home/nhs/engineer/build/rmctrl_msgs -- -j8 -l8
[15.652s] Level 1:colcon.colcon_core.environment:checking '/home/nhs/engineer/install/rmctrl_msgs/bin'
[15.653s] INFO:colcon.colcon_core.shell:Creating package script '/home/nhs/engineer/install/rmctrl_msgs/share/rmctrl_msgs/package.ps1'
[15.661s] INFO:colcon.colcon_core.shell:Creating package descriptor '/home/nhs/engineer/install/rmctrl_msgs/share/rmctrl_msgs/package.dsv'
[15.662s] INFO:colcon.colcon_core.shell:Creating package script '/home/nhs/engineer/install/rmctrl_msgs/share/rmctrl_msgs/package.sh'
[15.663s] INFO:colcon.colcon_core.shell:Creating package script '/home/nhs/engineer/install/rmctrl_msgs/share/rmctrl_msgs/package.bash'
[15.667s] INFO:colcon.colcon_core.shell:Creating package script '/home/nhs/engineer/install/rmctrl_msgs/share/rmctrl_msgs/package.zsh'
[15.668s] Level 1:colcon.colcon_core.environment:create_file_with_runtime_dependencies(/home/nhs/engineer/install/rmctrl_msgs/share/colcon-core/packages/rmctrl_msgs)
[27.240s] DEBUG:colcon.colcon_parallel_executor.executor.parallel:closing loop
[27.240s] DEBUG:colcon.colcon_parallel_executor.executor.parallel:loop closed
[27.241s] DEBUG:colcon.colcon_parallel_executor.executor.parallel:run_until_complete finished with '2'
[27.241s] DEBUG:colcon.colcon_core.event_reactor:joining thread
[27.247s] INFO:colcon.colcon_core.plugin_system:Skipping extension 'colcon_notification.desktop_notification.terminal_notifier': Not used on non-Darwin systems
[27.247s] INFO:colcon.colcon_core.plugin_system:Skipping extension 'colcon_notification.desktop_notification.win32': Not used on non-Windows systems
[27.247s] INFO:colcon.colcon_notification.desktop_notification:Sending desktop notification using 'notify2'
[27.262s] DEBUG:colcon.colcon_core.event_reactor:joined thread
[27.262s] INFO:colcon.colcon_core.shell:Creating prefix script '/home/nhs/engineer/install/local_setup.ps1'
[27.263s] INFO:colcon.colcon_core.shell:Creating prefix util module '/home/nhs/engineer/install/_local_setup_util_ps1.py'
[27.264s] INFO:colcon.colcon_core.shell:Creating prefix chain script '/home/nhs/engineer/install/setup.ps1'
[27.264s] INFO:colcon.colcon_core.shell:Creating prefix script '/home/nhs/engineer/install/local_setup.sh'
[27.265s] INFO:colcon.colcon_core.shell:Creating prefix util module '/home/nhs/engineer/install/_local_setup_util_sh.py'
[27.265s] INFO:colcon.colcon_core.shell:Creating prefix chain script '/home/nhs/engineer/install/setup.sh'
[27.266s] INFO:colcon.colcon_core.shell:Creating prefix script '/home/nhs/engineer/install/local_setup.bash'
[27.266s] INFO:colcon.colcon_core.shell:Creating prefix chain script '/home/nhs/engineer/install/setup.bash'
[27.267s] INFO:colcon.colcon_core.shell:Creating prefix script '/home/nhs/engineer/install/local_setup.zsh'
[27.268s] INFO:colcon.colcon_core.shell:Creating prefix chain script '/home/nhs/engineer/install/setup.zsh'
