[0.218s] Invoking command in '/home/nhs/engineer/build/rm_description': CMAKE_PREFIX_PATH=${CMAKE_PREFIX_PATH}:/home/nhs/engineer/install/bubble_protocol:/opt/ros/humble /usr/bin/cmake /home/nhs/engineer/src/rm_description -DROS_EDITION=ROS2 -DHUMBLE_ROS=humble -DCMAKE_INSTALL_PREFIX=/home/nhs/engineer/install/rm_description
[0.610s] -- The C compiler identification is GNU 11.4.0
[0.610s] -- The CXX compiler identification is GNU 11.4.0
[0.610s] -- Detecting C compiler ABI info
[0.610s] -- Detecting C compiler ABI info - done
[0.610s] -- Check for working C compiler: /usr/bin/cc - skipped
[0.610s] -- Detecting C compile features
[0.610s] -- Detecting C compile features - done
[0.610s] -- Detecting CXX compiler ABI info
[0.610s] -- Detecting CXX compiler ABI info - done
[0.610s] -- Check for working CXX compiler: /usr/bin/c++ - skipped
[0.610s] -- Detecting CXX compile features
[0.610s] -- Detecting CXX compile features - done
[0.611s] -- Found ament_cmake: 1.3.12 (/opt/ros/humble/share/ament_cmake/cmake)
[0.832s] -- Found Python3: /usr/bin/python3 (found version "3.10.12") found components: Interpreter 
[1.119s] -- Found ament_lint_auto: 0.12.14 (/opt/ros/humble/share/ament_lint_auto/cmake)
[1.343s] -- Added test 'flake8' to check Python code syntax and style conventions
[1.347s] -- Added test 'lint_cmake' to check CMake code style
[1.347s] -- Added test 'pep257' to check Python code against some of the docstring style conventions in PEP 257
[1.357s] -- Added test 'xmllint' to check XML markup files
[1.357s] -- Configuring done
[1.358s] -- Generating done
[1.365s] [33mCMake Warning:
[1.365s]   Manually-specified variables were not used by the project:
[1.365s] 
[1.365s]     HUMBLE_ROS
[1.365s]     ROS_EDITION
[1.366s] 
[1.366s] [0m
[1.366s] -- Build files have been written to: /home/nhs/engineer/build/rm_description
[1.368s] Invoked command in '/home/nhs/engineer/build/rm_description' returned '0': CMAKE_PREFIX_PATH=${CMAKE_PREFIX_PATH}:/home/nhs/engineer/install/bubble_protocol:/opt/ros/humble /usr/bin/cmake /home/nhs/engineer/src/rm_description -DROS_EDITION=ROS2 -DHUMBLE_ROS=humble -DCMAKE_INSTALL_PREFIX=/home/nhs/engineer/install/rm_description
[1.369s] Invoking command in '/home/nhs/engineer/build/rm_description': CMAKE_PREFIX_PATH=${CMAKE_PREFIX_PATH}:/home/nhs/engineer/install/bubble_protocol:/opt/ros/humble /usr/bin/cmake --build /home/nhs/engineer/build/rm_description -- -j8 -l8
[1.699s] Invoked command in '/home/nhs/engineer/build/rm_description' returned '0': CMAKE_PREFIX_PATH=${CMAKE_PREFIX_PATH}:/home/nhs/engineer/install/bubble_protocol:/opt/ros/humble /usr/bin/cmake --build /home/nhs/engineer/build/rm_description -- -j8 -l8
[1.700s] Invoking command in '/home/nhs/engineer/build/rm_description': CMAKE_PREFIX_PATH=${CMAKE_PREFIX_PATH}:/home/nhs/engineer/install/bubble_protocol:/opt/ros/humble /usr/bin/cmake --install /home/nhs/engineer/build/rm_description
[1.754s] -- Install configuration: ""
[1.754s] -- Installing: /home/nhs/engineer/install/rm_description/share/rm_description/launch
[1.754s] -- Installing: /home/nhs/engineer/install/rm_description/share/rm_description/launch/model.launch.py
[1.756s] -- Installing: /home/nhs/engineer/install/rm_description/share/rm_description/launch/view_model.launch.py
[1.756s] -- Installing: /home/nhs/engineer/install/rm_description/share/rm_description/launch/view_model.rviz
[1.757s] -- Installing: /home/nhs/engineer/install/rm_description/share/rm_description/urdf
[1.757s] -- Installing: /home/nhs/engineer/install/rm_description/share/rm_description/urdf/engineer.urdf.xacro
[1.757s] -- Installing: /home/nhs/engineer/install/rm_description/share/ament_index/resource_index/package_run_dependencies/rm_description
[1.758s] -- Installing: /home/nhs/engineer/install/rm_description/share/ament_index/resource_index/parent_prefix_path/rm_description
[1.758s] -- Installing: /home/nhs/engineer/install/rm_description/share/rm_description/environment/ament_prefix_path.sh
[1.758s] -- Installing: /home/nhs/engineer/install/rm_description/share/rm_description/environment/ament_prefix_path.dsv
[1.758s] -- Installing: /home/nhs/engineer/install/rm_description/share/rm_description/environment/path.sh
[1.758s] -- Installing: /home/nhs/engineer/install/rm_description/share/rm_description/environment/path.dsv
[1.758s] -- Installing: /home/nhs/engineer/install/rm_description/share/rm_description/local_setup.bash
[1.760s] -- Installing: /home/nhs/engineer/install/rm_description/share/rm_description/local_setup.sh
[1.760s] -- Installing: /home/nhs/engineer/install/rm_description/share/rm_description/local_setup.zsh
[1.760s] -- Installing: /home/nhs/engineer/install/rm_description/share/rm_description/local_setup.dsv
[1.760s] -- Installing: /home/nhs/engineer/install/rm_description/share/rm_description/package.dsv
[1.760s] -- Installing: /home/nhs/engineer/install/rm_description/share/ament_index/resource_index/packages/rm_description
[1.761s] -- Installing: /home/nhs/engineer/install/rm_description/share/rm_description/cmake/rm_descriptionConfig.cmake
[1.761s] -- Installing: /home/nhs/engineer/install/rm_description/share/rm_description/cmake/rm_descriptionConfig-version.cmake
[1.761s] -- Installing: /home/nhs/engineer/install/rm_description/share/rm_description/package.xml
[1.771s] Invoked command in '/home/nhs/engineer/build/rm_description' returned '0': CMAKE_PREFIX_PATH=${CMAKE_PREFIX_PATH}:/home/nhs/engineer/install/bubble_protocol:/opt/ros/humble /usr/bin/cmake --install /home/nhs/engineer/build/rm_description
