[0.079s] Invoking command in '/home/nhs/engineer/build/rmctrl_msgs': CMAKE_PREFIX_PATH=/opt/ros/humble /usr/bin/cmake --build /home/nhs/engineer/build/rmctrl_msgs -- -j8 -l8
[0.156s] [  2%] Built target rmctrl_msgs__cpp
[0.164s] [ 12%] Built target rmctrl_msgs__rosidl_generator_c
[0.209s] [ 23%] Built target rmctrl_msgs__rosidl_typesupport_introspection_cpp
[0.259s] [ 23%] Built target ament_cmake_python_copy_rmctrl_msgs
[0.273s] [ 34%] Built target rmctrl_msgs__rosidl_typesupport_c
[0.298s] [ 44%] Built target rmctrl_msgs__rosidl_typesupport_introspection_c
[0.344s] [ 55%] Built target rmctrl_msgs__rosidl_typesupport_fastrtps_c
[0.398s] [ 65%] Built target rmctrl_msgs__rosidl_typesupport_fastrtps_cpp
[0.442s] [ 76%] Built target rmctrl_msgs__rosidl_typesupport_cpp
[0.482s] [ 76%] Built target rmctrl_msgs
[0.507s] [ 78%] Built target rmctrl_msgs__py
[0.536s] [ 87%] Built target rmctrl_msgs__rosidl_generator_py
[0.564s] [ 91%] Built target rmctrl_msgs__rosidl_typesupport_fastrtps_c__pyext
[0.608s] [ 95%] Built target rmctrl_msgs__rosidl_typesupport_c__pyext
[0.637s] [100%] Built target rmctrl_msgs__rosidl_typesupport_introspection_c__pyext
[0.671s] running egg_info
[0.671s] writing rmctrl_msgs.egg-info/PKG-INFO
[0.671s] writing dependency_links to rmctrl_msgs.egg-info/dependency_links.txt
[0.671s] writing top-level names to rmctrl_msgs.egg-info/top_level.txt
[0.671s] reading manifest file 'rmctrl_msgs.egg-info/SOURCES.txt'
[0.672s] writing manifest file 'rmctrl_msgs.egg-info/SOURCES.txt'
[0.693s] [100%] Built target ament_cmake_python_build_rmctrl_msgs_egg
[0.710s] Invoked command in '/home/nhs/engineer/build/rmctrl_msgs' returned '0': CMAKE_PREFIX_PATH=/opt/ros/humble /usr/bin/cmake --build /home/nhs/engineer/build/rmctrl_msgs -- -j8 -l8
[0.711s] Invoking command in '/home/nhs/engineer/build/rmctrl_msgs': CMAKE_PREFIX_PATH=/opt/ros/humble /usr/bin/cmake --install /home/nhs/engineer/build/rmctrl_msgs
[0.723s] -- Install configuration: ""
[0.723s] -- Up-to-date: /home/nhs/engineer/install/rmctrl_msgs/share/ament_index/resource_index/rosidl_interfaces/rmctrl_msgs
[0.723s] -- Up-to-date: /home/nhs/engineer/install/rmctrl_msgs/include/rmctrl_msgs/rmctrl_msgs
[0.723s] -- Up-to-date: /home/nhs/engineer/install/rmctrl_msgs/include/rmctrl_msgs/rmctrl_msgs/msg
[0.723s] -- Up-to-date: /home/nhs/engineer/install/rmctrl_msgs/include/rmctrl_msgs/rmctrl_msgs/msg/chassis.h
[0.723s] -- Up-to-date: /home/nhs/engineer/install/rmctrl_msgs/include/rmctrl_msgs/rmctrl_msgs/msg/imu.h
[0.724s] -- Up-to-date: /home/nhs/engineer/install/rmctrl_msgs/include/rmctrl_msgs/rmctrl_msgs/msg/rosidl_generator_c__visibility_control.h
[0.724s] -- Up-to-date: /home/nhs/engineer/install/rmctrl_msgs/include/rmctrl_msgs/rmctrl_msgs/msg/detail
[0.724s] -- Up-to-date: /home/nhs/engineer/install/rmctrl_msgs/include/rmctrl_msgs/rmctrl_msgs/msg/detail/imu__struct.h
[0.724s] -- Up-to-date: /home/nhs/engineer/install/rmctrl_msgs/include/rmctrl_msgs/rmctrl_msgs/msg/detail/imu__type_support.h
[0.724s] -- Up-to-date: /home/nhs/engineer/install/rmctrl_msgs/include/rmctrl_msgs/rmctrl_msgs/msg/detail/chassis__type_support.h
[0.724s] -- Up-to-date: /home/nhs/engineer/install/rmctrl_msgs/include/rmctrl_msgs/rmctrl_msgs/msg/detail/chassis__struct.h
[0.724s] -- Up-to-date: /home/nhs/engineer/install/rmctrl_msgs/include/rmctrl_msgs/rmctrl_msgs/msg/detail/imu__functions.c
[0.724s] -- Up-to-date: /home/nhs/engineer/install/rmctrl_msgs/include/rmctrl_msgs/rmctrl_msgs/msg/detail/odom__struct.h
[0.724s] -- Up-to-date: /home/nhs/engineer/install/rmctrl_msgs/include/rmctrl_msgs/rmctrl_msgs/msg/detail/chassis__functions.c
[0.724s] -- Up-to-date: /home/nhs/engineer/install/rmctrl_msgs/include/rmctrl_msgs/rmctrl_msgs/msg/detail/odom__type_support.h
[0.724s] -- Up-to-date: /home/nhs/engineer/install/rmctrl_msgs/include/rmctrl_msgs/rmctrl_msgs/msg/detail/odom__functions.c
[0.724s] -- Up-to-date: /home/nhs/engineer/install/rmctrl_msgs/include/rmctrl_msgs/rmctrl_msgs/msg/detail/odom__functions.h
[0.724s] -- Up-to-date: /home/nhs/engineer/install/rmctrl_msgs/include/rmctrl_msgs/rmctrl_msgs/msg/detail/imu__functions.h
[0.724s] -- Up-to-date: /home/nhs/engineer/install/rmctrl_msgs/include/rmctrl_msgs/rmctrl_msgs/msg/detail/chassis__functions.h
[0.724s] -- Up-to-date: /home/nhs/engineer/install/rmctrl_msgs/include/rmctrl_msgs/rmctrl_msgs/msg/odom.h
[0.724s] -- Up-to-date: /home/nhs/engineer/install/rmctrl_msgs/share/rmctrl_msgs/environment/library_path.sh
[0.724s] -- Up-to-date: /home/nhs/engineer/install/rmctrl_msgs/share/rmctrl_msgs/environment/library_path.dsv
[0.725s] -- Up-to-date: /home/nhs/engineer/install/rmctrl_msgs/lib/librmctrl_msgs__rosidl_generator_c.so
[0.725s] -- Up-to-date: /home/nhs/engineer/install/rmctrl_msgs/include/rmctrl_msgs/rmctrl_msgs
[0.725s] -- Up-to-date: /home/nhs/engineer/install/rmctrl_msgs/include/rmctrl_msgs/rmctrl_msgs/msg
[0.725s] -- Up-to-date: /home/nhs/engineer/install/rmctrl_msgs/include/rmctrl_msgs/rmctrl_msgs/msg/detail
[0.725s] -- Up-to-date: /home/nhs/engineer/install/rmctrl_msgs/include/rmctrl_msgs/rmctrl_msgs/msg/detail/odom__rosidl_typesupport_fastrtps_c.h
[0.725s] -- Up-to-date: /home/nhs/engineer/install/rmctrl_msgs/include/rmctrl_msgs/rmctrl_msgs/msg/detail/imu__rosidl_typesupport_fastrtps_c.h
[0.725s] -- Up-to-date: /home/nhs/engineer/install/rmctrl_msgs/include/rmctrl_msgs/rmctrl_msgs/msg/detail/chassis__rosidl_typesupport_fastrtps_c.h
[0.725s] -- Up-to-date: /home/nhs/engineer/install/rmctrl_msgs/include/rmctrl_msgs/rmctrl_msgs/msg/rosidl_typesupport_fastrtps_c__visibility_control.h
[0.725s] -- Up-to-date: /home/nhs/engineer/install/rmctrl_msgs/lib/librmctrl_msgs__rosidl_typesupport_fastrtps_c.so
[0.725s] -- Up-to-date: /home/nhs/engineer/install/rmctrl_msgs/include/rmctrl_msgs/rmctrl_msgs
[0.725s] -- Up-to-date: /home/nhs/engineer/install/rmctrl_msgs/include/rmctrl_msgs/rmctrl_msgs/msg
[0.725s] -- Up-to-date: /home/nhs/engineer/install/rmctrl_msgs/include/rmctrl_msgs/rmctrl_msgs/msg/chassis.hpp
[0.725s] -- Up-to-date: /home/nhs/engineer/install/rmctrl_msgs/include/rmctrl_msgs/rmctrl_msgs/msg/detail
[0.725s] -- Up-to-date: /home/nhs/engineer/install/rmctrl_msgs/include/rmctrl_msgs/rmctrl_msgs/msg/detail/odom__builder.hpp
[0.725s] -- Up-to-date: /home/nhs/engineer/install/rmctrl_msgs/include/rmctrl_msgs/rmctrl_msgs/msg/detail/imu__struct.hpp
[0.725s] -- Up-to-date: /home/nhs/engineer/install/rmctrl_msgs/include/rmctrl_msgs/rmctrl_msgs/msg/detail/imu__type_support.hpp
[0.725s] -- Up-to-date: /home/nhs/engineer/install/rmctrl_msgs/include/rmctrl_msgs/rmctrl_msgs/msg/detail/chassis__builder.hpp
[0.726s] -- Up-to-date: /home/nhs/engineer/install/rmctrl_msgs/include/rmctrl_msgs/rmctrl_msgs/msg/detail/imu__builder.hpp
[0.726s] -- Up-to-date: /home/nhs/engineer/install/rmctrl_msgs/include/rmctrl_msgs/rmctrl_msgs/msg/detail/chassis__type_support.hpp
[0.726s] -- Up-to-date: /home/nhs/engineer/install/rmctrl_msgs/include/rmctrl_msgs/rmctrl_msgs/msg/detail/odom__struct.hpp
[0.726s] -- Up-to-date: /home/nhs/engineer/install/rmctrl_msgs/include/rmctrl_msgs/rmctrl_msgs/msg/detail/chassis__struct.hpp
[0.726s] -- Up-to-date: /home/nhs/engineer/install/rmctrl_msgs/include/rmctrl_msgs/rmctrl_msgs/msg/detail/chassis__traits.hpp
[0.726s] -- Up-to-date: /home/nhs/engineer/install/rmctrl_msgs/include/rmctrl_msgs/rmctrl_msgs/msg/detail/imu__traits.hpp
[0.726s] -- Up-to-date: /home/nhs/engineer/install/rmctrl_msgs/include/rmctrl_msgs/rmctrl_msgs/msg/detail/odom__type_support.hpp
[0.726s] -- Up-to-date: /home/nhs/engineer/install/rmctrl_msgs/include/rmctrl_msgs/rmctrl_msgs/msg/detail/odom__traits.hpp
[0.726s] -- Up-to-date: /home/nhs/engineer/install/rmctrl_msgs/include/rmctrl_msgs/rmctrl_msgs/msg/imu.hpp
[0.726s] -- Up-to-date: /home/nhs/engineer/install/rmctrl_msgs/include/rmctrl_msgs/rmctrl_msgs/msg/rosidl_generator_cpp__visibility_control.hpp
[0.726s] -- Up-to-date: /home/nhs/engineer/install/rmctrl_msgs/include/rmctrl_msgs/rmctrl_msgs/msg/odom.hpp
[0.726s] -- Up-to-date: /home/nhs/engineer/install/rmctrl_msgs/include/rmctrl_msgs/rmctrl_msgs
[0.726s] -- Up-to-date: /home/nhs/engineer/install/rmctrl_msgs/include/rmctrl_msgs/rmctrl_msgs/msg
[0.726s] -- Up-to-date: /home/nhs/engineer/install/rmctrl_msgs/include/rmctrl_msgs/rmctrl_msgs/msg/detail
[0.726s] -- Up-to-date: /home/nhs/engineer/install/rmctrl_msgs/include/rmctrl_msgs/rmctrl_msgs/msg/detail/imu__rosidl_typesupport_fastrtps_cpp.hpp
[0.726s] -- Up-to-date: /home/nhs/engineer/install/rmctrl_msgs/include/rmctrl_msgs/rmctrl_msgs/msg/detail/odom__rosidl_typesupport_fastrtps_cpp.hpp
[0.726s] -- Up-to-date: /home/nhs/engineer/install/rmctrl_msgs/include/rmctrl_msgs/rmctrl_msgs/msg/detail/dds_fastrtps
[0.726s] -- Up-to-date: /home/nhs/engineer/install/rmctrl_msgs/include/rmctrl_msgs/rmctrl_msgs/msg/detail/chassis__rosidl_typesupport_fastrtps_cpp.hpp
[0.727s] -- Up-to-date: /home/nhs/engineer/install/rmctrl_msgs/include/rmctrl_msgs/rmctrl_msgs/msg/rosidl_typesupport_fastrtps_cpp__visibility_control.h
[0.727s] -- Up-to-date: /home/nhs/engineer/install/rmctrl_msgs/lib/librmctrl_msgs__rosidl_typesupport_fastrtps_cpp.so
[0.727s] -- Up-to-date: /home/nhs/engineer/install/rmctrl_msgs/include/rmctrl_msgs/rmctrl_msgs
[0.727s] -- Up-to-date: /home/nhs/engineer/install/rmctrl_msgs/include/rmctrl_msgs/rmctrl_msgs/msg
[0.727s] -- Up-to-date: /home/nhs/engineer/install/rmctrl_msgs/include/rmctrl_msgs/rmctrl_msgs/msg/detail
[0.727s] -- Up-to-date: /home/nhs/engineer/install/rmctrl_msgs/include/rmctrl_msgs/rmctrl_msgs/msg/detail/imu__rosidl_typesupport_introspection_c.h
[0.727s] -- Up-to-date: /home/nhs/engineer/install/rmctrl_msgs/include/rmctrl_msgs/rmctrl_msgs/msg/detail/chassis__rosidl_typesupport_introspection_c.h
[0.727s] -- Up-to-date: /home/nhs/engineer/install/rmctrl_msgs/include/rmctrl_msgs/rmctrl_msgs/msg/detail/odom__type_support.c
[0.727s] -- Up-to-date: /home/nhs/engineer/install/rmctrl_msgs/include/rmctrl_msgs/rmctrl_msgs/msg/detail/chassis__type_support.c
[0.727s] -- Up-to-date: /home/nhs/engineer/install/rmctrl_msgs/include/rmctrl_msgs/rmctrl_msgs/msg/detail/odom__rosidl_typesupport_introspection_c.h
[0.727s] -- Up-to-date: /home/nhs/engineer/install/rmctrl_msgs/include/rmctrl_msgs/rmctrl_msgs/msg/detail/imu__type_support.c
[0.727s] -- Up-to-date: /home/nhs/engineer/install/rmctrl_msgs/include/rmctrl_msgs/rmctrl_msgs/msg/rosidl_typesupport_introspection_c__visibility_control.h
[0.727s] -- Up-to-date: /home/nhs/engineer/install/rmctrl_msgs/lib/librmctrl_msgs__rosidl_typesupport_introspection_c.so
[0.727s] -- Up-to-date: /home/nhs/engineer/install/rmctrl_msgs/lib/librmctrl_msgs__rosidl_typesupport_c.so
[0.727s] -- Up-to-date: /home/nhs/engineer/install/rmctrl_msgs/include/rmctrl_msgs/rmctrl_msgs
[0.727s] -- Up-to-date: /home/nhs/engineer/install/rmctrl_msgs/include/rmctrl_msgs/rmctrl_msgs/msg
[0.728s] -- Up-to-date: /home/nhs/engineer/install/rmctrl_msgs/include/rmctrl_msgs/rmctrl_msgs/msg/detail
[0.728s] -- Up-to-date: /home/nhs/engineer/install/rmctrl_msgs/include/rmctrl_msgs/rmctrl_msgs/msg/detail/odom__type_support.cpp
[0.728s] -- Up-to-date: /home/nhs/engineer/install/rmctrl_msgs/include/rmctrl_msgs/rmctrl_msgs/msg/detail/chassis__type_support.cpp
[0.728s] -- Up-to-date: /home/nhs/engineer/install/rmctrl_msgs/include/rmctrl_msgs/rmctrl_msgs/msg/detail/chassis__rosidl_typesupport_introspection_cpp.hpp
[0.728s] -- Up-to-date: /home/nhs/engineer/install/rmctrl_msgs/include/rmctrl_msgs/rmctrl_msgs/msg/detail/imu__type_support.cpp
[0.728s] -- Up-to-date: /home/nhs/engineer/install/rmctrl_msgs/include/rmctrl_msgs/rmctrl_msgs/msg/detail/odom__rosidl_typesupport_introspection_cpp.hpp
[0.728s] -- Up-to-date: /home/nhs/engineer/install/rmctrl_msgs/include/rmctrl_msgs/rmctrl_msgs/msg/detail/imu__rosidl_typesupport_introspection_cpp.hpp
[0.728s] -- Up-to-date: /home/nhs/engineer/install/rmctrl_msgs/lib/librmctrl_msgs__rosidl_typesupport_introspection_cpp.so
[0.728s] -- Up-to-date: /home/nhs/engineer/install/rmctrl_msgs/lib/librmctrl_msgs__rosidl_typesupport_cpp.so
[0.728s] -- Up-to-date: /home/nhs/engineer/install/rmctrl_msgs/share/rmctrl_msgs/environment/pythonpath.sh
[0.728s] -- Up-to-date: /home/nhs/engineer/install/rmctrl_msgs/share/rmctrl_msgs/environment/pythonpath.dsv
[0.728s] -- Up-to-date: /home/nhs/engineer/install/rmctrl_msgs/local/lib/python3.10/dist-packages/rmctrl_msgs-1.0.0-py3.10.egg-info
[0.728s] -- Installing: /home/nhs/engineer/install/rmctrl_msgs/local/lib/python3.10/dist-packages/rmctrl_msgs-1.0.0-py3.10.egg-info/dependency_links.txt
[0.728s] -- Installing: /home/nhs/engineer/install/rmctrl_msgs/local/lib/python3.10/dist-packages/rmctrl_msgs-1.0.0-py3.10.egg-info/top_level.txt
[0.729s] -- Installing: /home/nhs/engineer/install/rmctrl_msgs/local/lib/python3.10/dist-packages/rmctrl_msgs-1.0.0-py3.10.egg-info/PKG-INFO
[0.729s] -- Installing: /home/nhs/engineer/install/rmctrl_msgs/local/lib/python3.10/dist-packages/rmctrl_msgs-1.0.0-py3.10.egg-info/SOURCES.txt
[0.729s] -- Up-to-date: /home/nhs/engineer/install/rmctrl_msgs/local/lib/python3.10/dist-packages/rmctrl_msgs
[0.729s] -- Up-to-date: /home/nhs/engineer/install/rmctrl_msgs/local/lib/python3.10/dist-packages/rmctrl_msgs/rmctrl_msgs_s__rosidl_typesupport_c.cpython-310-x86_64-linux-gnu.so
[0.729s] -- Up-to-date: /home/nhs/engineer/install/rmctrl_msgs/local/lib/python3.10/dist-packages/rmctrl_msgs/_rmctrl_msgs_s.ep.rosidl_typesupport_fastrtps_c.c
[0.729s] -- Up-to-date: /home/nhs/engineer/install/rmctrl_msgs/local/lib/python3.10/dist-packages/rmctrl_msgs/_rmctrl_msgs_s.ep.rosidl_typesupport_introspection_c.c
[0.729s] -- Up-to-date: /home/nhs/engineer/install/rmctrl_msgs/local/lib/python3.10/dist-packages/rmctrl_msgs/rmctrl_msgs_s__rosidl_typesupport_fastrtps_c.cpython-310-x86_64-linux-gnu.so
[0.730s] -- Up-to-date: /home/nhs/engineer/install/rmctrl_msgs/local/lib/python3.10/dist-packages/rmctrl_msgs/__init__.py
[0.730s] -- Up-to-date: /home/nhs/engineer/install/rmctrl_msgs/local/lib/python3.10/dist-packages/rmctrl_msgs/msg
[0.730s] -- Up-to-date: /home/nhs/engineer/install/rmctrl_msgs/local/lib/python3.10/dist-packages/rmctrl_msgs/msg/_chassis_s.c
[0.730s] -- Up-to-date: /home/nhs/engineer/install/rmctrl_msgs/local/lib/python3.10/dist-packages/rmctrl_msgs/msg/_imu_s.c
[0.730s] -- Up-to-date: /home/nhs/engineer/install/rmctrl_msgs/local/lib/python3.10/dist-packages/rmctrl_msgs/msg/__init__.py
[0.730s] -- Up-to-date: /home/nhs/engineer/install/rmctrl_msgs/local/lib/python3.10/dist-packages/rmctrl_msgs/msg/_imu.py
[0.730s] -- Up-to-date: /home/nhs/engineer/install/rmctrl_msgs/local/lib/python3.10/dist-packages/rmctrl_msgs/msg/_chassis.py
[0.730s] -- Up-to-date: /home/nhs/engineer/install/rmctrl_msgs/local/lib/python3.10/dist-packages/rmctrl_msgs/msg/_odom.py
[0.730s] -- Up-to-date: /home/nhs/engineer/install/rmctrl_msgs/local/lib/python3.10/dist-packages/rmctrl_msgs/msg/_odom_s.c
[0.730s] -- Up-to-date: /home/nhs/engineer/install/rmctrl_msgs/local/lib/python3.10/dist-packages/rmctrl_msgs/_rmctrl_msgs_s.ep.rosidl_typesupport_c.c
[0.730s] -- Up-to-date: /home/nhs/engineer/install/rmctrl_msgs/local/lib/python3.10/dist-packages/rmctrl_msgs/librmctrl_msgs__rosidl_generator_py.so
[0.730s] -- Up-to-date: /home/nhs/engineer/install/rmctrl_msgs/local/lib/python3.10/dist-packages/rmctrl_msgs/rmctrl_msgs_s__rosidl_typesupport_introspection_c.cpython-310-x86_64-linux-gnu.so
[0.803s] Listing '/home/nhs/engineer/install/rmctrl_msgs/local/lib/python3.10/dist-packages/rmctrl_msgs'...
[0.805s] Listing '/home/nhs/engineer/install/rmctrl_msgs/local/lib/python3.10/dist-packages/rmctrl_msgs/msg'...
[0.807s] -- Up-to-date: /home/nhs/engineer/install/rmctrl_msgs/local/lib/python3.10/dist-packages/rmctrl_msgs/rmctrl_msgs_s__rosidl_typesupport_fastrtps_c.cpython-310-x86_64-linux-gnu.so
[0.808s] -- Up-to-date: /home/nhs/engineer/install/rmctrl_msgs/local/lib/python3.10/dist-packages/rmctrl_msgs/rmctrl_msgs_s__rosidl_typesupport_introspection_c.cpython-310-x86_64-linux-gnu.so
[0.808s] -- Up-to-date: /home/nhs/engineer/install/rmctrl_msgs/local/lib/python3.10/dist-packages/rmctrl_msgs/rmctrl_msgs_s__rosidl_typesupport_c.cpython-310-x86_64-linux-gnu.so
[0.809s] -- Up-to-date: /home/nhs/engineer/install/rmctrl_msgs/lib/librmctrl_msgs__rosidl_generator_py.so
[0.809s] -- Up-to-date: /home/nhs/engineer/install/rmctrl_msgs/share/rmctrl_msgs/msg/Chassis.idl
[0.809s] -- Up-to-date: /home/nhs/engineer/install/rmctrl_msgs/share/rmctrl_msgs/msg/Imu.idl
[0.810s] -- Up-to-date: /home/nhs/engineer/install/rmctrl_msgs/share/rmctrl_msgs/msg/Odom.idl
[0.810s] -- Up-to-date: /home/nhs/engineer/install/rmctrl_msgs/share/rmctrl_msgs/msg/Chassis.msg
[0.810s] -- Up-to-date: /home/nhs/engineer/install/rmctrl_msgs/share/rmctrl_msgs/msg/Imu.msg
[0.810s] -- Up-to-date: /home/nhs/engineer/install/rmctrl_msgs/share/rmctrl_msgs/msg/Odom.msg
[0.810s] -- Up-to-date: /home/nhs/engineer/install/rmctrl_msgs/share/ament_index/resource_index/package_run_dependencies/rmctrl_msgs
[0.810s] -- Up-to-date: /home/nhs/engineer/install/rmctrl_msgs/share/ament_index/resource_index/parent_prefix_path/rmctrl_msgs
[0.810s] -- Up-to-date: /home/nhs/engineer/install/rmctrl_msgs/share/rmctrl_msgs/environment/ament_prefix_path.sh
[0.811s] -- Up-to-date: /home/nhs/engineer/install/rmctrl_msgs/share/rmctrl_msgs/environment/ament_prefix_path.dsv
[0.811s] -- Up-to-date: /home/nhs/engineer/install/rmctrl_msgs/share/rmctrl_msgs/environment/path.sh
[0.811s] -- Up-to-date: /home/nhs/engineer/install/rmctrl_msgs/share/rmctrl_msgs/environment/path.dsv
[0.811s] -- Up-to-date: /home/nhs/engineer/install/rmctrl_msgs/share/rmctrl_msgs/local_setup.bash
[0.811s] -- Up-to-date: /home/nhs/engineer/install/rmctrl_msgs/share/rmctrl_msgs/local_setup.sh
[0.811s] -- Up-to-date: /home/nhs/engineer/install/rmctrl_msgs/share/rmctrl_msgs/local_setup.zsh
[0.812s] -- Up-to-date: /home/nhs/engineer/install/rmctrl_msgs/share/rmctrl_msgs/local_setup.dsv
[0.812s] -- Installing: /home/nhs/engineer/install/rmctrl_msgs/share/rmctrl_msgs/package.dsv
[0.812s] -- Up-to-date: /home/nhs/engineer/install/rmctrl_msgs/share/ament_index/resource_index/packages/rmctrl_msgs
[0.812s] -- Up-to-date: /home/nhs/engineer/install/rmctrl_msgs/share/rmctrl_msgs/cmake/export_rmctrl_msgs__rosidl_generator_cExport.cmake
[0.813s] -- Up-to-date: /home/nhs/engineer/install/rmctrl_msgs/share/rmctrl_msgs/cmake/export_rmctrl_msgs__rosidl_generator_cExport-noconfig.cmake
[0.813s] -- Up-to-date: /home/nhs/engineer/install/rmctrl_msgs/share/rmctrl_msgs/cmake/export_rmctrl_msgs__rosidl_typesupport_fastrtps_cExport.cmake
[0.813s] -- Up-to-date: /home/nhs/engineer/install/rmctrl_msgs/share/rmctrl_msgs/cmake/export_rmctrl_msgs__rosidl_typesupport_fastrtps_cExport-noconfig.cmake
[0.813s] -- Up-to-date: /home/nhs/engineer/install/rmctrl_msgs/share/rmctrl_msgs/cmake/export_rmctrl_msgs__rosidl_generator_cppExport.cmake
[0.813s] -- Up-to-date: /home/nhs/engineer/install/rmctrl_msgs/share/rmctrl_msgs/cmake/export_rmctrl_msgs__rosidl_typesupport_fastrtps_cppExport.cmake
[0.814s] -- Up-to-date: /home/nhs/engineer/install/rmctrl_msgs/share/rmctrl_msgs/cmake/export_rmctrl_msgs__rosidl_typesupport_fastrtps_cppExport-noconfig.cmake
[0.814s] -- Up-to-date: /home/nhs/engineer/install/rmctrl_msgs/share/rmctrl_msgs/cmake/rmctrl_msgs__rosidl_typesupport_introspection_cExport.cmake
[0.814s] -- Up-to-date: /home/nhs/engineer/install/rmctrl_msgs/share/rmctrl_msgs/cmake/rmctrl_msgs__rosidl_typesupport_introspection_cExport-noconfig.cmake
[0.814s] -- Up-to-date: /home/nhs/engineer/install/rmctrl_msgs/share/rmctrl_msgs/cmake/rmctrl_msgs__rosidl_typesupport_cExport.cmake
[0.814s] -- Up-to-date: /home/nhs/engineer/install/rmctrl_msgs/share/rmctrl_msgs/cmake/rmctrl_msgs__rosidl_typesupport_cExport-noconfig.cmake
[0.814s] -- Up-to-date: /home/nhs/engineer/install/rmctrl_msgs/share/rmctrl_msgs/cmake/rmctrl_msgs__rosidl_typesupport_introspection_cppExport.cmake
[0.815s] -- Up-to-date: /home/nhs/engineer/install/rmctrl_msgs/share/rmctrl_msgs/cmake/rmctrl_msgs__rosidl_typesupport_introspection_cppExport-noconfig.cmake
[0.815s] -- Up-to-date: /home/nhs/engineer/install/rmctrl_msgs/share/rmctrl_msgs/cmake/rmctrl_msgs__rosidl_typesupport_cppExport.cmake
[0.815s] -- Up-to-date: /home/nhs/engineer/install/rmctrl_msgs/share/rmctrl_msgs/cmake/rmctrl_msgs__rosidl_typesupport_cppExport-noconfig.cmake
[0.815s] -- Up-to-date: /home/nhs/engineer/install/rmctrl_msgs/share/rmctrl_msgs/cmake/export_rmctrl_msgs__rosidl_generator_pyExport.cmake
[0.815s] -- Up-to-date: /home/nhs/engineer/install/rmctrl_msgs/share/rmctrl_msgs/cmake/export_rmctrl_msgs__rosidl_generator_pyExport-noconfig.cmake
[0.816s] -- Up-to-date: /home/nhs/engineer/install/rmctrl_msgs/share/rmctrl_msgs/cmake/rosidl_cmake-extras.cmake
[0.816s] -- Up-to-date: /home/nhs/engineer/install/rmctrl_msgs/share/rmctrl_msgs/cmake/ament_cmake_export_dependencies-extras.cmake
[0.816s] -- Up-to-date: /home/nhs/engineer/install/rmctrl_msgs/share/rmctrl_msgs/cmake/ament_cmake_export_include_directories-extras.cmake
[0.816s] -- Up-to-date: /home/nhs/engineer/install/rmctrl_msgs/share/rmctrl_msgs/cmake/ament_cmake_export_libraries-extras.cmake
[0.816s] -- Up-to-date: /home/nhs/engineer/install/rmctrl_msgs/share/rmctrl_msgs/cmake/ament_cmake_export_targets-extras.cmake
[0.816s] -- Up-to-date: /home/nhs/engineer/install/rmctrl_msgs/share/rmctrl_msgs/cmake/rosidl_cmake_export_typesupport_targets-extras.cmake
[0.817s] -- Up-to-date: /home/nhs/engineer/install/rmctrl_msgs/share/rmctrl_msgs/cmake/rosidl_cmake_export_typesupport_libraries-extras.cmake
[0.817s] -- Up-to-date: /home/nhs/engineer/install/rmctrl_msgs/share/rmctrl_msgs/cmake/rmctrl_msgsConfig.cmake
[0.817s] -- Up-to-date: /home/nhs/engineer/install/rmctrl_msgs/share/rmctrl_msgs/cmake/rmctrl_msgsConfig-version.cmake
[0.817s] -- Up-to-date: /home/nhs/engineer/install/rmctrl_msgs/share/rmctrl_msgs/package.xml
[0.820s] Invoked command in '/home/nhs/engineer/build/rmctrl_msgs' returned '0': CMAKE_PREFIX_PATH=/opt/ros/humble /usr/bin/cmake --install /home/nhs/engineer/build/rmctrl_msgs
