[0.214s] Invoking command in '/home/nhs/engineer/build/rm_description': CMAKE_PREFIX_PATH=${CMAKE_PREFIX_PATH}:/home/nhs/engineer/install/bubble_protocol:/opt/ros/humble /usr/bin/cmake /home/nhs/engineer/src/rm_description -DROS_EDITION=ROS2 -DHUMBLE_ROS=humble -DCMAKE_INSTALL_PREFIX=/home/nhs/engineer/install/rm_description
[0.671s] -- The C compiler identification is GNU 11.4.0
[0.672s] -- The CXX compiler identification is GNU 11.4.0
[0.672s] -- Detecting C compiler ABI info
[0.672s] -- Detecting C compiler ABI info - done
[0.672s] -- Check for working C compiler: /usr/bin/cc - skipped
[0.672s] -- Detecting C compile features
[0.672s] -- Detecting C compile features - done
[0.672s] -- Detecting CXX compiler ABI info
[0.672s] -- Detecting CXX compiler ABI info - done
[0.672s] -- Check for working CXX compiler: /usr/bin/c++ - skipped
[0.672s] -- Detecting CXX compile features
[0.672s] -- Detecting CXX compile features - done
[0.672s] -- Found ament_cmake: 1.3.12 (/opt/ros/humble/share/ament_cmake/cmake)
[0.750s] -- Found Python3: /usr/bin/python3 (found version "3.10.12") found components: Interpreter 
[0.905s] -- Found ament_lint_auto: 0.12.14 (/opt/ros/humble/share/ament_lint_auto/cmake)
[1.084s] [33mCMake Warning:
[1.084s]   Manually-specified variables were not used by the project:
[1.084s] 
[1.084s]     HUMBLE_ROS
[1.084s]     ROS_EDITION
[1.084s] 
[1.084s] [0m
[1.084s] -- Added test 'flake8' to check Python code syntax and style conventions
[1.084s] -- Added test 'lint_cmake' to check CMake code style
[1.084s] -- Added test 'pep257' to check Python code against some of the docstring style conventions in PEP 257
[1.084s] -- Added test 'xmllint' to check XML markup files
[1.084s] -- Configuring done
[1.084s] -- Generating done
[1.084s] -- Build files have been written to: /home/nhs/engineer/build/rm_description
[1.111s] Invoked command in '/home/nhs/engineer/build/rm_description' returned '0': CMAKE_PREFIX_PATH=${CMAKE_PREFIX_PATH}:/home/nhs/engineer/install/bubble_protocol:/opt/ros/humble /usr/bin/cmake /home/nhs/engineer/src/rm_description -DROS_EDITION=ROS2 -DHUMBLE_ROS=humble -DCMAKE_INSTALL_PREFIX=/home/nhs/engineer/install/rm_description
[1.112s] Invoking command in '/home/nhs/engineer/build/rm_description': CMAKE_PREFIX_PATH=${CMAKE_PREFIX_PATH}:/home/nhs/engineer/install/bubble_protocol:/opt/ros/humble /usr/bin/cmake --build /home/nhs/engineer/build/rm_description -- -j8 -l8
[1.316s] Invoked command in '/home/nhs/engineer/build/rm_description' returned '0': CMAKE_PREFIX_PATH=${CMAKE_PREFIX_PATH}:/home/nhs/engineer/install/bubble_protocol:/opt/ros/humble /usr/bin/cmake --build /home/nhs/engineer/build/rm_description -- -j8 -l8
[1.316s] Invoking command in '/home/nhs/engineer/build/rm_description': CMAKE_PREFIX_PATH=${CMAKE_PREFIX_PATH}:/home/nhs/engineer/install/bubble_protocol:/opt/ros/humble /usr/bin/cmake --install /home/nhs/engineer/build/rm_description
[3.036s] -- Install configuration: ""
[3.036s] -- Installing: /home/nhs/engineer/install/rm_description/share/rm_description/launch
[3.036s] -- Installing: /home/nhs/engineer/install/rm_description/share/rm_description/launch/model.launch.py
[3.036s] -- Installing: /home/nhs/engineer/install/rm_description/share/rm_description/launch/view_model.launch.py
[3.036s] -- Installing: /home/nhs/engineer/install/rm_description/share/rm_description/launch/view_model.rviz
[3.036s] -- Installing: /home/nhs/engineer/install/rm_description/share/rm_description/urdf
[3.036s] -- Installing: /home/nhs/engineer/install/rm_description/share/rm_description/urdf/engineer.urdf.xacro
[3.037s] -- Installing: /home/nhs/engineer/install/rm_description/share/ament_index/resource_index/package_run_dependencies/rm_description
[3.037s] -- Installing: /home/nhs/engineer/install/rm_description/share/ament_index/resource_index/parent_prefix_path/rm_description
[3.037s] -- Installing: /home/nhs/engineer/install/rm_description/share/rm_description/environment/ament_prefix_path.sh
[3.037s] -- Installing: /home/nhs/engineer/install/rm_description/share/rm_description/environment/ament_prefix_path.dsv
[3.037s] -- Installing: /home/nhs/engineer/install/rm_description/share/rm_description/environment/path.sh
[3.037s] -- Installing: /home/nhs/engineer/install/rm_description/share/rm_description/environment/path.dsv
[3.037s] -- Installing: /home/nhs/engineer/install/rm_description/share/rm_description/local_setup.bash
[3.037s] -- Installing: /home/nhs/engineer/install/rm_description/share/rm_description/local_setup.sh
[3.037s] -- Installing: /home/nhs/engineer/install/rm_description/share/rm_description/local_setup.zsh
[3.037s] -- Installing: /home/nhs/engineer/install/rm_description/share/rm_description/local_setup.dsv
[3.037s] -- Installing: /home/nhs/engineer/install/rm_description/share/rm_description/package.dsv
[3.037s] -- Installing: /home/nhs/engineer/install/rm_description/share/ament_index/resource_index/packages/rm_description
[3.037s] -- Installing: /home/nhs/engineer/install/rm_description/share/rm_description/cmake/rm_descriptionConfig.cmake
[3.037s] -- Installing: /home/nhs/engineer/install/rm_description/share/rm_description/cmake/rm_descriptionConfig-version.cmake
[3.038s] -- Installing: /home/nhs/engineer/install/rm_description/share/rm_description/package.xml
[3.095s] Invoked command in '/home/nhs/engineer/build/rm_description' returned '0': CMAKE_PREFIX_PATH=${CMAKE_PREFIX_PATH}:/home/nhs/engineer/install/bubble_protocol:/opt/ros/humble /usr/bin/cmake --install /home/nhs/engineer/build/rm_description
