[0.028s] Invoking command in '/home/nhs/engineer/build/linefit_ground_segmentation': CMAKE_PREFIX_PATH=${CMAKE_PREFIX_PATH}:/home/nhs/engineer/install/bubble_protocol:/opt/ros/humble /usr/bin/cmake /home/nhs/engineer/src/rm_perception/linefit_ground_segementation_ros2/linefit_ground_segmentation -DROS_EDITION=ROS2 -DHUMBLE_ROS=humble -DCMAKE_INSTALL_PREFIX=/home/nhs/engineer/install/linefit_ground_segmentation
[0.225s] -- The C compiler identification is GNU 11.4.0
[0.225s] -- The CXX compiler identification is GNU 11.4.0
[0.225s] -- Detecting C compiler ABI info
[0.225s] -- Detecting C compiler ABI info - done
[0.226s] -- Check for working C compiler: /usr/bin/cc - skipped
[0.226s] -- Detecting C compile features
[0.226s] -- Detecting C compile features - done
[0.226s] -- Detecting CXX compiler ABI info
[0.279s] -- Detecting CXX compiler ABI info - done
[0.288s] -- Check for working CXX compiler: /usr/bin/c++ - skipped
[0.289s] -- Detecting CXX compile features
[0.289s] -- Detecting CXX compile features - done
[0.290s] -- Found ament_cmake_auto: 1.3.12 (/opt/ros/humble/share/ament_cmake_auto/cmake)
[0.468s] -- Found Python3: /usr/bin/python3 (found version "3.10.12") found components: Interpreter 
[0.747s] -- Found rosidl_generator_c: 3.1.7 (/opt/ros/humble/share/rosidl_generator_c/cmake)
[0.750s] -- Found rosidl_adapter: 3.1.7 (/opt/ros/humble/share/rosidl_adapter/cmake)
[0.758s] -- Found rosidl_generator_cpp: 3.1.7 (/opt/ros/humble/share/rosidl_generator_cpp/cmake)
[0.772s] -- Using all available rosidl_typesupport_c: rosidl_typesupport_fastrtps_c;rosidl_typesupport_introspection_c
[0.801s] -- Using all available rosidl_typesupport_cpp: rosidl_typesupport_fastrtps_cpp;rosidl_typesupport_introspection_cpp
[0.923s] -- Found rmw_implementation_cmake: 6.1.2 (/opt/ros/humble/share/rmw_implementation_cmake/cmake)
[0.941s] -- Found rmw_fastrtps_cpp: 6.2.8 (/opt/ros/humble/share/rmw_fastrtps_cpp/cmake)
[1.114s] -- Found OpenSSL: /usr/lib/x86_64-linux-gnu/libcrypto.so (found version "3.0.2")  
[1.180s] -- Found FastRTPS: /opt/ros/humble/include  
[1.275s] -- Using RMW implementation 'rmw_fastrtps_cpp' as default
[1.290s] -- Looking for pthread.h
[1.515s] -- Looking for pthread.h - found
[1.515s] -- Performing Test CMAKE_HAVE_LIBC_PTHREAD
[1.672s] -- Performing Test CMAKE_HAVE_LIBC_PTHREAD - Success
[1.672s] -- Found Threads: TRUE  
[1.982s] -- Checking for module 'eigen3'
[2.018s] --   Found eigen3, version 3.4.0
[2.103s] -- Found Eigen: /usr/include/eigen3 (Required is at least version "3.1") 
[2.103s] -- Eigen found (include: /usr/include/eigen3, version: 3.4.0)
[2.198s] -- Checking for module 'flann'
[2.236s] --   Found flann, version 1.9.1
[2.338s] -- Found FLANN: /usr/lib/x86_64-linux-gnu/libflann_cpp.so  
[2.338s] -- FLANN found (include: /usr/include, lib: /usr/lib/x86_64-linux-gnu/libflann_cpp.so)
[5.324s] -- Checking for module 'libusb-1.0'
[5.367s] --   Found libusb-1.0, version 1.0.25
[5.456s] -- Found libusb: /usr/lib/x86_64-linux-gnu/libusb-1.0.so  
[5.458s] -- OpenNI found (version: 1.5.4.0, include: /usr/include/ni, lib: /usr/lib/libOpenNI.so;libusb::libusb)
[5.595s] -- OpenNI2 found (version: 2.2.0.33, include: /usr/include/openni2, lib: /usr/lib/x86_64-linux-gnu/libOpenNI2.so;libusb::libusb)
[6.024s] -- Eigen found (include: /usr/include/eigen3, version: 3.4.0)
[6.042s] -- OpenNI found (version: 1.5.4.0, include: /usr/include/ni, lib: /usr/lib/libOpenNI.so;libusb::libusb)
[6.067s] -- OpenNI2 found (version: 2.2.0.33, include: /usr/include/openni2, lib: /usr/lib/x86_64-linux-gnu/libOpenNI2.so;libusb::libusb)
[6.518s] -- Found Qhull version 8.0.2
[6.961s] -- OpenNI found (version: 1.5.4.0, include: /usr/include/ni, lib: /usr/lib/libOpenNI.so;libusb::libusb)
[7.560s] -- Found PCL_COMMON: /usr/lib/x86_64-linux-gnu/libpcl_common.so  
[7.571s] -- Found PCL_KDTREE: /usr/lib/x86_64-linux-gnu/libpcl_kdtree.so  
[7.572s] -- Found PCL_OCTREE: /usr/lib/x86_64-linux-gnu/libpcl_octree.so  
[7.573s] -- Found PCL_SEARCH: /usr/lib/x86_64-linux-gnu/libpcl_search.so  
[7.586s] -- Found PCL_SAMPLE_CONSENSUS: /usr/lib/x86_64-linux-gnu/libpcl_sample_consensus.so  
[7.594s] -- Found PCL_FILTERS: /usr/lib/x86_64-linux-gnu/libpcl_filters.so  
[7.594s] -- Found PCL_2D: /usr/include/pcl-1.12  
[7.602s] -- Found PCL_GEOMETRY: /usr/include/pcl-1.12  
[7.602s] -- Found PCL_IO: /usr/lib/x86_64-linux-gnu/libpcl_io.so  
[7.608s] -- Found PCL_FEATURES: /usr/lib/x86_64-linux-gnu/libpcl_features.so  
[7.609s] -- Found PCL_ML: /usr/lib/x86_64-linux-gnu/libpcl_ml.so  
[7.612s] -- Found PCL_SEGMENTATION: /usr/lib/x86_64-linux-gnu/libpcl_segmentation.so  
[7.637s] -- Found PCL_VISUALIZATION: /usr/lib/x86_64-linux-gnu/libpcl_visualization.so  
[7.637s] -- Found PCL_SURFACE: /usr/lib/x86_64-linux-gnu/libpcl_surface.so  
[7.642s] -- Found PCL_REGISTRATION: /usr/lib/x86_64-linux-gnu/libpcl_registration.so  
[7.644s] -- Found PCL_KEYPOINTS: /usr/lib/x86_64-linux-gnu/libpcl_keypoints.so  
[7.649s] -- Found PCL_TRACKING: /usr/lib/x86_64-linux-gnu/libpcl_tracking.so  
[7.651s] -- Found PCL_RECOGNITION: /usr/lib/x86_64-linux-gnu/libpcl_recognition.so  
[7.661s] -- Found PCL_STEREO: /usr/lib/x86_64-linux-gnu/libpcl_stereo.so  
[7.661s] -- Found PCL_APPS: /usr/lib/x86_64-linux-gnu/libpcl_apps.so  
[7.663s] -- Found PCL_IN_HAND_SCANNER: /usr/include/pcl-1.12  
[7.664s] -- Found PCL_MODELER: /usr/include/pcl-1.12  
[7.664s] -- Found PCL_POINT_CLOUD_EDITOR: /usr/include/pcl-1.12  
[7.672s] -- Found PCL_OUTOFCORE: /usr/lib/x86_64-linux-gnu/libpcl_outofcore.so  
[7.672s] -- Found PCL_PEOPLE: /usr/lib/x86_64-linux-gnu/libpcl_people.so  
[7.745s] -- Found eigen3_cmake_module: 0.1.1 (/opt/ros/humble/share/eigen3_cmake_module/cmake)
[7.748s] -- Found Eigen3: TRUE (found version "3.4.0") 
[7.750s] -- Ensuring Eigen3 include directory is part of orocos-kdl CMake target
[8.121s] [0mIn this package, headers install destination is set to `include` by ament_auto_package. It is recommended to install `include/linefit_ground_segmentation` instead and will be the default behavior of ament_auto_package from ROS 2 Kilted Kaiju. On distributions before Kilted, ament_auto_package behaves the same way when you use USE_SCOPED_HEADER_INSTALL_DIR option.[0m
[8.129s] -- Configuring done
[8.288s] -- Generating done
[8.294s] [33mCMake Warning:
[8.295s]   Manually-specified variables were not used by the project:
[8.295s] 
[8.295s]     HUMBLE_ROS
[8.295s]     ROS_EDITION
[8.295s] 
[8.295s] [0m
[8.333s] -- Build files have been written to: /home/nhs/engineer/build/linefit_ground_segmentation
[8.422s] Invoked command in '/home/nhs/engineer/build/linefit_ground_segmentation' returned '0': CMAKE_PREFIX_PATH=${CMAKE_PREFIX_PATH}:/home/nhs/engineer/install/bubble_protocol:/opt/ros/humble /usr/bin/cmake /home/nhs/engineer/src/rm_perception/linefit_ground_segementation_ros2/linefit_ground_segmentation -DROS_EDITION=ROS2 -DHUMBLE_ROS=humble -DCMAKE_INSTALL_PREFIX=/home/nhs/engineer/install/linefit_ground_segmentation
[8.434s] Invoking command in '/home/nhs/engineer/build/linefit_ground_segmentation': CMAKE_PREFIX_PATH=${CMAKE_PREFIX_PATH}:/home/nhs/engineer/install/bubble_protocol:/opt/ros/humble /usr/bin/cmake --build /home/nhs/engineer/build/linefit_ground_segmentation -- -j8 -l8
[8.633s] [ 20%] [32mBuilding CXX object CMakeFiles/linefit_ground_segmentation.dir/src/ground_segmentation.cc.o[0m
[8.648s] [ 40%] [32mBuilding CXX object CMakeFiles/linefit_ground_segmentation.dir/src/bin.cc.o[0m
[8.654s] [ 60%] [32mBuilding CXX object CMakeFiles/linefit_ground_segmentation.dir/src/segment.cc.o[0m
[8.674s] [ 80%] [32mBuilding CXX object CMakeFiles/linefit_ground_segmentation.dir/src/viewer.cc.o[0m
[30.742s] [100%] [32m[1mLinking CXX shared library liblinefit_ground_segmentation.so[0m
[31.537s] [100%] Built target linefit_ground_segmentation
[31.555s] Invoked command in '/home/nhs/engineer/build/linefit_ground_segmentation' returned '0': CMAKE_PREFIX_PATH=${CMAKE_PREFIX_PATH}:/home/nhs/engineer/install/bubble_protocol:/opt/ros/humble /usr/bin/cmake --build /home/nhs/engineer/build/linefit_ground_segmentation -- -j8 -l8
[31.556s] Invoking command in '/home/nhs/engineer/build/linefit_ground_segmentation': CMAKE_PREFIX_PATH=${CMAKE_PREFIX_PATH}:/home/nhs/engineer/install/bubble_protocol:/opt/ros/humble /usr/bin/cmake --install /home/nhs/engineer/build/linefit_ground_segmentation
[31.565s] -- Install configuration: ""
[31.565s] -- Installing: /home/nhs/engineer/install/linefit_ground_segmentation/include
[31.565s] -- Installing: /home/nhs/engineer/install/linefit_ground_segmentation/include/ground_segmentation
[31.565s] -- Installing: /home/nhs/engineer/install/linefit_ground_segmentation/include/ground_segmentation/ground_segmentation.h
[31.565s] -- Installing: /home/nhs/engineer/install/linefit_ground_segmentation/include/ground_segmentation/viewer.h
[31.565s] -- Installing: /home/nhs/engineer/install/linefit_ground_segmentation/include/ground_segmentation/segment.h
[31.565s] -- Installing: /home/nhs/engineer/install/linefit_ground_segmentation/include/ground_segmentation/typedefs.h
[31.565s] -- Installing: /home/nhs/engineer/install/linefit_ground_segmentation/include/ground_segmentation/bin.h
[31.565s] -- Installing: /home/nhs/engineer/install/linefit_ground_segmentation/share/linefit_ground_segmentation/environment/library_path.sh
[31.565s] -- Installing: /home/nhs/engineer/install/linefit_ground_segmentation/share/linefit_ground_segmentation/environment/library_path.dsv
[31.565s] -- Installing: /home/nhs/engineer/install/linefit_ground_segmentation/lib/liblinefit_ground_segmentation.so
[31.566s] -- Set runtime path of "/home/nhs/engineer/install/linefit_ground_segmentation/lib/liblinefit_ground_segmentation.so" to ""
[31.566s] -- Installing: /home/nhs/engineer/install/linefit_ground_segmentation/share/ament_index/resource_index/package_run_dependencies/linefit_ground_segmentation
[31.566s] -- Installing: /home/nhs/engineer/install/linefit_ground_segmentation/share/ament_index/resource_index/parent_prefix_path/linefit_ground_segmentation
[31.566s] -- Installing: /home/nhs/engineer/install/linefit_ground_segmentation/share/linefit_ground_segmentation/environment/ament_prefix_path.sh
[31.566s] -- Installing: /home/nhs/engineer/install/linefit_ground_segmentation/share/linefit_ground_segmentation/environment/ament_prefix_path.dsv
[31.566s] -- Installing: /home/nhs/engineer/install/linefit_ground_segmentation/share/linefit_ground_segmentation/environment/path.sh
[31.566s] -- Installing: /home/nhs/engineer/install/linefit_ground_segmentation/share/linefit_ground_segmentation/environment/path.dsv
[31.566s] -- Installing: /home/nhs/engineer/install/linefit_ground_segmentation/share/linefit_ground_segmentation/local_setup.bash
[31.566s] -- Installing: /home/nhs/engineer/install/linefit_ground_segmentation/share/linefit_ground_segmentation/local_setup.sh
[31.566s] -- Installing: /home/nhs/engineer/install/linefit_ground_segmentation/share/linefit_ground_segmentation/local_setup.zsh
[31.566s] -- Installing: /home/nhs/engineer/install/linefit_ground_segmentation/share/linefit_ground_segmentation/local_setup.dsv
[31.566s] -- Installing: /home/nhs/engineer/install/linefit_ground_segmentation/share/linefit_ground_segmentation/package.dsv
[31.566s] -- Installing: /home/nhs/engineer/install/linefit_ground_segmentation/share/ament_index/resource_index/packages/linefit_ground_segmentation
[31.566s] -- Installing: /home/nhs/engineer/install/linefit_ground_segmentation/share/linefit_ground_segmentation/cmake/ament_cmake_export_dependencies-extras.cmake
[31.566s] -- Installing: /home/nhs/engineer/install/linefit_ground_segmentation/share/linefit_ground_segmentation/cmake/ament_cmake_export_include_directories-extras.cmake
[31.566s] -- Installing: /home/nhs/engineer/install/linefit_ground_segmentation/share/linefit_ground_segmentation/cmake/ament_cmake_export_libraries-extras.cmake
[31.566s] -- Installing: /home/nhs/engineer/install/linefit_ground_segmentation/share/linefit_ground_segmentation/cmake/linefit_ground_segmentationConfig.cmake
[31.566s] -- Installing: /home/nhs/engineer/install/linefit_ground_segmentation/share/linefit_ground_segmentation/cmake/linefit_ground_segmentationConfig-version.cmake
[31.567s] -- Installing: /home/nhs/engineer/install/linefit_ground_segmentation/share/linefit_ground_segmentation/package.xml
[31.584s] Invoked command in '/home/nhs/engineer/build/linefit_ground_segmentation' returned '0': CMAKE_PREFIX_PATH=${CMAKE_PREFIX_PATH}:/home/nhs/engineer/install/bubble_protocol:/opt/ros/humble /usr/bin/cmake --install /home/nhs/engineer/build/linefit_ground_segmentation
