[0.028s] Invoking command in '/home/zrk/engineer_up/engineer/build/livox_ros_driver2': CMAKE_PREFIX_PATH=/opt/ros/humble /usr/bin/cmake /home/zrk/engineer_up/engineer/src/rm_driver/livox_ros_driver2 -DROS_EDITION=ROS2 -DHUMBLE_ROS=humble -DCMAKE_INSTALL_PREFIX=/home/zrk/engineer_up/engineer/install/livox_ros_driver2
[0.218s] -- The C compiler identification is GNU 11.4.0
[0.218s] -- The CXX compiler identification is GNU 11.4.0
[0.218s] -- Detecting C compiler ABI info
[0.218s] -- Detecting C compiler ABI info - done
[0.218s] -- Check for working C compiler: /usr/bin/cc - skipped
[0.219s] -- Detecting C compile features
[0.219s] -- Detecting C compile features - done
[0.219s] -- Detecting CXX compiler ABI info
[0.256s] -- Detecting CXX compiler ABI info - done
[0.262s] -- Check for working CXX compiler: /usr/bin/c++ - skipped
[0.262s] -- Detecting CXX compile features
[0.263s] -- Detecting CXX compile features - done
[0.263s] -- livox_ros_driver2 version: 1.2.4
[0.265s] -- Found ament_cmake_auto: 1.3.11 (/opt/ros/humble/share/ament_cmake_auto/cmake)
[0.409s] -- Found Python3: /usr/bin/python3 (found version "3.10.12") found components: Interpreter 
[0.557s] -- Using all available rosidl_typesupport_c: rosidl_typesupport_fastrtps_c;rosidl_typesupport_introspection_c
[0.565s] -- Found rosidl_adapter: 3.1.6 (/opt/ros/humble/share/rosidl_adapter/cmake)
[0.620s] -- Using all available rosidl_typesupport_cpp: rosidl_typesupport_fastrtps_cpp;rosidl_typesupport_introspection_cpp
[0.826s] -- Found rmw_implementation_cmake: 6.1.2 (/opt/ros/humble/share/rmw_implementation_cmake/cmake)
[0.835s] -- Found rmw_fastrtps_cpp: 6.2.7 (/opt/ros/humble/share/rmw_fastrtps_cpp/cmake)
[1.109s] -- Found OpenSSL: /usr/lib/x86_64-linux-gnu/libcrypto.so (found version "3.0.2")  
[1.194s] -- Found FastRTPS: /opt/ros/humble/include  
[1.323s] -- Using RMW implementation 'rmw_fastrtps_cpp' as default
[1.349s] -- Looking for pthread.h
[1.522s] -- Looking for pthread.h - found
[1.522s] -- Performing Test CMAKE_HAVE_LIBC_PTHREAD
[1.754s] -- Performing Test CMAKE_HAVE_LIBC_PTHREAD - Success
[1.757s] -- Found Threads: TRUE  
[2.009s] -- Checking for module 'eigen3'
[2.041s] --   Found eigen3, version 3.4.0
[2.141s] -- Found Eigen: /usr/include/eigen3 (Required is at least version "3.1") 
[2.142s] -- Eigen found (include: /usr/include/eigen3, version: 3.4.0)
[2.220s] -- Checking for module 'flann'
[2.254s] --   Found flann, version 1.9.1
[2.372s] -- Found FLANN: /usr/lib/x86_64-linux-gnu/libflann_cpp.so  
[2.372s] -- FLANN found (include: /usr/include, lib: /usr/lib/x86_64-linux-gnu/libflann_cpp.so)
[5.339s] -- Checking for module 'libusb-1.0'
[5.389s] --   Found libusb-1.0, version 1.0.25
[5.519s] -- Found libusb: /usr/lib/x86_64-linux-gnu/libusb-1.0.so  
[5.523s] -- OpenNI found (version: 1.5.4.0, include: /usr/include/ni, lib: /usr/lib/libOpenNI.so;libusb::libusb)
[5.712s] -- OpenNI2 found (version: 2.2.0.33, include: /usr/include/openni2, lib: /usr/lib/x86_64-linux-gnu/libOpenNI2.so;libusb::libusb)
[6.299s] -- Eigen found (include: /usr/include/eigen3, version: 3.4.0)
[6.316s] -- OpenNI found (version: 1.5.4.0, include: /usr/include/ni, lib: /usr/lib/libOpenNI.so;libusb::libusb)
[6.334s] -- OpenNI2 found (version: 2.2.0.33, include: /usr/include/openni2, lib: /usr/lib/x86_64-linux-gnu/libOpenNI2.so;libusb::libusb)
[6.858s] -- Found Qhull version 8.0.2
[7.292s] -- OpenNI found (version: 1.5.4.0, include: /usr/include/ni, lib: /usr/lib/libOpenNI.so;libusb::libusb)
[7.730s] -- Found PCL_COMMON: /usr/lib/x86_64-linux-gnu/libpcl_common.so  
[7.733s] -- Found PCL_KDTREE: /usr/lib/x86_64-linux-gnu/libpcl_kdtree.so  
[7.735s] -- Found PCL_OCTREE: /usr/lib/x86_64-linux-gnu/libpcl_octree.so  
[7.739s] -- Found PCL_SEARCH: /usr/lib/x86_64-linux-gnu/libpcl_search.so  
[7.741s] -- Found PCL_SAMPLE_CONSENSUS: /usr/lib/x86_64-linux-gnu/libpcl_sample_consensus.so  
[7.744s] -- Found PCL_FILTERS: /usr/lib/x86_64-linux-gnu/libpcl_filters.so  
[7.745s] -- Found PCL_2D: /usr/include/pcl-1.12  
[7.747s] -- Found PCL_GEOMETRY: /usr/include/pcl-1.12  
[7.748s] -- Found PCL_IO: /usr/lib/x86_64-linux-gnu/libpcl_io.so  
[7.750s] -- Found PCL_FEATURES: /usr/lib/x86_64-linux-gnu/libpcl_features.so  
[7.752s] -- Found PCL_ML: /usr/lib/x86_64-linux-gnu/libpcl_ml.so  
[7.754s] -- Found PCL_SEGMENTATION: /usr/lib/x86_64-linux-gnu/libpcl_segmentation.so  
[7.757s] -- Found PCL_VISUALIZATION: /usr/lib/x86_64-linux-gnu/libpcl_visualization.so  
[7.761s] -- Found PCL_SURFACE: /usr/lib/x86_64-linux-gnu/libpcl_surface.so  
[7.762s] -- Found PCL_REGISTRATION: /usr/lib/x86_64-linux-gnu/libpcl_registration.so  
[7.768s] -- Found PCL_KEYPOINTS: /usr/lib/x86_64-linux-gnu/libpcl_keypoints.so  
[7.771s] -- Found PCL_TRACKING: /usr/lib/x86_64-linux-gnu/libpcl_tracking.so  
[7.773s] -- Found PCL_RECOGNITION: /usr/lib/x86_64-linux-gnu/libpcl_recognition.so  
[7.775s] -- Found PCL_STEREO: /usr/lib/x86_64-linux-gnu/libpcl_stereo.so  
[7.779s] -- Found PCL_APPS: /usr/lib/x86_64-linux-gnu/libpcl_apps.so  
[7.782s] -- Found PCL_IN_HAND_SCANNER: /usr/include/pcl-1.12  
[7.782s] -- Found PCL_MODELER: /usr/include/pcl-1.12  
[7.782s] -- Found PCL_POINT_CLOUD_EDITOR: /usr/include/pcl-1.12  
[7.785s] -- Found PCL_OUTOFCORE: /usr/lib/x86_64-linux-gnu/libpcl_outofcore.so  
[7.787s] -- Found PCL_PEOPLE: /usr/lib/x86_64-linux-gnu/libpcl_people.so  
[7.918s] -- Found PkgConfig: /usr/bin/pkg-config (found version "0.29.2") 
[7.923s] -- Checking for module 'apr-1'
[7.967s] --   Found apr-1, version 1.7.0
[8.083s] [0m/usr/include/apr-1.0[0m
[8.083s] [0mapr-1[0m
[8.712s] -- Found ament_cmake_ros: 0.10.0 (/opt/ros/humble/share/ament_cmake_ros/cmake)
[9.483s] -- Using all available rosidl_typesupport_c: rosidl_typesupport_fastrtps_c;rosidl_typesupport_introspection_c
[10.242s] -- Using all available rosidl_typesupport_cpp: rosidl_typesupport_fastrtps_cpp;rosidl_typesupport_introspection_cpp
[10.328s] -- Found PythonInterp: /usr/bin/python3 (found suitable version "3.10.12", minimum required is "3.6") 
[10.333s] -- Found python_cmake_module: 0.10.0 (/opt/ros/humble/share/python_cmake_module/cmake)
[10.378s] -- Found PythonLibs: /usr/lib/x86_64-linux-gnu/libpython3.10.so (found suitable version "3.10.12", minimum required is "3.5") 
[10.379s] -- Using PYTHON_EXECUTABLE: /usr/bin/python3
[10.379s] -- Using PYTHON_INCLUDE_DIRS: /usr/include/python3.10
[10.379s] -- Using PYTHON_LIBRARIES: /usr/lib/x86_64-linux-gnu/libpython3.10.so
[10.406s] -- Found PythonExtra: .so  
[10.510s] -- Found ament_lint_auto: 0.12.12 (/opt/ros/humble/share/ament_lint_auto/cmake)
[10.539s] -- Added test 'copyright' to check source files copyright and LICENSE
[10.549s] -- Added test 'cppcheck' to perform static code analysis on C / C++ code
[10.552s] -- Configured cppcheck include dirs: /home/zrk/engineer_up/engineer/src/rm_driver/livox_ros_driver2/3rdparty;/home/zrk/engineer_up/engineer/src/rm_driver/livox_ros_driver2/src
[10.553s] -- Configured cppcheck exclude dirs and/or files: 
[10.559s] -- Added test 'cpplint' to check C / C++ code against the Google style
[10.559s] -- Configured cpplint exclude dirs and/or files: 
[10.561s] -- Added test 'flake8' to check Python code syntax and style conventions
[10.565s] -- Added test 'lint_cmake' to check CMake code style
[10.566s] -- Added test 'pep257' to check Python code against some of the docstring style conventions in PEP 257
[10.574s] -- Added test 'uncrustify' to check C / C++ code style
[10.574s] -- Configured uncrustify additional arguments: 
[10.576s] -- Added test 'xmllint' to check XML markup files
[10.581s] -- Configuring done
[10.704s] -- Generating done
[10.743s] -- Build files have been written to: /home/zrk/engineer_up/engineer/build/livox_ros_driver2
[10.802s] Invoked command in '/home/zrk/engineer_up/engineer/build/livox_ros_driver2' returned '0': CMAKE_PREFIX_PATH=/opt/ros/humble /usr/bin/cmake /home/zrk/engineer_up/engineer/src/rm_driver/livox_ros_driver2 -DROS_EDITION=ROS2 -DHUMBLE_ROS=humble -DCMAKE_INSTALL_PREFIX=/home/zrk/engineer_up/engineer/install/livox_ros_driver2
[10.806s] Invoking command in '/home/zrk/engineer_up/engineer/build/livox_ros_driver2': CMAKE_PREFIX_PATH=/opt/ros/humble /usr/bin/cmake --build /home/zrk/engineer_up/engineer/build/livox_ros_driver2 -- -j16 -l16
[10.910s] [  1%] [34m[1mGenerating C code for ROS interfaces[0m
[10.941s] [  5%] [34m[1mGenerating C++ code for ROS interfaces[0m
[10.946s] [  5%] [32mBuilding CXX object CMakeFiles/livox_ros_driver2_node.dir/rclcpp_components/node_main_livox_ros_driver2_node.cpp.o[0m
[10.974s] [  5%] Built target ament_cmake_python_copy_livox_ros_driver2
[11.700s] running egg_info
[11.701s] creating livox_ros_driver2.egg-info
[11.701s] writing livox_ros_driver2.egg-info/PKG-INFO
[11.702s] writing dependency_links to livox_ros_driver2.egg-info/dependency_links.txt
[11.702s] writing top-level names to livox_ros_driver2.egg-info/top_level.txt
[11.702s] writing manifest file 'livox_ros_driver2.egg-info/SOURCES.txt'
[11.713s] reading manifest file 'livox_ros_driver2.egg-info/SOURCES.txt'
[11.714s] writing manifest file 'livox_ros_driver2.egg-info/SOURCES.txt'
[11.846s] [  5%] Built target ament_cmake_python_build_livox_ros_driver2_egg
[12.373s] [  7%] [32mBuilding C object CMakeFiles/livox_interfaces2__rosidl_generator_c.dir/rosidl_generator_c/livox_ros_driver2/msg/detail/custom_point__functions.c.o[0m
[12.378s] [  8%] [32mBuilding C object CMakeFiles/livox_interfaces2__rosidl_generator_c.dir/rosidl_generator_c/livox_ros_driver2/msg/detail/custom_msg__functions.c.o[0m
[12.378s] [  8%] Built target livox_interfaces2__cpp
[12.404s] [ 10%] [34m[1mGenerating C++ type support dispatch for ROS interfaces[0m
[12.405s] [ 12%] [34m[1mGenerating C++ introspection for ROS interfaces[0m
[12.406s] [ 14%] [34m[1mGenerating C++ type support for eProsima Fast-RTPS[0m
[12.516s] [ 15%] [32m[1mLinking C shared library liblivox_ros_driver2__rosidl_generator_c.so[0m
[12.654s] [ 15%] Built target livox_interfaces2__rosidl_generator_c
[12.689s] [ 17%] [34m[1mGenerating C type support for eProsima Fast-RTPS[0m
[12.689s] [ 19%] [34m[1mGenerating C introspection for ROS interfaces[0m
[12.700s] [ 21%] [34m[1mGenerating C type support dispatch for ROS interfaces[0m
[13.298s] [ 22%] [32mBuilding CXX object CMakeFiles/livox_interfaces2__rosidl_typesupport_introspection_cpp.dir/rosidl_typesupport_introspection_cpp/livox_ros_driver2/msg/detail/custom_msg__type_support.cpp.o[0m
[13.306s] [ 24%] [32mBuilding CXX object CMakeFiles/livox_interfaces2__rosidl_typesupport_introspection_cpp.dir/rosidl_typesupport_introspection_cpp/livox_ros_driver2/msg/detail/custom_point__type_support.cpp.o[0m
[13.353s] [ 26%] [32mBuilding CXX object CMakeFiles/livox_interfaces2__rosidl_typesupport_cpp.dir/rosidl_typesupport_cpp/livox_ros_driver2/msg/custom_point__type_support.cpp.o[0m
[13.361s] [ 28%] [32mBuilding CXX object CMakeFiles/livox_interfaces2__rosidl_typesupport_cpp.dir/rosidl_typesupport_cpp/livox_ros_driver2/msg/custom_msg__type_support.cpp.o[0m
[13.479s] [ 29%] [32mBuilding CXX object CMakeFiles/livox_interfaces2__rosidl_typesupport_fastrtps_cpp.dir/rosidl_typesupport_fastrtps_cpp/livox_ros_driver2/msg/detail/dds_fastrtps/custom_point__type_support.cpp.o[0m
[13.480s] [ 31%] [32mBuilding CXX object CMakeFiles/livox_interfaces2__rosidl_typesupport_fastrtps_cpp.dir/rosidl_typesupport_fastrtps_cpp/livox_ros_driver2/msg/detail/dds_fastrtps/custom_msg__type_support.cpp.o[0m
[13.619s] [ 33%] [32mBuilding C object CMakeFiles/livox_interfaces2__rosidl_typesupport_introspection_c.dir/rosidl_typesupport_introspection_c/livox_ros_driver2/msg/detail/custom_point__type_support.c.o[0m
[13.622s] [ 35%] [32mBuilding C object CMakeFiles/livox_interfaces2__rosidl_typesupport_introspection_c.dir/rosidl_typesupport_introspection_c/livox_ros_driver2/msg/detail/custom_msg__type_support.c.o[0m
[13.663s] [ 36%] [32mBuilding CXX object CMakeFiles/livox_interfaces2__rosidl_typesupport_fastrtps_c.dir/rosidl_typesupport_fastrtps_c/livox_ros_driver2/msg/detail/custom_msg__type_support_c.cpp.o[0m
[13.670s] [ 38%] [32mBuilding CXX object CMakeFiles/livox_interfaces2__rosidl_typesupport_fastrtps_c.dir/rosidl_typesupport_fastrtps_c/livox_ros_driver2/msg/detail/custom_point__type_support_c.cpp.o[0m
[13.717s] [ 40%] [32mBuilding CXX object CMakeFiles/livox_interfaces2__rosidl_typesupport_c.dir/rosidl_typesupport_c/livox_ros_driver2/msg/custom_msg__type_support.cpp.o[0m
[13.718s] [ 42%] [32mBuilding CXX object CMakeFiles/livox_interfaces2__rosidl_typesupport_c.dir/rosidl_typesupport_c/livox_ros_driver2/msg/custom_point__type_support.cpp.o[0m
[13.742s] [ 43%] [32m[1mLinking C shared library liblivox_ros_driver2__rosidl_typesupport_introspection_c.so[0m
[13.791s] [ 45%] [32m[1mLinking CXX shared library liblivox_ros_driver2__rosidl_typesupport_cpp.so[0m
[13.802s] [ 47%] [32m[1mLinking CXX shared library liblivox_ros_driver2__rosidl_typesupport_c.so[0m
[13.839s] [ 47%] Built target livox_interfaces2__rosidl_typesupport_introspection_c
[13.913s] [ 47%] Built target livox_interfaces2__rosidl_typesupport_cpp
[13.931s] [ 47%] Built target livox_interfaces2__rosidl_typesupport_c
[13.979s] [ 49%] [32mBuilding CXX object CMakeFiles/livox_ros_driver2.dir/src/livox_ros_driver2.cpp.o[0m
[13.986s] [ 50%] [32mBuilding CXX object CMakeFiles/livox_ros_driver2.dir/src/lddc.cpp.o[0m
[13.990s] [ 54%] [32mBuilding CXX object CMakeFiles/livox_ros_driver2.dir/src/driver_node.cpp.o[0m
[13.998s] [ 54%] [32mBuilding CXX object CMakeFiles/livox_ros_driver2.dir/src/lds.cpp.o[0m
[13.998s] [ 56%] [32mBuilding CXX object CMakeFiles/livox_ros_driver2.dir/src/comm/comm.cpp.o[0m
[14.000s] [ 57%] [32mBuilding CXX object CMakeFiles/livox_ros_driver2.dir/src/comm/semaphore.cpp.o[0m
[14.003s] [ 59%] [32mBuilding CXX object CMakeFiles/livox_ros_driver2.dir/src/lds_lidar.cpp.o[0m
[14.004s] [ 61%] [32mBuilding CXX object CMakeFiles/livox_ros_driver2.dir/src/comm/lidar_imu_data_queue.cpp.o[0m
[14.005s] [ 63%] [32mBuilding CXX object CMakeFiles/livox_ros_driver2.dir/src/comm/ldq.cpp.o[0m
[14.027s] [ 64%] [32mBuilding CXX object CMakeFiles/livox_ros_driver2.dir/src/comm/cache_index.cpp.o[0m
[14.238s] [ 66%] [32m[1mLinking CXX shared library liblivox_ros_driver2__rosidl_typesupport_introspection_cpp.so[0m
[14.238s] [ 68%] [32mBuilding CXX object CMakeFiles/livox_ros_driver2.dir/src/comm/pub_handler.cpp.o[0m
[14.253s] [ 70%] [32mBuilding CXX object CMakeFiles/livox_ros_driver2.dir/src/parse_cfg_file/parse_cfg_file.cpp.o[0m
[14.312s] [ 71%] [32m[1mLinking CXX shared library liblivox_ros_driver2__rosidl_typesupport_fastrtps_cpp.so[0m
[14.421s] [ 73%] [32m[1mLinking CXX shared library liblivox_ros_driver2__rosidl_typesupport_fastrtps_c.so[0m
[14.530s] [ 73%] Built target livox_interfaces2__rosidl_typesupport_introspection_cpp
[14.560s] [ 75%] [32mBuilding CXX object CMakeFiles/livox_ros_driver2.dir/src/parse_cfg_file/parse_livox_lidar_cfg.cpp.o[0m
[14.619s] [ 75%] Built target livox_interfaces2__rosidl_typesupport_fastrtps_cpp
[14.663s] [ 77%] [32mBuilding CXX object CMakeFiles/livox_ros_driver2.dir/src/call_back/lidar_common_callback.cpp.o[0m
[14.682s] [ 77%] Built target livox_interfaces2__rosidl_typesupport_fastrtps_c
[14.707s] [ 78%] [32mBuilding CXX object CMakeFiles/livox_ros_driver2.dir/src/call_back/livox_lidar_callback.cpp.o[0m
[14.879s] [ 78%] Built target livox_interfaces2
[14.943s] [ 80%] [34m[1mGenerating Python code for ROS interfaces[0m
[16.204s] [ 80%] Built target livox_interfaces2__py
[16.274s] [ 82%] [32mBuilding C object CMakeFiles/livox_interfaces2__rosidl_generator_py.dir/rosidl_generator_py/livox_ros_driver2/msg/_custom_point_s.c.o[0m
[16.279s] [ 84%] [32mBuilding C object CMakeFiles/livox_interfaces2__rosidl_generator_py.dir/rosidl_generator_py/livox_ros_driver2/msg/_custom_msg_s.c.o[0m
[16.577s] [ 85%] [32m[1mLinking C shared library rosidl_generator_py/livox_ros_driver2/liblivox_interfaces2__rosidl_generator_py.so[0m
[16.685s] [ 85%] Built target livox_interfaces2__rosidl_generator_py
[16.749s] [ 87%] [32mBuilding C object CMakeFiles/livox_ros_driver2__rosidl_typesupport_introspection_c__pyext.dir/rosidl_generator_py/livox_ros_driver2/_livox_ros_driver2_s.ep.rosidl_typesupport_introspection_c.c.o[0m
[16.765s] [ 91%] [32mBuilding C object CMakeFiles/livox_ros_driver2__rosidl_typesupport_c__pyext.dir/rosidl_generator_py/livox_ros_driver2/_livox_ros_driver2_s.ep.rosidl_typesupport_c.c.o[0m
[16.766s] [ 91%] [32mBuilding C object CMakeFiles/livox_ros_driver2__rosidl_typesupport_fastrtps_c__pyext.dir/rosidl_generator_py/livox_ros_driver2/_livox_ros_driver2_s.ep.rosidl_typesupport_fastrtps_c.c.o[0m
[16.959s] [ 92%] [32m[1mLinking C shared library rosidl_generator_py/livox_ros_driver2/livox_ros_driver2_s__rosidl_typesupport_c.cpython-310-x86_64-linux-gnu.so[0m
[16.986s] [ 94%] [32m[1mLinking C shared library rosidl_generator_py/livox_ros_driver2/livox_ros_driver2_s__rosidl_typesupport_introspection_c.cpython-310-x86_64-linux-gnu.so[0m
[16.995s] [ 96%] [32m[1mLinking C shared library rosidl_generator_py/livox_ros_driver2/livox_ros_driver2_s__rosidl_typesupport_fastrtps_c.cpython-310-x86_64-linux-gnu.so[0m
[17.042s] [ 96%] Built target livox_ros_driver2__rosidl_typesupport_c__pyext
[17.073s] [ 96%] Built target livox_ros_driver2__rosidl_typesupport_introspection_c__pyext
[17.103s] [ 96%] Built target livox_ros_driver2__rosidl_typesupport_fastrtps_c__pyext
[18.051s] [ 98%] [32m[1mLinking CXX executable livox_ros_driver2_node[0m
[18.233s] [ 98%] Built target livox_ros_driver2_node
[22.721s] [100%] [32m[1mLinking CXX shared library liblivox_ros_driver2.so[0m
[23.280s] [100%] Built target livox_ros_driver2
[23.292s] Invoked command in '/home/zrk/engineer_up/engineer/build/livox_ros_driver2' returned '0': CMAKE_PREFIX_PATH=/opt/ros/humble /usr/bin/cmake --build /home/zrk/engineer_up/engineer/build/livox_ros_driver2 -- -j16 -l16
[23.293s] Invoking command in '/home/zrk/engineer_up/engineer/build/livox_ros_driver2': CMAKE_PREFIX_PATH=/opt/ros/humble /usr/bin/cmake --install /home/zrk/engineer_up/engineer/build/livox_ros_driver2
[23.301s] -- Install configuration: ""
[23.301s] -- Installing: /home/zrk/engineer_up/engineer/install/livox_ros_driver2/share/ament_index/resource_index/rosidl_interfaces/livox_ros_driver2
[23.301s] -- Installing: /home/zrk/engineer_up/engineer/install/livox_ros_driver2/include/livox_ros_driver2/livox_ros_driver2
[23.301s] -- Installing: /home/zrk/engineer_up/engineer/install/livox_ros_driver2/include/livox_ros_driver2/livox_ros_driver2/msg
[23.301s] -- Installing: /home/zrk/engineer_up/engineer/install/livox_ros_driver2/include/livox_ros_driver2/livox_ros_driver2/msg/detail
[23.301s] -- Installing: /home/zrk/engineer_up/engineer/install/livox_ros_driver2/include/livox_ros_driver2/livox_ros_driver2/msg/detail/custom_point__struct.h
[23.301s] -- Installing: /home/zrk/engineer_up/engineer/install/livox_ros_driver2/include/livox_ros_driver2/livox_ros_driver2/msg/detail/custom_msg__struct.h
[23.301s] -- Installing: /home/zrk/engineer_up/engineer/install/livox_ros_driver2/include/livox_ros_driver2/livox_ros_driver2/msg/detail/custom_point__functions.h
[23.301s] -- Installing: /home/zrk/engineer_up/engineer/install/livox_ros_driver2/include/livox_ros_driver2/livox_ros_driver2/msg/detail/custom_msg__type_support.h
[23.302s] -- Installing: /home/zrk/engineer_up/engineer/install/livox_ros_driver2/include/livox_ros_driver2/livox_ros_driver2/msg/detail/custom_point__functions.c
[23.302s] -- Installing: /home/zrk/engineer_up/engineer/install/livox_ros_driver2/include/livox_ros_driver2/livox_ros_driver2/msg/detail/custom_msg__functions.c
[23.302s] -- Installing: /home/zrk/engineer_up/engineer/install/livox_ros_driver2/include/livox_ros_driver2/livox_ros_driver2/msg/detail/custom_msg__functions.h
[23.302s] -- Installing: /home/zrk/engineer_up/engineer/install/livox_ros_driver2/include/livox_ros_driver2/livox_ros_driver2/msg/detail/custom_point__type_support.h
[23.302s] -- Installing: /home/zrk/engineer_up/engineer/install/livox_ros_driver2/include/livox_ros_driver2/livox_ros_driver2/msg/custom_msg.h
[23.302s] -- Installing: /home/zrk/engineer_up/engineer/install/livox_ros_driver2/include/livox_ros_driver2/livox_ros_driver2/msg/rosidl_generator_c__visibility_control.h
[23.303s] -- Installing: /home/zrk/engineer_up/engineer/install/livox_ros_driver2/include/livox_ros_driver2/livox_ros_driver2/msg/custom_point.h
[23.303s] -- Installing: /home/zrk/engineer_up/engineer/install/livox_ros_driver2/share/livox_ros_driver2/environment/library_path.sh
[23.303s] -- Installing: /home/zrk/engineer_up/engineer/install/livox_ros_driver2/share/livox_ros_driver2/environment/library_path.dsv
[23.303s] -- Installing: /home/zrk/engineer_up/engineer/install/livox_ros_driver2/lib/liblivox_ros_driver2__rosidl_generator_c.so
[23.303s] -- Set runtime path of "/home/zrk/engineer_up/engineer/install/livox_ros_driver2/lib/liblivox_ros_driver2__rosidl_generator_c.so" to ""
[23.303s] -- Up-to-date: /home/zrk/engineer_up/engineer/install/livox_ros_driver2/include/livox_ros_driver2/livox_ros_driver2
[23.303s] -- Up-to-date: /home/zrk/engineer_up/engineer/install/livox_ros_driver2/include/livox_ros_driver2/livox_ros_driver2/msg
[23.304s] -- Installing: /home/zrk/engineer_up/engineer/install/livox_ros_driver2/include/livox_ros_driver2/livox_ros_driver2/msg/rosidl_typesupport_fastrtps_c__visibility_control.h
[23.304s] -- Up-to-date: /home/zrk/engineer_up/engineer/install/livox_ros_driver2/include/livox_ros_driver2/livox_ros_driver2/msg/detail
[23.304s] -- Installing: /home/zrk/engineer_up/engineer/install/livox_ros_driver2/include/livox_ros_driver2/livox_ros_driver2/msg/detail/custom_msg__rosidl_typesupport_fastrtps_c.h
[23.304s] -- Installing: /home/zrk/engineer_up/engineer/install/livox_ros_driver2/include/livox_ros_driver2/livox_ros_driver2/msg/detail/custom_point__rosidl_typesupport_fastrtps_c.h
[23.304s] -- Installing: /home/zrk/engineer_up/engineer/install/livox_ros_driver2/lib/liblivox_ros_driver2__rosidl_typesupport_fastrtps_c.so
[23.304s] -- Set runtime path of "/home/zrk/engineer_up/engineer/install/livox_ros_driver2/lib/liblivox_ros_driver2__rosidl_typesupport_fastrtps_c.so" to ""
[23.304s] -- Up-to-date: /home/zrk/engineer_up/engineer/install/livox_ros_driver2/include/livox_ros_driver2/livox_ros_driver2
[23.304s] -- Up-to-date: /home/zrk/engineer_up/engineer/install/livox_ros_driver2/include/livox_ros_driver2/livox_ros_driver2/msg
[23.304s] -- Installing: /home/zrk/engineer_up/engineer/install/livox_ros_driver2/include/livox_ros_driver2/livox_ros_driver2/msg/rosidl_typesupport_introspection_c__visibility_control.h
[23.305s] -- Up-to-date: /home/zrk/engineer_up/engineer/install/livox_ros_driver2/include/livox_ros_driver2/livox_ros_driver2/msg/detail
[23.305s] -- Installing: /home/zrk/engineer_up/engineer/install/livox_ros_driver2/include/livox_ros_driver2/livox_ros_driver2/msg/detail/custom_msg__rosidl_typesupport_introspection_c.h
[23.305s] -- Installing: /home/zrk/engineer_up/engineer/install/livox_ros_driver2/include/livox_ros_driver2/livox_ros_driver2/msg/detail/custom_point__type_support.c
[23.305s] -- Installing: /home/zrk/engineer_up/engineer/install/livox_ros_driver2/include/livox_ros_driver2/livox_ros_driver2/msg/detail/custom_point__rosidl_typesupport_introspection_c.h
[23.305s] -- Installing: /home/zrk/engineer_up/engineer/install/livox_ros_driver2/include/livox_ros_driver2/livox_ros_driver2/msg/detail/custom_msg__type_support.c
[23.305s] -- Installing: /home/zrk/engineer_up/engineer/install/livox_ros_driver2/lib/liblivox_ros_driver2__rosidl_typesupport_introspection_c.so
[23.305s] -- Set runtime path of "/home/zrk/engineer_up/engineer/install/livox_ros_driver2/lib/liblivox_ros_driver2__rosidl_typesupport_introspection_c.so" to ""
[23.305s] -- Installing: /home/zrk/engineer_up/engineer/install/livox_ros_driver2/lib/liblivox_ros_driver2__rosidl_typesupport_c.so
[23.306s] -- Set runtime path of "/home/zrk/engineer_up/engineer/install/livox_ros_driver2/lib/liblivox_ros_driver2__rosidl_typesupport_c.so" to ""
[23.306s] -- Up-to-date: /home/zrk/engineer_up/engineer/install/livox_ros_driver2/include/livox_ros_driver2/livox_ros_driver2
[23.306s] -- Up-to-date: /home/zrk/engineer_up/engineer/install/livox_ros_driver2/include/livox_ros_driver2/livox_ros_driver2/msg
[23.306s] -- Installing: /home/zrk/engineer_up/engineer/install/livox_ros_driver2/include/livox_ros_driver2/livox_ros_driver2/msg/custom_point.hpp
[23.306s] -- Installing: /home/zrk/engineer_up/engineer/install/livox_ros_driver2/include/livox_ros_driver2/livox_ros_driver2/msg/custom_msg.hpp
[23.306s] -- Up-to-date: /home/zrk/engineer_up/engineer/install/livox_ros_driver2/include/livox_ros_driver2/livox_ros_driver2/msg/detail
[23.306s] -- Installing: /home/zrk/engineer_up/engineer/install/livox_ros_driver2/include/livox_ros_driver2/livox_ros_driver2/msg/detail/custom_point__type_support.hpp
[23.306s] -- Installing: /home/zrk/engineer_up/engineer/install/livox_ros_driver2/include/livox_ros_driver2/livox_ros_driver2/msg/detail/custom_msg__type_support.hpp
[23.306s] -- Installing: /home/zrk/engineer_up/engineer/install/livox_ros_driver2/include/livox_ros_driver2/livox_ros_driver2/msg/detail/custom_point__builder.hpp
[23.306s] -- Installing: /home/zrk/engineer_up/engineer/install/livox_ros_driver2/include/livox_ros_driver2/livox_ros_driver2/msg/detail/custom_msg__struct.hpp
[23.306s] -- Installing: /home/zrk/engineer_up/engineer/install/livox_ros_driver2/include/livox_ros_driver2/livox_ros_driver2/msg/detail/custom_msg__traits.hpp
[23.306s] -- Installing: /home/zrk/engineer_up/engineer/install/livox_ros_driver2/include/livox_ros_driver2/livox_ros_driver2/msg/detail/custom_point__traits.hpp
[23.307s] -- Installing: /home/zrk/engineer_up/engineer/install/livox_ros_driver2/include/livox_ros_driver2/livox_ros_driver2/msg/detail/custom_point__struct.hpp
[23.307s] -- Installing: /home/zrk/engineer_up/engineer/install/livox_ros_driver2/include/livox_ros_driver2/livox_ros_driver2/msg/detail/custom_msg__builder.hpp
[23.307s] -- Installing: /home/zrk/engineer_up/engineer/install/livox_ros_driver2/include/livox_ros_driver2/livox_ros_driver2/msg/rosidl_generator_cpp__visibility_control.hpp
[23.307s] -- Up-to-date: /home/zrk/engineer_up/engineer/install/livox_ros_driver2/include/livox_ros_driver2/livox_ros_driver2
[23.307s] -- Up-to-date: /home/zrk/engineer_up/engineer/install/livox_ros_driver2/include/livox_ros_driver2/livox_ros_driver2/msg
[23.307s] -- Installing: /home/zrk/engineer_up/engineer/install/livox_ros_driver2/include/livox_ros_driver2/livox_ros_driver2/msg/rosidl_typesupport_fastrtps_cpp__visibility_control.h
[23.307s] -- Up-to-date: /home/zrk/engineer_up/engineer/install/livox_ros_driver2/include/livox_ros_driver2/livox_ros_driver2/msg/detail
[23.307s] -- Installing: /home/zrk/engineer_up/engineer/install/livox_ros_driver2/include/livox_ros_driver2/livox_ros_driver2/msg/detail/custom_point__rosidl_typesupport_fastrtps_cpp.hpp
[23.307s] -- Installing: /home/zrk/engineer_up/engineer/install/livox_ros_driver2/include/livox_ros_driver2/livox_ros_driver2/msg/detail/dds_fastrtps
[23.307s] -- Installing: /home/zrk/engineer_up/engineer/install/livox_ros_driver2/include/livox_ros_driver2/livox_ros_driver2/msg/detail/custom_msg__rosidl_typesupport_fastrtps_cpp.hpp
[23.307s] -- Installing: /home/zrk/engineer_up/engineer/install/livox_ros_driver2/lib/liblivox_ros_driver2__rosidl_typesupport_fastrtps_cpp.so
[23.308s] -- Set runtime path of "/home/zrk/engineer_up/engineer/install/livox_ros_driver2/lib/liblivox_ros_driver2__rosidl_typesupport_fastrtps_cpp.so" to ""
[23.308s] -- Up-to-date: /home/zrk/engineer_up/engineer/install/livox_ros_driver2/include/livox_ros_driver2/livox_ros_driver2
[23.308s] -- Up-to-date: /home/zrk/engineer_up/engineer/install/livox_ros_driver2/include/livox_ros_driver2/livox_ros_driver2/msg
[23.308s] -- Up-to-date: /home/zrk/engineer_up/engineer/install/livox_ros_driver2/include/livox_ros_driver2/livox_ros_driver2/msg/detail
[23.308s] -- Installing: /home/zrk/engineer_up/engineer/install/livox_ros_driver2/include/livox_ros_driver2/livox_ros_driver2/msg/detail/custom_point__type_support.cpp
[23.308s] -- Installing: /home/zrk/engineer_up/engineer/install/livox_ros_driver2/include/livox_ros_driver2/livox_ros_driver2/msg/detail/custom_msg__rosidl_typesupport_introspection_cpp.hpp
[23.308s] -- Installing: /home/zrk/engineer_up/engineer/install/livox_ros_driver2/include/livox_ros_driver2/livox_ros_driver2/msg/detail/custom_msg__type_support.cpp
[23.308s] -- Installing: /home/zrk/engineer_up/engineer/install/livox_ros_driver2/include/livox_ros_driver2/livox_ros_driver2/msg/detail/custom_point__rosidl_typesupport_introspection_cpp.hpp
[23.308s] -- Installing: /home/zrk/engineer_up/engineer/install/livox_ros_driver2/lib/liblivox_ros_driver2__rosidl_typesupport_introspection_cpp.so
[23.309s] -- Set runtime path of "/home/zrk/engineer_up/engineer/install/livox_ros_driver2/lib/liblivox_ros_driver2__rosidl_typesupport_introspection_cpp.so" to ""
[23.309s] -- Installing: /home/zrk/engineer_up/engineer/install/livox_ros_driver2/lib/liblivox_ros_driver2__rosidl_typesupport_cpp.so
[23.309s] -- Set runtime path of "/home/zrk/engineer_up/engineer/install/livox_ros_driver2/lib/liblivox_ros_driver2__rosidl_typesupport_cpp.so" to ""
[23.309s] -- Installing: /home/zrk/engineer_up/engineer/install/livox_ros_driver2/share/livox_ros_driver2/environment/pythonpath.sh
[23.309s] -- Installing: /home/zrk/engineer_up/engineer/install/livox_ros_driver2/share/livox_ros_driver2/environment/pythonpath.dsv
[23.309s] -- Installing: /home/zrk/engineer_up/engineer/install/livox_ros_driver2/local/lib/python3.10/dist-packages/livox_ros_driver2-1.0.0-py3.10.egg-info
[23.309s] -- Installing: /home/zrk/engineer_up/engineer/install/livox_ros_driver2/local/lib/python3.10/dist-packages/livox_ros_driver2-1.0.0-py3.10.egg-info/PKG-INFO
[23.310s] -- Installing: /home/zrk/engineer_up/engineer/install/livox_ros_driver2/local/lib/python3.10/dist-packages/livox_ros_driver2-1.0.0-py3.10.egg-info/dependency_links.txt
[23.310s] -- Installing: /home/zrk/engineer_up/engineer/install/livox_ros_driver2/local/lib/python3.10/dist-packages/livox_ros_driver2-1.0.0-py3.10.egg-info/SOURCES.txt
[23.310s] -- Installing: /home/zrk/engineer_up/engineer/install/livox_ros_driver2/local/lib/python3.10/dist-packages/livox_ros_driver2-1.0.0-py3.10.egg-info/top_level.txt
[23.310s] -- Installing: /home/zrk/engineer_up/engineer/install/livox_ros_driver2/local/lib/python3.10/dist-packages/livox_ros_driver2
[23.310s] -- Installing: /home/zrk/engineer_up/engineer/install/livox_ros_driver2/local/lib/python3.10/dist-packages/livox_ros_driver2/livox_ros_driver2_s__rosidl_typesupport_introspection_c.cpython-310-x86_64-linux-gnu.so
[23.310s] -- Installing: /home/zrk/engineer_up/engineer/install/livox_ros_driver2/local/lib/python3.10/dist-packages/livox_ros_driver2/msg
[23.310s] -- Installing: /home/zrk/engineer_up/engineer/install/livox_ros_driver2/local/lib/python3.10/dist-packages/livox_ros_driver2/msg/_custom_msg_s.c
[23.310s] -- Installing: /home/zrk/engineer_up/engineer/install/livox_ros_driver2/local/lib/python3.10/dist-packages/livox_ros_driver2/msg/__init__.py
[23.310s] -- Installing: /home/zrk/engineer_up/engineer/install/livox_ros_driver2/local/lib/python3.10/dist-packages/livox_ros_driver2/msg/_custom_point.py
[23.310s] -- Installing: /home/zrk/engineer_up/engineer/install/livox_ros_driver2/local/lib/python3.10/dist-packages/livox_ros_driver2/msg/_custom_msg.py
[23.311s] -- Installing: /home/zrk/engineer_up/engineer/install/livox_ros_driver2/local/lib/python3.10/dist-packages/livox_ros_driver2/msg/_custom_point_s.c
[23.311s] -- Installing: /home/zrk/engineer_up/engineer/install/livox_ros_driver2/local/lib/python3.10/dist-packages/livox_ros_driver2/_livox_ros_driver2_s.ep.rosidl_typesupport_c.c
[23.311s] -- Installing: /home/zrk/engineer_up/engineer/install/livox_ros_driver2/local/lib/python3.10/dist-packages/livox_ros_driver2/__init__.py
[23.311s] -- Installing: /home/zrk/engineer_up/engineer/install/livox_ros_driver2/local/lib/python3.10/dist-packages/livox_ros_driver2/livox_ros_driver2_s__rosidl_typesupport_fastrtps_c.cpython-310-x86_64-linux-gnu.so
[23.311s] -- Installing: /home/zrk/engineer_up/engineer/install/livox_ros_driver2/local/lib/python3.10/dist-packages/livox_ros_driver2/_livox_ros_driver2_s.ep.rosidl_typesupport_fastrtps_c.c
[23.311s] -- Installing: /home/zrk/engineer_up/engineer/install/livox_ros_driver2/local/lib/python3.10/dist-packages/livox_ros_driver2/liblivox_interfaces2__rosidl_generator_py.so
[23.311s] -- Installing: /home/zrk/engineer_up/engineer/install/livox_ros_driver2/local/lib/python3.10/dist-packages/livox_ros_driver2/livox_ros_driver2_s__rosidl_typesupport_c.cpython-310-x86_64-linux-gnu.so
[23.311s] -- Installing: /home/zrk/engineer_up/engineer/install/livox_ros_driver2/local/lib/python3.10/dist-packages/livox_ros_driver2/_livox_ros_driver2_s.ep.rosidl_typesupport_introspection_c.c
[23.336s] Listing '/home/zrk/engineer_up/engineer/install/livox_ros_driver2/local/lib/python3.10/dist-packages/livox_ros_driver2'...
[23.336s] Compiling '/home/zrk/engineer_up/engineer/install/livox_ros_driver2/local/lib/python3.10/dist-packages/livox_ros_driver2/__init__.py'...
[23.336s] Listing '/home/zrk/engineer_up/engineer/install/livox_ros_driver2/local/lib/python3.10/dist-packages/livox_ros_driver2/msg'...
[23.336s] Compiling '/home/zrk/engineer_up/engineer/install/livox_ros_driver2/local/lib/python3.10/dist-packages/livox_ros_driver2/msg/__init__.py'...
[23.337s] Compiling '/home/zrk/engineer_up/engineer/install/livox_ros_driver2/local/lib/python3.10/dist-packages/livox_ros_driver2/msg/_custom_msg.py'...
[23.337s] Compiling '/home/zrk/engineer_up/engineer/install/livox_ros_driver2/local/lib/python3.10/dist-packages/livox_ros_driver2/msg/_custom_point.py'...
[23.340s] -- Installing: /home/zrk/engineer_up/engineer/install/livox_ros_driver2/local/lib/python3.10/dist-packages/livox_ros_driver2/livox_ros_driver2_s__rosidl_typesupport_fastrtps_c.cpython-310-x86_64-linux-gnu.so
[23.340s] -- Set runtime path of "/home/zrk/engineer_up/engineer/install/livox_ros_driver2/local/lib/python3.10/dist-packages/livox_ros_driver2/livox_ros_driver2_s__rosidl_typesupport_fastrtps_c.cpython-310-x86_64-linux-gnu.so" to ""
[23.340s] -- Installing: /home/zrk/engineer_up/engineer/install/livox_ros_driver2/local/lib/python3.10/dist-packages/livox_ros_driver2/livox_ros_driver2_s__rosidl_typesupport_introspection_c.cpython-310-x86_64-linux-gnu.so
[23.341s] -- Set runtime path of "/home/zrk/engineer_up/engineer/install/livox_ros_driver2/local/lib/python3.10/dist-packages/livox_ros_driver2/livox_ros_driver2_s__rosidl_typesupport_introspection_c.cpython-310-x86_64-linux-gnu.so" to ""
[23.341s] -- Installing: /home/zrk/engineer_up/engineer/install/livox_ros_driver2/local/lib/python3.10/dist-packages/livox_ros_driver2/livox_ros_driver2_s__rosidl_typesupport_c.cpython-310-x86_64-linux-gnu.so
[23.341s] -- Set runtime path of "/home/zrk/engineer_up/engineer/install/livox_ros_driver2/local/lib/python3.10/dist-packages/livox_ros_driver2/livox_ros_driver2_s__rosidl_typesupport_c.cpython-310-x86_64-linux-gnu.so" to ""
[23.341s] -- Installing: /home/zrk/engineer_up/engineer/install/livox_ros_driver2/lib/liblivox_interfaces2__rosidl_generator_py.so
[23.342s] -- Set runtime path of "/home/zrk/engineer_up/engineer/install/livox_ros_driver2/lib/liblivox_interfaces2__rosidl_generator_py.so" to ""
[23.342s] -- Installing: /home/zrk/engineer_up/engineer/install/livox_ros_driver2/share/livox_ros_driver2/msg/CustomPoint.idl
[23.342s] -- Installing: /home/zrk/engineer_up/engineer/install/livox_ros_driver2/share/livox_ros_driver2/msg/CustomMsg.idl
[23.342s] -- Installing: /home/zrk/engineer_up/engineer/install/livox_ros_driver2/share/livox_ros_driver2/msg/CustomPoint.msg
[23.342s] -- Installing: /home/zrk/engineer_up/engineer/install/livox_ros_driver2/share/livox_ros_driver2/msg/CustomMsg.msg
[23.342s] -- Installing: /home/zrk/engineer_up/engineer/install/livox_ros_driver2/lib/livox_ros_driver2/livox_ros_driver2_node
[23.343s] -- Set runtime path of "/home/zrk/engineer_up/engineer/install/livox_ros_driver2/lib/livox_ros_driver2/livox_ros_driver2_node" to ""
[23.343s] -- Installing: /home/zrk/engineer_up/engineer/install/livox_ros_driver2/lib/liblivox_ros_driver2.so
[23.347s] -- Set runtime path of "/home/zrk/engineer_up/engineer/install/livox_ros_driver2/lib/liblivox_ros_driver2.so" to ""
[23.347s] -- Installing: /home/zrk/engineer_up/engineer/install/livox_ros_driver2/share/livox_ros_driver2/config
[23.348s] -- Installing: /home/zrk/engineer_up/engineer/install/livox_ros_driver2/share/livox_ros_driver2/config/mixed_HAP_MID360_config.json
[23.348s] -- Installing: /home/zrk/engineer_up/engineer/install/livox_ros_driver2/share/livox_ros_driver2/config/display_point_cloud_ROS2.rviz
[23.348s] -- Installing: /home/zrk/engineer_up/engineer/install/livox_ros_driver2/share/livox_ros_driver2/config/HAP_config.json
[23.348s] -- Installing: /home/zrk/engineer_up/engineer/install/livox_ros_driver2/share/livox_ros_driver2/config/MID360_config.json
[23.348s] -- Installing: /home/zrk/engineer_up/engineer/install/livox_ros_driver2/share/livox_ros_driver2/config/display_point_cloud_ROS1.rviz
[23.348s] -- Installing: /home/zrk/engineer_up/engineer/install/livox_ros_driver2/share/livox_ros_driver2/launch_ROS2
[23.348s] -- Installing: /home/zrk/engineer_up/engineer/install/livox_ros_driver2/share/livox_ros_driver2/launch_ROS2/rviz_HAP_launch.py
[23.348s] -- Installing: /home/zrk/engineer_up/engineer/install/livox_ros_driver2/share/livox_ros_driver2/launch_ROS2/rviz_MID360_launch.py
[23.348s] -- Installing: /home/zrk/engineer_up/engineer/install/livox_ros_driver2/share/livox_ros_driver2/launch_ROS2/msg_HAP_launch.py
[23.348s] -- Installing: /home/zrk/engineer_up/engineer/install/livox_ros_driver2/share/livox_ros_driver2/launch_ROS2/msg_MID360_custom_launch.py
[23.348s] -- Installing: /home/zrk/engineer_up/engineer/install/livox_ros_driver2/share/livox_ros_driver2/launch_ROS2/rviz_mixed.py
[23.349s] -- Installing: /home/zrk/engineer_up/engineer/install/livox_ros_driver2/share/livox_ros_driver2/launch_ROS2/msg_MID360_cloud_launch.py
[23.349s] -- Installing: /home/zrk/engineer_up/engineer/install/livox_ros_driver2/share/ament_index/resource_index/package_run_dependencies/livox_ros_driver2
[23.349s] -- Installing: /home/zrk/engineer_up/engineer/install/livox_ros_driver2/share/ament_index/resource_index/parent_prefix_path/livox_ros_driver2
[23.349s] -- Installing: /home/zrk/engineer_up/engineer/install/livox_ros_driver2/share/livox_ros_driver2/environment/ament_prefix_path.sh
[23.349s] -- Installing: /home/zrk/engineer_up/engineer/install/livox_ros_driver2/share/livox_ros_driver2/environment/ament_prefix_path.dsv
[23.349s] -- Installing: /home/zrk/engineer_up/engineer/install/livox_ros_driver2/share/livox_ros_driver2/environment/path.sh
[23.349s] -- Installing: /home/zrk/engineer_up/engineer/install/livox_ros_driver2/share/livox_ros_driver2/environment/path.dsv
[23.349s] -- Installing: /home/zrk/engineer_up/engineer/install/livox_ros_driver2/share/livox_ros_driver2/local_setup.bash
[23.350s] -- Installing: /home/zrk/engineer_up/engineer/install/livox_ros_driver2/share/livox_ros_driver2/local_setup.sh
[23.350s] -- Installing: /home/zrk/engineer_up/engineer/install/livox_ros_driver2/share/livox_ros_driver2/local_setup.zsh
[23.350s] -- Installing: /home/zrk/engineer_up/engineer/install/livox_ros_driver2/share/livox_ros_driver2/local_setup.dsv
[23.350s] -- Installing: /home/zrk/engineer_up/engineer/install/livox_ros_driver2/share/livox_ros_driver2/package.dsv
[23.350s] -- Installing: /home/zrk/engineer_up/engineer/install/livox_ros_driver2/share/ament_index/resource_index/packages/livox_ros_driver2
[23.350s] -- Installing: /home/zrk/engineer_up/engineer/install/livox_ros_driver2/share/livox_ros_driver2/cmake/export_livox_interfaces2__rosidl_generator_cExport.cmake
[23.350s] -- Installing: /home/zrk/engineer_up/engineer/install/livox_ros_driver2/share/livox_ros_driver2/cmake/export_livox_interfaces2__rosidl_generator_cExport-noconfig.cmake
[23.350s] -- Installing: /home/zrk/engineer_up/engineer/install/livox_ros_driver2/share/livox_ros_driver2/cmake/export_livox_interfaces2__rosidl_typesupport_fastrtps_cExport.cmake
[23.351s] -- Installing: /home/zrk/engineer_up/engineer/install/livox_ros_driver2/share/livox_ros_driver2/cmake/export_livox_interfaces2__rosidl_typesupport_fastrtps_cExport-noconfig.cmake
[23.351s] -- Installing: /home/zrk/engineer_up/engineer/install/livox_ros_driver2/share/livox_ros_driver2/cmake/livox_interfaces2__rosidl_typesupport_introspection_cExport.cmake
[23.351s] -- Installing: /home/zrk/engineer_up/engineer/install/livox_ros_driver2/share/livox_ros_driver2/cmake/livox_interfaces2__rosidl_typesupport_introspection_cExport-noconfig.cmake
[23.351s] -- Installing: /home/zrk/engineer_up/engineer/install/livox_ros_driver2/share/livox_ros_driver2/cmake/livox_interfaces2__rosidl_typesupport_cExport.cmake
[23.351s] -- Installing: /home/zrk/engineer_up/engineer/install/livox_ros_driver2/share/livox_ros_driver2/cmake/livox_interfaces2__rosidl_typesupport_cExport-noconfig.cmake
[23.351s] -- Installing: /home/zrk/engineer_up/engineer/install/livox_ros_driver2/share/livox_ros_driver2/cmake/export_livox_interfaces2__rosidl_generator_cppExport.cmake
[23.351s] -- Installing: /home/zrk/engineer_up/engineer/install/livox_ros_driver2/share/livox_ros_driver2/cmake/export_livox_interfaces2__rosidl_typesupport_fastrtps_cppExport.cmake
[23.351s] -- Installing: /home/zrk/engineer_up/engineer/install/livox_ros_driver2/share/livox_ros_driver2/cmake/export_livox_interfaces2__rosidl_typesupport_fastrtps_cppExport-noconfig.cmake
[23.352s] -- Installing: /home/zrk/engineer_up/engineer/install/livox_ros_driver2/share/livox_ros_driver2/cmake/livox_interfaces2__rosidl_typesupport_introspection_cppExport.cmake
[23.352s] -- Installing: /home/zrk/engineer_up/engineer/install/livox_ros_driver2/share/livox_ros_driver2/cmake/livox_interfaces2__rosidl_typesupport_introspection_cppExport-noconfig.cmake
[23.352s] -- Installing: /home/zrk/engineer_up/engineer/install/livox_ros_driver2/share/livox_ros_driver2/cmake/livox_interfaces2__rosidl_typesupport_cppExport.cmake
[23.352s] -- Installing: /home/zrk/engineer_up/engineer/install/livox_ros_driver2/share/livox_ros_driver2/cmake/livox_interfaces2__rosidl_typesupport_cppExport-noconfig.cmake
[23.352s] -- Installing: /home/zrk/engineer_up/engineer/install/livox_ros_driver2/share/livox_ros_driver2/cmake/export_livox_interfaces2__rosidl_generator_pyExport.cmake
[23.352s] -- Installing: /home/zrk/engineer_up/engineer/install/livox_ros_driver2/share/livox_ros_driver2/cmake/export_livox_interfaces2__rosidl_generator_pyExport-noconfig.cmake
[23.352s] -- Installing: /home/zrk/engineer_up/engineer/install/livox_ros_driver2/share/ament_index/resource_index/rclcpp_components/livox_ros_driver2
[23.353s] -- Installing: /home/zrk/engineer_up/engineer/install/livox_ros_driver2/share/livox_ros_driver2/cmake/rosidl_cmake-extras.cmake
[23.353s] -- Installing: /home/zrk/engineer_up/engineer/install/livox_ros_driver2/share/livox_ros_driver2/cmake/ament_cmake_export_dependencies-extras.cmake
[23.353s] -- Installing: /home/zrk/engineer_up/engineer/install/livox_ros_driver2/share/livox_ros_driver2/cmake/ament_cmake_export_include_directories-extras.cmake
[23.353s] -- Installing: /home/zrk/engineer_up/engineer/install/livox_ros_driver2/share/livox_ros_driver2/cmake/ament_cmake_export_libraries-extras.cmake
[23.353s] -- Installing: /home/zrk/engineer_up/engineer/install/livox_ros_driver2/share/livox_ros_driver2/cmake/ament_cmake_export_targets-extras.cmake
[23.353s] -- Installing: /home/zrk/engineer_up/engineer/install/livox_ros_driver2/share/livox_ros_driver2/cmake/rosidl_cmake_export_typesupport_targets-extras.cmake
[23.353s] -- Installing: /home/zrk/engineer_up/engineer/install/livox_ros_driver2/share/livox_ros_driver2/cmake/rosidl_cmake_export_typesupport_libraries-extras.cmake
[23.353s] -- Installing: /home/zrk/engineer_up/engineer/install/livox_ros_driver2/share/livox_ros_driver2/cmake/livox_ros_driver2Config.cmake
[23.353s] -- Installing: /home/zrk/engineer_up/engineer/install/livox_ros_driver2/share/livox_ros_driver2/cmake/livox_ros_driver2Config-version.cmake
[23.354s] -- Installing: /home/zrk/engineer_up/engineer/install/livox_ros_driver2/share/livox_ros_driver2/package.xml
[23.356s] Invoked command in '/home/zrk/engineer_up/engineer/build/livox_ros_driver2' returned '0': CMAKE_PREFIX_PATH=/opt/ros/humble /usr/bin/cmake --install /home/zrk/engineer_up/engineer/build/livox_ros_driver2
