[0.216s] Invoking command in '/home/zrk/engineer_up/engineer/build/rm_description': CMAKE_PREFIX_PATH=/opt/ros/humble /usr/bin/cmake --build /home/zrk/engineer_up/engineer/build/rm_description -- -j16 -l16
[0.280s] Invoked command in '/home/zrk/engineer_up/engineer/build/rm_description' returned '0': CMAKE_PREFIX_PATH=/opt/ros/humble /usr/bin/cmake --build /home/zrk/engineer_up/engineer/build/rm_description -- -j16 -l16
[0.281s] Invoking command in '/home/zrk/engineer_up/engineer/build/rm_description': CMAKE_PREFIX_PATH=/opt/ros/humble /usr/bin/cmake --install /home/zrk/engineer_up/engineer/build/rm_description
[0.290s] -- Install configuration: ""
[0.290s] -- Up-to-date: /home/zrk/engineer_up/engineer/install/rm_description/share/rm_description/launch
[0.290s] -- Up-to-date: /home/zrk/engineer_up/engineer/install/rm_description/share/rm_description/launch/model.launch.py
[0.290s] -- Up-to-date: /home/zrk/engineer_up/engineer/install/rm_description/share/rm_description/launch/view_model.launch.py
[0.290s] -- Up-to-date: /home/zrk/engineer_up/engineer/install/rm_description/share/rm_description/launch/view_model.rviz
[0.291s] -- Up-to-date: /home/zrk/engineer_up/engineer/install/rm_description/share/rm_description/urdf
[0.291s] -- Up-to-date: /home/zrk/engineer_up/engineer/install/rm_description/share/rm_description/urdf/engineer.urdf.xacro
[0.291s] -- Up-to-date: /home/zrk/engineer_up/engineer/install/rm_description/share/ament_index/resource_index/package_run_dependencies/rm_description
[0.291s] -- Up-to-date: /home/zrk/engineer_up/engineer/install/rm_description/share/ament_index/resource_index/parent_prefix_path/rm_description
[0.291s] -- Up-to-date: /home/zrk/engineer_up/engineer/install/rm_description/share/rm_description/environment/ament_prefix_path.sh
[0.291s] -- Up-to-date: /home/zrk/engineer_up/engineer/install/rm_description/share/rm_description/environment/ament_prefix_path.dsv
[0.291s] -- Up-to-date: /home/zrk/engineer_up/engineer/install/rm_description/share/rm_description/environment/path.sh
[0.291s] -- Up-to-date: /home/zrk/engineer_up/engineer/install/rm_description/share/rm_description/environment/path.dsv
[0.291s] -- Up-to-date: /home/zrk/engineer_up/engineer/install/rm_description/share/rm_description/local_setup.bash
[0.291s] -- Up-to-date: /home/zrk/engineer_up/engineer/install/rm_description/share/rm_description/local_setup.sh
[0.291s] -- Up-to-date: /home/zrk/engineer_up/engineer/install/rm_description/share/rm_description/local_setup.zsh
[0.291s] -- Up-to-date: /home/zrk/engineer_up/engineer/install/rm_description/share/rm_description/local_setup.dsv
[0.291s] -- Up-to-date: /home/zrk/engineer_up/engineer/install/rm_description/share/rm_description/package.dsv
[0.291s] -- Up-to-date: /home/zrk/engineer_up/engineer/install/rm_description/share/ament_index/resource_index/packages/rm_description
[0.291s] -- Up-to-date: /home/zrk/engineer_up/engineer/install/rm_description/share/rm_description/cmake/rm_descriptionConfig.cmake
[0.291s] -- Up-to-date: /home/zrk/engineer_up/engineer/install/rm_description/share/rm_description/cmake/rm_descriptionConfig-version.cmake
[0.292s] -- Up-to-date: /home/zrk/engineer_up/engineer/install/rm_description/share/rm_description/package.xml
[0.311s] Invoked command in '/home/zrk/engineer_up/engineer/build/rm_description' returned '0': CMAKE_PREFIX_PATH=/opt/ros/humble /usr/bin/cmake --install /home/zrk/engineer_up/engineer/build/rm_description
