[0.207s] Invoking command in '/home/nhs/engineer/build/pcd2pgm': CMAKE_PREFIX_PATH=${CMAKE_PREFIX_PATH}:/home/nhs/engineer/install/bubble_protocol:/opt/ros/humble /usr/bin/cmake /home/nhs/engineer/src/rm_localization/pcd2pgm -DCMAKE_INSTALL_PREFIX=/home/nhs/engineer/install/pcd2pgm
[0.222s] -- Found ament_cmake: 1.3.12 (/opt/ros/humble/share/ament_cmake/cmake)
[0.375s] -- Found rclcpp: 16.0.15 (/opt/ros/humble/share/rclcpp/cmake)
[0.411s] -- Found rosidl_generator_c: 3.1.7 (/opt/ros/humble/share/rosidl_generator_c/cmake)
[0.414s] -- Found rosidl_adapter: 3.1.7 (/opt/ros/humble/share/rosidl_adapter/cmake)
[0.461s] -- Found rosidl_generator_cpp: 3.1.7 (/opt/ros/humble/share/rosidl_generator_cpp/cmake)
[0.479s] -- Using all available rosidl_typesupport_c: rosidl_typesupport_fastrtps_c;rosidl_typesupport_introspection_c
[0.494s] -- Using all available rosidl_typesupport_cpp: rosidl_typesupport_fastrtps_cpp;rosidl_typesupport_introspection_cpp
[0.563s] -- Found rmw_implementation_cmake: 6.1.2 (/opt/ros/humble/share/rmw_implementation_cmake/cmake)
[0.565s] -- Found rmw_fastrtps_cpp: 6.2.8 (/opt/ros/humble/share/rmw_fastrtps_cpp/cmake)
[0.662s] -- Using RMW implementation 'rmw_fastrtps_cpp' as default
[0.774s] -- Eigen found (include: /usr/include/eigen3, version: 3.4.0)
[0.802s] -- FLANN found (include: /usr/include, lib: /usr/lib/x86_64-linux-gnu/libflann_cpp.so)
[1.094s] -- OpenNI found (version: 1.5.4.0, include: /usr/include/ni, lib: /usr/lib/libOpenNI.so;libusb::libusb)
[1.099s] -- OpenNI2 found (version: 2.2.0.33, include: /usr/include/openni2, lib: /usr/lib/x86_64-linux-gnu/libOpenNI2.so;libusb::libusb)
[1.100s] [0m** WARNING ** io features related to pcap will be disabled[0m
[1.250s] -- Eigen found (include: /usr/include/eigen3, version: 3.4.0)
[1.256s] -- OpenNI found (version: 1.5.4.0, include: /usr/include/ni, lib: /usr/lib/libOpenNI.so;libusb::libusb)
[1.262s] -- OpenNI2 found (version: 2.2.0.33, include: /usr/include/openni2, lib: /usr/lib/x86_64-linux-gnu/libOpenNI2.so;libusb::libusb)
[1.413s] -- Found Qhull version 8.0.2
[1.545s] -- OpenNI found (version: 1.5.4.0, include: /usr/include/ni, lib: /usr/lib/libOpenNI.so;libusb::libusb)
[1.674s] -- looking for PCL_COMMON
[1.674s] -- looking for PCL_KDTREE
[1.674s] -- looking for PCL_OCTREE
[1.674s] -- looking for PCL_SEARCH
[1.675s] -- looking for PCL_SAMPLE_CONSENSUS
[1.675s] -- looking for PCL_FILTERS
[1.675s] -- looking for PCL_2D
[1.676s] -- looking for PCL_GEOMETRY
[1.676s] -- looking for PCL_IO
[1.676s] -- looking for PCL_FEATURES
[1.677s] -- looking for PCL_ML
[1.677s] -- looking for PCL_SEGMENTATION
[1.678s] -- looking for PCL_VISUALIZATION
[1.678s] -- looking for PCL_SURFACE
[1.679s] -- looking for PCL_REGISTRATION
[1.679s] -- looking for PCL_KEYPOINTS
[1.680s] -- looking for PCL_TRACKING
[1.680s] -- looking for PCL_RECOGNITION
[1.680s] -- looking for PCL_STEREO
[1.681s] -- looking for PCL_APPS
[1.682s] -- looking for PCL_IN_HAND_SCANNER
[1.682s] -- looking for PCL_MODELER
[1.682s] -- looking for PCL_POINT_CLOUD_EDITOR
[1.682s] -- looking for PCL_OUTOFCORE
[1.683s] -- looking for PCL_PEOPLE
[1.769s] -- Configuring done
[1.799s] -- Generating done
[1.811s] -- Build files have been written to: /home/nhs/engineer/build/pcd2pgm
[1.832s] Invoked command in '/home/nhs/engineer/build/pcd2pgm' returned '0': CMAKE_PREFIX_PATH=${CMAKE_PREFIX_PATH}:/home/nhs/engineer/install/bubble_protocol:/opt/ros/humble /usr/bin/cmake /home/nhs/engineer/src/rm_localization/pcd2pgm -DCMAKE_INSTALL_PREFIX=/home/nhs/engineer/install/pcd2pgm
[1.834s] Invoking command in '/home/nhs/engineer/build/pcd2pgm': CMAKE_PREFIX_PATH=${CMAKE_PREFIX_PATH}:/home/nhs/engineer/install/bubble_protocol:/opt/ros/humble /usr/bin/cmake --build /home/nhs/engineer/build/pcd2pgm -- -j8 -l8
[1.864s] [35m[1mConsolidate compiler generated dependencies of target pcd2pgm[0m
[1.887s] [100%] Built target pcd2pgm
[1.900s] Invoked command in '/home/nhs/engineer/build/pcd2pgm' returned '0': CMAKE_PREFIX_PATH=${CMAKE_PREFIX_PATH}:/home/nhs/engineer/install/bubble_protocol:/opt/ros/humble /usr/bin/cmake --build /home/nhs/engineer/build/pcd2pgm -- -j8 -l8
[1.901s] Invoking command in '/home/nhs/engineer/build/pcd2pgm': CMAKE_PREFIX_PATH=${CMAKE_PREFIX_PATH}:/home/nhs/engineer/install/bubble_protocol:/opt/ros/humble /usr/bin/cmake --install /home/nhs/engineer/build/pcd2pgm
[1.909s] -- Install configuration: ""
[1.909s] -- Up-to-date: /home/nhs/engineer/install/pcd2pgm/lib/pcd2pgm/pcd2pgm
[1.909s] -- Up-to-date: /home/nhs/engineer/install/pcd2pgm/share/pcd2pgm/launch
[1.909s] -- Up-to-date: /home/nhs/engineer/install/pcd2pgm/share/pcd2pgm/launch/pcd2pgm.launch.py
[1.909s] -- Up-to-date: /home/nhs/engineer/install/pcd2pgm/share/pcd2pgm/config
[1.909s] -- Up-to-date: /home/nhs/engineer/install/pcd2pgm/share/pcd2pgm/config/pcd2pgm.yaml
[1.909s] -- Up-to-date: /home/nhs/engineer/install/pcd2pgm/share/pcd2pgm/map
[1.909s] -- Up-to-date: /home/nhs/engineer/install/pcd2pgm/share/pcd2pgm/map/test.pgm
[1.909s] -- Up-to-date: /home/nhs/engineer/install/pcd2pgm/share/pcd2pgm/map/test.yaml
[1.909s] -- Up-to-date: /home/nhs/engineer/install/pcd2pgm/share/ament_index/resource_index/package_run_dependencies/pcd2pgm
[1.909s] -- Installing: /home/nhs/engineer/install/pcd2pgm/share/ament_index/resource_index/parent_prefix_path/pcd2pgm
[1.910s] -- Up-to-date: /home/nhs/engineer/install/pcd2pgm/share/pcd2pgm/environment/ament_prefix_path.sh
[1.910s] -- Installing: /home/nhs/engineer/install/pcd2pgm/share/pcd2pgm/environment/ament_prefix_path.dsv
[1.910s] -- Up-to-date: /home/nhs/engineer/install/pcd2pgm/share/pcd2pgm/environment/path.sh
[1.910s] -- Installing: /home/nhs/engineer/install/pcd2pgm/share/pcd2pgm/environment/path.dsv
[1.910s] -- Up-to-date: /home/nhs/engineer/install/pcd2pgm/share/pcd2pgm/local_setup.bash
[1.910s] -- Up-to-date: /home/nhs/engineer/install/pcd2pgm/share/pcd2pgm/local_setup.sh
[1.910s] -- Up-to-date: /home/nhs/engineer/install/pcd2pgm/share/pcd2pgm/local_setup.zsh
[1.910s] -- Installing: /home/nhs/engineer/install/pcd2pgm/share/pcd2pgm/local_setup.dsv
[1.910s] -- Installing: /home/nhs/engineer/install/pcd2pgm/share/pcd2pgm/package.dsv
[1.910s] -- Up-to-date: /home/nhs/engineer/install/pcd2pgm/share/ament_index/resource_index/packages/pcd2pgm
[1.910s] -- Up-to-date: /home/nhs/engineer/install/pcd2pgm/share/pcd2pgm/cmake/pcd2pgmConfig.cmake
[1.910s] -- Up-to-date: /home/nhs/engineer/install/pcd2pgm/share/pcd2pgm/cmake/pcd2pgmConfig-version.cmake
[1.910s] -- Up-to-date: /home/nhs/engineer/install/pcd2pgm/share/pcd2pgm/package.xml
[1.912s] Invoked command in '/home/nhs/engineer/build/pcd2pgm' returned '0': CMAKE_PREFIX_PATH=${CMAKE_PREFIX_PATH}:/home/nhs/engineer/install/bubble_protocol:/opt/ros/humble /usr/bin/cmake --install /home/nhs/engineer/build/pcd2pgm
