[0.195s] Invoking command in '/home/nhs/engineer/build/livox_sdk2': /usr/bin/cmake /home/nhs/engineer/src/rm_driver/Livox-SDK2 -DCMAKE_INSTALL_PREFIX=/home/nhs/engineer/install/livox_sdk2
[0.208s] -- main project dir: /home/nhs/engineer/src/rm_driver/Livox-SDK2
[0.209s] -- main project dir: /home/nhs/engineer/src/rm_driver/Livox-SDK2/samples
[0.217s] -- Configuring done
[0.243s] -- Generating done
[0.254s] -- Build files have been written to: /home/nhs/engineer/build/livox_sdk2
[0.260s] Invoked command in '/home/nhs/engineer/build/livox_sdk2' returned '0': /usr/bin/cmake /home/nhs/engineer/src/rm_driver/Livox-SDK2 -DCMAKE_INSTALL_PREFIX=/home/nhs/engineer/install/livox_sdk2
[0.261s] Invoking command in '/home/nhs/engineer/build/livox_sdk2': /usr/bin/cmake --build /home/nhs/engineer/build/livox_sdk2 -- -j8 -l8
[0.471s] [35m[1mConsolidate compiler generated dependencies of target livox_lidar_sdk_static[0m
[0.471s] [35m[1mConsolidate compiler generated dependencies of target livox_lidar_sdk_shared[0m
[0.471s] [ 42%] Built target livox_lidar_sdk_static
[0.472s] [35m[1mConsolidate compiler generated dependencies of target livox_lidar_quick_start[0m
[0.472s] [35m[1mConsolidate compiler generated dependencies of target multi_lidars_upgrade[0m
[0.472s] [35m[1mConsolidate compiler generated dependencies of target lidar_cmd_observer[0m
[0.472s] [35m[1mConsolidate compiler generated dependencies of target logger[0m
[0.472s] [35m[1mConsolidate compiler generated dependencies of target debug_point_cloud[0m
[0.472s] [35m[1mConsolidate compiler generated dependencies of target livox_lidar_rmc_time_sync[0m
[0.472s] [ 84%] Built target livox_lidar_sdk_shared
[0.472s] [ 86%] Built target livox_lidar_quick_start
[0.472s] [ 89%] Built target multi_lidars_upgrade
[0.472s] [ 91%] Built target logger
[0.472s] [ 93%] Built target lidar_cmd_observer
[0.472s] [ 96%] Built target debug_point_cloud
[0.472s] [100%] Built target livox_lidar_rmc_time_sync
[0.479s] Invoked command in '/home/nhs/engineer/build/livox_sdk2' returned '0': /usr/bin/cmake --build /home/nhs/engineer/build/livox_sdk2 -- -j8 -l8
[0.484s] Invoking command in '/home/nhs/engineer/build/livox_sdk2': /usr/bin/cmake --install /home/nhs/engineer/build/livox_sdk2
[0.495s] -- Install configuration: ""
[0.496s] -- Up-to-date: /home/nhs/engineer/install/livox_sdk2/lib/liblivox_lidar_sdk_static.a
[0.496s] -- Up-to-date: /home/nhs/engineer/install/livox_sdk2/include/livox_lidar_def.h
[0.496s] -- Up-to-date: /home/nhs/engineer/install/livox_sdk2/include/livox_lidar_api.h
[0.496s] -- Up-to-date: /home/nhs/engineer/install/livox_sdk2/include/livox_lidar_cfg.h
[0.496s] -- Up-to-date: /home/nhs/engineer/install/livox_sdk2/lib/liblivox_lidar_sdk_shared.so
[0.501s] Invoked command in '/home/nhs/engineer/build/livox_sdk2' returned '0': /usr/bin/cmake --install /home/nhs/engineer/build/livox_sdk2
