[0.203s] Invoking command in '/home/nhs/engineer/build/pcd2pgm': CMAKE_PREFIX_PATH=${CMAKE_PREFIX_PATH}:/home/nhs/engineer/install/bubble_protocol:/opt/ros/humble /usr/bin/cmake /home/nhs/engineer/src/rm_localization/pcd2pgm -DROS_EDITION=ROS2 -DHUMBLE_ROS=humble -DCMAKE_INSTALL_PREFIX=/home/nhs/engineer/install/pcd2pgm
[0.280s] -- The C compiler identification is GNU 11.4.0
[0.340s] -- The CXX compiler identification is GNU 11.4.0
[0.348s] -- Detecting C compiler ABI info
[0.461s] -- Detecting C compiler ABI info - done
[0.484s] -- Check for working C compiler: /usr/bin/cc - skipped
[0.484s] -- Detecting C compile features
[0.484s] -- Detecting C compile features - done
[0.484s] -- Detecting CXX compiler ABI info
[0.597s] -- Detecting CXX compiler ABI info - done
[0.620s] -- Check for working CXX compiler: /usr/bin/c++ - skipped
[0.627s] -- Detecting CXX compile features
[0.628s] -- Detecting CXX compile features - done
[0.632s] -- Found ament_cmake: 1.3.12 (/opt/ros/humble/share/ament_cmake/cmake)
[0.875s] -- Found Python3: /usr/bin/python3 (found version "3.10.12") found components: Interpreter 
[1.093s] -- Found rclcpp: 16.0.15 (/opt/ros/humble/share/rclcpp/cmake)
[1.177s] -- Found rosidl_generator_c: 3.1.7 (/opt/ros/humble/share/rosidl_generator_c/cmake)
[1.184s] -- Found rosidl_adapter: 3.1.7 (/opt/ros/humble/share/rosidl_adapter/cmake)
[1.192s] -- Found rosidl_generator_cpp: 3.1.7 (/opt/ros/humble/share/rosidl_generator_cpp/cmake)
[1.214s] -- Using all available rosidl_typesupport_c: rosidl_typesupport_fastrtps_c;rosidl_typesupport_introspection_c
[1.249s] -- Using all available rosidl_typesupport_cpp: rosidl_typesupport_fastrtps_cpp;rosidl_typesupport_introspection_cpp
[1.290s] -- Found rmw_implementation_cmake: 6.1.2 (/opt/ros/humble/share/rmw_implementation_cmake/cmake)
[1.297s] -- Found rmw_fastrtps_cpp: 6.2.8 (/opt/ros/humble/share/rmw_fastrtps_cpp/cmake)
[1.450s] -- Found OpenSSL: /usr/lib/x86_64-linux-gnu/libcrypto.so (found version "3.0.2")  
[1.491s] -- Found FastRTPS: /opt/ros/humble/include  
[1.557s] -- Using RMW implementation 'rmw_fastrtps_cpp' as default
[1.566s] -- Looking for pthread.h
[1.745s] -- Looking for pthread.h - found
[1.745s] -- Performing Test CMAKE_HAVE_LIBC_PTHREAD
[1.932s] -- Performing Test CMAKE_HAVE_LIBC_PTHREAD - Success
[1.932s] -- Found Threads: TRUE  
[2.094s] -- Checking for module 'eigen3'
[2.128s] --   Found eigen3, version 3.4.0
[2.216s] -- Found Eigen: /usr/include/eigen3 (Required is at least version "3.1") 
[2.216s] -- Eigen found (include: /usr/include/eigen3, version: 3.4.0)
[2.242s] -- Found Boost: /usr/lib/x86_64-linux-gnu/cmake/Boost-1.74.0/BoostConfig.cmake (found suitable version "1.74.0", minimum required is "1.65.0") found components: system filesystem date_time iostreams serialization 
[2.261s] -- Checking for module 'flann'
[2.288s] --   Found flann, version 1.9.1
[2.413s] -- Found FLANN: /usr/lib/x86_64-linux-gnu/libflann_cpp.so  
[2.414s] -- FLANN found (include: /usr/include, lib: /usr/lib/x86_64-linux-gnu/libflann_cpp.so)
[2.507s] -- Found GLEW: /usr/lib/x86_64-linux-gnu/libGLEW.so  
[2.525s] -- Found OpenGL: /usr/lib/x86_64-linux-gnu/libOpenGL.so  found components: OpenGL GLX 
[2.973s] -- Found MPI_C: /usr/lib/x86_64-linux-gnu/libmpi.so (found version "3.1") 
[2.974s] -- Found MPI: TRUE (found version "3.1") found components: C 
[3.000s] -- Found JsonCpp: /usr/lib/x86_64-linux-gnu/libjsoncpp.so (found suitable version "1.9.5", minimum required is "0.7.0") 
[3.046s] -- Found ZLIB: /usr/lib/x86_64-linux-gnu/libz.so (found version "1.2.11") 
[3.149s] -- Found PNG: /usr/lib/x86_64-linux-gnu/libpng.so (found version "1.6.37") 
[3.221s] -- Found Eigen3: /usr/include/eigen3 (found version "3.4.0") 
[3.590s] -- Found X11: /usr/include   
[3.590s] -- Looking for XOpenDisplay in /usr/lib/x86_64-linux-gnu/libX11.so;/usr/lib/x86_64-linux-gnu/libXext.so
[3.802s] -- Looking for XOpenDisplay in /usr/lib/x86_64-linux-gnu/libX11.so;/usr/lib/x86_64-linux-gnu/libXext.so - found
[3.802s] -- Looking for gethostbyname
[4.015s] -- Looking for gethostbyname - found
[4.016s] -- Looking for connect
[4.183s] -- Looking for connect - found
[4.183s] -- Looking for remove
[4.342s] -- Looking for remove - found
[4.342s] -- Looking for shmat
[4.542s] -- Looking for shmat - found
[4.543s] -- Looking for IceConnectionNumber in ICE
[4.752s] -- Looking for IceConnectionNumber in ICE - found
[5.053s] -- Found EXPAT: /usr/lib/x86_64-linux-gnu/libexpat.so (found version "2.4.7") 
[5.053s] -- Found double-conversion: /usr/lib/x86_64-linux-gnu/libdouble-conversion.so  
[5.057s] -- Found LZ4: /usr/lib/x86_64-linux-gnu/liblz4.so (found version "1.9.3") 
[5.063s] -- Found LZMA: /usr/lib/x86_64-linux-gnu/liblzma.so (found version "5.2.5") 
[5.123s] -- Found JPEG: /usr/lib/x86_64-linux-gnu/libjpeg.so (found version "80") 
[5.152s] -- Found TIFF: /usr/lib/x86_64-linux-gnu/libtiff.so (found version "4.3.0")  
[5.162s] -- Found Freetype: /usr/lib/x86_64-linux-gnu/libfreetype.so (found version "2.11.1") 
[5.177s] -- Found utf8cpp: /usr/include/utf8cpp  
[5.403s] -- Checking for module 'libusb-1.0'
[5.458s] --   Found libusb-1.0, version 1.0.25
[5.551s] -- Found libusb: /usr/lib/x86_64-linux-gnu/libusb-1.0.so  
[5.552s] -- Found OpenNI: /usr/lib/libOpenNI.so;libusb::libusb (found version "1.5.4.0") 
[5.552s] -- OpenNI found (version: 1.5.4.0, include: /usr/include/ni, lib: /usr/lib/libOpenNI.so;libusb::libusb)
[5.712s] -- Found OpenNI2: /usr/lib/x86_64-linux-gnu/libOpenNI2.so;libusb::libusb (found version "2.2.0.33") 
[5.713s] -- OpenNI2 found (version: 2.2.0.33, include: /usr/include/openni2, lib: /usr/lib/x86_64-linux-gnu/libOpenNI2.so;libusb::libusb)
[5.715s] [0m** WARNING ** io features related to pcap will be disabled[0m
[6.363s] -- Eigen found (include: /usr/include/eigen3, version: 3.4.0)
[6.380s] -- OpenNI found (version: 1.5.4.0, include: /usr/include/ni, lib: /usr/lib/libOpenNI.so;libusb::libusb)
[6.400s] -- OpenNI2 found (version: 2.2.0.33, include: /usr/include/openni2, lib: /usr/lib/x86_64-linux-gnu/libOpenNI2.so;libusb::libusb)
[6.688s] -- Found Qhull version 8.0.2
[6.967s] -- OpenNI found (version: 1.5.4.0, include: /usr/include/ni, lib: /usr/lib/libOpenNI.so;libusb::libusb)
[7.513s] -- looking for PCL_COMMON
[7.523s] -- Found PCL_COMMON: /usr/lib/x86_64-linux-gnu/libpcl_common.so  
[7.523s] -- looking for PCL_KDTREE
[7.524s] -- Found PCL_KDTREE: /usr/lib/x86_64-linux-gnu/libpcl_kdtree.so  
[7.524s] -- looking for PCL_OCTREE
[7.530s] -- Found PCL_OCTREE: /usr/lib/x86_64-linux-gnu/libpcl_octree.so  
[7.530s] -- looking for PCL_SEARCH
[7.530s] -- Found PCL_SEARCH: /usr/lib/x86_64-linux-gnu/libpcl_search.so  
[7.530s] -- looking for PCL_SAMPLE_CONSENSUS
[7.535s] -- Found PCL_SAMPLE_CONSENSUS: /usr/lib/x86_64-linux-gnu/libpcl_sample_consensus.so  
[7.535s] -- looking for PCL_FILTERS
[7.537s] -- Found PCL_FILTERS: /usr/lib/x86_64-linux-gnu/libpcl_filters.so  
[7.537s] -- looking for PCL_2D
[7.539s] -- Found PCL_2D: /usr/include/pcl-1.12  
[7.539s] -- looking for PCL_GEOMETRY
[7.539s] -- Found PCL_GEOMETRY: /usr/include/pcl-1.12  
[7.539s] -- looking for PCL_IO
[7.539s] -- Found PCL_IO: /usr/lib/x86_64-linux-gnu/libpcl_io.so  
[7.540s] -- looking for PCL_FEATURES
[7.540s] -- Found PCL_FEATURES: /usr/lib/x86_64-linux-gnu/libpcl_features.so  
[7.540s] -- looking for PCL_ML
[7.541s] -- Found PCL_ML: /usr/lib/x86_64-linux-gnu/libpcl_ml.so  
[7.541s] -- looking for PCL_SEGMENTATION
[7.552s] -- Found PCL_SEGMENTATION: /usr/lib/x86_64-linux-gnu/libpcl_segmentation.so  
[7.553s] -- looking for PCL_VISUALIZATION
[7.553s] -- Found PCL_VISUALIZATION: /usr/lib/x86_64-linux-gnu/libpcl_visualization.so  
[7.553s] -- looking for PCL_SURFACE
[7.554s] -- Found PCL_SURFACE: /usr/lib/x86_64-linux-gnu/libpcl_surface.so  
[7.556s] -- looking for PCL_REGISTRATION
[7.557s] -- Found PCL_REGISTRATION: /usr/lib/x86_64-linux-gnu/libpcl_registration.so  
[7.557s] -- looking for PCL_KEYPOINTS
[7.560s] -- Found PCL_KEYPOINTS: /usr/lib/x86_64-linux-gnu/libpcl_keypoints.so  
[7.560s] -- looking for PCL_TRACKING
[7.561s] -- Found PCL_TRACKING: /usr/lib/x86_64-linux-gnu/libpcl_tracking.so  
[7.561s] -- looking for PCL_RECOGNITION
[7.569s] -- Found PCL_RECOGNITION: /usr/lib/x86_64-linux-gnu/libpcl_recognition.so  
[7.570s] -- looking for PCL_STEREO
[7.583s] -- Found PCL_STEREO: /usr/lib/x86_64-linux-gnu/libpcl_stereo.so  
[7.583s] -- looking for PCL_APPS
[7.584s] -- Found PCL_APPS: /usr/lib/x86_64-linux-gnu/libpcl_apps.so  
[7.588s] -- looking for PCL_IN_HAND_SCANNER
[7.588s] -- Found PCL_IN_HAND_SCANNER: /usr/include/pcl-1.12  
[7.588s] -- looking for PCL_MODELER
[7.588s] -- Found PCL_MODELER: /usr/include/pcl-1.12  
[7.588s] -- looking for PCL_POINT_CLOUD_EDITOR
[7.591s] -- Found PCL_POINT_CLOUD_EDITOR: /usr/include/pcl-1.12  
[7.593s] -- looking for PCL_OUTOFCORE
[7.597s] -- Found PCL_OUTOFCORE: /usr/lib/x86_64-linux-gnu/libpcl_outofcore.so  
[7.597s] -- looking for PCL_PEOPLE
[7.598s] -- Found PCL_PEOPLE: /usr/lib/x86_64-linux-gnu/libpcl_people.so  
[7.608s] -- Found PCL: pcl_common;pcl_kdtree;pcl_octree;pcl_search;pcl_sample_consensus;pcl_filters;pcl_io;pcl_features;pcl_ml;pcl_segmentation;pcl_visualization;pcl_surface;pcl_registration;pcl_keypoints;pcl_tracking;pcl_recognition;pcl_stereo;pcl_apps;pcl_outofcore;pcl_people;Boost::system;Boost::filesystem;Boost::date_time;Boost::iostreams;Boost::serialization;/usr/lib/libOpenNI.so;libusb::libusb;/usr/lib/x86_64-linux-gnu/libOpenNI2.so;libusb::libusb;VTK::ChartsCore;VTK::CommonColor;VTK::CommonComputationalGeometry;VTK::CommonCore;VTK::CommonDataModel;VTK::CommonExecutionModel;VTK::CommonMath;VTK::CommonMisc;VTK::CommonTransforms;VTK::FiltersCore;VTK::FiltersExtraction;VTK::FiltersGeneral;VTK::FiltersGeometry;VTK::FiltersModeling;VTK::FiltersSources;VTK::ImagingCore;VTK::ImagingSources;VTK::InteractionImage;VTK::InteractionStyle;VTK::InteractionWidgets;VTK::IOCore;VTK::IOGeometry;VTK::IOImage;VTK::IOLegacy;VTK::IOPLY;VTK::RenderingAnnotation;VTK::RenderingCore;VTK::RenderingContext2D;VTK::RenderingLOD;VTK::RenderingFreeType;VTK::ViewsCore;VTK::ViewsContext2D;VTK::RenderingOpenGL2;VTK::GUISupportQt;FLANN::FLANN;QHULL::QHULL  
[7.635s] -- Found OpenCV: /usr (found version "4.5.4") 
[7.966s] -- Configuring done
[8.073s] -- Generating done
[8.082s] [33mCMake Warning:
[8.084s]   Manually-specified variables were not used by the project:
[8.084s] 
[8.085s]     HUMBLE_ROS
[8.085s]     ROS_EDITION
[8.085s] 
[8.085s] [0m
[8.130s] -- Build files have been written to: /home/nhs/engineer/build/pcd2pgm
[8.179s] Invoked command in '/home/nhs/engineer/build/pcd2pgm' returned '0': CMAKE_PREFIX_PATH=${CMAKE_PREFIX_PATH}:/home/nhs/engineer/install/bubble_protocol:/opt/ros/humble /usr/bin/cmake /home/nhs/engineer/src/rm_localization/pcd2pgm -DROS_EDITION=ROS2 -DHUMBLE_ROS=humble -DCMAKE_INSTALL_PREFIX=/home/nhs/engineer/install/pcd2pgm
[8.180s] Invoking command in '/home/nhs/engineer/build/pcd2pgm': CMAKE_PREFIX_PATH=${CMAKE_PREFIX_PATH}:/home/nhs/engineer/install/bubble_protocol:/opt/ros/humble /usr/bin/cmake --build /home/nhs/engineer/build/pcd2pgm -- -j8 -l8
[8.358s] [ 50%] [32mBuilding CXX object CMakeFiles/pcd2pgm.dir/src/pcd2pgm.cpp.o[0m
[30.565s] [100%] [32m[1mLinking CXX executable pcd2pgm[0m
[31.503s] [100%] Built target pcd2pgm
[31.521s] Invoked command in '/home/nhs/engineer/build/pcd2pgm' returned '0': CMAKE_PREFIX_PATH=${CMAKE_PREFIX_PATH}:/home/nhs/engineer/install/bubble_protocol:/opt/ros/humble /usr/bin/cmake --build /home/nhs/engineer/build/pcd2pgm -- -j8 -l8
[31.522s] Invoking command in '/home/nhs/engineer/build/pcd2pgm': CMAKE_PREFIX_PATH=${CMAKE_PREFIX_PATH}:/home/nhs/engineer/install/bubble_protocol:/opt/ros/humble /usr/bin/cmake --install /home/nhs/engineer/build/pcd2pgm
[31.529s] -- Install configuration: ""
[31.530s] -- Installing: /home/nhs/engineer/install/pcd2pgm/lib/pcd2pgm/pcd2pgm
[31.530s] -- Set runtime path of "/home/nhs/engineer/install/pcd2pgm/lib/pcd2pgm/pcd2pgm" to ""
[31.530s] -- Installing: /home/nhs/engineer/install/pcd2pgm/share/pcd2pgm/launch
[31.530s] -- Installing: /home/nhs/engineer/install/pcd2pgm/share/pcd2pgm/launch/pcd2pgm.launch.py
[31.531s] -- Installing: /home/nhs/engineer/install/pcd2pgm/share/pcd2pgm/config
[31.531s] -- Installing: /home/nhs/engineer/install/pcd2pgm/share/pcd2pgm/config/pcd2pgm.yaml
[31.532s] -- Installing: /home/nhs/engineer/install/pcd2pgm/share/pcd2pgm/map
[31.532s] -- Installing: /home/nhs/engineer/install/pcd2pgm/share/pcd2pgm/map/test.pgm
[31.533s] -- Installing: /home/nhs/engineer/install/pcd2pgm/share/pcd2pgm/map/test.yaml
[31.533s] -- Installing: /home/nhs/engineer/install/pcd2pgm/share/ament_index/resource_index/package_run_dependencies/pcd2pgm
[31.534s] -- Installing: /home/nhs/engineer/install/pcd2pgm/share/ament_index/resource_index/parent_prefix_path/pcd2pgm
[31.534s] -- Installing: /home/nhs/engineer/install/pcd2pgm/share/pcd2pgm/environment/ament_prefix_path.sh
[31.541s] -- Installing: /home/nhs/engineer/install/pcd2pgm/share/pcd2pgm/environment/ament_prefix_path.dsv
[31.541s] -- Installing: /home/nhs/engineer/install/pcd2pgm/share/pcd2pgm/environment/path.sh
[31.541s] -- Installing: /home/nhs/engineer/install/pcd2pgm/share/pcd2pgm/environment/path.dsv
[31.541s] -- Installing: /home/nhs/engineer/install/pcd2pgm/share/pcd2pgm/local_setup.bash
[31.541s] -- Installing: /home/nhs/engineer/install/pcd2pgm/share/pcd2pgm/local_setup.sh
[31.541s] -- Installing: /home/nhs/engineer/install/pcd2pgm/share/pcd2pgm/local_setup.zsh
[31.542s] -- Installing: /home/nhs/engineer/install/pcd2pgm/share/pcd2pgm/local_setup.dsv
[31.542s] -- Installing: /home/nhs/engineer/install/pcd2pgm/share/pcd2pgm/package.dsv
[31.542s] -- Installing: /home/nhs/engineer/install/pcd2pgm/share/ament_index/resource_index/packages/pcd2pgm
[31.542s] -- Installing: /home/nhs/engineer/install/pcd2pgm/share/pcd2pgm/cmake/pcd2pgmConfig.cmake
[31.542s] -- Installing: /home/nhs/engineer/install/pcd2pgm/share/pcd2pgm/cmake/pcd2pgmConfig-version.cmake
[31.542s] -- Installing: /home/nhs/engineer/install/pcd2pgm/share/pcd2pgm/package.xml
[31.548s] Invoked command in '/home/nhs/engineer/build/pcd2pgm' returned '0': CMAKE_PREFIX_PATH=${CMAKE_PREFIX_PATH}:/home/nhs/engineer/install/bubble_protocol:/opt/ros/humble /usr/bin/cmake --install /home/nhs/engineer/build/pcd2pgm
