[0.204s] Invoking command in '/home/nhs/engineer/build/navi': CMAKE_PREFIX_PATH=${CMAKE_PREFIX_PATH}:/home/nhs/engineer/install/bubble_protocol:/opt/ros/humble /usr/bin/cmake /home/nhs/engineer/src/rm_navigation/navi -DROS_EDITION=ROS2 -DHUMBLE_ROS=humble -DCMAKE_INSTALL_PREFIX=/home/nhs/engineer/install/navi
[0.270s] -- The C compiler identification is GNU 11.4.0
[0.346s] -- The CXX compiler identification is GNU 11.4.0
[0.354s] -- Detecting C compiler ABI info
[0.435s] -- Detecting C compiler ABI info - done
[0.442s] -- Check for working C compiler: /usr/bin/cc - skipped
[0.443s] -- Detecting C compile features
[0.443s] -- Detecting C compile features - done
[0.447s] -- Detecting CXX compiler ABI info
[0.539s] -- Detecting CXX compiler ABI info - done
[0.559s] -- Check for working CXX compiler: /usr/bin/c++ - skipped
[0.559s] -- Detecting CXX compile features
[0.559s] -- Detecting CXX compile features - done
[0.559s] -- Found ament_cmake_auto: 1.3.12 (/opt/ros/humble/share/ament_cmake_auto/cmake)
[0.740s] -- Found Python3: /usr/bin/python3 (found version "3.10.12") found components: Interpreter 
[0.997s] -- Configuring done
[0.999s] -- Generating done
[1.000s] [33mCMake Warning:
[1.000s]   Manually-specified variables were not used by the project:
[1.000s] 
[1.000s]     HUMBLE_ROS
[1.000s]     ROS_EDITION
[1.000s] 
[1.000s] [0m
[1.001s] -- Build files have been written to: /home/nhs/engineer/build/navi
[1.080s] Invoked command in '/home/nhs/engineer/build/navi' returned '0': CMAKE_PREFIX_PATH=${CMAKE_PREFIX_PATH}:/home/nhs/engineer/install/bubble_protocol:/opt/ros/humble /usr/bin/cmake /home/nhs/engineer/src/rm_navigation/navi -DROS_EDITION=ROS2 -DHUMBLE_ROS=humble -DCMAKE_INSTALL_PREFIX=/home/nhs/engineer/install/navi
[1.080s] Invoking command in '/home/nhs/engineer/build/navi': CMAKE_PREFIX_PATH=${CMAKE_PREFIX_PATH}:/home/nhs/engineer/install/bubble_protocol:/opt/ros/humble /usr/bin/cmake --build /home/nhs/engineer/build/navi -- -j8 -l8
[1.343s] Invoked command in '/home/nhs/engineer/build/navi' returned '0': CMAKE_PREFIX_PATH=${CMAKE_PREFIX_PATH}:/home/nhs/engineer/install/bubble_protocol:/opt/ros/humble /usr/bin/cmake --build /home/nhs/engineer/build/navi -- -j8 -l8
[1.349s] Invoking command in '/home/nhs/engineer/build/navi': CMAKE_PREFIX_PATH=${CMAKE_PREFIX_PATH}:/home/nhs/engineer/install/bubble_protocol:/opt/ros/humble /usr/bin/cmake --install /home/nhs/engineer/build/navi
[2.731s] -- Install configuration: ""
[2.731s] -- Installing: /home/nhs/engineer/install/navi/share/navi/params
[2.731s] -- Installing: /home/nhs/engineer/install/navi/share/navi/params/nav2_params.yaml
[2.731s] -- Installing: /home/nhs/engineer/install/navi/share/navi/params/mapper_params_online_async.yaml
[2.732s] -- Installing: /home/nhs/engineer/install/navi/share/navi/launch
[2.732s] -- Installing: /home/nhs/engineer/install/navi/share/navi/launch/rviz_launch.py
[2.732s] -- Installing: /home/nhs/engineer/install/navi/share/navi/launch/bringup_launch.py
[2.732s] -- Installing: /home/nhs/engineer/install/navi/share/navi/launch/navigation_launch.py
[2.732s] -- Installing: /home/nhs/engineer/install/navi/share/navi/launch/localization_launch.py
[2.732s] -- Installing: /home/nhs/engineer/install/navi/share/navi/launch/slam_launch.py
[2.734s] -- Installing: /home/nhs/engineer/install/navi/share/navi/launch/online_async_launch.py
[2.735s] -- Installing: /home/nhs/engineer/install/navi/share/navi/maps
[2.735s] -- Installing: /home/nhs/engineer/install/navi/share/navi/maps/test.pgm
[2.735s] -- Installing: /home/nhs/engineer/install/navi/share/navi/maps/test.yaml
[2.735s] -- Installing: /home/nhs/engineer/install/navi/share/navi/rviz
[2.735s] -- Installing: /home/nhs/engineer/install/navi/share/navi/rviz/nav2_default_view.rviz
[2.735s] -- Installing: /home/nhs/engineer/install/navi/share/ament_index/resource_index/package_run_dependencies/navi
[2.735s] -- Installing: /home/nhs/engineer/install/navi/share/ament_index/resource_index/parent_prefix_path/navi
[2.735s] -- Installing: /home/nhs/engineer/install/navi/share/navi/environment/ament_prefix_path.sh
[2.735s] -- Installing: /home/nhs/engineer/install/navi/share/navi/environment/ament_prefix_path.dsv
[2.735s] -- Installing: /home/nhs/engineer/install/navi/share/navi/environment/path.sh
[2.735s] -- Installing: /home/nhs/engineer/install/navi/share/navi/environment/path.dsv
[2.735s] -- Installing: /home/nhs/engineer/install/navi/share/navi/local_setup.bash
[2.738s] -- Installing: /home/nhs/engineer/install/navi/share/navi/local_setup.sh
[2.738s] -- Installing: /home/nhs/engineer/install/navi/share/navi/local_setup.zsh
[2.740s] -- Installing: /home/nhs/engineer/install/navi/share/navi/local_setup.dsv
[2.740s] -- Installing: /home/nhs/engineer/install/navi/share/navi/package.dsv
[2.740s] -- Installing: /home/nhs/engineer/install/navi/share/ament_index/resource_index/packages/navi
[2.740s] -- Installing: /home/nhs/engineer/install/navi/share/navi/cmake/naviConfig.cmake
[2.740s] -- Installing: /home/nhs/engineer/install/navi/share/navi/cmake/naviConfig-version.cmake
[2.740s] -- Installing: /home/nhs/engineer/install/navi/share/navi/package.xml
[2.743s] Invoked command in '/home/nhs/engineer/build/navi' returned '0': CMAKE_PREFIX_PATH=${CMAKE_PREFIX_PATH}:/home/nhs/engineer/install/bubble_protocol:/opt/ros/humble /usr/bin/cmake --install /home/nhs/engineer/build/navi
