[0.207s] Invoking command in '/home/nhs/engineer/build/pcd2pgm': CMAKE_PREFIX_PATH=${CMAKE_PREFIX_PATH}:/home/nhs/engineer/install/bubble_protocol:/opt/ros/humble /usr/bin/cmake /home/nhs/engineer/src/rm_localization/pcd2pgm -DROS_EDITION=ROS2 -DHUMBLE_ROS=humble -DCMAKE_INSTALL_PREFIX=/home/nhs/engineer/install/pcd2pgm
[0.265s] -- The C compiler identification is GNU 11.4.0
[0.336s] -- The CXX compiler identification is GNU 11.4.0
[0.373s] -- Detecting C compiler ABI info
[0.473s] -- Detecting C compiler ABI info - done
[0.480s] -- Check for working C compiler: /usr/bin/cc - skipped
[0.480s] -- Detecting C compile features
[0.482s] -- Detecting C compile features - done
[0.486s] -- Detecting CXX compiler ABI info
[0.568s] -- Detecting CXX compiler ABI info - done
[0.575s] -- Check for working CXX compiler: /usr/bin/c++ - skipped
[0.576s] -- Detecting CXX compile features
[0.576s] -- Detecting CXX compile features - done
[0.579s] -- Found ament_cmake: 1.3.12 (/opt/ros/humble/share/ament_cmake/cmake)
[0.734s] -- Found Python3: /usr/bin/python3 (found version "3.10.12") found components: Interpreter 
[0.872s] -- Found rclcpp: 16.0.15 (/opt/ros/humble/share/rclcpp/cmake)
[0.966s] -- Found rosidl_generator_c: 3.1.7 (/opt/ros/humble/share/rosidl_generator_c/cmake)
[0.971s] -- Found rosidl_adapter: 3.1.7 (/opt/ros/humble/share/rosidl_adapter/cmake)
[0.993s] -- Found rosidl_generator_cpp: 3.1.7 (/opt/ros/humble/share/rosidl_generator_cpp/cmake)
[1.029s] -- Using all available rosidl_typesupport_c: rosidl_typesupport_fastrtps_c;rosidl_typesupport_introspection_c
[1.054s] -- Using all available rosidl_typesupport_cpp: rosidl_typesupport_fastrtps_cpp;rosidl_typesupport_introspection_cpp
[1.142s] -- Found rmw_implementation_cmake: 6.1.2 (/opt/ros/humble/share/rmw_implementation_cmake/cmake)
[1.145s] -- Found rmw_fastrtps_cpp: 6.2.8 (/opt/ros/humble/share/rmw_fastrtps_cpp/cmake)
[1.562s] -- Found OpenSSL: /usr/lib/x86_64-linux-gnu/libcrypto.so (found version "3.0.2")  
[1.609s] -- Found FastRTPS: /opt/ros/humble/include  
[1.706s] -- Using RMW implementation 'rmw_fastrtps_cpp' as default
[1.714s] -- Looking for pthread.h
[2.007s] -- Looking for pthread.h - found
[2.013s] -- Performing Test CMAKE_HAVE_LIBC_PTHREAD
[2.325s] -- Performing Test CMAKE_HAVE_LIBC_PTHREAD - Success
[2.326s] -- Found Threads: TRUE  
[2.498s] -- Checking for module 'eigen3'
[2.583s] --   Found eigen3, version 3.4.0
[2.917s] -- Found Eigen: /usr/include/eigen3 (Required is at least version "3.1") 
[2.917s] -- Eigen found (include: /usr/include/eigen3, version: 3.4.0)
[2.951s] -- Found Boost: /usr/lib/x86_64-linux-gnu/cmake/Boost-1.74.0/BoostConfig.cmake (found suitable version "1.74.0", minimum required is "1.65.0") found components: system filesystem date_time iostreams serialization 
[2.993s] -- Checking for module 'flann'
[3.102s] --   Found flann, version 1.9.1
[3.416s] -- Found FLANN: /usr/lib/x86_64-linux-gnu/libflann_cpp.so  
[3.416s] -- FLANN found (include: /usr/include, lib: /usr/lib/x86_64-linux-gnu/libflann_cpp.so)
[3.496s] -- Found GLEW: /usr/lib/x86_64-linux-gnu/libGLEW.so  
[3.513s] -- Found OpenGL: /usr/lib/x86_64-linux-gnu/libOpenGL.so  found components: OpenGL GLX 
[4.208s] -- Found MPI_C: /usr/lib/x86_64-linux-gnu/libmpi.so (found version "3.1") 
[4.208s] -- Found MPI: TRUE (found version "3.1") found components: C 
[4.211s] -- Found JsonCpp: /usr/lib/x86_64-linux-gnu/libjsoncpp.so (found suitable version "1.9.5", minimum required is "0.7.0") 
[4.221s] -- Found ZLIB: /usr/lib/x86_64-linux-gnu/libz.so (found version "1.2.11") 
[4.265s] -- Found PNG: /usr/lib/x86_64-linux-gnu/libpng.so (found version "1.6.37") 
[4.280s] -- Found Eigen3: /usr/include/eigen3 (found version "3.4.0") 
[4.791s] -- Found X11: /usr/include   
[4.791s] -- Looking for XOpenDisplay in /usr/lib/x86_64-linux-gnu/libX11.so;/usr/lib/x86_64-linux-gnu/libXext.so
[5.196s] -- Looking for XOpenDisplay in /usr/lib/x86_64-linux-gnu/libX11.so;/usr/lib/x86_64-linux-gnu/libXext.so - found
[5.196s] -- Looking for gethostbyname
[5.594s] -- Looking for gethostbyname - found
[5.595s] -- Looking for connect
[5.941s] -- Looking for connect - found
[5.941s] -- Looking for remove
[6.208s] -- Looking for remove - found
[6.208s] -- Looking for shmat
[6.620s] -- Looking for shmat - found
[6.621s] -- Looking for IceConnectionNumber in ICE
[6.948s] -- Looking for IceConnectionNumber in ICE - found
[7.486s] -- Found EXPAT: /usr/lib/x86_64-linux-gnu/libexpat.so (found version "2.4.7") 
[7.488s] -- Found double-conversion: /usr/lib/x86_64-linux-gnu/libdouble-conversion.so  
[7.491s] -- Found LZ4: /usr/lib/x86_64-linux-gnu/liblz4.so (found version "1.9.3") 
[7.492s] -- Found LZMA: /usr/lib/x86_64-linux-gnu/liblzma.so (found version "5.2.5") 
[7.515s] -- Found JPEG: /usr/lib/x86_64-linux-gnu/libjpeg.so (found version "80") 
[7.536s] -- Found TIFF: /usr/lib/x86_64-linux-gnu/libtiff.so (found version "4.3.0")  
[7.550s] -- Found Freetype: /usr/lib/x86_64-linux-gnu/libfreetype.so (found version "2.11.1") 
[7.579s] -- Found utf8cpp: /usr/include/utf8cpp  
[8.001s] -- Checking for module 'libusb-1.0'
[8.088s] --   Found libusb-1.0, version 1.0.25
[8.467s] -- Found libusb: /usr/lib/x86_64-linux-gnu/libusb-1.0.so  
[8.469s] -- Found OpenNI: /usr/lib/libOpenNI.so;libusb::libusb (found version "1.5.4.0") 
[8.469s] -- OpenNI found (version: 1.5.4.0, include: /usr/include/ni, lib: /usr/lib/libOpenNI.so;libusb::libusb)
[9.048s] -- Found OpenNI2: /usr/lib/x86_64-linux-gnu/libOpenNI2.so;libusb::libusb (found version "2.2.0.33") 
[9.048s] -- OpenNI2 found (version: 2.2.0.33, include: /usr/include/openni2, lib: /usr/lib/x86_64-linux-gnu/libOpenNI2.so;libusb::libusb)
[9.048s] [0m** WARNING ** io features related to pcap will be disabled[0m
[9.349s] -- Eigen found (include: /usr/include/eigen3, version: 3.4.0)
[9.357s] -- OpenNI found (version: 1.5.4.0, include: /usr/include/ni, lib: /usr/lib/libOpenNI.so;libusb::libusb)
[9.384s] -- OpenNI2 found (version: 2.2.0.33, include: /usr/include/openni2, lib: /usr/lib/x86_64-linux-gnu/libOpenNI2.so;libusb::libusb)
[9.789s] -- Found Qhull version 8.0.2
[10.291s] -- OpenNI found (version: 1.5.4.0, include: /usr/include/ni, lib: /usr/lib/libOpenNI.so;libusb::libusb)
[10.689s] -- looking for PCL_COMMON
[10.691s] -- Found PCL_COMMON: /usr/lib/x86_64-linux-gnu/libpcl_common.so  
[10.692s] -- looking for PCL_KDTREE
[10.693s] -- Found PCL_KDTREE: /usr/lib/x86_64-linux-gnu/libpcl_kdtree.so  
[10.693s] -- looking for PCL_OCTREE
[10.695s] -- Found PCL_OCTREE: /usr/lib/x86_64-linux-gnu/libpcl_octree.so  
[10.695s] -- looking for PCL_SEARCH
[10.696s] -- Found PCL_SEARCH: /usr/lib/x86_64-linux-gnu/libpcl_search.so  
[10.697s] -- looking for PCL_SAMPLE_CONSENSUS
[10.698s] -- Found PCL_SAMPLE_CONSENSUS: /usr/lib/x86_64-linux-gnu/libpcl_sample_consensus.so  
[10.698s] -- looking for PCL_FILTERS
[10.700s] -- Found PCL_FILTERS: /usr/lib/x86_64-linux-gnu/libpcl_filters.so  
[10.700s] -- looking for PCL_2D
[10.701s] -- Found PCL_2D: /usr/include/pcl-1.12  
[10.701s] -- looking for PCL_GEOMETRY
[10.702s] -- Found PCL_GEOMETRY: /usr/include/pcl-1.12  
[10.702s] -- looking for PCL_IO
[10.704s] -- Found PCL_IO: /usr/lib/x86_64-linux-gnu/libpcl_io.so  
[10.705s] -- looking for PCL_FEATURES
[10.706s] -- Found PCL_FEATURES: /usr/lib/x86_64-linux-gnu/libpcl_features.so  
[10.707s] -- looking for PCL_ML
[10.721s] -- Found PCL_ML: /usr/lib/x86_64-linux-gnu/libpcl_ml.so  
[10.722s] -- looking for PCL_SEGMENTATION
[10.723s] -- Found PCL_SEGMENTATION: /usr/lib/x86_64-linux-gnu/libpcl_segmentation.so  
[10.724s] -- looking for PCL_VISUALIZATION
[10.726s] -- Found PCL_VISUALIZATION: /usr/lib/x86_64-linux-gnu/libpcl_visualization.so  
[10.726s] -- looking for PCL_SURFACE
[10.727s] -- Found PCL_SURFACE: /usr/lib/x86_64-linux-gnu/libpcl_surface.so  
[10.728s] -- looking for PCL_REGISTRATION
[10.729s] -- Found PCL_REGISTRATION: /usr/lib/x86_64-linux-gnu/libpcl_registration.so  
[10.730s] -- looking for PCL_KEYPOINTS
[10.731s] -- Found PCL_KEYPOINTS: /usr/lib/x86_64-linux-gnu/libpcl_keypoints.so  
[10.731s] -- looking for PCL_TRACKING
[10.732s] -- Found PCL_TRACKING: /usr/lib/x86_64-linux-gnu/libpcl_tracking.so  
[10.733s] -- looking for PCL_RECOGNITION
[10.734s] -- Found PCL_RECOGNITION: /usr/lib/x86_64-linux-gnu/libpcl_recognition.so  
[10.734s] -- looking for PCL_STEREO
[10.735s] -- Found PCL_STEREO: /usr/lib/x86_64-linux-gnu/libpcl_stereo.so  
[10.736s] -- looking for PCL_APPS
[10.737s] -- Found PCL_APPS: /usr/lib/x86_64-linux-gnu/libpcl_apps.so  
[10.739s] -- looking for PCL_IN_HAND_SCANNER
[10.739s] -- Found PCL_IN_HAND_SCANNER: /usr/include/pcl-1.12  
[10.740s] -- looking for PCL_MODELER
[10.740s] -- Found PCL_MODELER: /usr/include/pcl-1.12  
[10.740s] -- looking for PCL_POINT_CLOUD_EDITOR
[10.741s] -- Found PCL_POINT_CLOUD_EDITOR: /usr/include/pcl-1.12  
[10.741s] -- looking for PCL_OUTOFCORE
[10.742s] -- Found PCL_OUTOFCORE: /usr/lib/x86_64-linux-gnu/libpcl_outofcore.so  
[10.743s] -- looking for PCL_PEOPLE
[10.744s] -- Found PCL_PEOPLE: /usr/lib/x86_64-linux-gnu/libpcl_people.so  
[10.745s] -- Found PCL: pcl_common;pcl_kdtree;pcl_octree;pcl_search;pcl_sample_consensus;pcl_filters;pcl_io;pcl_features;pcl_ml;pcl_segmentation;pcl_visualization;pcl_surface;pcl_registration;pcl_keypoints;pcl_tracking;pcl_recognition;pcl_stereo;pcl_apps;pcl_outofcore;pcl_people;Boost::system;Boost::filesystem;Boost::date_time;Boost::iostreams;Boost::serialization;/usr/lib/libOpenNI.so;libusb::libusb;/usr/lib/x86_64-linux-gnu/libOpenNI2.so;libusb::libusb;VTK::ChartsCore;VTK::CommonColor;VTK::CommonComputationalGeometry;VTK::CommonCore;VTK::CommonDataModel;VTK::CommonExecutionModel;VTK::CommonMath;VTK::CommonMisc;VTK::CommonTransforms;VTK::FiltersCore;VTK::FiltersExtraction;VTK::FiltersGeneral;VTK::FiltersGeometry;VTK::FiltersModeling;VTK::FiltersSources;VTK::ImagingCore;VTK::ImagingSources;VTK::InteractionImage;VTK::InteractionStyle;VTK::InteractionWidgets;VTK::IOCore;VTK::IOGeometry;VTK::IOImage;VTK::IOLegacy;VTK::IOPLY;VTK::RenderingAnnotation;VTK::RenderingCore;VTK::RenderingContext2D;VTK::RenderingLOD;VTK::RenderingFreeType;VTK::ViewsCore;VTK::ViewsContext2D;VTK::RenderingOpenGL2;VTK::GUISupportQt;FLANN::FLANN;QHULL::QHULL  
[10.756s] -- Found OpenCV: /usr (found version "4.5.4") 
[10.957s] -- Configuring done
[11.020s] -- Generating done
[11.022s] [33mCMake Warning:
[11.022s]   Manually-specified variables were not used by the project:
[11.022s] 
[11.022s]     HUMBLE_ROS
[11.022s]     ROS_EDITION
[11.022s] 
[11.041s] [0m
[11.052s] -- Build files have been written to: /home/nhs/engineer/build/pcd2pgm
[11.117s] Invoked command in '/home/nhs/engineer/build/pcd2pgm' returned '0': CMAKE_PREFIX_PATH=${CMAKE_PREFIX_PATH}:/home/nhs/engineer/install/bubble_protocol:/opt/ros/humble /usr/bin/cmake /home/nhs/engineer/src/rm_localization/pcd2pgm -DROS_EDITION=ROS2 -DHUMBLE_ROS=humble -DCMAKE_INSTALL_PREFIX=/home/nhs/engineer/install/pcd2pgm
[11.118s] Invoking command in '/home/nhs/engineer/build/pcd2pgm': CMAKE_PREFIX_PATH=${CMAKE_PREFIX_PATH}:/home/nhs/engineer/install/bubble_protocol:/opt/ros/humble /usr/bin/cmake --build /home/nhs/engineer/build/pcd2pgm -- -j8 -l8
[11.410s] [ 50%] [32mBuilding CXX object CMakeFiles/pcd2pgm.dir/src/pcd2pgm.cpp.o[0m
[30.754s] [100%] [32m[1mLinking CXX executable pcd2pgm[0m
[31.576s] [100%] Built target pcd2pgm
[31.587s] Invoked command in '/home/nhs/engineer/build/pcd2pgm' returned '0': CMAKE_PREFIX_PATH=${CMAKE_PREFIX_PATH}:/home/nhs/engineer/install/bubble_protocol:/opt/ros/humble /usr/bin/cmake --build /home/nhs/engineer/build/pcd2pgm -- -j8 -l8
[31.590s] Invoking command in '/home/nhs/engineer/build/pcd2pgm': CMAKE_PREFIX_PATH=${CMAKE_PREFIX_PATH}:/home/nhs/engineer/install/bubble_protocol:/opt/ros/humble /usr/bin/cmake --install /home/nhs/engineer/build/pcd2pgm
[31.596s] -- Install configuration: ""
[31.596s] -- Installing: /home/nhs/engineer/install/pcd2pgm/lib/pcd2pgm/pcd2pgm
[31.597s] -- Set runtime path of "/home/nhs/engineer/install/pcd2pgm/lib/pcd2pgm/pcd2pgm" to ""
[31.597s] -- Installing: /home/nhs/engineer/install/pcd2pgm/share/pcd2pgm/launch
[31.597s] -- Installing: /home/nhs/engineer/install/pcd2pgm/share/pcd2pgm/launch/pcd2pgm.launch.py
[31.597s] -- Installing: /home/nhs/engineer/install/pcd2pgm/share/pcd2pgm/config
[31.597s] -- Installing: /home/nhs/engineer/install/pcd2pgm/share/pcd2pgm/config/pcd2pgm.yaml
[31.597s] -- Installing: /home/nhs/engineer/install/pcd2pgm/share/pcd2pgm/map
[31.597s] -- Installing: /home/nhs/engineer/install/pcd2pgm/share/pcd2pgm/map/test.pgm
[31.598s] -- Installing: /home/nhs/engineer/install/pcd2pgm/share/pcd2pgm/map/test.yaml
[31.598s] -- Installing: /home/nhs/engineer/install/pcd2pgm/share/ament_index/resource_index/package_run_dependencies/pcd2pgm
[31.598s] -- Installing: /home/nhs/engineer/install/pcd2pgm/share/ament_index/resource_index/parent_prefix_path/pcd2pgm
[31.598s] -- Installing: /home/nhs/engineer/install/pcd2pgm/share/pcd2pgm/environment/ament_prefix_path.sh
[31.598s] -- Installing: /home/nhs/engineer/install/pcd2pgm/share/pcd2pgm/environment/ament_prefix_path.dsv
[31.598s] -- Installing: /home/nhs/engineer/install/pcd2pgm/share/pcd2pgm/environment/path.sh
[31.598s] -- Installing: /home/nhs/engineer/install/pcd2pgm/share/pcd2pgm/environment/path.dsv
[31.599s] -- Installing: /home/nhs/engineer/install/pcd2pgm/share/pcd2pgm/local_setup.bash
[31.599s] -- Installing: /home/nhs/engineer/install/pcd2pgm/share/pcd2pgm/local_setup.sh
[31.599s] -- Installing: /home/nhs/engineer/install/pcd2pgm/share/pcd2pgm/local_setup.zsh
[31.599s] -- Installing: /home/nhs/engineer/install/pcd2pgm/share/pcd2pgm/local_setup.dsv
[31.599s] -- Installing: /home/nhs/engineer/install/pcd2pgm/share/pcd2pgm/package.dsv
[31.599s] -- Installing: /home/nhs/engineer/install/pcd2pgm/share/ament_index/resource_index/packages/pcd2pgm
[31.599s] -- Installing: /home/nhs/engineer/install/pcd2pgm/share/pcd2pgm/cmake/pcd2pgmConfig.cmake
[31.599s] -- Installing: /home/nhs/engineer/install/pcd2pgm/share/pcd2pgm/cmake/pcd2pgmConfig-version.cmake
[31.599s] -- Installing: /home/nhs/engineer/install/pcd2pgm/share/pcd2pgm/package.xml
[31.602s] Invoked command in '/home/nhs/engineer/build/pcd2pgm' returned '0': CMAKE_PREFIX_PATH=${CMAKE_PREFIX_PATH}:/home/nhs/engineer/install/bubble_protocol:/opt/ros/humble /usr/bin/cmake --install /home/nhs/engineer/build/pcd2pgm
