-- The C compiler identification is GNU 11.4.0
-- The CXX compiler identification is GNU 11.4.0
-- Detecting C compiler ABI info
-- Detecting C compiler ABI info - done
-- Check for working C compiler: /usr/bin/cc - skipped
-- Detecting C compile features
-- Detecting C compile features - done
-- Detecting CXX compiler ABI info
-- Detecting CXX compiler ABI info - done
-- Check for working CXX compiler: /usr/bin/c++ - skipped
-- Detecting CXX compile features
-- Detecting CXX compile features - done
-- Found ament_cmake_auto: 1.3.11 (/opt/ros/humble/share/ament_cmake_auto/cmake)
-- Found Python3: /usr/bin/python3 (found version "3.10.12") found components: Interpreter 
-- Configuring done
-- Generating done
[33mCMake Warning:
  Manually-specified variables were not used by the project:

    HUMBLE_ROS
    ROS_EDITION

[0m
-- Build files have been written to: /home/zrk/engineer_up/engineer/build/navi
-- Install configuration: ""
-- Installing: /home/zrk/engineer_up/engineer/install/navi/share/navi/params
-- Installing: /home/zrk/engineer_up/engineer/install/navi/share/navi/params/nav2_params.yaml
-- Installing: /home/zrk/engineer_up/engineer/install/navi/share/navi/params/mapper_params_online_async.yaml
-- Installing: /home/zrk/engineer_up/engineer/install/navi/share/navi/launch
-- Installing: /home/zrk/engineer_up/engineer/install/navi/share/navi/launch/slam_launch.py
-- Installing: /home/zrk/engineer_up/engineer/install/navi/share/navi/launch/rviz_launch.py
-- Installing: /home/zrk/engineer_up/engineer/install/navi/share/navi/launch/localization_launch.py
-- Installing: /home/zrk/engineer_up/engineer/install/navi/share/navi/launch/navigation2acm.launch.py
-- Installing: /home/zrk/engineer_up/engineer/install/navi/share/navi/launch/navigation_launch.py
-- Installing: /home/zrk/engineer_up/engineer/install/navi/share/navi/launch/online_async_launch.py
-- Installing: /home/zrk/engineer_up/engineer/install/navi/share/navi/launch/bringup_launch.py
-- Installing: /home/zrk/engineer_up/engineer/install/navi/share/navi/maps
-- Installing: /home/zrk/engineer_up/engineer/install/navi/share/navi/maps/9-room.pgm
-- Installing: /home/zrk/engineer_up/engineer/install/navi/share/navi/maps/9-room.yaml
-- Installing: /home/zrk/engineer_up/engineer/install/navi/share/navi/maps/9-room-2.pgm
-- Installing: /home/zrk/engineer_up/engineer/install/navi/share/navi/maps/9-room-2.yaml
-- Installing: /home/zrk/engineer_up/engineer/install/navi/share/navi/rviz
-- Installing: /home/zrk/engineer_up/engineer/install/navi/share/navi/rviz/nav2_default_view.rviz
-- Installing: /home/zrk/engineer_up/engineer/install/navi/share/ament_index/resource_index/package_run_dependencies/navi
-- Installing: /home/zrk/engineer_up/engineer/install/navi/share/ament_index/resource_index/parent_prefix_path/navi
-- Installing: /home/zrk/engineer_up/engineer/install/navi/share/navi/environment/ament_prefix_path.sh
-- Installing: /home/zrk/engineer_up/engineer/install/navi/share/navi/environment/ament_prefix_path.dsv
-- Installing: /home/zrk/engineer_up/engineer/install/navi/share/navi/environment/path.sh
-- Installing: /home/zrk/engineer_up/engineer/install/navi/share/navi/environment/path.dsv
-- Installing: /home/zrk/engineer_up/engineer/install/navi/share/navi/local_setup.bash
-- Installing: /home/zrk/engineer_up/engineer/install/navi/share/navi/local_setup.sh
-- Installing: /home/zrk/engineer_up/engineer/install/navi/share/navi/local_setup.zsh
-- Installing: /home/zrk/engineer_up/engineer/install/navi/share/navi/local_setup.dsv
-- Installing: /home/zrk/engineer_up/engineer/install/navi/share/navi/package.dsv
-- Installing: /home/zrk/engineer_up/engineer/install/navi/share/ament_index/resource_index/packages/navi
-- Installing: /home/zrk/engineer_up/engineer/install/navi/share/navi/cmake/naviConfig.cmake
-- Installing: /home/zrk/engineer_up/engineer/install/navi/share/navi/cmake/naviConfig-version.cmake
-- Installing: /home/zrk/engineer_up/engineer/install/navi/share/navi/package.xml
