[0.202s] Invoking command in '/home/nhs/engineer/build/rm_description': CMAKE_PREFIX_PATH=${CMAKE_PREFIX_PATH}:/home/nhs/engineer/install/bubble_protocol:/opt/ros/humble /usr/bin/cmake /home/nhs/engineer/src/rm_description -DROS_EDITION=ROS2 -DHUMBLE_ROS=humble -DCMAKE_INSTALL_PREFIX=/home/nhs/engineer/install/rm_description
[0.691s] -- The C compiler identification is GNU 11.4.0
[0.692s] -- The CXX compiler identification is GNU 11.4.0
[0.692s] -- Detecting C compiler ABI info
[0.692s] -- Detecting C compiler ABI info - done
[0.692s] -- Check for working C compiler: /usr/bin/cc - skipped
[0.692s] -- Detecting C compile features
[0.692s] -- Detecting C compile features - done
[0.692s] -- Detecting CXX compiler ABI info
[0.692s] -- Detecting CXX compiler ABI info - done
[0.692s] -- Check for working CXX compiler: /usr/bin/c++ - skipped
[0.692s] -- Detecting CXX compile features
[0.692s] -- Detecting CXX compile features - done
[0.692s] -- Found ament_cmake: 1.3.12 (/opt/ros/humble/share/ament_cmake/cmake)
[0.828s] -- Found Python3: /usr/bin/python3 (found version "3.10.12") found components: Interpreter 
[1.047s] -- Found ament_lint_auto: 0.12.14 (/opt/ros/humble/share/ament_lint_auto/cmake)
[1.258s] -- Added test 'flake8' to check Python code syntax and style conventions
[1.264s] -- Added test 'lint_cmake' to check CMake code style
[1.266s] -- Added test 'pep257' to check Python code against some of the docstring style conventions in PEP 257
[1.266s] -- Added test 'xmllint' to check XML markup files
[1.266s] -- Configuring done
[1.273s] -- Generating done
[1.282s] -- Build files have been written to: /home/nhs/engineer/build/rm_description
[1.282s] [33mCMake Warning:
[1.282s]   Manually-specified variables were not used by the project:
[1.282s] 
[1.282s]     HUMBLE_ROS
[1.282s]     ROS_EDITION
[1.282s] 
[1.283s] [0m
[1.309s] Invoked command in '/home/nhs/engineer/build/rm_description' returned '0': CMAKE_PREFIX_PATH=${CMAKE_PREFIX_PATH}:/home/nhs/engineer/install/bubble_protocol:/opt/ros/humble /usr/bin/cmake /home/nhs/engineer/src/rm_description -DROS_EDITION=ROS2 -DHUMBLE_ROS=humble -DCMAKE_INSTALL_PREFIX=/home/nhs/engineer/install/rm_description
[1.318s] Invoking command in '/home/nhs/engineer/build/rm_description': CMAKE_PREFIX_PATH=${CMAKE_PREFIX_PATH}:/home/nhs/engineer/install/bubble_protocol:/opt/ros/humble /usr/bin/cmake --build /home/nhs/engineer/build/rm_description -- -j8 -l8
[2.766s] Invoked command in '/home/nhs/engineer/build/rm_description' returned '0': CMAKE_PREFIX_PATH=${CMAKE_PREFIX_PATH}:/home/nhs/engineer/install/bubble_protocol:/opt/ros/humble /usr/bin/cmake --build /home/nhs/engineer/build/rm_description -- -j8 -l8
[2.778s] Invoking command in '/home/nhs/engineer/build/rm_description': CMAKE_PREFIX_PATH=${CMAKE_PREFIX_PATH}:/home/nhs/engineer/install/bubble_protocol:/opt/ros/humble /usr/bin/cmake --install /home/nhs/engineer/build/rm_description
[5.552s] -- Install configuration: ""
[5.556s] -- Installing: /home/nhs/engineer/install/rm_description/share/rm_description/launch
[5.556s] -- Installing: /home/nhs/engineer/install/rm_description/share/rm_description/launch/model.launch.py
[5.556s] -- Installing: /home/nhs/engineer/install/rm_description/share/rm_description/launch/view_model.launch.py
[5.556s] -- Installing: /home/nhs/engineer/install/rm_description/share/rm_description/launch/view_model.rviz
[5.556s] -- Installing: /home/nhs/engineer/install/rm_description/share/rm_description/urdf
[5.557s] -- Installing: /home/nhs/engineer/install/rm_description/share/rm_description/urdf/engineer.urdf.xacro
[5.557s] -- Installing: /home/nhs/engineer/install/rm_description/share/ament_index/resource_index/package_run_dependencies/rm_description
[5.557s] -- Installing: /home/nhs/engineer/install/rm_description/share/ament_index/resource_index/parent_prefix_path/rm_description
[5.557s] -- Installing: /home/nhs/engineer/install/rm_description/share/rm_description/environment/ament_prefix_path.sh
[5.557s] -- Installing: /home/nhs/engineer/install/rm_description/share/rm_description/environment/ament_prefix_path.dsv
[5.557s] -- Installing: /home/nhs/engineer/install/rm_description/share/rm_description/environment/path.sh
[5.557s] -- Installing: /home/nhs/engineer/install/rm_description/share/rm_description/environment/path.dsv
[5.557s] -- Installing: /home/nhs/engineer/install/rm_description/share/rm_description/local_setup.bash
[5.558s] -- Installing: /home/nhs/engineer/install/rm_description/share/rm_description/local_setup.sh
[5.558s] -- Installing: /home/nhs/engineer/install/rm_description/share/rm_description/local_setup.zsh
[5.558s] -- Installing: /home/nhs/engineer/install/rm_description/share/rm_description/local_setup.dsv
[5.558s] -- Installing: /home/nhs/engineer/install/rm_description/share/rm_description/package.dsv
[5.558s] -- Installing: /home/nhs/engineer/install/rm_description/share/ament_index/resource_index/packages/rm_description
[5.558s] -- Installing: /home/nhs/engineer/install/rm_description/share/rm_description/cmake/rm_descriptionConfig.cmake
[5.558s] -- Installing: /home/nhs/engineer/install/rm_description/share/rm_description/cmake/rm_descriptionConfig-version.cmake
[5.559s] -- Installing: /home/nhs/engineer/install/rm_description/share/rm_description/package.xml
[5.567s] Invoked command in '/home/nhs/engineer/build/rm_description' returned '0': CMAKE_PREFIX_PATH=${CMAKE_PREFIX_PATH}:/home/nhs/engineer/install/bubble_protocol:/opt/ros/humble /usr/bin/cmake --install /home/nhs/engineer/build/rm_description
