[0.215s] Invoking command in '/home/nhs/engineer/build/rm_description': CMAKE_PREFIX_PATH=${CMAKE_PREFIX_PATH}:/home/nhs/engineer/install/bubble_protocol:/opt/ros/humble /usr/bin/cmake --build /home/nhs/engineer/build/rm_description -- -j8 -l8
[0.334s] Invoked command in '/home/nhs/engineer/build/rm_description' returned '0': CMAKE_PREFIX_PATH=${CMAKE_PREFIX_PATH}:/home/nhs/engineer/install/bubble_protocol:/opt/ros/humble /usr/bin/cmake --build /home/nhs/engineer/build/rm_description -- -j8 -l8
[0.337s] Invoking command in '/home/nhs/engineer/build/rm_description': CMAKE_PREFIX_PATH=${CMAKE_PREFIX_PATH}:/home/nhs/engineer/install/bubble_protocol:/opt/ros/humble /usr/bin/cmake --install /home/nhs/engineer/build/rm_description
[0.346s] -- Install configuration: ""
[0.352s] -- Up-to-date: /home/nhs/engineer/install/rm_description/share/rm_description/launch
[0.352s] -- Up-to-date: /home/nhs/engineer/install/rm_description/share/rm_description/launch/model.launch.py
[0.352s] -- Up-to-date: /home/nhs/engineer/install/rm_description/share/rm_description/launch/view_model.launch.py
[0.352s] -- Up-to-date: /home/nhs/engineer/install/rm_description/share/rm_description/launch/view_model.rviz
[0.352s] -- Up-to-date: /home/nhs/engineer/install/rm_description/share/rm_description/urdf
[0.352s] -- Up-to-date: /home/nhs/engineer/install/rm_description/share/rm_description/urdf/engineer.urdf.xacro
[0.352s] -- Up-to-date: /home/nhs/engineer/install/rm_description/share/ament_index/resource_index/package_run_dependencies/rm_description
[0.352s] -- Up-to-date: /home/nhs/engineer/install/rm_description/share/ament_index/resource_index/parent_prefix_path/rm_description
[0.352s] -- Up-to-date: /home/nhs/engineer/install/rm_description/share/rm_description/environment/ament_prefix_path.sh
[0.352s] -- Up-to-date: /home/nhs/engineer/install/rm_description/share/rm_description/environment/ament_prefix_path.dsv
[0.353s] -- Up-to-date: /home/nhs/engineer/install/rm_description/share/rm_description/environment/path.sh
[0.353s] -- Up-to-date: /home/nhs/engineer/install/rm_description/share/rm_description/environment/path.dsv
[0.353s] -- Up-to-date: /home/nhs/engineer/install/rm_description/share/rm_description/local_setup.bash
[0.356s] -- Up-to-date: /home/nhs/engineer/install/rm_description/share/rm_description/local_setup.sh
[0.356s] -- Up-to-date: /home/nhs/engineer/install/rm_description/share/rm_description/local_setup.zsh
[0.356s] -- Up-to-date: /home/nhs/engineer/install/rm_description/share/rm_description/local_setup.dsv
[0.356s] -- Installing: /home/nhs/engineer/install/rm_description/share/rm_description/package.dsv
[0.357s] -- Up-to-date: /home/nhs/engineer/install/rm_description/share/ament_index/resource_index/packages/rm_description
[0.357s] -- Up-to-date: /home/nhs/engineer/install/rm_description/share/rm_description/cmake/rm_descriptionConfig.cmake
[0.357s] -- Up-to-date: /home/nhs/engineer/install/rm_description/share/rm_description/cmake/rm_descriptionConfig-version.cmake
[0.357s] -- Up-to-date: /home/nhs/engineer/install/rm_description/share/rm_description/package.xml
[0.365s] Invoked command in '/home/nhs/engineer/build/rm_description' returned '0': CMAKE_PREFIX_PATH=${CMAKE_PREFIX_PATH}:/home/nhs/engineer/install/bubble_protocol:/opt/ros/humble /usr/bin/cmake --install /home/nhs/engineer/build/rm_description
