[0.007s] Invoking command in '/home/zrk/engineer_up/engineer/build/linefit_ground_segmentation_ros': AMENT_PREFIX_PATH=/home/zrk/engineer_up/engineer/install/linefit_ground_segmentation:${AMENT_PREFIX_PATH} CMAKE_PREFIX_PATH=/home/zrk/engineer_up/engineer/install/linefit_ground_segmentation:/opt/ros/humble LD_LIBRARY_PATH=/home/zrk/engineer_up/engineer/install/linefit_ground_segmentation/lib:${LD_LIBRARY_PATH} /usr/bin/cmake /home/zrk/engineer_up/engineer/src/rm_perception/linefit_ground_segementation_ros2/linefit_ground_segmentation_ros -DCMAKE_INSTALL_PREFIX=/home/zrk/engineer_up/engineer/install/linefit_ground_segmentation_ros
[0.017s] -- Found ament_cmake_auto: 1.3.11 (/opt/ros/humble/share/ament_cmake_auto/cmake)
[0.186s] -- Found rosidl_generator_c: 3.1.6 (/opt/ros/humble/share/rosidl_generator_c/cmake)
[0.187s] -- Found rosidl_adapter: 3.1.6 (/opt/ros/humble/share/rosidl_adapter/cmake)
[0.191s] -- Found rosidl_generator_cpp: 3.1.6 (/opt/ros/humble/share/rosidl_generator_cpp/cmake)
[0.198s] -- Using all available rosidl_typesupport_c: rosidl_typesupport_fastrtps_c;rosidl_typesupport_introspection_c
[0.206s] -- Using all available rosidl_typesupport_cpp: rosidl_typesupport_fastrtps_cpp;rosidl_typesupport_introspection_cpp
[0.228s] -- Found rmw_implementation_cmake: 6.1.2 (/opt/ros/humble/share/rmw_implementation_cmake/cmake)
[0.229s] -- Found rmw_fastrtps_cpp: 6.2.7 (/opt/ros/humble/share/rmw_fastrtps_cpp/cmake)
[0.320s] -- Using RMW implementation 'rmw_fastrtps_cpp' as default
[0.457s] -- Eigen found (include: /usr/include/eigen3, version: 3.4.0)
[0.484s] -- FLANN found (include: /usr/include, lib: /usr/lib/x86_64-linux-gnu/libflann_cpp.so)
[0.718s] -- OpenNI found (version: 1.5.4.0, include: /usr/include/ni, lib: /usr/lib/libOpenNI.so;libusb::libusb)
[0.723s] -- OpenNI2 found (version: 2.2.0.33, include: /usr/include/openni2, lib: /usr/lib/x86_64-linux-gnu/libOpenNI2.so;libusb::libusb)
[0.846s] -- Eigen found (include: /usr/include/eigen3, version: 3.4.0)
[0.852s] -- OpenNI found (version: 1.5.4.0, include: /usr/include/ni, lib: /usr/lib/libOpenNI.so;libusb::libusb)
[0.857s] -- OpenNI2 found (version: 2.2.0.33, include: /usr/include/openni2, lib: /usr/lib/x86_64-linux-gnu/libOpenNI2.so;libusb::libusb)
[0.971s] -- Found Qhull version 8.0.2
[1.088s] -- OpenNI found (version: 1.5.4.0, include: /usr/include/ni, lib: /usr/lib/libOpenNI.so;libusb::libusb)
[1.214s] -- Found eigen3_cmake_module: 0.1.1 (/opt/ros/humble/share/eigen3_cmake_module/cmake)
[1.215s] -- Ensuring Eigen3 include directory is part of orocos-kdl CMake target
[1.232s] -- Configuring done
[1.291s] -- Generating done
[1.306s] -- Build files have been written to: /home/zrk/engineer_up/engineer/build/linefit_ground_segmentation_ros
[1.319s] Invoked command in '/home/zrk/engineer_up/engineer/build/linefit_ground_segmentation_ros' returned '0': AMENT_PREFIX_PATH=/home/zrk/engineer_up/engineer/install/linefit_ground_segmentation:${AMENT_PREFIX_PATH} CMAKE_PREFIX_PATH=/home/zrk/engineer_up/engineer/install/linefit_ground_segmentation:/opt/ros/humble LD_LIBRARY_PATH=/home/zrk/engineer_up/engineer/install/linefit_ground_segmentation/lib:${LD_LIBRARY_PATH} /usr/bin/cmake /home/zrk/engineer_up/engineer/src/rm_perception/linefit_ground_segementation_ros2/linefit_ground_segmentation_ros -DCMAKE_INSTALL_PREFIX=/home/zrk/engineer_up/engineer/install/linefit_ground_segmentation_ros
[1.321s] Invoking command in '/home/zrk/engineer_up/engineer/build/linefit_ground_segmentation_ros': AMENT_PREFIX_PATH=/home/zrk/engineer_up/engineer/install/linefit_ground_segmentation:${AMENT_PREFIX_PATH} CMAKE_PREFIX_PATH=/home/zrk/engineer_up/engineer/install/linefit_ground_segmentation:/opt/ros/humble LD_LIBRARY_PATH=/home/zrk/engineer_up/engineer/install/linefit_ground_segmentation/lib:${LD_LIBRARY_PATH} /usr/bin/cmake --build /home/zrk/engineer_up/engineer/build/linefit_ground_segmentation_ros -- -j16 -l16
[1.361s] [35m[1mConsolidate compiler generated dependencies of target ground_segmentation_node[0m
[1.361s] [35m[1mConsolidate compiler generated dependencies of target ground_segmentation_test_node[0m
[1.388s] [ 50%] Built target ground_segmentation_test_node
[1.395s] [100%] Built target ground_segmentation_node
[1.405s] Invoked command in '/home/zrk/engineer_up/engineer/build/linefit_ground_segmentation_ros' returned '0': AMENT_PREFIX_PATH=/home/zrk/engineer_up/engineer/install/linefit_ground_segmentation:${AMENT_PREFIX_PATH} CMAKE_PREFIX_PATH=/home/zrk/engineer_up/engineer/install/linefit_ground_segmentation:/opt/ros/humble LD_LIBRARY_PATH=/home/zrk/engineer_up/engineer/install/linefit_ground_segmentation/lib:${LD_LIBRARY_PATH} /usr/bin/cmake --build /home/zrk/engineer_up/engineer/build/linefit_ground_segmentation_ros -- -j16 -l16
[1.407s] Invoking command in '/home/zrk/engineer_up/engineer/build/linefit_ground_segmentation_ros': AMENT_PREFIX_PATH=/home/zrk/engineer_up/engineer/install/linefit_ground_segmentation:${AMENT_PREFIX_PATH} CMAKE_PREFIX_PATH=/home/zrk/engineer_up/engineer/install/linefit_ground_segmentation:/opt/ros/humble LD_LIBRARY_PATH=/home/zrk/engineer_up/engineer/install/linefit_ground_segmentation/lib:${LD_LIBRARY_PATH} /usr/bin/cmake --install /home/zrk/engineer_up/engineer/build/linefit_ground_segmentation_ros
[1.415s] -- Install configuration: ""
[1.415s] -- Up-to-date: /home/zrk/engineer_up/engineer/install/linefit_ground_segmentation_ros/lib/linefit_ground_segmentation_ros/ground_segmentation_node
[1.415s] -- Up-to-date: /home/zrk/engineer_up/engineer/install/linefit_ground_segmentation_ros/lib/linefit_ground_segmentation_ros/ground_segmentation_test_node
[1.415s] -- Up-to-date: /home/zrk/engineer_up/engineer/install/linefit_ground_segmentation_ros/share/linefit_ground_segmentation_ros/launch
[1.415s] -- Up-to-date: /home/zrk/engineer_up/engineer/install/linefit_ground_segmentation_ros/share/linefit_ground_segmentation_ros/launch/segmentation.launch.py
[1.416s] -- Up-to-date: /home/zrk/engineer_up/engineer/install/linefit_ground_segmentation_ros/share/linefit_ground_segmentation_ros/launch/segmentation_params.yaml
[1.416s] -- Up-to-date: /home/zrk/engineer_up/engineer/install/linefit_ground_segmentation_ros/share/linefit_ground_segmentation_ros/launch/test.launch.py
[1.416s] -- Up-to-date: /home/zrk/engineer_up/engineer/install/linefit_ground_segmentation_ros/share/ament_index/resource_index/package_run_dependencies/linefit_ground_segmentation_ros
[1.416s] -- Up-to-date: /home/zrk/engineer_up/engineer/install/linefit_ground_segmentation_ros/share/ament_index/resource_index/parent_prefix_path/linefit_ground_segmentation_ros
[1.416s] -- Up-to-date: /home/zrk/engineer_up/engineer/install/linefit_ground_segmentation_ros/share/linefit_ground_segmentation_ros/environment/ament_prefix_path.sh
[1.416s] -- Installing: /home/zrk/engineer_up/engineer/install/linefit_ground_segmentation_ros/share/linefit_ground_segmentation_ros/environment/ament_prefix_path.dsv
[1.416s] -- Up-to-date: /home/zrk/engineer_up/engineer/install/linefit_ground_segmentation_ros/share/linefit_ground_segmentation_ros/environment/path.sh
[1.416s] -- Installing: /home/zrk/engineer_up/engineer/install/linefit_ground_segmentation_ros/share/linefit_ground_segmentation_ros/environment/path.dsv
[1.416s] -- Up-to-date: /home/zrk/engineer_up/engineer/install/linefit_ground_segmentation_ros/share/linefit_ground_segmentation_ros/local_setup.bash
[1.416s] -- Up-to-date: /home/zrk/engineer_up/engineer/install/linefit_ground_segmentation_ros/share/linefit_ground_segmentation_ros/local_setup.sh
[1.416s] -- Up-to-date: /home/zrk/engineer_up/engineer/install/linefit_ground_segmentation_ros/share/linefit_ground_segmentation_ros/local_setup.zsh
[1.416s] -- Installing: /home/zrk/engineer_up/engineer/install/linefit_ground_segmentation_ros/share/linefit_ground_segmentation_ros/local_setup.dsv
[1.416s] -- Installing: /home/zrk/engineer_up/engineer/install/linefit_ground_segmentation_ros/share/linefit_ground_segmentation_ros/package.dsv
[1.416s] -- Up-to-date: /home/zrk/engineer_up/engineer/install/linefit_ground_segmentation_ros/share/ament_index/resource_index/packages/linefit_ground_segmentation_ros
[1.416s] -- Up-to-date: /home/zrk/engineer_up/engineer/install/linefit_ground_segmentation_ros/share/linefit_ground_segmentation_ros/cmake/ament_cmake_export_dependencies-extras.cmake
[1.417s] -- Up-to-date: /home/zrk/engineer_up/engineer/install/linefit_ground_segmentation_ros/share/linefit_ground_segmentation_ros/cmake/linefit_ground_segmentation_rosConfig.cmake
[1.417s] -- Up-to-date: /home/zrk/engineer_up/engineer/install/linefit_ground_segmentation_ros/share/linefit_ground_segmentation_ros/cmake/linefit_ground_segmentation_rosConfig-version.cmake
[1.417s] -- Up-to-date: /home/zrk/engineer_up/engineer/install/linefit_ground_segmentation_ros/share/linefit_ground_segmentation_ros/package.xml
[1.418s] Invoked command in '/home/zrk/engineer_up/engineer/build/linefit_ground_segmentation_ros' returned '0': AMENT_PREFIX_PATH=/home/zrk/engineer_up/engineer/install/linefit_ground_segmentation:${AMENT_PREFIX_PATH} CMAKE_PREFIX_PATH=/home/zrk/engineer_up/engineer/install/linefit_ground_segmentation:/opt/ros/humble LD_LIBRARY_PATH=/home/zrk/engineer_up/engineer/install/linefit_ground_segmentation/lib:${LD_LIBRARY_PATH} /usr/bin/cmake --install /home/zrk/engineer_up/engineer/build/linefit_ground_segmentation_ros
