[0.205s] Invoking command in '/home/nhs/engineer/build/pointcloud_to_laserscan': CMAKE_PREFIX_PATH=${CMAKE_PREFIX_PATH}:/home/nhs/engineer/install/bubble_protocol:/opt/ros/humble /usr/bin/cmake /home/nhs/engineer/src/rm_perception/pointcloud_to_laserscan -DROS_EDITION=ROS2 -DHUMBLE_ROS=humble -DCMAKE_INSTALL_PREFIX=/home/nhs/engineer/install/pointcloud_to_laserscan
[0.265s] -- The C compiler identification is GNU 11.4.0
[0.361s] -- The CXX compiler identification is GNU 11.4.0
[0.369s] -- Detecting C compiler ABI info
[0.458s] -- Detecting C compiler ABI info - done
[0.465s] -- Check for working C compiler: /usr/bin/cc - skipped
[0.465s] -- Detecting C compile features
[0.466s] -- Detecting C compile features - done
[0.470s] -- Detecting CXX compiler ABI info
[0.575s] -- Detecting CXX compiler ABI info - done
[0.589s] -- Check for working CXX compiler: /usr/bin/c++ - skipped
[0.589s] -- Detecting CXX compile features
[0.589s] -- Detecting CXX compile features - done
[0.594s] -- Found ament_cmake_auto: 1.3.12 (/opt/ros/humble/share/ament_cmake_auto/cmake)
[0.775s] -- Found Python3: /usr/bin/python3 (found version "3.10.12") found components: Interpreter 
[1.247s] -- Found rosidl_generator_c: 3.1.7 (/opt/ros/humble/share/rosidl_generator_c/cmake)
[1.255s] -- Found rosidl_adapter: 3.1.7 (/opt/ros/humble/share/rosidl_adapter/cmake)
[1.277s] -- Found rosidl_generator_cpp: 3.1.7 (/opt/ros/humble/share/rosidl_generator_cpp/cmake)
[1.297s] -- Using all available rosidl_typesupport_c: rosidl_typesupport_fastrtps_c;rosidl_typesupport_introspection_c
[1.338s] -- Using all available rosidl_typesupport_cpp: rosidl_typesupport_fastrtps_cpp;rosidl_typesupport_introspection_cpp
[1.383s] -- Found rmw_implementation_cmake: 6.1.2 (/opt/ros/humble/share/rmw_implementation_cmake/cmake)
[1.384s] -- Found rmw_fastrtps_cpp: 6.2.8 (/opt/ros/humble/share/rmw_fastrtps_cpp/cmake)
[1.534s] -- Found OpenSSL: /usr/lib/x86_64-linux-gnu/libcrypto.so (found version "3.0.2")  
[1.595s] -- Found FastRTPS: /opt/ros/humble/include  
[1.673s] -- Using RMW implementation 'rmw_fastrtps_cpp' as default
[1.685s] -- Looking for pthread.h
[1.852s] -- Looking for pthread.h - found
[1.853s] -- Performing Test CMAKE_HAVE_LIBC_PTHREAD
[2.119s] -- Performing Test CMAKE_HAVE_LIBC_PTHREAD - Success
[2.124s] -- Found Threads: TRUE  
[2.592s] -- Found ament_lint_auto: 0.12.14 (/opt/ros/humble/share/ament_lint_auto/cmake)
[2.613s] [0mIn this package, headers install destination is set to `include` by ament_auto_package. It is recommended to install `include/pointcloud_to_laserscan` instead and will be the default behavior of ament_auto_package from ROS 2 Kilted Kaiju. On distributions before Kilted, ament_auto_package behaves the same way when you use USE_SCOPED_HEADER_INSTALL_DIR option.[0m
[2.618s] -- Added test 'cppcheck' to perform static code analysis on C / C++ code
[2.618s] -- Configured cppcheck include dirs: /home/nhs/engineer/src/rm_perception/pointcloud_to_laserscan/include
[2.621s] -- Configured cppcheck exclude dirs and/or files: 
[2.628s] -- Added test 'cpplint' to check C / C++ code against the Google style
[2.628s] -- Configured cpplint exclude dirs and/or files: 
[2.629s] -- Added test 'flake8' to check Python code syntax and style conventions
[2.629s] -- Added test 'lint_cmake' to check CMake code style
[2.629s] -- Added test 'pep257' to check Python code against some of the docstring style conventions in PEP 257
[2.636s] -- Added test 'uncrustify' to check C / C++ code style
[2.636s] -- Configured uncrustify additional arguments: 
[2.636s] -- Added test 'xmllint' to check XML markup files
[2.638s] -- Configuring done
[2.684s] -- Generating done
[2.686s] [33mCMake Warning:
[2.687s]   Manually-specified variables were not used by the project:
[2.689s] 
[2.689s]     HUMBLE_ROS
[2.690s]     ROS_EDITION
[2.690s] 
[2.690s] [0m
[2.703s] -- Build files have been written to: /home/nhs/engineer/build/pointcloud_to_laserscan
[2.724s] Invoked command in '/home/nhs/engineer/build/pointcloud_to_laserscan' returned '0': CMAKE_PREFIX_PATH=${CMAKE_PREFIX_PATH}:/home/nhs/engineer/install/bubble_protocol:/opt/ros/humble /usr/bin/cmake /home/nhs/engineer/src/rm_perception/pointcloud_to_laserscan -DROS_EDITION=ROS2 -DHUMBLE_ROS=humble -DCMAKE_INSTALL_PREFIX=/home/nhs/engineer/install/pointcloud_to_laserscan
[2.725s] Invoking command in '/home/nhs/engineer/build/pointcloud_to_laserscan': CMAKE_PREFIX_PATH=${CMAKE_PREFIX_PATH}:/home/nhs/engineer/install/bubble_protocol:/opt/ros/humble /usr/bin/cmake --build /home/nhs/engineer/build/pointcloud_to_laserscan -- -j8 -l8
[2.868s] [ 10%] [32mBuilding CXX object CMakeFiles/laserscan_to_pointcloud_node.dir/rclcpp_components/node_main_laserscan_to_pointcloud_node.cpp.o[0m
[2.905s] [ 20%] [32mBuilding CXX object CMakeFiles/pointcloud_to_laserscan_node.dir/rclcpp_components/node_main_pointcloud_to_laserscan_node.cpp.o[0m
[2.921s] [ 30%] [32mBuilding CXX object CMakeFiles/laserscan_to_pointcloud.dir/src/laserscan_to_pointcloud_node.cpp.o[0m
[4.273s] In file included from [01m[K/home/nhs/engineer/src/rm_perception/pointcloud_to_laserscan/src/laserscan_to_pointcloud_node.cpp:52[m[K:
[4.273s] [01m[K/opt/ros/humble/include/tf2_sensor_msgs/tf2_sensor_msgs.h:32:2:[m[K [01;35m[Kwarning: [m[K#warning This header is obsolete, please include tf2_sensor_msgs/tf2_sensor_msgs.hpp instead [[01;35m[K]8;;https://gcc.gnu.org/onlinedocs/gcc/Warning-Options.html#index-Wcpp-Wcpp]8;;[m[K]
[4.273s]    32 | #[01;35m[Kwarning[m[K This header is obsolete, please include tf2_sensor_msgs/tf2_sensor_msgs.hpp instead
[4.273s]       |  [01;35m[K^~~~~~~[m[K
[14.468s] [ 40%] [32m[1mLinking CXX executable pointcloud_to_laserscan_node[0m
[15.225s] [ 40%] Built target pointcloud_to_laserscan_node
[15.558s] [ 50%] [32m[1mLinking CXX executable laserscan_to_pointcloud_node[0m
[16.047s] [ 50%] Built target laserscan_to_pointcloud_node
[36.619s] [ 60%] [32m[1mLinking CXX shared library liblaserscan_to_pointcloud.so[0m
[36.756s] [ 60%] Built target laserscan_to_pointcloud
[36.770s] [ 70%] [32mBuilding CXX object CMakeFiles/pointcloud_to_laserscan.dir/src/pointcloud_to_laserscan_node.cpp.o[0m
[36.978s] In file included from [01m[K/home/nhs/engineer/src/rm_perception/pointcloud_to_laserscan/src/pointcloud_to_laserscan_node.cpp:52[m[K:
[36.978s] [01m[K/opt/ros/humble/include/tf2_sensor_msgs/tf2_sensor_msgs.h:32:2:[m[K [01;35m[Kwarning: [m[K#warning This header is obsolete, please include tf2_sensor_msgs/tf2_sensor_msgs.hpp instead [[01;35m[K]8;;https://gcc.gnu.org/onlinedocs/gcc/Warning-Options.html#index-Wcpp-Wcpp]8;;[m[K]
[36.979s]    32 | #[01;35m[Kwarning[m[K This header is obsolete, please include tf2_sensor_msgs/tf2_sensor_msgs.hpp instead
[36.979s]       |  [01;35m[K^~~~~~~[m[K
[48.796s] [ 80%] [32m[1mLinking CXX shared library libpointcloud_to_laserscan.so[0m
[48.949s] [ 80%] Built target pointcloud_to_laserscan
[48.965s] [ 90%] [32mBuilding CXX object CMakeFiles/dummy_pointcloud_publisher.dir/src/dummy_pointcloud_publisher.cpp.o[0m
[53.385s] [100%] [32m[1mLinking CXX executable dummy_pointcloud_publisher[0m
[53.504s] [100%] Built target dummy_pointcloud_publisher
[53.513s] Invoked command in '/home/nhs/engineer/build/pointcloud_to_laserscan' returned '0': CMAKE_PREFIX_PATH=${CMAKE_PREFIX_PATH}:/home/nhs/engineer/install/bubble_protocol:/opt/ros/humble /usr/bin/cmake --build /home/nhs/engineer/build/pointcloud_to_laserscan -- -j8 -l8
[53.514s] Invoking command in '/home/nhs/engineer/build/pointcloud_to_laserscan': CMAKE_PREFIX_PATH=${CMAKE_PREFIX_PATH}:/home/nhs/engineer/install/bubble_protocol:/opt/ros/humble /usr/bin/cmake --install /home/nhs/engineer/build/pointcloud_to_laserscan
[53.520s] -- Install configuration: ""
[53.520s] -- Installing: /home/nhs/engineer/install/pointcloud_to_laserscan/lib/pointcloud_to_laserscan/laserscan_to_pointcloud_node
[53.520s] -- Set runtime path of "/home/nhs/engineer/install/pointcloud_to_laserscan/lib/pointcloud_to_laserscan/laserscan_to_pointcloud_node" to ""
[53.520s] -- Installing: /home/nhs/engineer/install/pointcloud_to_laserscan/lib/pointcloud_to_laserscan/pointcloud_to_laserscan_node
[53.520s] -- Set runtime path of "/home/nhs/engineer/install/pointcloud_to_laserscan/lib/pointcloud_to_laserscan/pointcloud_to_laserscan_node" to ""
[53.520s] -- Installing: /home/nhs/engineer/install/pointcloud_to_laserscan/include
[53.520s] -- Installing: /home/nhs/engineer/install/pointcloud_to_laserscan/include/pointcloud_to_laserscan
[53.520s] -- Installing: /home/nhs/engineer/install/pointcloud_to_laserscan/include/pointcloud_to_laserscan/visibility_control.h
[53.521s] -- Installing: /home/nhs/engineer/install/pointcloud_to_laserscan/include/pointcloud_to_laserscan/pointcloud_to_laserscan_node.hpp
[53.521s] -- Installing: /home/nhs/engineer/install/pointcloud_to_laserscan/include/pointcloud_to_laserscan/laserscan_to_pointcloud_node.hpp
[53.521s] -- Installing: /home/nhs/engineer/install/pointcloud_to_laserscan/share/pointcloud_to_laserscan/environment/library_path.sh
[53.521s] -- Installing: /home/nhs/engineer/install/pointcloud_to_laserscan/share/pointcloud_to_laserscan/environment/library_path.dsv
[53.521s] -- Installing: /home/nhs/engineer/install/pointcloud_to_laserscan/lib/liblaserscan_to_pointcloud.so
[53.522s] -- Set runtime path of "/home/nhs/engineer/install/pointcloud_to_laserscan/lib/liblaserscan_to_pointcloud.so" to ""
[53.522s] -- Installing: /home/nhs/engineer/install/pointcloud_to_laserscan/lib/libpointcloud_to_laserscan.so
[53.522s] -- Set runtime path of "/home/nhs/engineer/install/pointcloud_to_laserscan/lib/libpointcloud_to_laserscan.so" to ""
[53.523s] -- Installing: /home/nhs/engineer/install/pointcloud_to_laserscan/lib/pointcloud_to_laserscan/dummy_pointcloud_publisher
[53.523s] -- Set runtime path of "/home/nhs/engineer/install/pointcloud_to_laserscan/lib/pointcloud_to_laserscan/dummy_pointcloud_publisher" to ""
[53.523s] -- Installing: /home/nhs/engineer/install/pointcloud_to_laserscan/share/pointcloud_to_laserscan/launch
[53.523s] -- Installing: /home/nhs/engineer/install/pointcloud_to_laserscan/share/pointcloud_to_laserscan/launch/sample_pointcloud_to_laserscan_launch.py
[53.523s] -- Installing: /home/nhs/engineer/install/pointcloud_to_laserscan/share/pointcloud_to_laserscan/launch/sample_laserscan_to_pointcloud_launch.py
[53.523s] -- Installing: /home/nhs/engineer/install/pointcloud_to_laserscan/share/pointcloud_to_laserscan/launch/pointcloud_to_laserscan_launch.py
[53.523s] -- Installing: /home/nhs/engineer/install/pointcloud_to_laserscan/share/ament_index/resource_index/package_run_dependencies/pointcloud_to_laserscan
[53.523s] -- Installing: /home/nhs/engineer/install/pointcloud_to_laserscan/share/ament_index/resource_index/parent_prefix_path/pointcloud_to_laserscan
[53.524s] -- Installing: /home/nhs/engineer/install/pointcloud_to_laserscan/share/pointcloud_to_laserscan/environment/ament_prefix_path.sh
[53.524s] -- Installing: /home/nhs/engineer/install/pointcloud_to_laserscan/share/pointcloud_to_laserscan/environment/ament_prefix_path.dsv
[53.524s] -- Installing: /home/nhs/engineer/install/pointcloud_to_laserscan/share/pointcloud_to_laserscan/environment/path.sh
[53.524s] -- Installing: /home/nhs/engineer/install/pointcloud_to_laserscan/share/pointcloud_to_laserscan/environment/path.dsv
[53.524s] -- Installing: /home/nhs/engineer/install/pointcloud_to_laserscan/share/pointcloud_to_laserscan/local_setup.bash
[53.524s] -- Installing: /home/nhs/engineer/install/pointcloud_to_laserscan/share/pointcloud_to_laserscan/local_setup.sh
[53.524s] -- Installing: /home/nhs/engineer/install/pointcloud_to_laserscan/share/pointcloud_to_laserscan/local_setup.zsh
[53.524s] -- Installing: /home/nhs/engineer/install/pointcloud_to_laserscan/share/pointcloud_to_laserscan/local_setup.dsv
[53.524s] -- Installing: /home/nhs/engineer/install/pointcloud_to_laserscan/share/pointcloud_to_laserscan/package.dsv
[53.524s] -- Installing: /home/nhs/engineer/install/pointcloud_to_laserscan/share/ament_index/resource_index/packages/pointcloud_to_laserscan
[53.525s] -- Installing: /home/nhs/engineer/install/pointcloud_to_laserscan/share/ament_index/resource_index/rclcpp_components/pointcloud_to_laserscan
[53.525s] -- Installing: /home/nhs/engineer/install/pointcloud_to_laserscan/share/pointcloud_to_laserscan/cmake/ament_cmake_export_dependencies-extras.cmake
[53.525s] -- Installing: /home/nhs/engineer/install/pointcloud_to_laserscan/share/pointcloud_to_laserscan/cmake/ament_cmake_export_include_directories-extras.cmake
[53.525s] -- Installing: /home/nhs/engineer/install/pointcloud_to_laserscan/share/pointcloud_to_laserscan/cmake/ament_cmake_export_libraries-extras.cmake
[53.525s] -- Installing: /home/nhs/engineer/install/pointcloud_to_laserscan/share/pointcloud_to_laserscan/cmake/pointcloud_to_laserscanConfig.cmake
[53.525s] -- Installing: /home/nhs/engineer/install/pointcloud_to_laserscan/share/pointcloud_to_laserscan/cmake/pointcloud_to_laserscanConfig-version.cmake
[53.525s] -- Installing: /home/nhs/engineer/install/pointcloud_to_laserscan/share/pointcloud_to_laserscan/package.xml
[53.528s] Invoked command in '/home/nhs/engineer/build/pointcloud_to_laserscan' returned '0': CMAKE_PREFIX_PATH=${CMAKE_PREFIX_PATH}:/home/nhs/engineer/install/bubble_protocol:/opt/ros/humble /usr/bin/cmake --install /home/nhs/engineer/build/pointcloud_to_laserscan
