[0.217s] Invoking command in '/home/nhs/engineer/build/pointcloud_to_laserscan': CMAKE_PREFIX_PATH=/opt/ros/humble /usr/bin/cmake /home/nhs/engineer/src/rm_perception/pointcloud_to_laserscan -DCMAKE_INSTALL_PREFIX=/home/nhs/engineer/install/pointcloud_to_laserscan
[0.274s] -- The C compiler identification is GNU 11.4.0
[0.337s] -- The CXX compiler identification is GNU 11.4.0
[0.343s] -- Detecting C compiler ABI info
[0.415s] -- Detecting C compiler ABI info - done
[0.432s] -- Check for working C compiler: /usr/bin/cc - skipped
[0.432s] -- Detecting C compile features
[0.432s] -- Detecting C compile features - done
[0.435s] -- Detecting CXX compiler ABI info
[0.537s] -- Detecting CXX compiler ABI info - done
[0.553s] -- Check for working CXX compiler: /usr/bin/c++ - skipped
[0.553s] -- Detecting CXX compile features
[0.554s] -- Detecting CXX compile features - done
[0.558s] -- Found ament_cmake_auto: 1.3.12 (/opt/ros/humble/share/ament_cmake_auto/cmake)
[0.714s] -- Found Python3: /usr/bin/python3 (found version "3.10.12") found components: Interpreter 
[1.217s] -- Found rosidl_generator_c: 3.1.7 (/opt/ros/humble/share/rosidl_generator_c/cmake)
[1.221s] -- Found rosidl_adapter: 3.1.7 (/opt/ros/humble/share/rosidl_adapter/cmake)
[1.247s] -- Found rosidl_generator_cpp: 3.1.7 (/opt/ros/humble/share/rosidl_generator_cpp/cmake)
[1.272s] -- Using all available rosidl_typesupport_c: rosidl_typesupport_fastrtps_c;rosidl_typesupport_introspection_c
[1.318s] -- Using all available rosidl_typesupport_cpp: rosidl_typesupport_fastrtps_cpp;rosidl_typesupport_introspection_cpp
[1.424s] -- Found rmw_implementation_cmake: 6.1.2 (/opt/ros/humble/share/rmw_implementation_cmake/cmake)
[1.426s] -- Found rmw_fastrtps_cpp: 6.2.8 (/opt/ros/humble/share/rmw_fastrtps_cpp/cmake)
[1.838s] -- Found OpenSSL: /usr/lib/x86_64-linux-gnu/libcrypto.so (found version "3.0.2")  
[1.904s] -- Found FastRTPS: /opt/ros/humble/include  
[1.989s] -- Using RMW implementation 'rmw_fastrtps_cpp' as default
[2.006s] -- Looking for pthread.h
[2.335s] -- Looking for pthread.h - found
[2.335s] -- Performing Test CMAKE_HAVE_LIBC_PTHREAD
[2.707s] -- Performing Test CMAKE_HAVE_LIBC_PTHREAD - Success
[2.708s] -- Found Threads: TRUE  
[3.086s] -- Found ament_lint_auto: 0.12.14 (/opt/ros/humble/share/ament_lint_auto/cmake)
[3.107s] [0mIn this package, headers install destination is set to `include` by ament_auto_package. It is recommended to install `include/pointcloud_to_laserscan` instead and will be the default behavior of ament_auto_package from ROS 2 Kilted Kaiju. On distributions before Kilted, ament_auto_package behaves the same way when you use USE_SCOPED_HEADER_INSTALL_DIR option.[0m
[3.117s] -- Added test 'cppcheck' to perform static code analysis on C / C++ code
[3.117s] -- Configured cppcheck include dirs: /home/nhs/engineer/src/rm_perception/pointcloud_to_laserscan/include
[3.117s] -- Configured cppcheck exclude dirs and/or files: 
[3.119s] -- Added test 'cpplint' to check C / C++ code against the Google style
[3.119s] -- Configured cpplint exclude dirs and/or files: 
[3.119s] -- Added test 'flake8' to check Python code syntax and style conventions
[3.120s] -- Added test 'lint_cmake' to check CMake code style
[3.120s] -- Added test 'pep257' to check Python code against some of the docstring style conventions in PEP 257
[3.121s] -- Added test 'uncrustify' to check C / C++ code style
[3.122s] -- Configured uncrustify additional arguments: 
[3.135s] -- Added test 'xmllint' to check XML markup files
[3.138s] -- Configuring done
[3.193s] -- Generating done
[3.216s] -- Build files have been written to: /home/nhs/engineer/build/pointcloud_to_laserscan
[3.278s] Invoked command in '/home/nhs/engineer/build/pointcloud_to_laserscan' returned '0': CMAKE_PREFIX_PATH=/opt/ros/humble /usr/bin/cmake /home/nhs/engineer/src/rm_perception/pointcloud_to_laserscan -DCMAKE_INSTALL_PREFIX=/home/nhs/engineer/install/pointcloud_to_laserscan
[3.279s] Invoking command in '/home/nhs/engineer/build/pointcloud_to_laserscan': CMAKE_PREFIX_PATH=/opt/ros/humble /usr/bin/cmake --build /home/nhs/engineer/build/pointcloud_to_laserscan -- -j8 -l8
[3.462s] [ 10%] [32mBuilding CXX object CMakeFiles/laserscan_to_pointcloud.dir/src/laserscan_to_pointcloud_node.cpp.o[0m
[3.544s] [ 20%] [32mBuilding CXX object CMakeFiles/laserscan_to_pointcloud_node.dir/rclcpp_components/node_main_laserscan_to_pointcloud_node.cpp.o[0m
[3.545s] [ 30%] [32mBuilding CXX object CMakeFiles/pointcloud_to_laserscan_node.dir/rclcpp_components/node_main_pointcloud_to_laserscan_node.cpp.o[0m
[4.330s] In file included from [01m[K/home/nhs/engineer/src/rm_perception/pointcloud_to_laserscan/src/laserscan_to_pointcloud_node.cpp:52[m[K:
[4.330s] [01m[K/opt/ros/humble/include/tf2_sensor_msgs/tf2_sensor_msgs.h:32:2:[m[K [01;35m[Kwarning: [m[K#warning This header is obsolete, please include tf2_sensor_msgs/tf2_sensor_msgs.hpp instead [[01;35m[K]8;;https://gcc.gnu.org/onlinedocs/gcc/Warning-Options.html#index-Wcpp-Wcpp]8;;[m[K]
[4.330s]    32 | #[01;35m[Kwarning[m[K This header is obsolete, please include tf2_sensor_msgs/tf2_sensor_msgs.hpp instead
[4.330s]       |  [01;35m[K^~~~~~~[m[K
[10.347s] [ 40%] [32m[1mLinking CXX executable pointcloud_to_laserscan_node[0m
[10.711s] [ 50%] [32m[1mLinking CXX executable laserscan_to_pointcloud_node[0m
[10.862s] [ 50%] Built target pointcloud_to_laserscan_node
[11.096s] [ 50%] Built target laserscan_to_pointcloud_node
[30.354s] [ 60%] [32m[1mLinking CXX shared library liblaserscan_to_pointcloud.so[0m
[30.497s] [ 60%] Built target laserscan_to_pointcloud
[30.510s] [ 70%] [32mBuilding CXX object CMakeFiles/pointcloud_to_laserscan.dir/src/pointcloud_to_laserscan_node.cpp.o[0m
[30.673s] In file included from [01m[K/home/nhs/engineer/src/rm_perception/pointcloud_to_laserscan/src/pointcloud_to_laserscan_node.cpp:52[m[K:
[30.673s] [01m[K/opt/ros/humble/include/tf2_sensor_msgs/tf2_sensor_msgs.h:32:2:[m[K [01;35m[Kwarning: [m[K#warning This header is obsolete, please include tf2_sensor_msgs/tf2_sensor_msgs.hpp instead [[01;35m[K]8;;https://gcc.gnu.org/onlinedocs/gcc/Warning-Options.html#index-Wcpp-Wcpp]8;;[m[K]
[30.673s]    32 | #[01;35m[Kwarning[m[K This header is obsolete, please include tf2_sensor_msgs/tf2_sensor_msgs.hpp instead
[30.673s]       |  [01;35m[K^~~~~~~[m[K
[40.058s] [ 80%] [32m[1mLinking CXX shared library libpointcloud_to_laserscan.so[0m
[40.181s] [ 80%] Built target pointcloud_to_laserscan
[40.193s] [ 90%] [32mBuilding CXX object CMakeFiles/dummy_pointcloud_publisher.dir/src/dummy_pointcloud_publisher.cpp.o[0m
[43.645s] [100%] [32m[1mLinking CXX executable dummy_pointcloud_publisher[0m
[43.737s] [100%] Built target dummy_pointcloud_publisher
