[0.216s] Invoking command in '/home/zrk/engineer_up/engineer/build/navi': CMAKE_PREFIX_PATH=/opt/ros/humble /usr/bin/cmake --build /home/zrk/engineer_up/engineer/build/navi -- -j16 -l16
[0.275s] Invoked command in '/home/zrk/engineer_up/engineer/build/navi' returned '0': CMAKE_PREFIX_PATH=/opt/ros/humble /usr/bin/cmake --build /home/zrk/engineer_up/engineer/build/navi -- -j16 -l16
[0.281s] Invoking command in '/home/zrk/engineer_up/engineer/build/navi': CMAKE_PREFIX_PATH=/opt/ros/humble /usr/bin/cmake --install /home/zrk/engineer_up/engineer/build/navi
[0.297s] -- Install configuration: ""
[0.297s] -- Up-to-date: /home/zrk/engineer_up/engineer/install/navi/share/navi/params
[0.297s] -- Up-to-date: /home/zrk/engineer_up/engineer/install/navi/share/navi/params/nav2_params.yaml
[0.297s] -- Up-to-date: /home/zrk/engineer_up/engineer/install/navi/share/navi/params/mapper_params_online_async.yaml
[0.297s] -- Up-to-date: /home/zrk/engineer_up/engineer/install/navi/share/navi/launch
[0.297s] -- Up-to-date: /home/zrk/engineer_up/engineer/install/navi/share/navi/launch/slam_launch.py
[0.297s] -- Up-to-date: /home/zrk/engineer_up/engineer/install/navi/share/navi/launch/rviz_launch.py
[0.299s] -- Up-to-date: /home/zrk/engineer_up/engineer/install/navi/share/navi/launch/localization_launch.py
[0.299s] -- Up-to-date: /home/zrk/engineer_up/engineer/install/navi/share/navi/launch/navigation2acm.launch.py
[0.299s] -- Up-to-date: /home/zrk/engineer_up/engineer/install/navi/share/navi/launch/navigation_launch.py
[0.299s] -- Up-to-date: /home/zrk/engineer_up/engineer/install/navi/share/navi/launch/online_async_launch.py
[0.299s] -- Up-to-date: /home/zrk/engineer_up/engineer/install/navi/share/navi/launch/bringup_launch.py
[0.299s] -- Up-to-date: /home/zrk/engineer_up/engineer/install/navi/share/navi/maps
[0.299s] -- Up-to-date: /home/zrk/engineer_up/engineer/install/navi/share/navi/maps/9-room.pgm
[0.299s] -- Up-to-date: /home/zrk/engineer_up/engineer/install/navi/share/navi/maps/9-room.yaml
[0.299s] -- Up-to-date: /home/zrk/engineer_up/engineer/install/navi/share/navi/maps/9-room-2.pgm
[0.300s] -- Up-to-date: /home/zrk/engineer_up/engineer/install/navi/share/navi/maps/9-room-2.yaml
[0.300s] -- Up-to-date: /home/zrk/engineer_up/engineer/install/navi/share/navi/rviz
[0.300s] -- Up-to-date: /home/zrk/engineer_up/engineer/install/navi/share/navi/rviz/nav2_default_view.rviz
[0.300s] -- Up-to-date: /home/zrk/engineer_up/engineer/install/navi/share/ament_index/resource_index/package_run_dependencies/navi
[0.300s] -- Up-to-date: /home/zrk/engineer_up/engineer/install/navi/share/ament_index/resource_index/parent_prefix_path/navi
[0.300s] -- Up-to-date: /home/zrk/engineer_up/engineer/install/navi/share/navi/environment/ament_prefix_path.sh
[0.300s] -- Up-to-date: /home/zrk/engineer_up/engineer/install/navi/share/navi/environment/ament_prefix_path.dsv
[0.300s] -- Up-to-date: /home/zrk/engineer_up/engineer/install/navi/share/navi/environment/path.sh
[0.300s] -- Up-to-date: /home/zrk/engineer_up/engineer/install/navi/share/navi/environment/path.dsv
[0.300s] -- Up-to-date: /home/zrk/engineer_up/engineer/install/navi/share/navi/local_setup.bash
[0.300s] -- Up-to-date: /home/zrk/engineer_up/engineer/install/navi/share/navi/local_setup.sh
[0.300s] -- Up-to-date: /home/zrk/engineer_up/engineer/install/navi/share/navi/local_setup.zsh
[0.300s] -- Up-to-date: /home/zrk/engineer_up/engineer/install/navi/share/navi/local_setup.dsv
[0.300s] -- Up-to-date: /home/zrk/engineer_up/engineer/install/navi/share/navi/package.dsv
[0.301s] -- Up-to-date: /home/zrk/engineer_up/engineer/install/navi/share/ament_index/resource_index/packages/navi
[0.301s] -- Up-to-date: /home/zrk/engineer_up/engineer/install/navi/share/navi/cmake/naviConfig.cmake
[0.301s] -- Up-to-date: /home/zrk/engineer_up/engineer/install/navi/share/navi/cmake/naviConfig-version.cmake
[0.301s] -- Up-to-date: /home/zrk/engineer_up/engineer/install/navi/share/navi/package.xml
[0.301s] Invoked command in '/home/zrk/engineer_up/engineer/build/navi' returned '0': CMAKE_PREFIX_PATH=/opt/ros/humble /usr/bin/cmake --install /home/zrk/engineer_up/engineer/build/navi
