[0.207s] Invoking command in '/home/zrk/engineer_up/engineer/build/navi': CMAKE_PREFIX_PATH=/opt/ros/humble /usr/bin/cmake /home/zrk/engineer_up/engineer/src/rm_navigation/navi -DCMAKE_INSTALL_PREFIX=/home/zrk/engineer_up/engineer/install/navi
[0.217s] -- Found ament_cmake_auto: 1.3.11 (/opt/ros/humble/share/ament_cmake_auto/cmake)
[0.388s] -- Configuring done
[0.391s] -- Generating done
[0.393s] -- Build files have been written to: /home/zrk/engineer_up/engineer/build/navi
[0.402s] Invoked command in '/home/zrk/engineer_up/engineer/build/navi' returned '0': CMAKE_PREFIX_PATH=/opt/ros/humble /usr/bin/cmake /home/zrk/engineer_up/engineer/src/rm_navigation/navi -DCMAKE_INSTALL_PREFIX=/home/zrk/engineer_up/engineer/install/navi
[0.403s] Invoking command in '/home/zrk/engineer_up/engineer/build/navi': CMAKE_PREFIX_PATH=/opt/ros/humble /usr/bin/cmake --build /home/zrk/engineer_up/engineer/build/navi -- -j16 -l16
[0.437s] Invoked command in '/home/zrk/engineer_up/engineer/build/navi' returned '0': CMAKE_PREFIX_PATH=/opt/ros/humble /usr/bin/cmake --build /home/zrk/engineer_up/engineer/build/navi -- -j16 -l16
[0.439s] Invoking command in '/home/zrk/engineer_up/engineer/build/navi': CMAKE_PREFIX_PATH=/opt/ros/humble /usr/bin/cmake --install /home/zrk/engineer_up/engineer/build/navi
[0.445s] -- Install configuration: ""
[0.445s] -- Up-to-date: /home/zrk/engineer_up/engineer/install/navi/share/navi/params
[0.445s] -- Up-to-date: /home/zrk/engineer_up/engineer/install/navi/share/navi/params/nav2_params.yaml
[0.445s] -- Up-to-date: /home/zrk/engineer_up/engineer/install/navi/share/navi/params/mapper_params_online_async.yaml
[0.445s] -- Up-to-date: /home/zrk/engineer_up/engineer/install/navi/share/navi/launch
[0.445s] -- Up-to-date: /home/zrk/engineer_up/engineer/install/navi/share/navi/launch/slam_launch.py
[0.445s] -- Up-to-date: /home/zrk/engineer_up/engineer/install/navi/share/navi/launch/rviz_launch.py
[0.445s] -- Up-to-date: /home/zrk/engineer_up/engineer/install/navi/share/navi/launch/localization_launch.py
[0.445s] -- Up-to-date: /home/zrk/engineer_up/engineer/install/navi/share/navi/launch/navigation2acm.launch.py
[0.445s] -- Up-to-date: /home/zrk/engineer_up/engineer/install/navi/share/navi/launch/navigation_launch.py
[0.446s] -- Up-to-date: /home/zrk/engineer_up/engineer/install/navi/share/navi/launch/online_async_launch.py
[0.446s] -- Up-to-date: /home/zrk/engineer_up/engineer/install/navi/share/navi/launch/bringup_launch.py
[0.446s] -- Up-to-date: /home/zrk/engineer_up/engineer/install/navi/share/navi/maps
[0.446s] -- Up-to-date: /home/zrk/engineer_up/engineer/install/navi/share/navi/maps/9-room.pgm
[0.446s] -- Up-to-date: /home/zrk/engineer_up/engineer/install/navi/share/navi/maps/9-room.yaml
[0.446s] -- Up-to-date: /home/zrk/engineer_up/engineer/install/navi/share/navi/maps/9-room-2.pgm
[0.446s] -- Up-to-date: /home/zrk/engineer_up/engineer/install/navi/share/navi/maps/9-room-2.yaml
[0.446s] -- Up-to-date: /home/zrk/engineer_up/engineer/install/navi/share/navi/rviz
[0.446s] -- Up-to-date: /home/zrk/engineer_up/engineer/install/navi/share/navi/rviz/nav2_default_view.rviz
[0.446s] -- Up-to-date: /home/zrk/engineer_up/engineer/install/navi/share/ament_index/resource_index/package_run_dependencies/navi
[0.446s] -- Up-to-date: /home/zrk/engineer_up/engineer/install/navi/share/ament_index/resource_index/parent_prefix_path/navi
[0.446s] -- Up-to-date: /home/zrk/engineer_up/engineer/install/navi/share/navi/environment/ament_prefix_path.sh
[0.446s] -- Installing: /home/zrk/engineer_up/engineer/install/navi/share/navi/environment/ament_prefix_path.dsv
[0.446s] -- Up-to-date: /home/zrk/engineer_up/engineer/install/navi/share/navi/environment/path.sh
[0.446s] -- Installing: /home/zrk/engineer_up/engineer/install/navi/share/navi/environment/path.dsv
[0.446s] -- Up-to-date: /home/zrk/engineer_up/engineer/install/navi/share/navi/local_setup.bash
[0.446s] -- Up-to-date: /home/zrk/engineer_up/engineer/install/navi/share/navi/local_setup.sh
[0.447s] -- Up-to-date: /home/zrk/engineer_up/engineer/install/navi/share/navi/local_setup.zsh
[0.447s] -- Installing: /home/zrk/engineer_up/engineer/install/navi/share/navi/local_setup.dsv
[0.447s] -- Installing: /home/zrk/engineer_up/engineer/install/navi/share/navi/package.dsv
[0.447s] -- Up-to-date: /home/zrk/engineer_up/engineer/install/navi/share/ament_index/resource_index/packages/navi
[0.447s] -- Up-to-date: /home/zrk/engineer_up/engineer/install/navi/share/navi/cmake/naviConfig.cmake
[0.447s] -- Up-to-date: /home/zrk/engineer_up/engineer/install/navi/share/navi/cmake/naviConfig-version.cmake
[0.447s] -- Up-to-date: /home/zrk/engineer_up/engineer/install/navi/share/navi/package.xml
[0.451s] Invoked command in '/home/zrk/engineer_up/engineer/build/navi' returned '0': CMAKE_PREFIX_PATH=/opt/ros/humble /usr/bin/cmake --install /home/zrk/engineer_up/engineer/build/navi
