[0.207s] Invoking command in '/home/zrk/engineer_up/engineer/build/rm_description': CMAKE_PREFIX_PATH=/opt/ros/humble /usr/bin/cmake /home/zrk/engineer_up/engineer/src/rm_description -DCMAKE_INSTALL_PREFIX=/home/zrk/engineer_up/engineer/install/rm_description
[0.216s] -- Found ament_cmake: 1.3.11 (/opt/ros/humble/share/ament_cmake/cmake)
[0.326s] -- Found ament_lint_auto: 0.12.12 (/opt/ros/humble/share/ament_lint_auto/cmake)
[0.391s] -- Added test 'flake8' to check Python code syntax and style conventions
[0.391s] -- Added test 'lint_cmake' to check CMake code style
[0.393s] -- Added test 'pep257' to check Python code against some of the docstring style conventions in PEP 257
[0.394s] -- Added test 'xmllint' to check XML markup files
[0.394s] -- Configuring done
[0.397s] -- Generating done
[0.398s] -- Build files have been written to: /home/zrk/engineer_up/engineer/build/rm_description
[0.402s] Invoked command in '/home/zrk/engineer_up/engineer/build/rm_description' returned '0': CMAKE_PREFIX_PATH=/opt/ros/humble /usr/bin/cmake /home/zrk/engineer_up/engineer/src/rm_description -DCMAKE_INSTALL_PREFIX=/home/zrk/engineer_up/engineer/install/rm_description
[0.403s] Invoking command in '/home/zrk/engineer_up/engineer/build/rm_description': CMAKE_PREFIX_PATH=/opt/ros/humble /usr/bin/cmake --build /home/zrk/engineer_up/engineer/build/rm_description -- -j16 -l16
[0.441s] Invoked command in '/home/zrk/engineer_up/engineer/build/rm_description' returned '0': CMAKE_PREFIX_PATH=/opt/ros/humble /usr/bin/cmake --build /home/zrk/engineer_up/engineer/build/rm_description -- -j16 -l16
[0.442s] Invoking command in '/home/zrk/engineer_up/engineer/build/rm_description': CMAKE_PREFIX_PATH=/opt/ros/humble /usr/bin/cmake --install /home/zrk/engineer_up/engineer/build/rm_description
[0.450s] -- Install configuration: ""
[0.450s] -- Up-to-date: /home/zrk/engineer_up/engineer/install/rm_description/share/rm_description/launch
[0.450s] -- Up-to-date: /home/zrk/engineer_up/engineer/install/rm_description/share/rm_description/launch/model.launch.py
[0.450s] -- Up-to-date: /home/zrk/engineer_up/engineer/install/rm_description/share/rm_description/launch/view_model.launch.py
[0.450s] -- Up-to-date: /home/zrk/engineer_up/engineer/install/rm_description/share/rm_description/launch/view_model.rviz
[0.450s] -- Up-to-date: /home/zrk/engineer_up/engineer/install/rm_description/share/rm_description/urdf
[0.451s] -- Up-to-date: /home/zrk/engineer_up/engineer/install/rm_description/share/rm_description/urdf/engineer.urdf.xacro
[0.451s] -- Up-to-date: /home/zrk/engineer_up/engineer/install/rm_description/share/ament_index/resource_index/package_run_dependencies/rm_description
[0.451s] -- Up-to-date: /home/zrk/engineer_up/engineer/install/rm_description/share/ament_index/resource_index/parent_prefix_path/rm_description
[0.451s] -- Up-to-date: /home/zrk/engineer_up/engineer/install/rm_description/share/rm_description/environment/ament_prefix_path.sh
[0.451s] -- Installing: /home/zrk/engineer_up/engineer/install/rm_description/share/rm_description/environment/ament_prefix_path.dsv
[0.451s] -- Up-to-date: /home/zrk/engineer_up/engineer/install/rm_description/share/rm_description/environment/path.sh
[0.451s] -- Installing: /home/zrk/engineer_up/engineer/install/rm_description/share/rm_description/environment/path.dsv
[0.451s] -- Up-to-date: /home/zrk/engineer_up/engineer/install/rm_description/share/rm_description/local_setup.bash
[0.452s] -- Up-to-date: /home/zrk/engineer_up/engineer/install/rm_description/share/rm_description/local_setup.sh
[0.452s] -- Up-to-date: /home/zrk/engineer_up/engineer/install/rm_description/share/rm_description/local_setup.zsh
[0.452s] -- Installing: /home/zrk/engineer_up/engineer/install/rm_description/share/rm_description/local_setup.dsv
[0.452s] -- Installing: /home/zrk/engineer_up/engineer/install/rm_description/share/rm_description/package.dsv
[0.452s] -- Up-to-date: /home/zrk/engineer_up/engineer/install/rm_description/share/ament_index/resource_index/packages/rm_description
[0.452s] -- Up-to-date: /home/zrk/engineer_up/engineer/install/rm_description/share/rm_description/cmake/rm_descriptionConfig.cmake
[0.452s] -- Up-to-date: /home/zrk/engineer_up/engineer/install/rm_description/share/rm_description/cmake/rm_descriptionConfig-version.cmake
[0.452s] -- Up-to-date: /home/zrk/engineer_up/engineer/install/rm_description/share/rm_description/package.xml
[0.456s] Invoked command in '/home/zrk/engineer_up/engineer/build/rm_description' returned '0': CMAKE_PREFIX_PATH=/opt/ros/humble /usr/bin/cmake --install /home/zrk/engineer_up/engineer/build/rm_description
