[0.206s] Invoking command in '/home/zrk/engineer_up/engineer/build/pointcloud_to_laserscan': CMAKE_PREFIX_PATH=/opt/ros/humble /usr/bin/cmake /home/zrk/engineer_up/engineer/src/rm_perception/pointcloud_to_laserscan -DCMAKE_INSTALL_PREFIX=/home/zrk/engineer_up/engineer/install/pointcloud_to_laserscan
[0.217s] -- Found ament_cmake_auto: 1.3.11 (/opt/ros/humble/share/ament_cmake_auto/cmake)
[0.417s] -- Found rosidl_generator_c: 3.1.6 (/opt/ros/humble/share/rosidl_generator_c/cmake)
[0.419s] -- Found rosidl_adapter: 3.1.6 (/opt/ros/humble/share/rosidl_adapter/cmake)
[0.424s] -- Found rosidl_generator_cpp: 3.1.6 (/opt/ros/humble/share/rosidl_generator_cpp/cmake)
[0.431s] -- Using all available rosidl_typesupport_c: rosidl_typesupport_fastrtps_c;rosidl_typesupport_introspection_c
[0.442s] -- Using all available rosidl_typesupport_cpp: rosidl_typesupport_fastrtps_cpp;rosidl_typesupport_introspection_cpp
[0.468s] -- Found rmw_implementation_cmake: 6.1.2 (/opt/ros/humble/share/rmw_implementation_cmake/cmake)
[0.469s] -- Found rmw_fastrtps_cpp: 6.2.7 (/opt/ros/humble/share/rmw_fastrtps_cpp/cmake)
[0.567s] -- Using RMW implementation 'rmw_fastrtps_cpp' as default
[0.695s] -- Found ament_lint_auto: 0.12.12 (/opt/ros/humble/share/ament_lint_auto/cmake)
[0.702s] -- Added test 'cppcheck' to perform static code analysis on C / C++ code
[0.702s] -- Configured cppcheck include dirs: /home/zrk/engineer_up/engineer/src/rm_perception/pointcloud_to_laserscan/include
[0.702s] -- Configured cppcheck exclude dirs and/or files: 
[0.703s] -- Added test 'cpplint' to check C / C++ code against the Google style
[0.703s] -- Configured cpplint exclude dirs and/or files: 
[0.703s] -- Added test 'flake8' to check Python code syntax and style conventions
[0.703s] -- Added test 'lint_cmake' to check CMake code style
[0.704s] -- Added test 'pep257' to check Python code against some of the docstring style conventions in PEP 257
[0.705s] -- Added test 'uncrustify' to check C / C++ code style
[0.705s] -- Configured uncrustify additional arguments: 
[0.705s] -- Added test 'xmllint' to check XML markup files
[0.706s] -- Configuring done
[0.734s] -- Generating done
[0.743s] -- Build files have been written to: /home/zrk/engineer_up/engineer/build/pointcloud_to_laserscan
[0.753s] Invoked command in '/home/zrk/engineer_up/engineer/build/pointcloud_to_laserscan' returned '0': CMAKE_PREFIX_PATH=/opt/ros/humble /usr/bin/cmake /home/zrk/engineer_up/engineer/src/rm_perception/pointcloud_to_laserscan -DCMAKE_INSTALL_PREFIX=/home/zrk/engineer_up/engineer/install/pointcloud_to_laserscan
[0.755s] Invoking command in '/home/zrk/engineer_up/engineer/build/pointcloud_to_laserscan': CMAKE_PREFIX_PATH=/opt/ros/humble /usr/bin/cmake --build /home/zrk/engineer_up/engineer/build/pointcloud_to_laserscan -- -j16 -l16
[0.791s] [35m[1mConsolidate compiler generated dependencies of target pointcloud_to_laserscan_node[0m
[0.791s] [35m[1mConsolidate compiler generated dependencies of target laserscan_to_pointcloud_node[0m
[0.791s] [35m[1mConsolidate compiler generated dependencies of target laserscan_to_pointcloud[0m
[0.806s] [ 40%] Built target pointcloud_to_laserscan_node
[0.807s] [ 40%] Built target laserscan_to_pointcloud_node
[0.810s] [ 60%] Built target laserscan_to_pointcloud
[0.820s] [35m[1mConsolidate compiler generated dependencies of target pointcloud_to_laserscan[0m
[0.840s] [ 80%] Built target pointcloud_to_laserscan
[0.850s] [35m[1mConsolidate compiler generated dependencies of target dummy_pointcloud_publisher[0m
[0.867s] [100%] Built target dummy_pointcloud_publisher
[0.878s] Invoked command in '/home/zrk/engineer_up/engineer/build/pointcloud_to_laserscan' returned '0': CMAKE_PREFIX_PATH=/opt/ros/humble /usr/bin/cmake --build /home/zrk/engineer_up/engineer/build/pointcloud_to_laserscan -- -j16 -l16
[0.880s] Invoking command in '/home/zrk/engineer_up/engineer/build/pointcloud_to_laserscan': CMAKE_PREFIX_PATH=/opt/ros/humble /usr/bin/cmake --install /home/zrk/engineer_up/engineer/build/pointcloud_to_laserscan
[0.886s] -- Install configuration: ""
[0.886s] -- Up-to-date: /home/zrk/engineer_up/engineer/install/pointcloud_to_laserscan/lib/pointcloud_to_laserscan/laserscan_to_pointcloud_node
[0.887s] -- Up-to-date: /home/zrk/engineer_up/engineer/install/pointcloud_to_laserscan/lib/pointcloud_to_laserscan/pointcloud_to_laserscan_node
[0.887s] -- Up-to-date: /home/zrk/engineer_up/engineer/install/pointcloud_to_laserscan/include
[0.887s] -- Up-to-date: /home/zrk/engineer_up/engineer/install/pointcloud_to_laserscan/include/pointcloud_to_laserscan
[0.887s] -- Up-to-date: /home/zrk/engineer_up/engineer/install/pointcloud_to_laserscan/include/pointcloud_to_laserscan/pointcloud_to_laserscan_node.hpp
[0.887s] -- Up-to-date: /home/zrk/engineer_up/engineer/install/pointcloud_to_laserscan/include/pointcloud_to_laserscan/visibility_control.h
[0.887s] -- Up-to-date: /home/zrk/engineer_up/engineer/install/pointcloud_to_laserscan/include/pointcloud_to_laserscan/laserscan_to_pointcloud_node.hpp
[0.887s] -- Up-to-date: /home/zrk/engineer_up/engineer/install/pointcloud_to_laserscan/share/pointcloud_to_laserscan/environment/library_path.sh
[0.887s] -- Installing: /home/zrk/engineer_up/engineer/install/pointcloud_to_laserscan/share/pointcloud_to_laserscan/environment/library_path.dsv
[0.887s] -- Up-to-date: /home/zrk/engineer_up/engineer/install/pointcloud_to_laserscan/lib/liblaserscan_to_pointcloud.so
[0.887s] -- Up-to-date: /home/zrk/engineer_up/engineer/install/pointcloud_to_laserscan/lib/libpointcloud_to_laserscan.so
[0.888s] -- Up-to-date: /home/zrk/engineer_up/engineer/install/pointcloud_to_laserscan/lib/pointcloud_to_laserscan/dummy_pointcloud_publisher
[0.888s] -- Up-to-date: /home/zrk/engineer_up/engineer/install/pointcloud_to_laserscan/share/pointcloud_to_laserscan/launch
[0.888s] -- Up-to-date: /home/zrk/engineer_up/engineer/install/pointcloud_to_laserscan/share/pointcloud_to_laserscan/launch/pointcloud_to_laserscan_launch.py
[0.888s] -- Up-to-date: /home/zrk/engineer_up/engineer/install/pointcloud_to_laserscan/share/pointcloud_to_laserscan/launch/sample_laserscan_to_pointcloud_launch.py
[0.888s] -- Up-to-date: /home/zrk/engineer_up/engineer/install/pointcloud_to_laserscan/share/pointcloud_to_laserscan/launch/sample_pointcloud_to_laserscan_launch.py
[0.888s] -- Up-to-date: /home/zrk/engineer_up/engineer/install/pointcloud_to_laserscan/share/ament_index/resource_index/package_run_dependencies/pointcloud_to_laserscan
[0.888s] -- Up-to-date: /home/zrk/engineer_up/engineer/install/pointcloud_to_laserscan/share/ament_index/resource_index/parent_prefix_path/pointcloud_to_laserscan
[0.888s] -- Up-to-date: /home/zrk/engineer_up/engineer/install/pointcloud_to_laserscan/share/pointcloud_to_laserscan/environment/ament_prefix_path.sh
[0.888s] -- Installing: /home/zrk/engineer_up/engineer/install/pointcloud_to_laserscan/share/pointcloud_to_laserscan/environment/ament_prefix_path.dsv
[0.888s] -- Up-to-date: /home/zrk/engineer_up/engineer/install/pointcloud_to_laserscan/share/pointcloud_to_laserscan/environment/path.sh
[0.888s] -- Installing: /home/zrk/engineer_up/engineer/install/pointcloud_to_laserscan/share/pointcloud_to_laserscan/environment/path.dsv
[0.889s] -- Up-to-date: /home/zrk/engineer_up/engineer/install/pointcloud_to_laserscan/share/pointcloud_to_laserscan/local_setup.bash
[0.889s] -- Up-to-date: /home/zrk/engineer_up/engineer/install/pointcloud_to_laserscan/share/pointcloud_to_laserscan/local_setup.sh
[0.889s] -- Up-to-date: /home/zrk/engineer_up/engineer/install/pointcloud_to_laserscan/share/pointcloud_to_laserscan/local_setup.zsh
[0.889s] -- Installing: /home/zrk/engineer_up/engineer/install/pointcloud_to_laserscan/share/pointcloud_to_laserscan/local_setup.dsv
[0.889s] -- Installing: /home/zrk/engineer_up/engineer/install/pointcloud_to_laserscan/share/pointcloud_to_laserscan/package.dsv
[0.889s] -- Up-to-date: /home/zrk/engineer_up/engineer/install/pointcloud_to_laserscan/share/ament_index/resource_index/packages/pointcloud_to_laserscan
[0.889s] -- Up-to-date: /home/zrk/engineer_up/engineer/install/pointcloud_to_laserscan/share/ament_index/resource_index/rclcpp_components/pointcloud_to_laserscan
[0.889s] -- Up-to-date: /home/zrk/engineer_up/engineer/install/pointcloud_to_laserscan/share/pointcloud_to_laserscan/cmake/ament_cmake_export_dependencies-extras.cmake
[0.889s] -- Up-to-date: /home/zrk/engineer_up/engineer/install/pointcloud_to_laserscan/share/pointcloud_to_laserscan/cmake/ament_cmake_export_include_directories-extras.cmake
[0.889s] -- Up-to-date: /home/zrk/engineer_up/engineer/install/pointcloud_to_laserscan/share/pointcloud_to_laserscan/cmake/ament_cmake_export_libraries-extras.cmake
[0.890s] -- Up-to-date: /home/zrk/engineer_up/engineer/install/pointcloud_to_laserscan/share/pointcloud_to_laserscan/cmake/pointcloud_to_laserscanConfig.cmake
[0.890s] -- Up-to-date: /home/zrk/engineer_up/engineer/install/pointcloud_to_laserscan/share/pointcloud_to_laserscan/cmake/pointcloud_to_laserscanConfig-version.cmake
[0.890s] -- Up-to-date: /home/zrk/engineer_up/engineer/install/pointcloud_to_laserscan/share/pointcloud_to_laserscan/package.xml
[0.892s] Invoked command in '/home/zrk/engineer_up/engineer/build/pointcloud_to_laserscan' returned '0': CMAKE_PREFIX_PATH=/opt/ros/humble /usr/bin/cmake --install /home/zrk/engineer_up/engineer/build/pointcloud_to_laserscan
