[0.027s] Invoking command in '/home/nhs/engineer/build/livox_ros_driver2': CMAKE_PREFIX_PATH=${CMAKE_PREFIX_PATH}:/home/nhs/engineer/install/bubble_protocol:/opt/ros/humble /usr/bin/cmake /home/nhs/engineer/src/rm_driver/livox_ros_driver2 -DCMAKE_INSTALL_PREFIX=/home/nhs/engineer/install/livox_ros_driver2
[0.210s] -- livox_ros_driver2 version: 1.2.4
[0.211s] -- Found ament_cmake_auto: 1.3.12 (/opt/ros/humble/share/ament_cmake_auto/cmake)
[0.211s] -- Using all available rosidl_typesupport_c: rosidl_typesupport_fastrtps_c;rosidl_typesupport_introspection_c
[0.211s] -- Found rosidl_adapter: 3.1.7 (/opt/ros/humble/share/rosidl_adapter/cmake)
[0.211s] -- Using all available rosidl_typesupport_cpp: rosidl_typesupport_fastrtps_cpp;rosidl_typesupport_introspection_cpp
[0.252s] -- Found rmw_implementation_cmake: 6.1.2 (/opt/ros/humble/share/rmw_implementation_cmake/cmake)
[0.256s] -- Found rmw_fastrtps_cpp: 6.2.8 (/opt/ros/humble/share/rmw_fastrtps_cpp/cmake)
[0.387s] -- Using RMW implementation 'rmw_fastrtps_cpp' as default
[0.554s] -- Eigen found (include: /usr/include/eigen3, version: 3.4.0)
[0.588s] -- FLANN found (include: /usr/include, lib: /usr/lib/x86_64-linux-gnu/libflann_cpp.so)
[0.868s] -- OpenNI found (version: 1.5.4.0, include: /usr/include/ni, lib: /usr/lib/libOpenNI.so;libusb::libusb)
[0.873s] -- OpenNI2 found (version: 2.2.0.33, include: /usr/include/openni2, lib: /usr/lib/x86_64-linux-gnu/libOpenNI2.so;libusb::libusb)
[1.011s] -- Eigen found (include: /usr/include/eigen3, version: 3.4.0)
[1.015s] -- OpenNI found (version: 1.5.4.0, include: /usr/include/ni, lib: /usr/lib/libOpenNI.so;libusb::libusb)
[1.023s] -- OpenNI2 found (version: 2.2.0.33, include: /usr/include/openni2, lib: /usr/lib/x86_64-linux-gnu/libOpenNI2.so;libusb::libusb)
[1.152s] -- Found Qhull version 8.0.2
[1.306s] -- OpenNI found (version: 1.5.4.0, include: /usr/include/ni, lib: /usr/lib/libOpenNI.so;libusb::libusb)
[1.500s] -- Checking for module 'apr-1'
[1.502s] --   No package 'apr-1' found
[1.699s] -- Found ament_cmake_ros: 0.10.0 (/opt/ros/humble/share/ament_cmake_ros/cmake)
[1.894s] -- Using all available rosidl_typesupport_c: rosidl_typesupport_fastrtps_c;rosidl_typesupport_introspection_c
[2.118s] -- Using all available rosidl_typesupport_cpp: rosidl_typesupport_fastrtps_cpp;rosidl_typesupport_introspection_cpp
[2.135s] -- Found python_cmake_module: 0.10.0 (/opt/ros/humble/share/python_cmake_module/cmake)
[2.151s] -- Using PYTHON_EXECUTABLE: /usr/bin/python3
[2.151s] -- Using PYTHON_INCLUDE_DIRS: /usr/include/python3.10
[2.151s] -- Using PYTHON_LIBRARIES: /usr/lib/x86_64-linux-gnu/libpython3.10.so
[2.183s] -- Found ament_lint_auto: 0.12.14 (/opt/ros/humble/share/ament_lint_auto/cmake)
[2.189s] -- Added test 'copyright' to check source files copyright and LICENSE
[2.192s] -- Added test 'cppcheck' to perform static code analysis on C / C++ code
[2.193s] -- Configured cppcheck include dirs: /home/nhs/engineer/src/rm_driver/livox_ros_driver2/3rdparty;/home/nhs/engineer/src/rm_driver/livox_ros_driver2/src
[2.193s] -- Configured cppcheck exclude dirs and/or files: 
[2.195s] -- Added test 'cpplint' to check C / C++ code against the Google style
[2.195s] -- Configured cpplint exclude dirs and/or files: 
[2.196s] -- Added test 'flake8' to check Python code syntax and style conventions
[2.197s] -- Added test 'lint_cmake' to check CMake code style
[2.197s] -- Added test 'pep257' to check Python code against some of the docstring style conventions in PEP 257
[2.199s] -- Added test 'uncrustify' to check C / C++ code style
[2.199s] -- Configured uncrustify additional arguments: 
[2.200s] -- Added test 'xmllint' to check XML markup files
[2.201s] -- Configuring done
[2.257s] -- Generating done
[2.271s] -- Build files have been written to: /home/nhs/engineer/build/livox_ros_driver2
[2.284s] Invoked command in '/home/nhs/engineer/build/livox_ros_driver2' returned '0': CMAKE_PREFIX_PATH=${CMAKE_PREFIX_PATH}:/home/nhs/engineer/install/bubble_protocol:/opt/ros/humble /usr/bin/cmake /home/nhs/engineer/src/rm_driver/livox_ros_driver2 -DCMAKE_INSTALL_PREFIX=/home/nhs/engineer/install/livox_ros_driver2
[2.285s] Invoking command in '/home/nhs/engineer/build/livox_ros_driver2': CMAKE_PREFIX_PATH=${CMAKE_PREFIX_PATH}:/home/nhs/engineer/install/bubble_protocol:/opt/ros/humble /usr/bin/cmake --build /home/nhs/engineer/build/livox_ros_driver2 -- -j8 -l8
[2.316s] [35m[1mConsolidate compiler generated dependencies of target livox_interfaces2__rosidl_generator_c[0m
[2.319s] [35m[1mConsolidate compiler generated dependencies of target livox_ros_driver2_node[0m
[2.324s] [  7%] Built target livox_interfaces2__rosidl_generator_c
[2.325s] [  8%] Built target livox_interfaces2__cpp
[2.334s] [  8%] Built target ament_cmake_python_copy_livox_ros_driver2
[2.334s] [35m[1mConsolidate compiler generated dependencies of target livox_interfaces2__rosidl_typesupport_introspection_c[0m
[2.334s] [35m[1mConsolidate compiler generated dependencies of target livox_interfaces2__rosidl_typesupport_fastrtps_c[0m
[2.336s] [35m[1mConsolidate compiler generated dependencies of target livox_interfaces2__rosidl_typesupport_c[0m
[2.337s] [35m[1mConsolidate compiler generated dependencies of target livox_interfaces2__rosidl_typesupport_fastrtps_cpp[0m
[2.338s] [35m[1mConsolidate compiler generated dependencies of target livox_interfaces2__rosidl_typesupport_introspection_cpp[0m
[2.338s] [ 12%] Built target livox_ros_driver2_node
[2.338s] [35m[1mConsolidate compiler generated dependencies of target livox_interfaces2__rosidl_typesupport_cpp[0m
[2.351s] [ 19%] Built target livox_interfaces2__rosidl_typesupport_introspection_c
[2.351s] [ 26%] Built target livox_interfaces2__rosidl_typesupport_c
[2.351s] [ 33%] Built target livox_interfaces2__rosidl_typesupport_fastrtps_c
[2.352s] [ 40%] Built target livox_interfaces2__rosidl_typesupport_introspection_cpp
[2.353s] [ 47%] Built target livox_interfaces2__rosidl_typesupport_fastrtps_cpp
[2.354s] [ 54%] Built target livox_interfaces2__rosidl_typesupport_cpp
[2.366s] [35m[1mConsolidate compiler generated dependencies of target livox_ros_driver2[0m
[2.373s] [ 54%] Built target livox_interfaces2
[2.393s] [ 56%] Built target livox_interfaces2__py
[2.402s] [35m[1mConsolidate compiler generated dependencies of target livox_interfaces2__rosidl_generator_py[0m
[2.403s] [ 84%] Built target livox_ros_driver2
[2.413s] [ 89%] Built target livox_interfaces2__rosidl_generator_py
[2.420s] [35m[1mConsolidate compiler generated dependencies of target livox_ros_driver2__rosidl_typesupport_fastrtps_c__pyext[0m
[2.422s] [35m[1mConsolidate compiler generated dependencies of target livox_ros_driver2__rosidl_typesupport_introspection_c__pyext[0m
[2.422s] [35m[1mConsolidate compiler generated dependencies of target livox_ros_driver2__rosidl_typesupport_c__pyext[0m
[2.431s] [ 92%] Built target livox_ros_driver2__rosidl_typesupport_fastrtps_c__pyext
[2.433s] [ 98%] Built target livox_ros_driver2__rosidl_typesupport_introspection_c__pyext
[2.433s] [100%] Built target livox_ros_driver2__rosidl_typesupport_c__pyext
[2.511s] running egg_info
[2.512s] writing livox_ros_driver2.egg-info/PKG-INFO
[2.512s] writing dependency_links to livox_ros_driver2.egg-info/dependency_links.txt
[2.512s] writing top-level names to livox_ros_driver2.egg-info/top_level.txt
[2.514s] reading manifest file 'livox_ros_driver2.egg-info/SOURCES.txt'
[2.514s] writing manifest file 'livox_ros_driver2.egg-info/SOURCES.txt'
[2.533s] [100%] Built target ament_cmake_python_build_livox_ros_driver2_egg
[2.540s] Invoked command in '/home/nhs/engineer/build/livox_ros_driver2' returned '0': CMAKE_PREFIX_PATH=${CMAKE_PREFIX_PATH}:/home/nhs/engineer/install/bubble_protocol:/opt/ros/humble /usr/bin/cmake --build /home/nhs/engineer/build/livox_ros_driver2 -- -j8 -l8
[2.541s] Invoking command in '/home/nhs/engineer/build/livox_ros_driver2': CMAKE_PREFIX_PATH=${CMAKE_PREFIX_PATH}:/home/nhs/engineer/install/bubble_protocol:/opt/ros/humble /usr/bin/cmake --install /home/nhs/engineer/build/livox_ros_driver2
[2.546s] -- Install configuration: ""
[2.547s] -- Up-to-date: /home/nhs/engineer/install/livox_ros_driver2/share/ament_index/resource_index/rosidl_interfaces/livox_ros_driver2
[2.547s] -- Up-to-date: /home/nhs/engineer/install/livox_ros_driver2/include/livox_ros_driver2/livox_ros_driver2
[2.547s] -- Up-to-date: /home/nhs/engineer/install/livox_ros_driver2/include/livox_ros_driver2/livox_ros_driver2/msg
[2.547s] -- Up-to-date: /home/nhs/engineer/install/livox_ros_driver2/include/livox_ros_driver2/livox_ros_driver2/msg/custom_msg.h
[2.547s] -- Up-to-date: /home/nhs/engineer/install/livox_ros_driver2/include/livox_ros_driver2/livox_ros_driver2/msg/rosidl_generator_c__visibility_control.h
[2.547s] -- Up-to-date: /home/nhs/engineer/install/livox_ros_driver2/include/livox_ros_driver2/livox_ros_driver2/msg/detail
[2.547s] -- Up-to-date: /home/nhs/engineer/install/livox_ros_driver2/include/livox_ros_driver2/livox_ros_driver2/msg/detail/custom_point__functions.h
[2.547s] -- Up-to-date: /home/nhs/engineer/install/livox_ros_driver2/include/livox_ros_driver2/livox_ros_driver2/msg/detail/custom_point__type_support.h
[2.547s] -- Up-to-date: /home/nhs/engineer/install/livox_ros_driver2/include/livox_ros_driver2/livox_ros_driver2/msg/detail/custom_msg__functions.c
[2.547s] -- Up-to-date: /home/nhs/engineer/install/livox_ros_driver2/include/livox_ros_driver2/livox_ros_driver2/msg/detail/custom_msg__struct.h
[2.547s] -- Up-to-date: /home/nhs/engineer/install/livox_ros_driver2/include/livox_ros_driver2/livox_ros_driver2/msg/detail/custom_msg__type_support.h
[2.547s] -- Up-to-date: /home/nhs/engineer/install/livox_ros_driver2/include/livox_ros_driver2/livox_ros_driver2/msg/detail/custom_point__functions.c
[2.547s] -- Up-to-date: /home/nhs/engineer/install/livox_ros_driver2/include/livox_ros_driver2/livox_ros_driver2/msg/detail/custom_msg__functions.h
[2.547s] -- Up-to-date: /home/nhs/engineer/install/livox_ros_driver2/include/livox_ros_driver2/livox_ros_driver2/msg/detail/custom_point__struct.h
[2.548s] -- Up-to-date: /home/nhs/engineer/install/livox_ros_driver2/include/livox_ros_driver2/livox_ros_driver2/msg/custom_point.h
[2.548s] -- Up-to-date: /home/nhs/engineer/install/livox_ros_driver2/share/livox_ros_driver2/environment/library_path.sh
[2.548s] -- Installing: /home/nhs/engineer/install/livox_ros_driver2/share/livox_ros_driver2/environment/library_path.dsv
[2.548s] -- Up-to-date: /home/nhs/engineer/install/livox_ros_driver2/lib/liblivox_ros_driver2__rosidl_generator_c.so
[2.548s] -- Up-to-date: /home/nhs/engineer/install/livox_ros_driver2/include/livox_ros_driver2/livox_ros_driver2
[2.548s] -- Up-to-date: /home/nhs/engineer/install/livox_ros_driver2/include/livox_ros_driver2/livox_ros_driver2/msg
[2.548s] -- Up-to-date: /home/nhs/engineer/install/livox_ros_driver2/include/livox_ros_driver2/livox_ros_driver2/msg/detail
[2.548s] -- Up-to-date: /home/nhs/engineer/install/livox_ros_driver2/include/livox_ros_driver2/livox_ros_driver2/msg/detail/custom_point__rosidl_typesupport_fastrtps_c.h
[2.548s] -- Up-to-date: /home/nhs/engineer/install/livox_ros_driver2/include/livox_ros_driver2/livox_ros_driver2/msg/detail/custom_msg__rosidl_typesupport_fastrtps_c.h
[2.548s] -- Up-to-date: /home/nhs/engineer/install/livox_ros_driver2/include/livox_ros_driver2/livox_ros_driver2/msg/rosidl_typesupport_fastrtps_c__visibility_control.h
[2.548s] -- Up-to-date: /home/nhs/engineer/install/livox_ros_driver2/lib/liblivox_ros_driver2__rosidl_typesupport_fastrtps_c.so
[2.548s] -- Up-to-date: /home/nhs/engineer/install/livox_ros_driver2/include/livox_ros_driver2/livox_ros_driver2
[2.548s] -- Up-to-date: /home/nhs/engineer/install/livox_ros_driver2/include/livox_ros_driver2/livox_ros_driver2/msg
[2.548s] -- Up-to-date: /home/nhs/engineer/install/livox_ros_driver2/include/livox_ros_driver2/livox_ros_driver2/msg/detail
[2.548s] -- Up-to-date: /home/nhs/engineer/install/livox_ros_driver2/include/livox_ros_driver2/livox_ros_driver2/msg/detail/custom_point__rosidl_typesupport_introspection_c.h
[2.549s] -- Up-to-date: /home/nhs/engineer/install/livox_ros_driver2/include/livox_ros_driver2/livox_ros_driver2/msg/detail/custom_msg__rosidl_typesupport_introspection_c.h
[2.549s] -- Up-to-date: /home/nhs/engineer/install/livox_ros_driver2/include/livox_ros_driver2/livox_ros_driver2/msg/detail/custom_msg__type_support.c
[2.549s] -- Up-to-date: /home/nhs/engineer/install/livox_ros_driver2/include/livox_ros_driver2/livox_ros_driver2/msg/detail/custom_point__type_support.c
[2.549s] -- Up-to-date: /home/nhs/engineer/install/livox_ros_driver2/include/livox_ros_driver2/livox_ros_driver2/msg/rosidl_typesupport_introspection_c__visibility_control.h
[2.549s] -- Up-to-date: /home/nhs/engineer/install/livox_ros_driver2/lib/liblivox_ros_driver2__rosidl_typesupport_introspection_c.so
[2.549s] -- Up-to-date: /home/nhs/engineer/install/livox_ros_driver2/lib/liblivox_ros_driver2__rosidl_typesupport_c.so
[2.549s] -- Up-to-date: /home/nhs/engineer/install/livox_ros_driver2/include/livox_ros_driver2/livox_ros_driver2
[2.549s] -- Up-to-date: /home/nhs/engineer/install/livox_ros_driver2/include/livox_ros_driver2/livox_ros_driver2/msg
[2.549s] -- Up-to-date: /home/nhs/engineer/install/livox_ros_driver2/include/livox_ros_driver2/livox_ros_driver2/msg/detail
[2.549s] -- Up-to-date: /home/nhs/engineer/install/livox_ros_driver2/include/livox_ros_driver2/livox_ros_driver2/msg/detail/custom_msg__type_support.hpp
[2.549s] -- Up-to-date: /home/nhs/engineer/install/livox_ros_driver2/include/livox_ros_driver2/livox_ros_driver2/msg/detail/custom_point__struct.hpp
[2.549s] -- Up-to-date: /home/nhs/engineer/install/livox_ros_driver2/include/livox_ros_driver2/livox_ros_driver2/msg/detail/custom_point__traits.hpp
[2.549s] -- Up-to-date: /home/nhs/engineer/install/livox_ros_driver2/include/livox_ros_driver2/livox_ros_driver2/msg/detail/custom_msg__builder.hpp
[2.549s] -- Up-to-date: /home/nhs/engineer/install/livox_ros_driver2/include/livox_ros_driver2/livox_ros_driver2/msg/detail/custom_point__type_support.hpp
[2.550s] -- Up-to-date: /home/nhs/engineer/install/livox_ros_driver2/include/livox_ros_driver2/livox_ros_driver2/msg/detail/custom_msg__traits.hpp
[2.550s] -- Up-to-date: /home/nhs/engineer/install/livox_ros_driver2/include/livox_ros_driver2/livox_ros_driver2/msg/detail/custom_msg__struct.hpp
[2.550s] -- Up-to-date: /home/nhs/engineer/install/livox_ros_driver2/include/livox_ros_driver2/livox_ros_driver2/msg/detail/custom_point__builder.hpp
[2.550s] -- Up-to-date: /home/nhs/engineer/install/livox_ros_driver2/include/livox_ros_driver2/livox_ros_driver2/msg/custom_point.hpp
[2.550s] -- Up-to-date: /home/nhs/engineer/install/livox_ros_driver2/include/livox_ros_driver2/livox_ros_driver2/msg/custom_msg.hpp
[2.550s] -- Up-to-date: /home/nhs/engineer/install/livox_ros_driver2/include/livox_ros_driver2/livox_ros_driver2/msg/rosidl_generator_cpp__visibility_control.hpp
[2.550s] -- Up-to-date: /home/nhs/engineer/install/livox_ros_driver2/include/livox_ros_driver2/livox_ros_driver2
[2.550s] -- Up-to-date: /home/nhs/engineer/install/livox_ros_driver2/include/livox_ros_driver2/livox_ros_driver2/msg
[2.550s] -- Up-to-date: /home/nhs/engineer/install/livox_ros_driver2/include/livox_ros_driver2/livox_ros_driver2/msg/detail
[2.550s] -- Up-to-date: /home/nhs/engineer/install/livox_ros_driver2/include/livox_ros_driver2/livox_ros_driver2/msg/detail/custom_msg__rosidl_typesupport_fastrtps_cpp.hpp
[2.550s] -- Up-to-date: /home/nhs/engineer/install/livox_ros_driver2/include/livox_ros_driver2/livox_ros_driver2/msg/detail/custom_point__rosidl_typesupport_fastrtps_cpp.hpp
[2.550s] -- Up-to-date: /home/nhs/engineer/install/livox_ros_driver2/include/livox_ros_driver2/livox_ros_driver2/msg/detail/dds_fastrtps
[2.550s] -- Up-to-date: /home/nhs/engineer/install/livox_ros_driver2/include/livox_ros_driver2/livox_ros_driver2/msg/rosidl_typesupport_fastrtps_cpp__visibility_control.h
[2.550s] -- Up-to-date: /home/nhs/engineer/install/livox_ros_driver2/lib/liblivox_ros_driver2__rosidl_typesupport_fastrtps_cpp.so
[2.550s] -- Up-to-date: /home/nhs/engineer/install/livox_ros_driver2/include/livox_ros_driver2/livox_ros_driver2
[2.550s] -- Up-to-date: /home/nhs/engineer/install/livox_ros_driver2/include/livox_ros_driver2/livox_ros_driver2/msg
[2.550s] -- Up-to-date: /home/nhs/engineer/install/livox_ros_driver2/include/livox_ros_driver2/livox_ros_driver2/msg/detail
[2.551s] -- Up-to-date: /home/nhs/engineer/install/livox_ros_driver2/include/livox_ros_driver2/livox_ros_driver2/msg/detail/custom_msg__rosidl_typesupport_introspection_cpp.hpp
[2.551s] -- Up-to-date: /home/nhs/engineer/install/livox_ros_driver2/include/livox_ros_driver2/livox_ros_driver2/msg/detail/custom_msg__type_support.cpp
[2.551s] -- Up-to-date: /home/nhs/engineer/install/livox_ros_driver2/include/livox_ros_driver2/livox_ros_driver2/msg/detail/custom_point__type_support.cpp
[2.551s] -- Up-to-date: /home/nhs/engineer/install/livox_ros_driver2/include/livox_ros_driver2/livox_ros_driver2/msg/detail/custom_point__rosidl_typesupport_introspection_cpp.hpp
[2.551s] -- Up-to-date: /home/nhs/engineer/install/livox_ros_driver2/lib/liblivox_ros_driver2__rosidl_typesupport_introspection_cpp.so
[2.551s] -- Up-to-date: /home/nhs/engineer/install/livox_ros_driver2/lib/liblivox_ros_driver2__rosidl_typesupport_cpp.so
[2.551s] -- Up-to-date: /home/nhs/engineer/install/livox_ros_driver2/share/livox_ros_driver2/environment/pythonpath.sh
[2.551s] -- Installing: /home/nhs/engineer/install/livox_ros_driver2/share/livox_ros_driver2/environment/pythonpath.dsv
[2.551s] -- Up-to-date: /home/nhs/engineer/install/livox_ros_driver2/local/lib/python3.10/dist-packages/livox_ros_driver2-1.0.0-py3.10.egg-info
[2.551s] -- Installing: /home/nhs/engineer/install/livox_ros_driver2/local/lib/python3.10/dist-packages/livox_ros_driver2-1.0.0-py3.10.egg-info/dependency_links.txt
[2.551s] -- Installing: /home/nhs/engineer/install/livox_ros_driver2/local/lib/python3.10/dist-packages/livox_ros_driver2-1.0.0-py3.10.egg-info/top_level.txt
[2.551s] -- Installing: /home/nhs/engineer/install/livox_ros_driver2/local/lib/python3.10/dist-packages/livox_ros_driver2-1.0.0-py3.10.egg-info/PKG-INFO
[2.551s] -- Installing: /home/nhs/engineer/install/livox_ros_driver2/local/lib/python3.10/dist-packages/livox_ros_driver2-1.0.0-py3.10.egg-info/SOURCES.txt
[2.551s] -- Up-to-date: /home/nhs/engineer/install/livox_ros_driver2/local/lib/python3.10/dist-packages/livox_ros_driver2
[2.551s] -- Up-to-date: /home/nhs/engineer/install/livox_ros_driver2/local/lib/python3.10/dist-packages/livox_ros_driver2/_livox_ros_driver2_s.ep.rosidl_typesupport_c.c
[2.551s] -- Up-to-date: /home/nhs/engineer/install/livox_ros_driver2/local/lib/python3.10/dist-packages/livox_ros_driver2/livox_ros_driver2_s__rosidl_typesupport_fastrtps_c.cpython-310-x86_64-linux-gnu.so
[2.551s] -- Up-to-date: /home/nhs/engineer/install/livox_ros_driver2/local/lib/python3.10/dist-packages/livox_ros_driver2/liblivox_interfaces2__rosidl_generator_py.so
[2.552s] -- Up-to-date: /home/nhs/engineer/install/livox_ros_driver2/local/lib/python3.10/dist-packages/livox_ros_driver2/livox_ros_driver2_s__rosidl_typesupport_introspection_c.cpython-310-x86_64-linux-gnu.so
[2.552s] -- Up-to-date: /home/nhs/engineer/install/livox_ros_driver2/local/lib/python3.10/dist-packages/livox_ros_driver2/_livox_ros_driver2_s.ep.rosidl_typesupport_introspection_c.c
[2.552s] -- Installing: /home/nhs/engineer/install/livox_ros_driver2/local/lib/python3.10/dist-packages/livox_ros_driver2/__init__.py
[2.552s] -- Up-to-date: /home/nhs/engineer/install/livox_ros_driver2/local/lib/python3.10/dist-packages/livox_ros_driver2/_livox_ros_driver2_s.ep.rosidl_typesupport_fastrtps_c.c
[2.552s] -- Up-to-date: /home/nhs/engineer/install/livox_ros_driver2/local/lib/python3.10/dist-packages/livox_ros_driver2/msg
[2.552s] -- Up-to-date: /home/nhs/engineer/install/livox_ros_driver2/local/lib/python3.10/dist-packages/livox_ros_driver2/msg/_custom_point_s.c
[2.552s] -- Up-to-date: /home/nhs/engineer/install/livox_ros_driver2/local/lib/python3.10/dist-packages/livox_ros_driver2/msg/_custom_point.py
[2.552s] -- Up-to-date: /home/nhs/engineer/install/livox_ros_driver2/local/lib/python3.10/dist-packages/livox_ros_driver2/msg/__init__.py
[2.552s] -- Up-to-date: /home/nhs/engineer/install/livox_ros_driver2/local/lib/python3.10/dist-packages/livox_ros_driver2/msg/_custom_msg.py
[2.552s] -- Up-to-date: /home/nhs/engineer/install/livox_ros_driver2/local/lib/python3.10/dist-packages/livox_ros_driver2/msg/_custom_msg_s.c
[2.552s] -- Up-to-date: /home/nhs/engineer/install/livox_ros_driver2/local/lib/python3.10/dist-packages/livox_ros_driver2/livox_ros_driver2_s__rosidl_typesupport_c.cpython-310-x86_64-linux-gnu.so
[2.571s] Listing '/home/nhs/engineer/install/livox_ros_driver2/local/lib/python3.10/dist-packages/livox_ros_driver2'...
[2.572s] Compiling '/home/nhs/engineer/install/livox_ros_driver2/local/lib/python3.10/dist-packages/livox_ros_driver2/__init__.py'...
[2.572s] Listing '/home/nhs/engineer/install/livox_ros_driver2/local/lib/python3.10/dist-packages/livox_ros_driver2/msg'...
[2.575s] -- Up-to-date: /home/nhs/engineer/install/livox_ros_driver2/local/lib/python3.10/dist-packages/livox_ros_driver2/livox_ros_driver2_s__rosidl_typesupport_fastrtps_c.cpython-310-x86_64-linux-gnu.so
[2.575s] -- Up-to-date: /home/nhs/engineer/install/livox_ros_driver2/local/lib/python3.10/dist-packages/livox_ros_driver2/livox_ros_driver2_s__rosidl_typesupport_introspection_c.cpython-310-x86_64-linux-gnu.so
[2.575s] -- Up-to-date: /home/nhs/engineer/install/livox_ros_driver2/local/lib/python3.10/dist-packages/livox_ros_driver2/livox_ros_driver2_s__rosidl_typesupport_c.cpython-310-x86_64-linux-gnu.so
[2.575s] -- Up-to-date: /home/nhs/engineer/install/livox_ros_driver2/lib/liblivox_interfaces2__rosidl_generator_py.so
[2.575s] -- Up-to-date: /home/nhs/engineer/install/livox_ros_driver2/share/livox_ros_driver2/msg/CustomPoint.idl
[2.575s] -- Up-to-date: /home/nhs/engineer/install/livox_ros_driver2/share/livox_ros_driver2/msg/CustomMsg.idl
[2.575s] -- Up-to-date: /home/nhs/engineer/install/livox_ros_driver2/share/livox_ros_driver2/msg/CustomPoint.msg
[2.575s] -- Up-to-date: /home/nhs/engineer/install/livox_ros_driver2/share/livox_ros_driver2/msg/CustomMsg.msg
[2.575s] -- Up-to-date: /home/nhs/engineer/install/livox_ros_driver2/lib/livox_ros_driver2/livox_ros_driver2_node
[2.576s] -- Up-to-date: /home/nhs/engineer/install/livox_ros_driver2/lib/liblivox_ros_driver2.so
[2.576s] -- Up-to-date: /home/nhs/engineer/install/livox_ros_driver2/share/livox_ros_driver2/config
[2.576s] -- Up-to-date: /home/nhs/engineer/install/livox_ros_driver2/share/livox_ros_driver2/config/display_point_cloud_ROS2.rviz
[2.576s] -- Up-to-date: /home/nhs/engineer/install/livox_ros_driver2/share/livox_ros_driver2/config/MID360_config.json
[2.576s] -- Up-to-date: /home/nhs/engineer/install/livox_ros_driver2/share/livox_ros_driver2/config/display_point_cloud_ROS1.rviz
[2.576s] -- Up-to-date: /home/nhs/engineer/install/livox_ros_driver2/share/livox_ros_driver2/config/HAP_config.json
[2.576s] -- Up-to-date: /home/nhs/engineer/install/livox_ros_driver2/share/livox_ros_driver2/config/mixed_HAP_MID360_config.json
[2.576s] -- Up-to-date: /home/nhs/engineer/install/livox_ros_driver2/share/livox_ros_driver2/launch_ROS2
[2.576s] -- Up-to-date: /home/nhs/engineer/install/livox_ros_driver2/share/livox_ros_driver2/launch_ROS2/rviz_MID360_launch.py
[2.576s] -- Up-to-date: /home/nhs/engineer/install/livox_ros_driver2/share/livox_ros_driver2/launch_ROS2/rviz_mixed.py
[2.576s] -- Up-to-date: /home/nhs/engineer/install/livox_ros_driver2/share/livox_ros_driver2/launch_ROS2/msg_HAP_launch.py
[2.576s] -- Up-to-date: /home/nhs/engineer/install/livox_ros_driver2/share/livox_ros_driver2/launch_ROS2/msg_MID360_custom_launch.py
[2.576s] -- Up-to-date: /home/nhs/engineer/install/livox_ros_driver2/share/livox_ros_driver2/launch_ROS2/msg_MID360_cloud_launch.py
[2.577s] -- Up-to-date: /home/nhs/engineer/install/livox_ros_driver2/share/livox_ros_driver2/launch_ROS2/rviz_HAP_launch.py
[2.577s] -- Up-to-date: /home/nhs/engineer/install/livox_ros_driver2/share/ament_index/resource_index/package_run_dependencies/livox_ros_driver2
[2.577s] -- Up-to-date: /home/nhs/engineer/install/livox_ros_driver2/share/ament_index/resource_index/parent_prefix_path/livox_ros_driver2
[2.577s] -- Up-to-date: /home/nhs/engineer/install/livox_ros_driver2/share/livox_ros_driver2/environment/ament_prefix_path.sh
[2.577s] -- Installing: /home/nhs/engineer/install/livox_ros_driver2/share/livox_ros_driver2/environment/ament_prefix_path.dsv
[2.577s] -- Up-to-date: /home/nhs/engineer/install/livox_ros_driver2/share/livox_ros_driver2/environment/path.sh
[2.577s] -- Installing: /home/nhs/engineer/install/livox_ros_driver2/share/livox_ros_driver2/environment/path.dsv
[2.577s] -- Up-to-date: /home/nhs/engineer/install/livox_ros_driver2/share/livox_ros_driver2/local_setup.bash
[2.577s] -- Up-to-date: /home/nhs/engineer/install/livox_ros_driver2/share/livox_ros_driver2/local_setup.sh
[2.577s] -- Up-to-date: /home/nhs/engineer/install/livox_ros_driver2/share/livox_ros_driver2/local_setup.zsh
[2.577s] -- Installing: /home/nhs/engineer/install/livox_ros_driver2/share/livox_ros_driver2/local_setup.dsv
[2.577s] -- Installing: /home/nhs/engineer/install/livox_ros_driver2/share/livox_ros_driver2/package.dsv
[2.577s] -- Up-to-date: /home/nhs/engineer/install/livox_ros_driver2/share/ament_index/resource_index/packages/livox_ros_driver2
[2.577s] -- Up-to-date: /home/nhs/engineer/install/livox_ros_driver2/share/livox_ros_driver2/cmake/export_livox_interfaces2__rosidl_generator_cExport.cmake
[2.577s] -- Up-to-date: /home/nhs/engineer/install/livox_ros_driver2/share/livox_ros_driver2/cmake/export_livox_interfaces2__rosidl_generator_cExport-noconfig.cmake
[2.578s] -- Up-to-date: /home/nhs/engineer/install/livox_ros_driver2/share/livox_ros_driver2/cmake/export_livox_interfaces2__rosidl_typesupport_fastrtps_cExport.cmake
[2.578s] -- Up-to-date: /home/nhs/engineer/install/livox_ros_driver2/share/livox_ros_driver2/cmake/export_livox_interfaces2__rosidl_typesupport_fastrtps_cExport-noconfig.cmake
[2.578s] -- Up-to-date: /home/nhs/engineer/install/livox_ros_driver2/share/livox_ros_driver2/cmake/livox_interfaces2__rosidl_typesupport_introspection_cExport.cmake
[2.578s] -- Up-to-date: /home/nhs/engineer/install/livox_ros_driver2/share/livox_ros_driver2/cmake/livox_interfaces2__rosidl_typesupport_introspection_cExport-noconfig.cmake
[2.578s] -- Up-to-date: /home/nhs/engineer/install/livox_ros_driver2/share/livox_ros_driver2/cmake/livox_interfaces2__rosidl_typesupport_cExport.cmake
[2.578s] -- Up-to-date: /home/nhs/engineer/install/livox_ros_driver2/share/livox_ros_driver2/cmake/livox_interfaces2__rosidl_typesupport_cExport-noconfig.cmake
[2.578s] -- Up-to-date: /home/nhs/engineer/install/livox_ros_driver2/share/livox_ros_driver2/cmake/export_livox_interfaces2__rosidl_generator_cppExport.cmake
[2.578s] -- Up-to-date: /home/nhs/engineer/install/livox_ros_driver2/share/livox_ros_driver2/cmake/export_livox_interfaces2__rosidl_typesupport_fastrtps_cppExport.cmake
[2.578s] -- Up-to-date: /home/nhs/engineer/install/livox_ros_driver2/share/livox_ros_driver2/cmake/export_livox_interfaces2__rosidl_typesupport_fastrtps_cppExport-noconfig.cmake
[2.578s] -- Up-to-date: /home/nhs/engineer/install/livox_ros_driver2/share/livox_ros_driver2/cmake/livox_interfaces2__rosidl_typesupport_introspection_cppExport.cmake
[2.578s] -- Up-to-date: /home/nhs/engineer/install/livox_ros_driver2/share/livox_ros_driver2/cmake/livox_interfaces2__rosidl_typesupport_introspection_cppExport-noconfig.cmake
[2.578s] -- Up-to-date: /home/nhs/engineer/install/livox_ros_driver2/share/livox_ros_driver2/cmake/livox_interfaces2__rosidl_typesupport_cppExport.cmake
[2.578s] -- Up-to-date: /home/nhs/engineer/install/livox_ros_driver2/share/livox_ros_driver2/cmake/livox_interfaces2__rosidl_typesupport_cppExport-noconfig.cmake
[2.579s] -- Up-to-date: /home/nhs/engineer/install/livox_ros_driver2/share/livox_ros_driver2/cmake/export_livox_interfaces2__rosidl_generator_pyExport.cmake
[2.579s] -- Up-to-date: /home/nhs/engineer/install/livox_ros_driver2/share/livox_ros_driver2/cmake/export_livox_interfaces2__rosidl_generator_pyExport-noconfig.cmake
[2.579s] -- Up-to-date: /home/nhs/engineer/install/livox_ros_driver2/share/ament_index/resource_index/rclcpp_components/livox_ros_driver2
[2.579s] -- Up-to-date: /home/nhs/engineer/install/livox_ros_driver2/share/livox_ros_driver2/cmake/rosidl_cmake-extras.cmake
[2.579s] -- Up-to-date: /home/nhs/engineer/install/livox_ros_driver2/share/livox_ros_driver2/cmake/ament_cmake_export_dependencies-extras.cmake
[2.579s] -- Up-to-date: /home/nhs/engineer/install/livox_ros_driver2/share/livox_ros_driver2/cmake/ament_cmake_export_include_directories-extras.cmake
[2.579s] -- Up-to-date: /home/nhs/engineer/install/livox_ros_driver2/share/livox_ros_driver2/cmake/ament_cmake_export_libraries-extras.cmake
[2.579s] -- Up-to-date: /home/nhs/engineer/install/livox_ros_driver2/share/livox_ros_driver2/cmake/ament_cmake_export_targets-extras.cmake
[2.579s] -- Up-to-date: /home/nhs/engineer/install/livox_ros_driver2/share/livox_ros_driver2/cmake/rosidl_cmake_export_typesupport_targets-extras.cmake
[2.579s] -- Up-to-date: /home/nhs/engineer/install/livox_ros_driver2/share/livox_ros_driver2/cmake/rosidl_cmake_export_typesupport_libraries-extras.cmake
[2.579s] -- Up-to-date: /home/nhs/engineer/install/livox_ros_driver2/share/livox_ros_driver2/cmake/livox_ros_driver2Config.cmake
[2.579s] -- Up-to-date: /home/nhs/engineer/install/livox_ros_driver2/share/livox_ros_driver2/cmake/livox_ros_driver2Config-version.cmake
[2.580s] -- Up-to-date: /home/nhs/engineer/install/livox_ros_driver2/share/livox_ros_driver2/package.xml
[2.580s] Invoked command in '/home/nhs/engineer/build/livox_ros_driver2' returned '0': CMAKE_PREFIX_PATH=${CMAKE_PREFIX_PATH}:/home/nhs/engineer/install/bubble_protocol:/opt/ros/humble /usr/bin/cmake --install /home/nhs/engineer/build/livox_ros_driver2
