[0.216s] Invoking command in '/home/nhs/engineer/build/pcd2pgm': CMAKE_PREFIX_PATH=/opt/ros/humble /usr/bin/cmake /home/nhs/engineer/src/rm_localization/pcd2pgm -DCMAKE_INSTALL_PREFIX=/home/nhs/engineer/install/pcd2pgm
[0.283s] -- The C compiler identification is GNU 11.4.0
[0.345s] -- The CXX compiler identification is GNU 11.4.0
[0.359s] -- Detecting C compiler ABI info
[0.426s] -- Detecting C compiler ABI info - done
[0.436s] -- Check for working C compiler: /usr/bin/cc - skipped
[0.436s] -- Detecting C compile features
[0.437s] -- Detecting C compile features - done
[0.440s] -- Detecting CXX compiler ABI info
[0.544s] -- Detecting CXX compiler ABI info - done
[0.553s] -- Check for working CXX compiler: /usr/bin/c++ - skipped
[0.554s] -- Detecting CXX compile features
[0.554s] -- Detecting CXX compile features - done
[0.556s] -- Found ament_cmake: 1.3.12 (/opt/ros/humble/share/ament_cmake/cmake)
[0.731s] -- Found Python3: /usr/bin/python3 (found version "3.10.12") found components: Interpreter 
[0.896s] -- Found rclcpp: 16.0.15 (/opt/ros/humble/share/rclcpp/cmake)
[0.972s] -- Found rosidl_generator_c: 3.1.7 (/opt/ros/humble/share/rosidl_generator_c/cmake)
[0.993s] -- Found rosidl_adapter: 3.1.7 (/opt/ros/humble/share/rosidl_adapter/cmake)
[1.001s] -- Found rosidl_generator_cpp: 3.1.7 (/opt/ros/humble/share/rosidl_generator_cpp/cmake)
[1.040s] -- Using all available rosidl_typesupport_c: rosidl_typesupport_fastrtps_c;rosidl_typesupport_introspection_c
[1.058s] -- Using all available rosidl_typesupport_cpp: rosidl_typesupport_fastrtps_cpp;rosidl_typesupport_introspection_cpp
[1.168s] -- Found rmw_implementation_cmake: 6.1.2 (/opt/ros/humble/share/rmw_implementation_cmake/cmake)
[1.171s] -- Found rmw_fastrtps_cpp: 6.2.8 (/opt/ros/humble/share/rmw_fastrtps_cpp/cmake)
[1.592s] -- Found OpenSSL: /usr/lib/x86_64-linux-gnu/libcrypto.so (found version "3.0.2")  
[1.627s] -- Found FastRTPS: /opt/ros/humble/include  
[1.704s] -- Using RMW implementation 'rmw_fastrtps_cpp' as default
[1.714s] -- Looking for pthread.h
[1.928s] -- Looking for pthread.h - found
[1.928s] -- Performing Test CMAKE_HAVE_LIBC_PTHREAD
[2.192s] -- Performing Test CMAKE_HAVE_LIBC_PTHREAD - Success
[2.193s] -- Found Threads: TRUE  
[2.297s] -- Checking for module 'eigen3'
[2.369s] --   Found eigen3, version 3.4.0
[2.653s] -- Found Eigen: /usr/include/eigen3 (Required is at least version "3.1") 
[2.654s] -- Eigen found (include: /usr/include/eigen3, version: 3.4.0)
[2.671s] -- Found Boost: /usr/lib/x86_64-linux-gnu/cmake/Boost-1.74.0/BoostConfig.cmake (found suitable version "1.74.0", minimum required is "1.65.0") found components: system filesystem date_time iostreams serialization 
[2.743s] -- Checking for module 'flann'
[2.843s] --   Found flann, version 1.9.1
[3.114s] -- Found FLANN: /usr/lib/x86_64-linux-gnu/libflann_cpp.so  
[3.114s] -- FLANN found (include: /usr/include, lib: /usr/lib/x86_64-linux-gnu/libflann_cpp.so)
[3.252s] -- Found GLEW: /usr/lib/x86_64-linux-gnu/libGLEW.so  
[3.258s] -- Found OpenGL: /usr/lib/x86_64-linux-gnu/libOpenGL.so  found components: OpenGL GLX 
[3.756s] -- Found MPI_C: /usr/lib/x86_64-linux-gnu/libmpi.so (found version "3.1") 
[3.756s] -- Found MPI: TRUE (found version "3.1") found components: C 
[3.759s] -- Found JsonCpp: /usr/lib/x86_64-linux-gnu/libjsoncpp.so (found suitable version "1.9.5", minimum required is "0.7.0") 
[3.767s] -- Found ZLIB: /usr/lib/x86_64-linux-gnu/libz.so (found version "1.2.11") 
[3.786s] -- Found PNG: /usr/lib/x86_64-linux-gnu/libpng.so (found version "1.6.37") 
[3.800s] -- Found Eigen3: /usr/include/eigen3 (found version "3.4.0") 
[3.967s] -- Found X11: /usr/include   
[3.967s] -- Looking for XOpenDisplay in /usr/lib/x86_64-linux-gnu/libX11.so;/usr/lib/x86_64-linux-gnu/libXext.so
[4.222s] -- Looking for XOpenDisplay in /usr/lib/x86_64-linux-gnu/libX11.so;/usr/lib/x86_64-linux-gnu/libXext.so - found
[4.223s] -- Looking for gethostbyname
[4.521s] -- Looking for gethostbyname - found
[4.523s] -- Looking for connect
[4.861s] -- Looking for connect - found
[4.861s] -- Looking for remove
[5.260s] -- Looking for remove - found
[5.261s] -- Looking for shmat
[5.475s] -- Looking for shmat - found
[5.476s] -- Looking for IceConnectionNumber in ICE
[5.856s] -- Looking for IceConnectionNumber in ICE - found
[6.338s] -- Found EXPAT: /usr/lib/x86_64-linux-gnu/libexpat.so (found version "2.4.7") 
[6.340s] -- Found double-conversion: /usr/lib/x86_64-linux-gnu/libdouble-conversion.so  
[6.343s] -- Found LZ4: /usr/lib/x86_64-linux-gnu/liblz4.so (found version "1.9.3") 
[6.345s] -- Found LZMA: /usr/lib/x86_64-linux-gnu/liblzma.so (found version "5.2.5") 
[6.378s] -- Found JPEG: /usr/lib/x86_64-linux-gnu/libjpeg.so (found version "80") 
[6.390s] -- Found TIFF: /usr/lib/x86_64-linux-gnu/libtiff.so (found version "4.3.0")  
[6.395s] -- Found Freetype: /usr/lib/x86_64-linux-gnu/libfreetype.so (found version "2.11.1") 
[6.400s] -- Found utf8cpp: /usr/include/utf8cpp  
[6.973s] -- Checking for module 'libusb-1.0'
[7.070s] --   Found libusb-1.0, version 1.0.25
[7.311s] -- Found libusb: /usr/lib/x86_64-linux-gnu/libusb-1.0.so  
[7.313s] -- Found OpenNI: /usr/lib/libOpenNI.so;libusb::libusb (found version "1.5.4.0") 
[7.313s] -- OpenNI found (version: 1.5.4.0, include: /usr/include/ni, lib: /usr/lib/libOpenNI.so;libusb::libusb)
[7.824s] -- Found OpenNI2: /usr/lib/x86_64-linux-gnu/libOpenNI2.so;libusb::libusb (found version "2.2.0.33") 
[7.825s] -- OpenNI2 found (version: 2.2.0.33, include: /usr/include/openni2, lib: /usr/lib/x86_64-linux-gnu/libOpenNI2.so;libusb::libusb)
[7.825s] [0m** WARNING ** io features related to pcap will be disabled[0m
[8.358s] -- Eigen found (include: /usr/include/eigen3, version: 3.4.0)
[8.384s] -- OpenNI found (version: 1.5.4.0, include: /usr/include/ni, lib: /usr/lib/libOpenNI.so;libusb::libusb)
[8.399s] -- OpenNI2 found (version: 2.2.0.33, include: /usr/include/openni2, lib: /usr/lib/x86_64-linux-gnu/libOpenNI2.so;libusb::libusb)
[8.886s] -- Found Qhull version 8.0.2
[9.437s] -- OpenNI found (version: 1.5.4.0, include: /usr/include/ni, lib: /usr/lib/libOpenNI.so;libusb::libusb)
[9.900s] -- looking for PCL_COMMON
[9.918s] -- Found PCL_COMMON: /usr/lib/x86_64-linux-gnu/libpcl_common.so  
[9.918s] -- looking for PCL_KDTREE
[9.920s] -- Found PCL_KDTREE: /usr/lib/x86_64-linux-gnu/libpcl_kdtree.so  
[9.920s] -- looking for PCL_OCTREE
[9.921s] -- Found PCL_OCTREE: /usr/lib/x86_64-linux-gnu/libpcl_octree.so  
[9.921s] -- looking for PCL_SEARCH
[9.935s] -- Found PCL_SEARCH: /usr/lib/x86_64-linux-gnu/libpcl_search.so  
[9.935s] -- looking for PCL_SAMPLE_CONSENSUS
[9.936s] -- Found PCL_SAMPLE_CONSENSUS: /usr/lib/x86_64-linux-gnu/libpcl_sample_consensus.so  
[9.936s] -- looking for PCL_FILTERS
[9.937s] -- Found PCL_FILTERS: /usr/lib/x86_64-linux-gnu/libpcl_filters.so  
[9.937s] -- looking for PCL_2D
[9.938s] -- Found PCL_2D: /usr/include/pcl-1.12  
[9.938s] -- looking for PCL_GEOMETRY
[9.940s] -- Found PCL_GEOMETRY: /usr/include/pcl-1.12  
[9.940s] -- looking for PCL_IO
[9.940s] -- Found PCL_IO: /usr/lib/x86_64-linux-gnu/libpcl_io.so  
[9.940s] -- looking for PCL_FEATURES
[9.941s] -- Found PCL_FEATURES: /usr/lib/x86_64-linux-gnu/libpcl_features.so  
[9.941s] -- looking for PCL_ML
[9.942s] -- Found PCL_ML: /usr/lib/x86_64-linux-gnu/libpcl_ml.so  
[9.942s] -- looking for PCL_SEGMENTATION
[9.946s] -- Found PCL_SEGMENTATION: /usr/lib/x86_64-linux-gnu/libpcl_segmentation.so  
[9.946s] -- looking for PCL_VISUALIZATION
[9.957s] -- Found PCL_VISUALIZATION: /usr/lib/x86_64-linux-gnu/libpcl_visualization.so  
[9.957s] -- looking for PCL_SURFACE
[9.958s] -- Found PCL_SURFACE: /usr/lib/x86_64-linux-gnu/libpcl_surface.so  
[9.958s] -- looking for PCL_REGISTRATION
[9.959s] -- Found PCL_REGISTRATION: /usr/lib/x86_64-linux-gnu/libpcl_registration.so  
[9.959s] -- looking for PCL_KEYPOINTS
[9.960s] -- Found PCL_KEYPOINTS: /usr/lib/x86_64-linux-gnu/libpcl_keypoints.so  
[9.961s] -- looking for PCL_TRACKING
[9.977s] -- Found PCL_TRACKING: /usr/lib/x86_64-linux-gnu/libpcl_tracking.so  
[9.978s] -- looking for PCL_RECOGNITION
[9.979s] -- Found PCL_RECOGNITION: /usr/lib/x86_64-linux-gnu/libpcl_recognition.so  
[9.980s] -- looking for PCL_STEREO
[9.981s] -- Found PCL_STEREO: /usr/lib/x86_64-linux-gnu/libpcl_stereo.so  
[9.982s] -- looking for PCL_APPS
[9.983s] -- Found PCL_APPS: /usr/lib/x86_64-linux-gnu/libpcl_apps.so  
[9.984s] -- looking for PCL_IN_HAND_SCANNER
[9.984s] -- Found PCL_IN_HAND_SCANNER: /usr/include/pcl-1.12  
[9.984s] -- looking for PCL_MODELER
[9.985s] -- Found PCL_MODELER: /usr/include/pcl-1.12  
[9.985s] -- looking for PCL_POINT_CLOUD_EDITOR
[9.986s] -- Found PCL_POINT_CLOUD_EDITOR: /usr/include/pcl-1.12  
[9.986s] -- looking for PCL_OUTOFCORE
[9.987s] -- Found PCL_OUTOFCORE: /usr/lib/x86_64-linux-gnu/libpcl_outofcore.so  
[9.988s] -- looking for PCL_PEOPLE
[9.989s] -- Found PCL_PEOPLE: /usr/lib/x86_64-linux-gnu/libpcl_people.so  
[9.990s] -- Found PCL: pcl_common;pcl_kdtree;pcl_octree;pcl_search;pcl_sample_consensus;pcl_filters;pcl_io;pcl_features;pcl_ml;pcl_segmentation;pcl_visualization;pcl_surface;pcl_registration;pcl_keypoints;pcl_tracking;pcl_recognition;pcl_stereo;pcl_apps;pcl_outofcore;pcl_people;Boost::system;Boost::filesystem;Boost::date_time;Boost::iostreams;Boost::serialization;/usr/lib/libOpenNI.so;libusb::libusb;/usr/lib/x86_64-linux-gnu/libOpenNI2.so;libusb::libusb;VTK::ChartsCore;VTK::CommonColor;VTK::CommonComputationalGeometry;VTK::CommonCore;VTK::CommonDataModel;VTK::CommonExecutionModel;VTK::CommonMath;VTK::CommonMisc;VTK::CommonTransforms;VTK::FiltersCore;VTK::FiltersExtraction;VTK::FiltersGeneral;VTK::FiltersGeometry;VTK::FiltersModeling;VTK::FiltersSources;VTK::ImagingCore;VTK::ImagingSources;VTK::InteractionImage;VTK::InteractionStyle;VTK::InteractionWidgets;VTK::IOCore;VTK::IOGeometry;VTK::IOImage;VTK::IOLegacy;VTK::IOPLY;VTK::RenderingAnnotation;VTK::RenderingCore;VTK::RenderingContext2D;VTK::RenderingLOD;VTK::RenderingFreeType;VTK::ViewsCore;VTK::ViewsContext2D;VTK::RenderingOpenGL2;VTK::GUISupportQt;FLANN::FLANN;QHULL::QHULL  
[10.000s] -- Found OpenCV: /usr (found version "4.5.4") 
[10.217s] -- Configuring done
[10.287s] -- Generating done
[10.322s] -- Build files have been written to: /home/nhs/engineer/build/pcd2pgm
[10.369s] Invoked command in '/home/nhs/engineer/build/pcd2pgm' returned '0': CMAKE_PREFIX_PATH=/opt/ros/humble /usr/bin/cmake /home/nhs/engineer/src/rm_localization/pcd2pgm -DCMAKE_INSTALL_PREFIX=/home/nhs/engineer/install/pcd2pgm
[10.378s] Invoking command in '/home/nhs/engineer/build/pcd2pgm': CMAKE_PREFIX_PATH=/opt/ros/humble /usr/bin/cmake --build /home/nhs/engineer/build/pcd2pgm -- -j8 -l8
[10.593s] [ 50%] [32mBuilding CXX object CMakeFiles/pcd2pgm.dir/src/pcd2pgm.cpp.o[0m
[25.141s] [100%] [32m[1mLinking CXX executable pcd2pgm[0m
[26.439s] [100%] Built target pcd2pgm
