[0.535s] Invoking command in '/home/zrk/engineer_up/engineer/src/rm_communication/bubble_protocol': PYTHONPATH=/home/zrk/engineer_up/engineer/build/bubble_protocol/prefix_override:/usr/lib/python3/dist-packages/colcon_core/task/python/colcon_distutils_commands:/home/zrk/engineer_up/engineer/install/bubble_protocol/lib/python3.10/site-packages:${PYTHONPATH} /usr/bin/python3 -W ignore:setup.py install is deprecated -W ignore:easy_install command is deprecated setup.py egg_info --egg-base ../../../build/bubble_protocol build --build-base /home/zrk/engineer_up/engineer/build/bubble_protocol/build install --record /home/zrk/engineer_up/engineer/build/bubble_protocol/install.log --single-version-externally-managed install_data
[0.720s] running egg_info
[0.720s] writing ../../../build/bubble_protocol/bubble_protocol.egg-info/PKG-INFO
[0.721s] writing dependency_links to ../../../build/bubble_protocol/bubble_protocol.egg-info/dependency_links.txt
[0.721s] writing entry points to ../../../build/bubble_protocol/bubble_protocol.egg-info/entry_points.txt
[0.721s] writing requirements to ../../../build/bubble_protocol/bubble_protocol.egg-info/requires.txt
[0.721s] writing top-level names to ../../../build/bubble_protocol/bubble_protocol.egg-info/top_level.txt
[0.722s] reading manifest file '../../../build/bubble_protocol/bubble_protocol.egg-info/SOURCES.txt'
[0.723s] writing manifest file '../../../build/bubble_protocol/bubble_protocol.egg-info/SOURCES.txt'
[0.723s] running build
[0.723s] running build_py
[0.723s] running install
[0.724s] running install_lib
[0.725s] running install_data
[0.725s] running install_egg_info
[0.726s] removing '/home/zrk/engineer_up/engineer/install/bubble_protocol/lib/python3.10/site-packages/bubble_protocol-0.1.0-py3.10.egg-info' (and everything under it)
[0.726s] Copying ../../../build/bubble_protocol/bubble_protocol.egg-info to /home/zrk/engineer_up/engineer/install/bubble_protocol/lib/python3.10/site-packages/bubble_protocol-0.1.0-py3.10.egg-info
[0.727s] running install_scripts
[0.744s] Installing bcp_core script to /home/zrk/engineer_up/engineer/install/bubble_protocol/lib/bubble_protocol
[0.744s] Installing pyserial script to /home/zrk/engineer_up/engineer/install/bubble_protocol/lib/bubble_protocol
[0.744s] Installing test_cmd script to /home/zrk/engineer_up/engineer/install/bubble_protocol/lib/bubble_protocol
[0.744s] writing list of installed files to '/home/zrk/engineer_up/engineer/build/bubble_protocol/install.log'
[0.769s] Invoked command in '/home/zrk/engineer_up/engineer/src/rm_communication/bubble_protocol' returned '0': PYTHONPATH=/home/zrk/engineer_up/engineer/build/bubble_protocol/prefix_override:/usr/lib/python3/dist-packages/colcon_core/task/python/colcon_distutils_commands:/home/zrk/engineer_up/engineer/install/bubble_protocol/lib/python3.10/site-packages:${PYTHONPATH} /usr/bin/python3 -W ignore:setup.py install is deprecated -W ignore:easy_install command is deprecated setup.py egg_info --egg-base ../../../build/bubble_protocol build --build-base /home/zrk/engineer_up/engineer/build/bubble_protocol/build install --record /home/zrk/engineer_up/engineer/build/bubble_protocol/install.log --single-version-externally-managed install_data
