/home/nhs/engineer/install/bubble_protocol/lib/python3.10/site-packages/bubble_protocol/pyserial.py
/home/nhs/engineer/install/bubble_protocol/lib/python3.10/site-packages/bubble_protocol/__init__.py
/home/nhs/engineer/install/bubble_protocol/lib/python3.10/site-packages/bubble_protocol/protocol.py
/home/nhs/engineer/install/bubble_protocol/lib/python3.10/site-packages/bubble_protocol/test_cmd.py
/home/nhs/engineer/install/bubble_protocol/lib/python3.10/site-packages/bubble_protocol/bcp_core.py
/home/nhs/engineer/install/bubble_protocol/lib/python3.10/site-packages/bubble_protocol/robot_status.py
/home/nhs/engineer/install/bubble_protocol/lib/python3.10/site-packages/bubble_protocol/dispatch.py
/home/nhs/engineer/install/bubble_protocol/lib/python3.10/site-packages/bubble_protocol/hardware.py
/home/nhs/engineer/install/bubble_protocol/lib/python3.10/site-packages/bubble_protocol/__pycache__/pyserial.cpython-310.pyc
/home/nhs/engineer/install/bubble_protocol/lib/python3.10/site-packages/bubble_protocol/__pycache__/__init__.cpython-310.pyc
/home/nhs/engineer/install/bubble_protocol/lib/python3.10/site-packages/bubble_protocol/__pycache__/protocol.cpython-310.pyc
/home/nhs/engineer/install/bubble_protocol/lib/python3.10/site-packages/bubble_protocol/__pycache__/test_cmd.cpython-310.pyc
/home/nhs/engineer/install/bubble_protocol/lib/python3.10/site-packages/bubble_protocol/__pycache__/bcp_core.cpython-310.pyc
/home/nhs/engineer/install/bubble_protocol/lib/python3.10/site-packages/bubble_protocol/__pycache__/robot_status.cpython-310.pyc
/home/nhs/engineer/install/bubble_protocol/lib/python3.10/site-packages/bubble_protocol/__pycache__/dispatch.cpython-310.pyc
/home/nhs/engineer/install/bubble_protocol/lib/python3.10/site-packages/bubble_protocol/__pycache__/hardware.cpython-310.pyc
/home/nhs/engineer/install/bubble_protocol/share/ament_index/resource_index/packages/bubble_protocol
/home/nhs/engineer/install/bubble_protocol/share/bubble_protocol/package.xml
/home/nhs/engineer/install/bubble_protocol/share/bubble_protocol/engineer_up_serial_launch.py
/home/nhs/engineer/install/bubble_protocol/lib/python3.10/site-packages/bubble_protocol-0.1.0-py3.10.egg-info/zip-safe
/home/nhs/engineer/install/bubble_protocol/lib/python3.10/site-packages/bubble_protocol-0.1.0-py3.10.egg-info/dependency_links.txt
/home/nhs/engineer/install/bubble_protocol/lib/python3.10/site-packages/bubble_protocol-0.1.0-py3.10.egg-info/top_level.txt
/home/nhs/engineer/install/bubble_protocol/lib/python3.10/site-packages/bubble_protocol-0.1.0-py3.10.egg-info/requires.txt
/home/nhs/engineer/install/bubble_protocol/lib/python3.10/site-packages/bubble_protocol-0.1.0-py3.10.egg-info/PKG-INFO
/home/nhs/engineer/install/bubble_protocol/lib/python3.10/site-packages/bubble_protocol-0.1.0-py3.10.egg-info/entry_points.txt
/home/nhs/engineer/install/bubble_protocol/lib/python3.10/site-packages/bubble_protocol-0.1.0-py3.10.egg-info/SOURCES.txt
/home/nhs/engineer/install/bubble_protocol/lib/bubble_protocol/bcp_core
/home/nhs/engineer/install/bubble_protocol/lib/bubble_protocol/pyserial
/home/nhs/engineer/install/bubble_protocol/lib/bubble_protocol/test_cmd
