[100%] Built target pcd2pgm
-- Install configuration: ""
-- Up-to-date: /home/nhs/engineer/install/pcd2pgm/lib/pcd2pgm/pcd2pgm
-- Up-to-date: /home/nhs/engineer/install/pcd2pgm/share/pcd2pgm/launch
-- Up-to-date: /home/nhs/engineer/install/pcd2pgm/share/pcd2pgm/launch/pcd2pgm.launch.py
-- Up-to-date: /home/nhs/engineer/install/pcd2pgm/share/pcd2pgm/config
-- Up-to-date: /home/nhs/engineer/install/pcd2pgm/share/pcd2pgm/config/pcd2pgm.yaml
-- Up-to-date: /home/nhs/engineer/install/pcd2pgm/share/pcd2pgm/map
-- Up-to-date: /home/nhs/engineer/install/pcd2pgm/share/pcd2pgm/map/test.pgm
-- Up-to-date: /home/nhs/engineer/install/pcd2pgm/share/pcd2pgm/map/test.yaml
-- Up-to-date: /home/nhs/engineer/install/pcd2pgm/share/ament_index/resource_index/package_run_dependencies/pcd2pgm
-- Up-to-date: /home/nhs/engineer/install/pcd2pgm/share/ament_index/resource_index/parent_prefix_path/pcd2pgm
-- Up-to-date: /home/nhs/engineer/install/pcd2pgm/share/pcd2pgm/environment/ament_prefix_path.sh
-- Up-to-date: /home/nhs/engineer/install/pcd2pgm/share/pcd2pgm/environment/ament_prefix_path.dsv
-- Up-to-date: /home/nhs/engineer/install/pcd2pgm/share/pcd2pgm/environment/path.sh
-- Up-to-date: /home/nhs/engineer/install/pcd2pgm/share/pcd2pgm/environment/path.dsv
-- Up-to-date: /home/nhs/engineer/install/pcd2pgm/share/pcd2pgm/local_setup.bash
-- Up-to-date: /home/nhs/engineer/install/pcd2pgm/share/pcd2pgm/local_setup.sh
-- Up-to-date: /home/nhs/engineer/install/pcd2pgm/share/pcd2pgm/local_setup.zsh
-- Up-to-date: /home/nhs/engineer/install/pcd2pgm/share/pcd2pgm/local_setup.dsv
-- Installing: /home/nhs/engineer/install/pcd2pgm/share/pcd2pgm/package.dsv
-- Up-to-date: /home/nhs/engineer/install/pcd2pgm/share/ament_index/resource_index/packages/pcd2pgm
-- Up-to-date: /home/nhs/engineer/install/pcd2pgm/share/pcd2pgm/cmake/pcd2pgmConfig.cmake
-- Up-to-date: /home/nhs/engineer/install/pcd2pgm/share/pcd2pgm/cmake/pcd2pgmConfig-version.cmake
-- Up-to-date: /home/nhs/engineer/install/pcd2pgm/share/pcd2pgm/package.xml
