[0.626s] Invoking command in '/home/nhs/engineer/src/rm_communication/bubble_protocol': PYTHONPATH=/home/nhs/engineer/build/bubble_protocol/prefix_override:/usr/lib/python3/dist-packages/colcon_core/task/python/colcon_distutils_commands:/home/nhs/engineer/install/bubble_protocol/lib/python3.10/site-packages:${PYTHONPATH} /usr/bin/python3 -W ignore:setup.py install is deprecated -W ignore:easy_install command is deprecated setup.py egg_info --egg-base ../../../build/bubble_protocol build --build-base /home/nhs/engineer/build/bubble_protocol/build install --record /home/nhs/engineer/build/bubble_protocol/install.log --single-version-externally-managed install_data
[0.815s] running egg_info
[0.816s] writing ../../../build/bubble_protocol/bubble_protocol.egg-info/PKG-INFO
[0.816s] writing dependency_links to ../../../build/bubble_protocol/bubble_protocol.egg-info/dependency_links.txt
[0.816s] writing entry points to ../../../build/bubble_protocol/bubble_protocol.egg-info/entry_points.txt
[0.816s] writing requirements to ../../../build/bubble_protocol/bubble_protocol.egg-info/requires.txt
[0.816s] writing top-level names to ../../../build/bubble_protocol/bubble_protocol.egg-info/top_level.txt
[0.818s] reading manifest file '../../../build/bubble_protocol/bubble_protocol.egg-info/SOURCES.txt'
[0.819s] writing manifest file '../../../build/bubble_protocol/bubble_protocol.egg-info/SOURCES.txt'
[0.819s] running build
[0.819s] running build_py
[0.819s] copying bubble_protocol/hardware.py -> /home/nhs/engineer/build/bubble_protocol/build/lib/bubble_protocol
[0.819s] running install
[0.819s] running install_lib
[0.820s] copying /home/nhs/engineer/build/bubble_protocol/build/lib/bubble_protocol/hardware.py -> /home/nhs/engineer/install/bubble_protocol/lib/python3.10/site-packages/bubble_protocol
[0.821s] byte-compiling /home/nhs/engineer/install/bubble_protocol/lib/python3.10/site-packages/bubble_protocol/hardware.py to hardware.cpython-310.pyc
[0.822s] running install_data
[0.822s] running install_egg_info
[0.823s] removing '/home/nhs/engineer/install/bubble_protocol/lib/python3.10/site-packages/bubble_protocol-0.1.0-py3.10.egg-info' (and everything under it)
[0.823s] Copying ../../../build/bubble_protocol/bubble_protocol.egg-info to /home/nhs/engineer/install/bubble_protocol/lib/python3.10/site-packages/bubble_protocol-0.1.0-py3.10.egg-info
[0.824s] running install_scripts
[0.838s] Installing bcp_core script to /home/nhs/engineer/install/bubble_protocol/lib/bubble_protocol
[0.838s] Installing pyserial script to /home/nhs/engineer/install/bubble_protocol/lib/bubble_protocol
[0.838s] writing list of installed files to '/home/nhs/engineer/build/bubble_protocol/install.log'
[0.856s] Invoked command in '/home/nhs/engineer/src/rm_communication/bubble_protocol' returned '0': PYTHONPATH=/home/nhs/engineer/build/bubble_protocol/prefix_override:/usr/lib/python3/dist-packages/colcon_core/task/python/colcon_distutils_commands:/home/nhs/engineer/install/bubble_protocol/lib/python3.10/site-packages:${PYTHONPATH} /usr/bin/python3 -W ignore:setup.py install is deprecated -W ignore:easy_install command is deprecated setup.py egg_info --egg-base ../../../build/bubble_protocol build --build-base /home/nhs/engineer/build/bubble_protocol/build install --record /home/nhs/engineer/build/bubble_protocol/install.log --single-version-externally-managed install_data
