[0.919s] Invoking command in '/home/nhs/engineer/src/rm_communication/bubble_protocol': PYTHONPATH=/home/nhs/engineer/build/bubble_protocol/prefix_override:/usr/lib/python3/dist-packages/colcon_core/task/python/colcon_distutils_commands:/home/nhs/engineer/install/bubble_protocol/lib/python3.10/site-packages:${PYTHONPATH} /usr/bin/python3 -W ignore:setup.py install is deprecated -W ignore:easy_install command is deprecated setup.py egg_info --egg-base ../../../build/bubble_protocol build --build-base /home/nhs/engineer/build/bubble_protocol/build install --record /home/nhs/engineer/build/bubble_protocol/install.log --single-version-externally-managed install_data
[1.464s] running egg_info
[1.465s] creating ../../../build/bubble_protocol/bubble_protocol.egg-info
[1.466s] writing ../../../build/bubble_protocol/bubble_protocol.egg-info/PKG-INFO
[1.466s] writing dependency_links to ../../../build/bubble_protocol/bubble_protocol.egg-info/dependency_links.txt
[1.467s] writing entry points to ../../../build/bubble_protocol/bubble_protocol.egg-info/entry_points.txt
[1.467s] writing requirements to ../../../build/bubble_protocol/bubble_protocol.egg-info/requires.txt
[1.467s] writing top-level names to ../../../build/bubble_protocol/bubble_protocol.egg-info/top_level.txt
[1.470s] writing manifest file '../../../build/bubble_protocol/bubble_protocol.egg-info/SOURCES.txt'
[1.473s] reading manifest file '../../../build/bubble_protocol/bubble_protocol.egg-info/SOURCES.txt'
[1.473s] writing manifest file '../../../build/bubble_protocol/bubble_protocol.egg-info/SOURCES.txt'
[1.474s] running build
[1.474s] running build_py
[1.476s] creating /home/nhs/engineer/build/bubble_protocol/build
[1.477s] creating /home/nhs/engineer/build/bubble_protocol/build/lib
[1.477s] creating /home/nhs/engineer/build/bubble_protocol/build/lib/bubble_protocol
[1.477s] copying bubble_protocol/pyserial.py -> /home/nhs/engineer/build/bubble_protocol/build/lib/bubble_protocol
[1.477s] copying bubble_protocol/__init__.py -> /home/nhs/engineer/build/bubble_protocol/build/lib/bubble_protocol
[1.477s] copying bubble_protocol/protocol.py -> /home/nhs/engineer/build/bubble_protocol/build/lib/bubble_protocol
[1.477s] copying bubble_protocol/test_cmd.py -> /home/nhs/engineer/build/bubble_protocol/build/lib/bubble_protocol
[1.477s] copying bubble_protocol/bcp_core.py -> /home/nhs/engineer/build/bubble_protocol/build/lib/bubble_protocol
[1.478s] copying bubble_protocol/robot_status.py -> /home/nhs/engineer/build/bubble_protocol/build/lib/bubble_protocol
[1.478s] copying bubble_protocol/dispatch.py -> /home/nhs/engineer/build/bubble_protocol/build/lib/bubble_protocol
[1.478s] copying bubble_protocol/hardware.py -> /home/nhs/engineer/build/bubble_protocol/build/lib/bubble_protocol
[1.478s] running install
[1.479s] running install_lib
[1.480s] creating /home/nhs/engineer/install/bubble_protocol/lib/python3.10/site-packages/bubble_protocol
[1.480s] copying /home/nhs/engineer/build/bubble_protocol/build/lib/bubble_protocol/pyserial.py -> /home/nhs/engineer/install/bubble_protocol/lib/python3.10/site-packages/bubble_protocol
[1.480s] copying /home/nhs/engineer/build/bubble_protocol/build/lib/bubble_protocol/__init__.py -> /home/nhs/engineer/install/bubble_protocol/lib/python3.10/site-packages/bubble_protocol
[1.480s] copying /home/nhs/engineer/build/bubble_protocol/build/lib/bubble_protocol/protocol.py -> /home/nhs/engineer/install/bubble_protocol/lib/python3.10/site-packages/bubble_protocol
[1.483s] copying /home/nhs/engineer/build/bubble_protocol/build/lib/bubble_protocol/test_cmd.py -> /home/nhs/engineer/install/bubble_protocol/lib/python3.10/site-packages/bubble_protocol
[1.483s] copying /home/nhs/engineer/build/bubble_protocol/build/lib/bubble_protocol/bcp_core.py -> /home/nhs/engineer/install/bubble_protocol/lib/python3.10/site-packages/bubble_protocol
[1.484s] copying /home/nhs/engineer/build/bubble_protocol/build/lib/bubble_protocol/robot_status.py -> /home/nhs/engineer/install/bubble_protocol/lib/python3.10/site-packages/bubble_protocol
[1.484s] copying /home/nhs/engineer/build/bubble_protocol/build/lib/bubble_protocol/dispatch.py -> /home/nhs/engineer/install/bubble_protocol/lib/python3.10/site-packages/bubble_protocol
[1.484s] copying /home/nhs/engineer/build/bubble_protocol/build/lib/bubble_protocol/hardware.py -> /home/nhs/engineer/install/bubble_protocol/lib/python3.10/site-packages/bubble_protocol
[1.486s] byte-compiling /home/nhs/engineer/install/bubble_protocol/lib/python3.10/site-packages/bubble_protocol/pyserial.py to pyserial.cpython-310.pyc
[1.490s] byte-compiling /home/nhs/engineer/install/bubble_protocol/lib/python3.10/site-packages/bubble_protocol/__init__.py to __init__.cpython-310.pyc
[1.490s] byte-compiling /home/nhs/engineer/install/bubble_protocol/lib/python3.10/site-packages/bubble_protocol/protocol.py to protocol.cpython-310.pyc
[1.491s] byte-compiling /home/nhs/engineer/install/bubble_protocol/lib/python3.10/site-packages/bubble_protocol/test_cmd.py to test_cmd.cpython-310.pyc
[1.495s] byte-compiling /home/nhs/engineer/install/bubble_protocol/lib/python3.10/site-packages/bubble_protocol/bcp_core.py to bcp_core.cpython-310.pyc
[1.495s] byte-compiling /home/nhs/engineer/install/bubble_protocol/lib/python3.10/site-packages/bubble_protocol/robot_status.py to robot_status.cpython-310.pyc
[1.496s] byte-compiling /home/nhs/engineer/install/bubble_protocol/lib/python3.10/site-packages/bubble_protocol/dispatch.py to dispatch.cpython-310.pyc
[1.497s] byte-compiling /home/nhs/engineer/install/bubble_protocol/lib/python3.10/site-packages/bubble_protocol/hardware.py to hardware.cpython-310.pyc
[1.503s] running install_data
[1.503s] creating /home/nhs/engineer/install/bubble_protocol/share/ament_index
[1.504s] creating /home/nhs/engineer/install/bubble_protocol/share/ament_index/resource_index
[1.504s] creating /home/nhs/engineer/install/bubble_protocol/share/ament_index/resource_index/packages
[1.504s] copying resource/bubble_protocol -> /home/nhs/engineer/install/bubble_protocol/share/ament_index/resource_index/packages
[1.504s] copying package.xml -> /home/nhs/engineer/install/bubble_protocol/share/bubble_protocol
[1.504s] copying launch/engineer_up_serial_launch.py -> /home/nhs/engineer/install/bubble_protocol/share/bubble_protocol
[1.504s] running install_egg_info
[1.508s] Copying ../../../build/bubble_protocol/bubble_protocol.egg-info to /home/nhs/engineer/install/bubble_protocol/lib/python3.10/site-packages/bubble_protocol-0.1.0-py3.10.egg-info
[1.509s] running install_scripts
[1.564s] Installing bcp_core script to /home/nhs/engineer/install/bubble_protocol/lib/bubble_protocol
[1.564s] Installing pyserial script to /home/nhs/engineer/install/bubble_protocol/lib/bubble_protocol
[1.564s] Installing test_cmd script to /home/nhs/engineer/install/bubble_protocol/lib/bubble_protocol
[1.569s] writing list of installed files to '/home/nhs/engineer/build/bubble_protocol/install.log'
[1.674s] Invoked command in '/home/nhs/engineer/src/rm_communication/bubble_protocol' returned '0': PYTHONPATH=/home/nhs/engineer/build/bubble_protocol/prefix_override:/usr/lib/python3/dist-packages/colcon_core/task/python/colcon_distutils_commands:/home/nhs/engineer/install/bubble_protocol/lib/python3.10/site-packages:${PYTHONPATH} /usr/bin/python3 -W ignore:setup.py install is deprecated -W ignore:easy_install command is deprecated setup.py egg_info --egg-base ../../../build/bubble_protocol build --build-base /home/nhs/engineer/build/bubble_protocol/build install --record /home/nhs/engineer/build/bubble_protocol/install.log --single-version-externally-managed install_data
