[0.217s] Invoking command in '/home/nhs/engineer/build/navi': CMAKE_PREFIX_PATH=${CMAKE_PREFIX_PATH}:/home/nhs/engineer/install/bubble_protocol:/opt/ros/humble /usr/bin/cmake --build /home/nhs/engineer/build/navi -- -j8 -l8
[0.258s] Invoked command in '/home/nhs/engineer/build/navi' returned '0': CMAKE_PREFIX_PATH=${CMAKE_PREFIX_PATH}:/home/nhs/engineer/install/bubble_protocol:/opt/ros/humble /usr/bin/cmake --build /home/nhs/engineer/build/navi -- -j8 -l8
[0.259s] Invoking command in '/home/nhs/engineer/build/navi': CMAKE_PREFIX_PATH=${CMAKE_PREFIX_PATH}:/home/nhs/engineer/install/bubble_protocol:/opt/ros/humble /usr/bin/cmake --install /home/nhs/engineer/build/navi
[0.281s] -- Install configuration: ""
[0.282s] -- Up-to-date: /home/nhs/engineer/install/navi/share/navi/params
[0.286s] -- Up-to-date: /home/nhs/engineer/install/navi/share/navi/params/nav2_params.yaml
[0.287s] -- Up-to-date: /home/nhs/engineer/install/navi/share/navi/params/mapper_params_online_async.yaml
[0.287s] -- Up-to-date: /home/nhs/engineer/install/navi/share/navi/launch
[0.287s] -- Up-to-date: /home/nhs/engineer/install/navi/share/navi/launch/rviz_launch.py
[0.287s] -- Up-to-date: /home/nhs/engineer/install/navi/share/navi/launch/bringup_launch.py
[0.287s] -- Up-to-date: /home/nhs/engineer/install/navi/share/navi/launch/navigation_launch.py
[0.287s] -- Up-to-date: /home/nhs/engineer/install/navi/share/navi/launch/localization_launch.py
[0.287s] -- Up-to-date: /home/nhs/engineer/install/navi/share/navi/launch/slam_launch.py
[0.287s] -- Up-to-date: /home/nhs/engineer/install/navi/share/navi/launch/online_async_launch.py
[0.287s] -- Up-to-date: /home/nhs/engineer/install/navi/share/navi/maps
[0.287s] -- Up-to-date: /home/nhs/engineer/install/navi/share/navi/maps/test.pgm
[0.287s] -- Up-to-date: /home/nhs/engineer/install/navi/share/navi/maps/test.yaml
[0.287s] -- Up-to-date: /home/nhs/engineer/install/navi/share/navi/rviz
[0.288s] -- Up-to-date: /home/nhs/engineer/install/navi/share/navi/rviz/nav2_default_view.rviz
[0.288s] -- Up-to-date: /home/nhs/engineer/install/navi/share/ament_index/resource_index/package_run_dependencies/navi
[0.288s] -- Up-to-date: /home/nhs/engineer/install/navi/share/ament_index/resource_index/parent_prefix_path/navi
[0.288s] -- Up-to-date: /home/nhs/engineer/install/navi/share/navi/environment/ament_prefix_path.sh
[0.288s] -- Up-to-date: /home/nhs/engineer/install/navi/share/navi/environment/ament_prefix_path.dsv
[0.288s] -- Up-to-date: /home/nhs/engineer/install/navi/share/navi/environment/path.sh
[0.288s] -- Up-to-date: /home/nhs/engineer/install/navi/share/navi/environment/path.dsv
[0.288s] -- Up-to-date: /home/nhs/engineer/install/navi/share/navi/local_setup.bash
[0.288s] -- Up-to-date: /home/nhs/engineer/install/navi/share/navi/local_setup.sh
[0.288s] -- Up-to-date: /home/nhs/engineer/install/navi/share/navi/local_setup.zsh
[0.288s] -- Up-to-date: /home/nhs/engineer/install/navi/share/navi/local_setup.dsv
[0.288s] -- Installing: /home/nhs/engineer/install/navi/share/navi/package.dsv
[0.288s] -- Up-to-date: /home/nhs/engineer/install/navi/share/ament_index/resource_index/packages/navi
[0.292s] -- Up-to-date: /home/nhs/engineer/install/navi/share/navi/cmake/naviConfig.cmake
[0.292s] -- Up-to-date: /home/nhs/engineer/install/navi/share/navi/cmake/naviConfig-version.cmake
[0.292s] -- Up-to-date: /home/nhs/engineer/install/navi/share/navi/package.xml
[0.322s] Invoked command in '/home/nhs/engineer/build/navi' returned '0': CMAKE_PREFIX_PATH=${CMAKE_PREFIX_PATH}:/home/nhs/engineer/install/bubble_protocol:/opt/ros/humble /usr/bin/cmake --install /home/nhs/engineer/build/navi
