[0.008s] Invoking command in '/home/zrk/engineer_up/engineer/build/point_lio': AMENT_PREFIX_PATH=/home/zrk/engineer_up/engineer/install/livox_ros_driver2:${AMENT_PREFIX_PATH} CMAKE_PREFIX_PATH=/home/zrk/engineer_up/engineer/install/livox_ros_driver2:/opt/ros/humble LD_LIBRARY_PATH=/home/zrk/engineer_up/engineer/install/livox_ros_driver2/lib:${LD_LIBRARY_PATH} PYTHONPATH=/home/zrk/engineer_up/engineer/install/livox_ros_driver2/local/lib/python3.10/dist-packages:${PYTHONPATH} /usr/bin/cmake /home/zrk/engineer_up/engineer/src/rm_localization/point_lio -DROS_EDITION=ROS2 -DHUMBLE_ROS=humble -DCMAKE_INSTALL_PREFIX=/home/zrk/engineer_up/engineer/install/point_lio
[0.053s] -- The C compiler identification is GNU 11.4.0
[0.097s] -- The CXX compiler identification is GNU 11.4.0
[0.103s] -- Detecting C compiler ABI info
[0.167s] -- Detecting C compiler ABI info - done
[0.173s] -- Check for working C compiler: /usr/bin/cc - skipped
[0.173s] -- Detecting C compile features
[0.173s] -- Detecting C compile features - done
[0.175s] -- Detecting CXX compiler ABI info
[0.248s] -- Detecting CXX compiler ABI info - done
[0.253s] -- Check for working CXX compiler: /usr/bin/c++ - skipped
[0.253s] -- Detecting CXX compile features
[0.254s] -- Detecting CXX compile features - done
[0.254s] -- Current CPU architecture: x86_64
[0.259s] -- Processor number:  16
[0.259s] -- core for MP:  3
[0.261s] -- Found ament_cmake: 1.3.11 (/opt/ros/humble/share/ament_cmake/cmake)
[0.379s] -- Found Python3: /usr/bin/python3 (found version "3.10.12") found components: Interpreter 
[0.450s] -- Found rclcpp: 16.0.12 (/opt/ros/humble/share/rclcpp/cmake)
[0.483s] -- Found rosidl_generator_c: 3.1.6 (/opt/ros/humble/share/rosidl_generator_c/cmake)
[0.487s] -- Found rosidl_adapter: 3.1.6 (/opt/ros/humble/share/rosidl_adapter/cmake)
[0.494s] -- Found rosidl_generator_cpp: 3.1.6 (/opt/ros/humble/share/rosidl_generator_cpp/cmake)
[0.503s] -- Using all available rosidl_typesupport_c: rosidl_typesupport_fastrtps_c;rosidl_typesupport_introspection_c
[0.515s] -- Using all available rosidl_typesupport_cpp: rosidl_typesupport_fastrtps_cpp;rosidl_typesupport_introspection_cpp
[0.548s] -- Found rmw_implementation_cmake: 6.1.2 (/opt/ros/humble/share/rmw_implementation_cmake/cmake)
[0.550s] -- Found rmw_fastrtps_cpp: 6.2.7 (/opt/ros/humble/share/rmw_fastrtps_cpp/cmake)
[0.634s] -- Found OpenSSL: /usr/lib/x86_64-linux-gnu/libcrypto.so (found version "3.0.2")  
[0.659s] -- Found FastRTPS: /opt/ros/humble/include  
[0.699s] -- Using RMW implementation 'rmw_fastrtps_cpp' as default
[0.706s] -- Looking for pthread.h
[0.769s] -- Looking for pthread.h - found
[0.770s] -- Performing Test CMAKE_HAVE_LIBC_PTHREAD
[0.834s] -- Performing Test CMAKE_HAVE_LIBC_PTHREAD - Success
[0.834s] -- Found Threads: TRUE  
[0.871s] -- Found rclpy: 3.3.16 (/opt/ros/humble/share/rclpy/cmake)
[0.872s] -- Found geometry_msgs: 4.8.0 (/opt/ros/humble/share/geometry_msgs/cmake)
[0.882s] -- Found nav_msgs: 4.8.0 (/opt/ros/humble/share/nav_msgs/cmake)
[0.894s] -- Found sensor_msgs: 4.8.0 (/opt/ros/humble/share/sensor_msgs/cmake)
[0.907s] -- Found pcl_ros: 2.4.5 (/opt/ros/humble/share/pcl_ros/cmake)
[0.942s] -- Checking for module 'eigen3'
[0.956s] --   Found eigen3, version 3.4.0
[0.992s] -- Found Eigen: /usr/include/eigen3 (Required is at least version "3.1") 
[0.992s] -- Eigen found (include: /usr/include/eigen3, version: 3.4.0)
[1.026s] -- Checking for module 'flann'
[1.040s] --   Found flann, version 1.9.1
[1.083s] -- Found FLANN: /usr/lib/x86_64-linux-gnu/libflann_cpp.so  
[1.083s] -- FLANN found (include: /usr/include, lib: /usr/lib/x86_64-linux-gnu/libflann_cpp.so)
[1.934s] -- Checking for module 'libusb-1.0'
[1.947s] --   Found libusb-1.0, version 1.0.25
[1.987s] -- Found libusb: /usr/lib/x86_64-linux-gnu/libusb-1.0.so  
[1.988s] -- OpenNI found (version: 1.5.4.0, include: /usr/include/ni, lib: /usr/lib/libOpenNI.so;libusb::libusb)
[2.050s] -- OpenNI2 found (version: 2.2.0.33, include: /usr/include/openni2, lib: /usr/lib/x86_64-linux-gnu/libOpenNI2.so;libusb::libusb)
[2.176s] -- Eigen found (include: /usr/include/eigen3, version: 3.4.0)
[2.182s] -- OpenNI found (version: 1.5.4.0, include: /usr/include/ni, lib: /usr/lib/libOpenNI.so;libusb::libusb)
[2.188s] -- OpenNI2 found (version: 2.2.0.33, include: /usr/include/openni2, lib: /usr/lib/x86_64-linux-gnu/libOpenNI2.so;libusb::libusb)
[2.306s] -- Found Qhull version 8.0.2
[2.432s] -- OpenNI found (version: 1.5.4.0, include: /usr/include/ni, lib: /usr/lib/libOpenNI.so;libusb::libusb)
[2.552s] -- Found PCL_COMMON: /usr/lib/x86_64-linux-gnu/libpcl_common.so  
[2.553s] -- Found PCL_KDTREE: /usr/lib/x86_64-linux-gnu/libpcl_kdtree.so  
[2.554s] -- Found PCL_OCTREE: /usr/lib/x86_64-linux-gnu/libpcl_octree.so  
[2.554s] -- Found PCL_SEARCH: /usr/lib/x86_64-linux-gnu/libpcl_search.so  
[2.555s] -- Found PCL_SAMPLE_CONSENSUS: /usr/lib/x86_64-linux-gnu/libpcl_sample_consensus.so  
[2.556s] -- Found PCL_FILTERS: /usr/lib/x86_64-linux-gnu/libpcl_filters.so  
[2.556s] -- Found PCL_2D: /usr/include/pcl-1.12  
[2.556s] -- Found PCL_GEOMETRY: /usr/include/pcl-1.12  
[2.557s] -- Found PCL_IO: /usr/lib/x86_64-linux-gnu/libpcl_io.so  
[2.557s] -- Found PCL_FEATURES: /usr/lib/x86_64-linux-gnu/libpcl_features.so  
[2.558s] -- Found PCL_ML: /usr/lib/x86_64-linux-gnu/libpcl_ml.so  
[2.559s] -- Found PCL_SEGMENTATION: /usr/lib/x86_64-linux-gnu/libpcl_segmentation.so  
[2.559s] -- Found PCL_VISUALIZATION: /usr/lib/x86_64-linux-gnu/libpcl_visualization.so  
[2.560s] -- Found PCL_SURFACE: /usr/lib/x86_64-linux-gnu/libpcl_surface.so  
[2.561s] -- Found PCL_REGISTRATION: /usr/lib/x86_64-linux-gnu/libpcl_registration.so  
[2.561s] -- Found PCL_KEYPOINTS: /usr/lib/x86_64-linux-gnu/libpcl_keypoints.so  
[2.562s] -- Found PCL_TRACKING: /usr/lib/x86_64-linux-gnu/libpcl_tracking.so  
[2.563s] -- Found PCL_RECOGNITION: /usr/lib/x86_64-linux-gnu/libpcl_recognition.so  
[2.563s] -- Found PCL_STEREO: /usr/lib/x86_64-linux-gnu/libpcl_stereo.so  
[2.564s] -- Found PCL_APPS: /usr/lib/x86_64-linux-gnu/libpcl_apps.so  
[2.564s] -- Found PCL_IN_HAND_SCANNER: /usr/include/pcl-1.12  
[2.565s] -- Found PCL_MODELER: /usr/include/pcl-1.12  
[2.565s] -- Found PCL_POINT_CLOUD_EDITOR: /usr/include/pcl-1.12  
[2.565s] -- Found PCL_OUTOFCORE: /usr/lib/x86_64-linux-gnu/libpcl_outofcore.so  
[2.566s] -- Found PCL_PEOPLE: /usr/lib/x86_64-linux-gnu/libpcl_people.so  
[2.594s] -- Found eigen3_cmake_module: 0.1.1 (/opt/ros/humble/share/eigen3_cmake_module/cmake)
[2.595s] -- Found Eigen3: TRUE (found version "3.4.0") 
[2.595s] -- Ensuring Eigen3 include directory is part of orocos-kdl CMake target
[2.665s] -- Found visualization_msgs: 4.8.0 (/opt/ros/humble/share/visualization_msgs/cmake)
[2.678s] -- Found livox_ros_driver2: 1.0.0 (/home/zrk/engineer_up/engineer/install/livox_ros_driver2/share/livox_ros_driver2/cmake)
[2.989s] -- Found PythonLibs: /usr/lib/x86_64-linux-gnu/libpython3.10.so (found version "3.10.12") 
[3.048s] -- Configuring done
[3.089s] -- Generating done
[3.090s] [33mCMake Warning:
[3.090s]   Manually-specified variables were not used by the project:
[3.090s] 
[3.090s]     HUMBLE_ROS
[3.090s]     ROS_EDITION
[3.090s] 
[3.091s] [0m
[3.099s] -- Build files have been written to: /home/zrk/engineer_up/engineer/build/point_lio
[3.118s] Invoked command in '/home/zrk/engineer_up/engineer/build/point_lio' returned '0': AMENT_PREFIX_PATH=/home/zrk/engineer_up/engineer/install/livox_ros_driver2:${AMENT_PREFIX_PATH} CMAKE_PREFIX_PATH=/home/zrk/engineer_up/engineer/install/livox_ros_driver2:/opt/ros/humble LD_LIBRARY_PATH=/home/zrk/engineer_up/engineer/install/livox_ros_driver2/lib:${LD_LIBRARY_PATH} PYTHONPATH=/home/zrk/engineer_up/engineer/install/livox_ros_driver2/local/lib/python3.10/dist-packages:${PYTHONPATH} /usr/bin/cmake /home/zrk/engineer_up/engineer/src/rm_localization/point_lio -DROS_EDITION=ROS2 -DHUMBLE_ROS=humble -DCMAKE_INSTALL_PREFIX=/home/zrk/engineer_up/engineer/install/point_lio
[3.119s] Invoking command in '/home/zrk/engineer_up/engineer/build/point_lio': AMENT_PREFIX_PATH=/home/zrk/engineer_up/engineer/install/livox_ros_driver2:${AMENT_PREFIX_PATH} CMAKE_PREFIX_PATH=/home/zrk/engineer_up/engineer/install/livox_ros_driver2:/opt/ros/humble LD_LIBRARY_PATH=/home/zrk/engineer_up/engineer/install/livox_ros_driver2/lib:${LD_LIBRARY_PATH} PYTHONPATH=/home/zrk/engineer_up/engineer/install/livox_ros_driver2/local/lib/python3.10/dist-packages:${PYTHONPATH} /usr/bin/cmake --build /home/zrk/engineer_up/engineer/build/point_lio -- -j16 -l16
[3.173s] [ 83%] [32mBuilding CXX object CMakeFiles/pointlio_mapping.dir/src/preprocess.cpp.o[0m
[3.173s] [ 83%] [32mBuilding CXX object CMakeFiles/pointlio_mapping.dir/src/Estimator.cpp.o[0m
[3.173s] [ 83%] [32mBuilding CXX object CMakeFiles/pointlio_mapping.dir/src/laserMapping.cpp.o[0m
[3.173s] [ 83%] [32mBuilding CXX object CMakeFiles/pointlio_mapping.dir/src/parameters.cpp.o[0m
[3.173s] [ 83%] [32mBuilding CXX object CMakeFiles/pointlio_mapping.dir/include/ikd-Tree/ikd_Tree.cpp.o[0m
[4.949s] In file included from [01m[K/usr/include/boost/bind.hpp:30[m[K,
[4.949s]                  from [01m[K/home/zrk/engineer_up/engineer/src/rm_localization/point_lio/include/../include/IKFoM/IKFoM_toolkit/esekfom/esekfom.hpp:42[m[K,
[4.949s]                  from [01m[K/home/zrk/engineer_up/engineer/src/rm_localization/point_lio/src/Estimator.h:4[m[K,
[4.949s]                  from [01m[K/home/zrk/engineer_up/engineer/src/rm_localization/point_lio/src/Estimator.cpp:2[m[K:
[4.949s] [01m[K/usr/include/boost/bind.hpp:36:1:[m[K [01;36m[Knote: [m[K‘[01m[K#pragma message: The practice of declaring the Bind placeholders (_1, _2, ...) in the global namespace is deprecated. Please use <boost/bind/bind.hpp> + using namespace boost::placeholders, or define BOOST_BIND_GLOBAL_PLACEHOLDERS to retain the current behavior.[m[K’
[4.949s]    36 | [01;36m[KBOOST_PRAGMA_MESSAGE[m[K(
[4.949s]       | [01;36m[K^~~~~~~~~~~~~~~~~~~~[m[K
[8.914s] In file included from [01m[K/usr/include/boost/smart_ptr/detail/sp_thread_sleep.hpp:22[m[K,
[8.915s]                  from [01m[K/usr/include/boost/smart_ptr/detail/yield_k.hpp:23[m[K,
[8.915s]                  from [01m[K/usr/include/boost/smart_ptr/detail/spinlock_gcc_atomic.hpp:14[m[K,
[8.915s]                  from [01m[K/usr/include/boost/smart_ptr/detail/spinlock.hpp:42[m[K,
[8.915s]                  from [01m[K/usr/include/boost/smart_ptr/detail/spinlock_pool.hpp:25[m[K,
[8.915s]                  from [01m[K/usr/include/boost/smart_ptr/shared_ptr.hpp:29[m[K,
[8.915s]                  from [01m[K/usr/include/boost/shared_ptr.hpp:17[m[K,
[8.915s]                  from [01m[K/usr/include/boost/date_time/microsec_time_clock.hpp:18[m[K,
[8.915s]                  from [01m[K/usr/include/boost/interprocess/detail/posix_time_types_wrk.hpp:31[m[K,
[8.915s]                  from [01m[K/usr/include/boost/interprocess/detail/os_thread_functions.hpp:36[m[K,
[8.915s]                  from [01m[K/usr/include/boost/interprocess/sync/file_lock.hpp:26[m[K,
[8.915s]                  from [01m[K/usr/include/pcl-1.12/pcl/io/pcd_io.h:46[m[K,
[8.915s]                  from [01m[K/opt/ros/humble/include/pcl_conversions/pcl_conversions/pcl_conversions.h:73[m[K,
[8.915s]                  from [01m[K/home/zrk/engineer_up/engineer/src/rm_localization/point_lio/src/IMU_Processing.hpp:20[m[K,
[8.915s]                  from [01m[K/home/zrk/engineer_up/engineer/src/rm_localization/point_lio/src/laserMapping.cpp:12[m[K:
[8.915s] [01m[K/usr/include/boost/bind.hpp:36:1:[m[K [01;36m[Knote: [m[K‘[01m[K#pragma message: The practice of declaring the Bind placeholders (_1, _2, ...) in the global namespace is deprecated. Please use <boost/bind/bind.hpp> + using namespace boost::placeholders, or define BOOST_BIND_GLOBAL_PLACEHOLDERS to retain the current behavior.[m[K’
[8.915s]    36 | [01;36m[KBOOST_PRAGMA_MESSAGE[m[K(
[8.915s]       | [01;36m[K^~~~~~~~~~~~~~~~~~~~[m[K
[42.732s] [100%] [32m[1mLinking CXX executable pointlio_mapping[0m
[43.400s] [100%] Built target pointlio_mapping
[43.410s] Invoked command in '/home/zrk/engineer_up/engineer/build/point_lio' returned '0': AMENT_PREFIX_PATH=/home/zrk/engineer_up/engineer/install/livox_ros_driver2:${AMENT_PREFIX_PATH} CMAKE_PREFIX_PATH=/home/zrk/engineer_up/engineer/install/livox_ros_driver2:/opt/ros/humble LD_LIBRARY_PATH=/home/zrk/engineer_up/engineer/install/livox_ros_driver2/lib:${LD_LIBRARY_PATH} PYTHONPATH=/home/zrk/engineer_up/engineer/install/livox_ros_driver2/local/lib/python3.10/dist-packages:${PYTHONPATH} /usr/bin/cmake --build /home/zrk/engineer_up/engineer/build/point_lio -- -j16 -l16
[43.412s] Invoking command in '/home/zrk/engineer_up/engineer/build/point_lio': AMENT_PREFIX_PATH=/home/zrk/engineer_up/engineer/install/livox_ros_driver2:${AMENT_PREFIX_PATH} CMAKE_PREFIX_PATH=/home/zrk/engineer_up/engineer/install/livox_ros_driver2:/opt/ros/humble LD_LIBRARY_PATH=/home/zrk/engineer_up/engineer/install/livox_ros_driver2/lib:${LD_LIBRARY_PATH} PYTHONPATH=/home/zrk/engineer_up/engineer/install/livox_ros_driver2/local/lib/python3.10/dist-packages:${PYTHONPATH} /usr/bin/cmake --install /home/zrk/engineer_up/engineer/build/point_lio
[43.419s] -- Install configuration: ""
[43.419s] -- Installing: /home/zrk/engineer_up/engineer/install/point_lio/lib/point_lio/pointlio_mapping
[43.421s] -- Set runtime path of "/home/zrk/engineer_up/engineer/install/point_lio/lib/point_lio/pointlio_mapping" to ""
[43.421s] -- Installing: /home/zrk/engineer_up/engineer/install/point_lio/share/point_lio/config
[43.421s] -- Installing: /home/zrk/engineer_up/engineer/install/point_lio/share/point_lio/config/avia.yaml
[43.421s] -- Installing: /home/zrk/engineer_up/engineer/install/point_lio/share/point_lio/config/velody16.yaml
[43.421s] -- Installing: /home/zrk/engineer_up/engineer/install/point_lio/share/point_lio/config/mid360.yaml
[43.421s] -- Installing: /home/zrk/engineer_up/engineer/install/point_lio/share/point_lio/config/ouster64.yaml
[43.421s] -- Installing: /home/zrk/engineer_up/engineer/install/point_lio/share/point_lio/config/horizon.yaml
[43.422s] -- Installing: /home/zrk/engineer_up/engineer/install/point_lio/share/point_lio/launch
[43.422s] -- Installing: /home/zrk/engineer_up/engineer/install/point_lio/share/point_lio/launch/mapping_mid360.launch.py
[43.422s] -- Installing: /home/zrk/engineer_up/engineer/install/point_lio/share/point_lio/launch/gdb_debug_example.launch.py
[43.422s] -- Installing: /home/zrk/engineer_up/engineer/install/point_lio/share/point_lio/launch/mapping_horizon.launch.py
[43.422s] -- Installing: /home/zrk/engineer_up/engineer/install/point_lio/share/point_lio/launch/mapping_ouster64.launch.py
[43.422s] -- Installing: /home/zrk/engineer_up/engineer/install/point_lio/share/point_lio/launch/mapping_avia.launch.py
[43.422s] -- Installing: /home/zrk/engineer_up/engineer/install/point_lio/share/point_lio/launch/mapping_velody16.launch.py
[43.422s] -- Installing: /home/zrk/engineer_up/engineer/install/point_lio/share/point_lio/rviz_cfg
[43.422s] -- Installing: /home/zrk/engineer_up/engineer/install/point_lio/share/point_lio/rviz_cfg/loam_livox.rviz
[43.422s] -- Installing: /home/zrk/engineer_up/engineer/install/point_lio/share/ament_index/resource_index/package_run_dependencies/point_lio
[43.423s] -- Installing: /home/zrk/engineer_up/engineer/install/point_lio/share/ament_index/resource_index/parent_prefix_path/point_lio
[43.423s] -- Installing: /home/zrk/engineer_up/engineer/install/point_lio/share/point_lio/environment/ament_prefix_path.sh
[43.423s] -- Installing: /home/zrk/engineer_up/engineer/install/point_lio/share/point_lio/environment/ament_prefix_path.dsv
[43.423s] -- Installing: /home/zrk/engineer_up/engineer/install/point_lio/share/point_lio/environment/path.sh
[43.423s] -- Installing: /home/zrk/engineer_up/engineer/install/point_lio/share/point_lio/environment/path.dsv
[43.423s] -- Installing: /home/zrk/engineer_up/engineer/install/point_lio/share/point_lio/local_setup.bash
[43.423s] -- Installing: /home/zrk/engineer_up/engineer/install/point_lio/share/point_lio/local_setup.sh
[43.424s] -- Installing: /home/zrk/engineer_up/engineer/install/point_lio/share/point_lio/local_setup.zsh
[43.424s] -- Installing: /home/zrk/engineer_up/engineer/install/point_lio/share/point_lio/local_setup.dsv
[43.424s] -- Installing: /home/zrk/engineer_up/engineer/install/point_lio/share/point_lio/package.dsv
[43.424s] -- Installing: /home/zrk/engineer_up/engineer/install/point_lio/share/ament_index/resource_index/packages/point_lio
[43.425s] -- Installing: /home/zrk/engineer_up/engineer/install/point_lio/share/point_lio/cmake/ament_cmake_export_dependencies-extras.cmake
[43.425s] -- Installing: /home/zrk/engineer_up/engineer/install/point_lio/share/point_lio/cmake/point_lioConfig.cmake
[43.425s] -- Installing: /home/zrk/engineer_up/engineer/install/point_lio/share/point_lio/cmake/point_lioConfig-version.cmake
[43.425s] -- Installing: /home/zrk/engineer_up/engineer/install/point_lio/share/point_lio/package.xml
[43.427s] Invoked command in '/home/zrk/engineer_up/engineer/build/point_lio' returned '0': AMENT_PREFIX_PATH=/home/zrk/engineer_up/engineer/install/livox_ros_driver2:${AMENT_PREFIX_PATH} CMAKE_PREFIX_PATH=/home/zrk/engineer_up/engineer/install/livox_ros_driver2:/opt/ros/humble LD_LIBRARY_PATH=/home/zrk/engineer_up/engineer/install/livox_ros_driver2/lib:${LD_LIBRARY_PATH} PYTHONPATH=/home/zrk/engineer_up/engineer/install/livox_ros_driver2/local/lib/python3.10/dist-packages:${PYTHONPATH} /usr/bin/cmake --install /home/zrk/engineer_up/engineer/build/point_lio
