[0.026s] Invoking command in '/home/nhs/engineer/build/linefit_ground_segmentation': CMAKE_PREFIX_PATH=${CMAKE_PREFIX_PATH}:/home/nhs/engineer/install/bubble_protocol:/opt/ros/humble /usr/bin/cmake /home/nhs/engineer/src/rm_perception/linefit_ground_segementation_ros2/linefit_ground_segmentation -DROS_EDITION=ROS2 -DHUMBLE_ROS=humble -DCMAKE_INSTALL_PREFIX=/home/nhs/engineer/install/linefit_ground_segmentation
[0.235s] -- The C compiler identification is GNU 11.4.0
[0.235s] -- The CXX compiler identification is GNU 11.4.0
[0.235s] -- Detecting C compiler ABI info
[0.235s] -- Detecting C compiler ABI info - done
[0.235s] -- Check for working C compiler: /usr/bin/cc - skipped
[0.235s] -- Detecting C compile features
[0.235s] -- Detecting C compile features - done
[0.235s] -- Detecting CXX compiler ABI info
[0.235s] -- Detecting CXX compiler ABI info - done
[0.238s] -- Check for working CXX compiler: /usr/bin/c++ - skipped
[0.238s] -- Detecting CXX compile features
[0.238s] -- Detecting CXX compile features - done
[0.238s] -- Found ament_cmake_auto: 1.3.12 (/opt/ros/humble/share/ament_cmake_auto/cmake)
[0.402s] -- Found Python3: /usr/bin/python3 (found version "3.10.12") found components: Interpreter 
[0.654s] -- Found rosidl_generator_c: 3.1.7 (/opt/ros/humble/share/rosidl_generator_c/cmake)
[0.659s] -- Found rosidl_adapter: 3.1.7 (/opt/ros/humble/share/rosidl_adapter/cmake)
[0.669s] -- Found rosidl_generator_cpp: 3.1.7 (/opt/ros/humble/share/rosidl_generator_cpp/cmake)
[0.681s] -- Using all available rosidl_typesupport_c: rosidl_typesupport_fastrtps_c;rosidl_typesupport_introspection_c
[0.702s] -- Using all available rosidl_typesupport_cpp: rosidl_typesupport_fastrtps_cpp;rosidl_typesupport_introspection_cpp
[0.756s] -- Found rmw_implementation_cmake: 6.1.2 (/opt/ros/humble/share/rmw_implementation_cmake/cmake)
[0.756s] -- Found rmw_fastrtps_cpp: 6.2.8 (/opt/ros/humble/share/rmw_fastrtps_cpp/cmake)
[0.940s] -- Found OpenSSL: /usr/lib/x86_64-linux-gnu/libcrypto.so (found version "3.0.2")  
[1.011s] -- Found FastRTPS: /opt/ros/humble/include  
[1.106s] -- Using RMW implementation 'rmw_fastrtps_cpp' as default
[1.132s] -- Looking for pthread.h
[1.312s] -- Looking for pthread.h - found
[1.312s] -- Performing Test CMAKE_HAVE_LIBC_PTHREAD
[1.540s] -- Performing Test CMAKE_HAVE_LIBC_PTHREAD - Success
[1.544s] -- Found Threads: TRUE  
[1.718s] -- Checking for module 'eigen3'
[1.752s] --   Found eigen3, version 3.4.0
[1.860s] -- Found Eigen: /usr/include/eigen3 (Required is at least version "3.1") 
[1.860s] -- Eigen found (include: /usr/include/eigen3, version: 3.4.0)
[1.906s] -- Checking for module 'flann'
[1.955s] --   Found flann, version 1.9.1
[2.070s] -- Found FLANN: /usr/lib/x86_64-linux-gnu/libflann_cpp.so  
[2.071s] -- FLANN found (include: /usr/include, lib: /usr/lib/x86_64-linux-gnu/libflann_cpp.so)
[4.444s] -- Checking for module 'libusb-1.0'
[4.483s] --   Found libusb-1.0, version 1.0.25
[4.574s] -- Found libusb: /usr/lib/x86_64-linux-gnu/libusb-1.0.so  
[4.574s] -- OpenNI found (version: 1.5.4.0, include: /usr/include/ni, lib: /usr/lib/libOpenNI.so;libusb::libusb)
[4.714s] -- OpenNI2 found (version: 2.2.0.33, include: /usr/include/openni2, lib: /usr/lib/x86_64-linux-gnu/libOpenNI2.so;libusb::libusb)
[5.148s] -- Eigen found (include: /usr/include/eigen3, version: 3.4.0)
[5.160s] -- OpenNI found (version: 1.5.4.0, include: /usr/include/ni, lib: /usr/lib/libOpenNI.so;libusb::libusb)
[5.183s] -- OpenNI2 found (version: 2.2.0.33, include: /usr/include/openni2, lib: /usr/lib/x86_64-linux-gnu/libOpenNI2.so;libusb::libusb)
[5.539s] -- Found Qhull version 8.0.2
[5.919s] -- OpenNI found (version: 1.5.4.0, include: /usr/include/ni, lib: /usr/lib/libOpenNI.so;libusb::libusb)
[6.250s] -- Found PCL_COMMON: /usr/lib/x86_64-linux-gnu/libpcl_common.so  
[6.251s] -- Found PCL_KDTREE: /usr/lib/x86_64-linux-gnu/libpcl_kdtree.so  
[6.253s] -- Found PCL_OCTREE: /usr/lib/x86_64-linux-gnu/libpcl_octree.so  
[6.254s] -- Found PCL_SEARCH: /usr/lib/x86_64-linux-gnu/libpcl_search.so  
[6.255s] -- Found PCL_SAMPLE_CONSENSUS: /usr/lib/x86_64-linux-gnu/libpcl_sample_consensus.so  
[6.257s] -- Found PCL_FILTERS: /usr/lib/x86_64-linux-gnu/libpcl_filters.so  
[6.259s] -- Found PCL_2D: /usr/include/pcl-1.12  
[6.259s] -- Found PCL_GEOMETRY: /usr/include/pcl-1.12  
[6.259s] -- Found PCL_IO: /usr/lib/x86_64-linux-gnu/libpcl_io.so  
[6.260s] -- Found PCL_FEATURES: /usr/lib/x86_64-linux-gnu/libpcl_features.so  
[6.260s] -- Found PCL_ML: /usr/lib/x86_64-linux-gnu/libpcl_ml.so  
[6.261s] -- Found PCL_SEGMENTATION: /usr/lib/x86_64-linux-gnu/libpcl_segmentation.so  
[6.277s] -- Found PCL_VISUALIZATION: /usr/lib/x86_64-linux-gnu/libpcl_visualization.so  
[6.287s] -- Found PCL_SURFACE: /usr/lib/x86_64-linux-gnu/libpcl_surface.so  
[6.298s] -- Found PCL_REGISTRATION: /usr/lib/x86_64-linux-gnu/libpcl_registration.so  
[6.303s] -- Found PCL_KEYPOINTS: /usr/lib/x86_64-linux-gnu/libpcl_keypoints.so  
[6.303s] -- Found PCL_TRACKING: /usr/lib/x86_64-linux-gnu/libpcl_tracking.so  
[6.305s] -- Found PCL_RECOGNITION: /usr/lib/x86_64-linux-gnu/libpcl_recognition.so  
[6.312s] -- Found PCL_STEREO: /usr/lib/x86_64-linux-gnu/libpcl_stereo.so  
[6.313s] -- Found PCL_APPS: /usr/lib/x86_64-linux-gnu/libpcl_apps.so  
[6.315s] -- Found PCL_IN_HAND_SCANNER: /usr/include/pcl-1.12  
[6.316s] -- Found PCL_MODELER: /usr/include/pcl-1.12  
[6.316s] -- Found PCL_POINT_CLOUD_EDITOR: /usr/include/pcl-1.12  
[6.318s] -- Found PCL_OUTOFCORE: /usr/lib/x86_64-linux-gnu/libpcl_outofcore.so  
[6.319s] -- Found PCL_PEOPLE: /usr/lib/x86_64-linux-gnu/libpcl_people.so  
[6.356s] -- Found eigen3_cmake_module: 0.1.1 (/opt/ros/humble/share/eigen3_cmake_module/cmake)
[6.360s] -- Found Eigen3: TRUE (found version "3.4.0") 
[6.360s] -- Ensuring Eigen3 include directory is part of orocos-kdl CMake target
[6.552s] [0mIn this package, headers install destination is set to `include` by ament_auto_package. It is recommended to install `include/linefit_ground_segmentation` instead and will be the default behavior of ament_auto_package from ROS 2 Kilted Kaiju. On distributions before Kilted, ament_auto_package behaves the same way when you use USE_SCOPED_HEADER_INSTALL_DIR option.[0m
[6.552s] -- Configuring done
[6.661s] -- Generating done
[6.681s] [33mCMake Warning:
[6.682s]   Manually-specified variables were not used by the project:
[6.682s] 
[6.682s]     HUMBLE_ROS
[6.682s]     ROS_EDITION
[6.682s] 
[6.682s] [0m
[6.706s] -- Build files have been written to: /home/nhs/engineer/build/linefit_ground_segmentation
[6.741s] Invoked command in '/home/nhs/engineer/build/linefit_ground_segmentation' returned '0': CMAKE_PREFIX_PATH=${CMAKE_PREFIX_PATH}:/home/nhs/engineer/install/bubble_protocol:/opt/ros/humble /usr/bin/cmake /home/nhs/engineer/src/rm_perception/linefit_ground_segementation_ros2/linefit_ground_segmentation -DROS_EDITION=ROS2 -DHUMBLE_ROS=humble -DCMAKE_INSTALL_PREFIX=/home/nhs/engineer/install/linefit_ground_segmentation
[6.742s] Invoking command in '/home/nhs/engineer/build/linefit_ground_segmentation': CMAKE_PREFIX_PATH=${CMAKE_PREFIX_PATH}:/home/nhs/engineer/install/bubble_protocol:/opt/ros/humble /usr/bin/cmake --build /home/nhs/engineer/build/linefit_ground_segmentation -- -j8 -l8
[6.895s] [ 20%] [32mBuilding CXX object CMakeFiles/linefit_ground_segmentation.dir/src/ground_segmentation.cc.o[0m
[6.905s] [ 40%] [32mBuilding CXX object CMakeFiles/linefit_ground_segmentation.dir/src/bin.cc.o[0m
[6.917s] [ 60%] [32mBuilding CXX object CMakeFiles/linefit_ground_segmentation.dir/src/segment.cc.o[0m
[6.919s] [ 80%] [32mBuilding CXX object CMakeFiles/linefit_ground_segmentation.dir/src/viewer.cc.o[0m
[21.292s] [100%] [32m[1mLinking CXX shared library liblinefit_ground_segmentation.so[0m
[21.787s] [100%] Built target linefit_ground_segmentation
[21.801s] Invoked command in '/home/nhs/engineer/build/linefit_ground_segmentation' returned '0': CMAKE_PREFIX_PATH=${CMAKE_PREFIX_PATH}:/home/nhs/engineer/install/bubble_protocol:/opt/ros/humble /usr/bin/cmake --build /home/nhs/engineer/build/linefit_ground_segmentation -- -j8 -l8
[21.804s] Invoking command in '/home/nhs/engineer/build/linefit_ground_segmentation': CMAKE_PREFIX_PATH=${CMAKE_PREFIX_PATH}:/home/nhs/engineer/install/bubble_protocol:/opt/ros/humble /usr/bin/cmake --install /home/nhs/engineer/build/linefit_ground_segmentation
[21.809s] -- Install configuration: ""
[21.810s] -- Installing: /home/nhs/engineer/install/linefit_ground_segmentation/include
[21.810s] -- Installing: /home/nhs/engineer/install/linefit_ground_segmentation/include/ground_segmentation
[21.811s] -- Installing: /home/nhs/engineer/install/linefit_ground_segmentation/include/ground_segmentation/ground_segmentation.h
[21.811s] -- Installing: /home/nhs/engineer/install/linefit_ground_segmentation/include/ground_segmentation/viewer.h
[21.811s] -- Installing: /home/nhs/engineer/install/linefit_ground_segmentation/include/ground_segmentation/segment.h
[21.811s] -- Installing: /home/nhs/engineer/install/linefit_ground_segmentation/include/ground_segmentation/typedefs.h
[21.811s] -- Installing: /home/nhs/engineer/install/linefit_ground_segmentation/include/ground_segmentation/bin.h
[21.811s] -- Installing: /home/nhs/engineer/install/linefit_ground_segmentation/share/linefit_ground_segmentation/environment/library_path.sh
[21.811s] -- Installing: /home/nhs/engineer/install/linefit_ground_segmentation/share/linefit_ground_segmentation/environment/library_path.dsv
[21.811s] -- Installing: /home/nhs/engineer/install/linefit_ground_segmentation/lib/liblinefit_ground_segmentation.so
[21.811s] -- Set runtime path of "/home/nhs/engineer/install/linefit_ground_segmentation/lib/liblinefit_ground_segmentation.so" to ""
[21.811s] -- Installing: /home/nhs/engineer/install/linefit_ground_segmentation/share/ament_index/resource_index/package_run_dependencies/linefit_ground_segmentation
[21.811s] -- Installing: /home/nhs/engineer/install/linefit_ground_segmentation/share/ament_index/resource_index/parent_prefix_path/linefit_ground_segmentation
[21.811s] -- Installing: /home/nhs/engineer/install/linefit_ground_segmentation/share/linefit_ground_segmentation/environment/ament_prefix_path.sh
[21.812s] -- Installing: /home/nhs/engineer/install/linefit_ground_segmentation/share/linefit_ground_segmentation/environment/ament_prefix_path.dsv
[21.812s] -- Installing: /home/nhs/engineer/install/linefit_ground_segmentation/share/linefit_ground_segmentation/environment/path.sh
[21.812s] -- Installing: /home/nhs/engineer/install/linefit_ground_segmentation/share/linefit_ground_segmentation/environment/path.dsv
[21.812s] -- Installing: /home/nhs/engineer/install/linefit_ground_segmentation/share/linefit_ground_segmentation/local_setup.bash
[21.812s] -- Installing: /home/nhs/engineer/install/linefit_ground_segmentation/share/linefit_ground_segmentation/local_setup.sh
[21.812s] -- Installing: /home/nhs/engineer/install/linefit_ground_segmentation/share/linefit_ground_segmentation/local_setup.zsh
[21.812s] -- Installing: /home/nhs/engineer/install/linefit_ground_segmentation/share/linefit_ground_segmentation/local_setup.dsv
[21.812s] -- Installing: /home/nhs/engineer/install/linefit_ground_segmentation/share/linefit_ground_segmentation/package.dsv
[21.812s] -- Installing: /home/nhs/engineer/install/linefit_ground_segmentation/share/ament_index/resource_index/packages/linefit_ground_segmentation
[21.813s] -- Installing: /home/nhs/engineer/install/linefit_ground_segmentation/share/linefit_ground_segmentation/cmake/ament_cmake_export_dependencies-extras.cmake
[21.813s] -- Installing: /home/nhs/engineer/install/linefit_ground_segmentation/share/linefit_ground_segmentation/cmake/ament_cmake_export_include_directories-extras.cmake
[21.813s] -- Installing: /home/nhs/engineer/install/linefit_ground_segmentation/share/linefit_ground_segmentation/cmake/ament_cmake_export_libraries-extras.cmake
[21.813s] -- Installing: /home/nhs/engineer/install/linefit_ground_segmentation/share/linefit_ground_segmentation/cmake/linefit_ground_segmentationConfig.cmake
[21.813s] -- Installing: /home/nhs/engineer/install/linefit_ground_segmentation/share/linefit_ground_segmentation/cmake/linefit_ground_segmentationConfig-version.cmake
[21.813s] -- Installing: /home/nhs/engineer/install/linefit_ground_segmentation/share/linefit_ground_segmentation/package.xml
[21.816s] Invoked command in '/home/nhs/engineer/build/linefit_ground_segmentation' returned '0': CMAKE_PREFIX_PATH=${CMAKE_PREFIX_PATH}:/home/nhs/engineer/install/bubble_protocol:/opt/ros/humble /usr/bin/cmake --install /home/nhs/engineer/build/linefit_ground_segmentation
