[0.229s] Invoking command in '/home/nhs/engineer/build/rm_description': CMAKE_PREFIX_PATH=/opt/ros/humble /usr/bin/cmake /home/nhs/engineer/src/rm_description -DCMAKE_INSTALL_PREFIX=/home/nhs/engineer/install/rm_description
[0.629s] -- The C compiler identification is GNU 11.4.0
[0.634s] -- The CXX compiler identification is GNU 11.4.0
[0.634s] -- Detecting C compiler ABI info
[0.635s] -- Detecting C compiler ABI info - done
[0.635s] -- Check for working C compiler: /usr/bin/cc - skipped
[0.635s] -- Detecting C compile features
[0.635s] -- Detecting C compile features - done
[0.635s] -- Detecting CXX compiler ABI info
[0.635s] -- Detecting CXX compiler ABI info - done
[0.635s] -- Check for working CXX compiler: /usr/bin/c++ - skipped
[0.635s] -- Detecting CXX compile features
[0.635s] -- Detecting CXX compile features - done
[0.635s] -- Found ament_cmake: 1.3.12 (/opt/ros/humble/share/ament_cmake/cmake)
[0.856s] -- Found Python3: /usr/bin/python3 (found version "3.10.12") found components: Interpreter 
[1.087s] -- Found ament_lint_auto: 0.12.14 (/opt/ros/humble/share/ament_lint_auto/cmake)
[1.270s] -- Added test 'flake8' to check Python code syntax and style conventions
[1.271s] -- Added test 'lint_cmake' to check CMake code style
[1.271s] -- Added test 'pep257' to check Python code against some of the docstring style conventions in PEP 257
[1.272s] -- Added test 'xmllint' to check XML markup files
[1.275s] -- Configuring done
[1.284s] -- Generating done
[1.306s] -- Build files have been written to: /home/nhs/engineer/build/rm_description
[1.316s] Invoked command in '/home/nhs/engineer/build/rm_description' returned '0': CMAKE_PREFIX_PATH=/opt/ros/humble /usr/bin/cmake /home/nhs/engineer/src/rm_description -DCMAKE_INSTALL_PREFIX=/home/nhs/engineer/install/rm_description
[1.316s] Invoking command in '/home/nhs/engineer/build/rm_description': CMAKE_PREFIX_PATH=/opt/ros/humble /usr/bin/cmake --build /home/nhs/engineer/build/rm_description -- -j8 -l8
[3.248s] Invoked command in '/home/nhs/engineer/build/rm_description' returned '0': CMAKE_PREFIX_PATH=/opt/ros/humble /usr/bin/cmake --build /home/nhs/engineer/build/rm_description -- -j8 -l8
[3.248s] Invoking command in '/home/nhs/engineer/build/rm_description': CMAKE_PREFIX_PATH=/opt/ros/humble /usr/bin/cmake --install /home/nhs/engineer/build/rm_description
[3.312s] -- Install configuration: ""
[3.312s] -- Installing: /home/nhs/engineer/install/rm_description/share/rm_description/launch
[3.312s] -- Installing: /home/nhs/engineer/install/rm_description/share/rm_description/launch/model.launch.py
[3.312s] -- Installing: /home/nhs/engineer/install/rm_description/share/rm_description/launch/view_model.launch.py
[3.312s] -- Installing: /home/nhs/engineer/install/rm_description/share/rm_description/launch/view_model.rviz
[3.313s] -- Installing: /home/nhs/engineer/install/rm_description/share/rm_description/urdf
[3.313s] -- Installing: /home/nhs/engineer/install/rm_description/share/rm_description/urdf/engineer.urdf.xacro
[3.313s] -- Installing: /home/nhs/engineer/install/rm_description/share/ament_index/resource_index/package_run_dependencies/rm_description
[3.313s] -- Installing: /home/nhs/engineer/install/rm_description/share/ament_index/resource_index/parent_prefix_path/rm_description
[3.313s] -- Installing: /home/nhs/engineer/install/rm_description/share/rm_description/environment/ament_prefix_path.sh
[3.313s] -- Installing: /home/nhs/engineer/install/rm_description/share/rm_description/environment/ament_prefix_path.dsv
[3.313s] -- Installing: /home/nhs/engineer/install/rm_description/share/rm_description/environment/path.sh
[3.313s] -- Installing: /home/nhs/engineer/install/rm_description/share/rm_description/environment/path.dsv
[3.313s] -- Installing: /home/nhs/engineer/install/rm_description/share/rm_description/local_setup.bash
[3.313s] -- Installing: /home/nhs/engineer/install/rm_description/share/rm_description/local_setup.sh
[3.319s] -- Installing: /home/nhs/engineer/install/rm_description/share/rm_description/local_setup.zsh
[3.319s] -- Installing: /home/nhs/engineer/install/rm_description/share/rm_description/local_setup.dsv
[3.319s] -- Installing: /home/nhs/engineer/install/rm_description/share/rm_description/package.dsv
[3.319s] -- Installing: /home/nhs/engineer/install/rm_description/share/ament_index/resource_index/packages/rm_description
[3.319s] -- Installing: /home/nhs/engineer/install/rm_description/share/rm_description/cmake/rm_descriptionConfig.cmake
[3.319s] -- Installing: /home/nhs/engineer/install/rm_description/share/rm_description/cmake/rm_descriptionConfig-version.cmake
[3.319s] -- Installing: /home/nhs/engineer/install/rm_description/share/rm_description/package.xml
[3.320s] Invoked command in '/home/nhs/engineer/build/rm_description' returned '0': CMAKE_PREFIX_PATH=/opt/ros/humble /usr/bin/cmake --install /home/nhs/engineer/build/rm_description
