[0.022s] Invoking command in '/home/nhs/engineer/build/livox_ros_driver2': CMAKE_PREFIX_PATH=${CMAKE_PREFIX_PATH}:/home/nhs/engineer/install/bubble_protocol:/opt/ros/humble /usr/bin/cmake /home/nhs/engineer/src/rm_driver/livox_ros_driver2 -DROS_EDITION=ROS2 -DHUMBLE_ROS=humble -DCMAKE_INSTALL_PREFIX=/home/nhs/engineer/install/livox_ros_driver2
[0.234s] -- The C compiler identification is GNU 11.4.0
[0.234s] -- The CXX compiler identification is GNU 11.4.0
[0.234s] -- Detecting C compiler ABI info
[0.234s] -- Detecting C compiler ABI info - done
[0.234s] -- Check for working C compiler: /usr/bin/cc - skipped
[0.234s] -- Detecting C compile features
[0.234s] -- Detecting C compile features - done
[0.234s] -- Detecting CXX compiler ABI info
[0.234s] -- Detecting CXX compiler ABI info - done
[0.234s] -- Check for working CXX compiler: /usr/bin/c++ - skipped
[0.234s] -- Detecting CXX compile features
[0.234s] -- Detecting CXX compile features - done
[0.234s] -- livox_ros_driver2 version: 1.2.4
[0.235s] -- Found ament_cmake_auto: 1.3.12 (/opt/ros/humble/share/ament_cmake_auto/cmake)
[0.401s] -- Found Python3: /usr/bin/python3 (found version "3.10.12") found components: Interpreter 
[0.584s] -- Using all available rosidl_typesupport_c: rosidl_typesupport_fastrtps_c;rosidl_typesupport_introspection_c
[0.591s] -- Found rosidl_adapter: 3.1.7 (/opt/ros/humble/share/rosidl_adapter/cmake)
[0.640s] -- Using all available rosidl_typesupport_cpp: rosidl_typesupport_fastrtps_cpp;rosidl_typesupport_introspection_cpp
[0.741s] -- Found rmw_implementation_cmake: 6.1.2 (/opt/ros/humble/share/rmw_implementation_cmake/cmake)
[0.744s] -- Found rmw_fastrtps_cpp: 6.2.8 (/opt/ros/humble/share/rmw_fastrtps_cpp/cmake)
[0.919s] -- Found OpenSSL: /usr/lib/x86_64-linux-gnu/libcrypto.so (found version "3.0.2")  
[0.970s] -- Found FastRTPS: /opt/ros/humble/include  
[1.082s] -- Using RMW implementation 'rmw_fastrtps_cpp' as default
[1.095s] -- Looking for pthread.h
[1.273s] -- Looking for pthread.h - found
[1.274s] -- Performing Test CMAKE_HAVE_LIBC_PTHREAD
[1.418s] -- Performing Test CMAKE_HAVE_LIBC_PTHREAD - Success
[1.424s] -- Found Threads: TRUE  
[1.785s] -- Checking for module 'eigen3'
[1.817s] --   Found eigen3, version 3.4.0
[1.912s] -- Found Eigen: /usr/include/eigen3 (Required is at least version "3.1") 
[1.912s] -- Eigen found (include: /usr/include/eigen3, version: 3.4.0)
[2.010s] -- Checking for module 'flann'
[2.041s] --   Found flann, version 1.9.1
[2.171s] -- Found FLANN: /usr/lib/x86_64-linux-gnu/libflann_cpp.so  
[2.171s] -- FLANN found (include: /usr/include, lib: /usr/lib/x86_64-linux-gnu/libflann_cpp.so)
[4.537s] -- Checking for module 'libusb-1.0'
[4.578s] --   Found libusb-1.0, version 1.0.25
[4.666s] -- Found libusb: /usr/lib/x86_64-linux-gnu/libusb-1.0.so  
[4.667s] -- OpenNI found (version: 1.5.4.0, include: /usr/include/ni, lib: /usr/lib/libOpenNI.so;libusb::libusb)
[4.818s] -- OpenNI2 found (version: 2.2.0.33, include: /usr/include/openni2, lib: /usr/lib/x86_64-linux-gnu/libOpenNI2.so;libusb::libusb)
[5.265s] -- Eigen found (include: /usr/include/eigen3, version: 3.4.0)
[5.277s] -- OpenNI found (version: 1.5.4.0, include: /usr/include/ni, lib: /usr/lib/libOpenNI.so;libusb::libusb)
[5.296s] -- OpenNI2 found (version: 2.2.0.33, include: /usr/include/openni2, lib: /usr/lib/x86_64-linux-gnu/libOpenNI2.so;libusb::libusb)
[5.695s] -- Found Qhull version 8.0.2
[6.027s] -- OpenNI found (version: 1.5.4.0, include: /usr/include/ni, lib: /usr/lib/libOpenNI.so;libusb::libusb)
[6.301s] -- Found PCL_COMMON: /usr/lib/x86_64-linux-gnu/libpcl_common.so  
[6.303s] -- Found PCL_KDTREE: /usr/lib/x86_64-linux-gnu/libpcl_kdtree.so  
[6.304s] -- Found PCL_OCTREE: /usr/lib/x86_64-linux-gnu/libpcl_octree.so  
[6.306s] -- Found PCL_SEARCH: /usr/lib/x86_64-linux-gnu/libpcl_search.so  
[6.307s] -- Found PCL_SAMPLE_CONSENSUS: /usr/lib/x86_64-linux-gnu/libpcl_sample_consensus.so  
[6.309s] -- Found PCL_FILTERS: /usr/lib/x86_64-linux-gnu/libpcl_filters.so  
[6.310s] -- Found PCL_2D: /usr/include/pcl-1.12  
[6.311s] -- Found PCL_GEOMETRY: /usr/include/pcl-1.12  
[6.312s] -- Found PCL_IO: /usr/lib/x86_64-linux-gnu/libpcl_io.so  
[6.314s] -- Found PCL_FEATURES: /usr/lib/x86_64-linux-gnu/libpcl_features.so  
[6.315s] -- Found PCL_ML: /usr/lib/x86_64-linux-gnu/libpcl_ml.so  
[6.316s] -- Found PCL_SEGMENTATION: /usr/lib/x86_64-linux-gnu/libpcl_segmentation.so  
[6.326s] -- Found PCL_VISUALIZATION: /usr/lib/x86_64-linux-gnu/libpcl_visualization.so  
[6.327s] -- Found PCL_SURFACE: /usr/lib/x86_64-linux-gnu/libpcl_surface.so  
[6.327s] -- Found PCL_REGISTRATION: /usr/lib/x86_64-linux-gnu/libpcl_registration.so  
[6.334s] -- Found PCL_KEYPOINTS: /usr/lib/x86_64-linux-gnu/libpcl_keypoints.so  
[6.335s] -- Found PCL_TRACKING: /usr/lib/x86_64-linux-gnu/libpcl_tracking.so  
[6.346s] -- Found PCL_RECOGNITION: /usr/lib/x86_64-linux-gnu/libpcl_recognition.so  
[6.355s] -- Found PCL_STEREO: /usr/lib/x86_64-linux-gnu/libpcl_stereo.so  
[6.355s] -- Found PCL_APPS: /usr/lib/x86_64-linux-gnu/libpcl_apps.so  
[6.355s] -- Found PCL_IN_HAND_SCANNER: /usr/include/pcl-1.12  
[6.355s] -- Found PCL_MODELER: /usr/include/pcl-1.12  
[6.359s] -- Found PCL_POINT_CLOUD_EDITOR: /usr/include/pcl-1.12  
[6.366s] -- Found PCL_OUTOFCORE: /usr/lib/x86_64-linux-gnu/libpcl_outofcore.so  
[6.371s] -- Found PCL_PEOPLE: /usr/lib/x86_64-linux-gnu/libpcl_people.so  
[6.430s] -- Found PkgConfig: /usr/bin/pkg-config (found version "0.29.2") 
[6.432s] -- Checking for module 'apr-1'
[6.438s] --   No package 'apr-1' found
[7.222s] -- Found ament_cmake_ros: 0.10.0 (/opt/ros/humble/share/ament_cmake_ros/cmake)
[8.075s] -- Using all available rosidl_typesupport_c: rosidl_typesupport_fastrtps_c;rosidl_typesupport_introspection_c
[8.634s] -- Using all available rosidl_typesupport_cpp: rosidl_typesupport_fastrtps_cpp;rosidl_typesupport_introspection_cpp
[8.712s] -- Found PythonInterp: /usr/bin/python3 (found suitable version "3.10.12", minimum required is "3.6") 
[8.714s] -- Found python_cmake_module: 0.10.0 (/opt/ros/humble/share/python_cmake_module/cmake)
[8.792s] -- Found PythonLibs: /usr/lib/x86_64-linux-gnu/libpython3.10.so (found suitable version "3.10.12", minimum required is "3.5") 
[8.792s] -- Using PYTHON_EXECUTABLE: /usr/bin/python3
[8.793s] -- Using PYTHON_INCLUDE_DIRS: /usr/include/python3.10
[8.793s] -- Using PYTHON_LIBRARIES: /usr/lib/x86_64-linux-gnu/libpython3.10.so
[8.840s] -- Found PythonExtra: .so  
[9.159s] -- Found ament_lint_auto: 0.12.14 (/opt/ros/humble/share/ament_lint_auto/cmake)
[9.249s] -- Added test 'copyright' to check source files copyright and LICENSE
[9.261s] -- Added test 'cppcheck' to perform static code analysis on C / C++ code
[9.267s] -- Configured cppcheck include dirs: /home/nhs/engineer/src/rm_driver/livox_ros_driver2/3rdparty;/home/nhs/engineer/src/rm_driver/livox_ros_driver2/src
[9.267s] -- Configured cppcheck exclude dirs and/or files: 
[9.294s] -- Added test 'cpplint' to check C / C++ code against the Google style
[9.295s] -- Configured cpplint exclude dirs and/or files: 
[9.295s] -- Added test 'flake8' to check Python code syntax and style conventions
[9.301s] -- Added test 'lint_cmake' to check CMake code style
[9.310s] -- Added test 'pep257' to check Python code against some of the docstring style conventions in PEP 257
[9.314s] -- Added test 'uncrustify' to check C / C++ code style
[9.330s] -- Configured uncrustify additional arguments: 
[9.331s] -- Added test 'xmllint' to check XML markup files
[9.342s] -- Configuring done
[9.674s] -- Generating done
[9.789s] -- Build files have been written to: /home/nhs/engineer/build/livox_ros_driver2
[9.916s] Invoked command in '/home/nhs/engineer/build/livox_ros_driver2' returned '0': CMAKE_PREFIX_PATH=${CMAKE_PREFIX_PATH}:/home/nhs/engineer/install/bubble_protocol:/opt/ros/humble /usr/bin/cmake /home/nhs/engineer/src/rm_driver/livox_ros_driver2 -DROS_EDITION=ROS2 -DHUMBLE_ROS=humble -DCMAKE_INSTALL_PREFIX=/home/nhs/engineer/install/livox_ros_driver2
[9.916s] Invoking command in '/home/nhs/engineer/build/livox_ros_driver2': CMAKE_PREFIX_PATH=${CMAKE_PREFIX_PATH}:/home/nhs/engineer/install/bubble_protocol:/opt/ros/humble /usr/bin/cmake --build /home/nhs/engineer/build/livox_ros_driver2 -- -j8 -l8
[10.054s] [  1%] [34m[1mGenerating C code for ROS interfaces[0m
[10.068s] [  3%] [34m[1mGenerating C++ code for ROS interfaces[0m
[10.896s] [  3%] Built target livox_interfaces2__cpp
[10.970s] [  5%] [32mBuilding CXX object CMakeFiles/livox_ros_driver2_node.dir/rclcpp_components/node_main_livox_ros_driver2_node.cpp.o[0m
[11.858s] [  7%] [32mBuilding C object CMakeFiles/livox_interfaces2__rosidl_generator_c.dir/rosidl_generator_c/livox_ros_driver2/msg/detail/custom_point__functions.c.o[0m
[11.864s] [  8%] [32mBuilding C object CMakeFiles/livox_interfaces2__rosidl_generator_c.dir/rosidl_generator_c/livox_ros_driver2/msg/detail/custom_msg__functions.c.o[0m
[12.035s] [ 10%] [32m[1mLinking C shared library liblivox_ros_driver2__rosidl_generator_c.so[0m
[12.150s] [ 10%] Built target livox_interfaces2__rosidl_generator_c
[12.182s] [ 12%] [34m[1mGenerating C++ introspection for ROS interfaces[0m
[13.428s] [ 14%] [32mBuilding CXX object CMakeFiles/livox_interfaces2__rosidl_typesupport_introspection_cpp.dir/rosidl_typesupport_introspection_cpp/livox_ros_driver2/msg/detail/custom_point__type_support.cpp.o[0m
[14.480s] [ 15%] [32mBuilding CXX object CMakeFiles/livox_interfaces2__rosidl_typesupport_introspection_cpp.dir/rosidl_typesupport_introspection_cpp/livox_ros_driver2/msg/detail/custom_msg__type_support.cpp.o[0m
[15.214s] [ 17%] [32m[1mLinking CXX shared library liblivox_ros_driver2__rosidl_typesupport_introspection_cpp.so[0m
[15.417s] [ 17%] Built target livox_interfaces2__rosidl_typesupport_introspection_cpp
[16.695s] [ 19%] [32m[1mLinking CXX executable livox_ros_driver2_node[0m
[17.047s] [ 19%] Built target livox_ros_driver2_node
[17.070s] [ 21%] [34m[1mGenerating C type support dispatch for ROS interfaces[0m
[17.800s] [ 22%] [32mBuilding CXX object CMakeFiles/livox_interfaces2__rosidl_typesupport_c.dir/rosidl_typesupport_c/livox_ros_driver2/msg/custom_point__type_support.cpp.o[0m
[17.840s] [ 24%] [32mBuilding CXX object CMakeFiles/livox_interfaces2__rosidl_typesupport_c.dir/rosidl_typesupport_c/livox_ros_driver2/msg/custom_msg__type_support.cpp.o[0m
[17.874s] [ 26%] [32m[1mLinking CXX shared library liblivox_ros_driver2__rosidl_typesupport_c.so[0m
[17.924s] [ 26%] Built target livox_interfaces2__rosidl_typesupport_c
[17.937s] [ 28%] [34m[1mGenerating C introspection for ROS interfaces[0m
[18.504s] [ 29%] [32mBuilding C object CMakeFiles/livox_interfaces2__rosidl_typesupport_introspection_c.dir/rosidl_typesupport_introspection_c/livox_ros_driver2/msg/detail/custom_point__type_support.c.o[0m
[18.541s] [ 31%] [32mBuilding C object CMakeFiles/livox_interfaces2__rosidl_typesupport_introspection_c.dir/rosidl_typesupport_introspection_c/livox_ros_driver2/msg/detail/custom_msg__type_support.c.o[0m
[18.584s] [ 33%] [32m[1mLinking C shared library liblivox_ros_driver2__rosidl_typesupport_introspection_c.so[0m
[18.617s] [ 33%] Built target livox_interfaces2__rosidl_typesupport_introspection_c
[18.629s] [ 35%] [34m[1mGenerating C type support for eProsima Fast-RTPS[0m
[19.241s] [ 36%] [32mBuilding CXX object CMakeFiles/livox_interfaces2__rosidl_typesupport_fastrtps_c.dir/rosidl_typesupport_fastrtps_c/livox_ros_driver2/msg/detail/custom_point__type_support_c.cpp.o[0m
[19.656s] [ 38%] [32mBuilding CXX object CMakeFiles/livox_interfaces2__rosidl_typesupport_fastrtps_c.dir/rosidl_typesupport_fastrtps_c/livox_ros_driver2/msg/detail/custom_msg__type_support_c.cpp.o[0m
[20.084s] [ 40%] [32m[1mLinking CXX shared library liblivox_ros_driver2__rosidl_typesupport_fastrtps_c.so[0m
[20.184s] [ 40%] Built target livox_interfaces2__rosidl_typesupport_fastrtps_c
[20.195s] [ 42%] [34m[1mGenerating C++ type support for eProsima Fast-RTPS[0m
[20.761s] [ 43%] [32mBuilding CXX object CMakeFiles/livox_interfaces2__rosidl_typesupport_fastrtps_cpp.dir/rosidl_typesupport_fastrtps_cpp/livox_ros_driver2/msg/detail/dds_fastrtps/custom_point__type_support.cpp.o[0m
[21.106s] [ 45%] [32mBuilding CXX object CMakeFiles/livox_interfaces2__rosidl_typesupport_fastrtps_cpp.dir/rosidl_typesupport_fastrtps_cpp/livox_ros_driver2/msg/detail/dds_fastrtps/custom_msg__type_support.cpp.o[0m
[21.526s] [ 47%] [32m[1mLinking CXX shared library liblivox_ros_driver2__rosidl_typesupport_fastrtps_cpp.so[0m
[21.598s] [ 47%] Built target livox_interfaces2__rosidl_typesupport_fastrtps_cpp
[21.606s] [ 49%] [34m[1mGenerating C++ type support dispatch for ROS interfaces[0m
[21.995s] [ 50%] [32mBuilding CXX object CMakeFiles/livox_interfaces2__rosidl_typesupport_cpp.dir/rosidl_typesupport_cpp/livox_ros_driver2/msg/custom_point__type_support.cpp.o[0m
[22.330s] [ 52%] [32mBuilding CXX object CMakeFiles/livox_interfaces2__rosidl_typesupport_cpp.dir/rosidl_typesupport_cpp/livox_ros_driver2/msg/custom_msg__type_support.cpp.o[0m
[22.530s] [ 54%] [32m[1mLinking CXX shared library liblivox_ros_driver2__rosidl_typesupport_cpp.so[0m
[22.565s] [ 54%] Built target livox_interfaces2__rosidl_typesupport_cpp
[22.587s] [ 54%] Built target ament_cmake_python_copy_livox_ros_driver2
[22.604s] [ 56%] [32mBuilding CXX object CMakeFiles/livox_ros_driver2.dir/src/livox_ros_driver2.cpp.o[0m
[28.348s] [ 57%] [32mBuilding CXX object CMakeFiles/livox_ros_driver2.dir/src/comm/comm.cpp.o[0m
[28.819s] [ 59%] [32mBuilding CXX object CMakeFiles/livox_ros_driver2.dir/src/comm/ldq.cpp.o[0m
[29.277s] [ 61%] [32mBuilding CXX object CMakeFiles/livox_ros_driver2.dir/src/comm/semaphore.cpp.o[0m
[29.548s] [ 63%] [32mBuilding CXX object CMakeFiles/livox_ros_driver2.dir/src/comm/lidar_imu_data_queue.cpp.o[0m
[29.817s] [ 64%] [32mBuilding CXX object CMakeFiles/livox_ros_driver2.dir/src/comm/cache_index.cpp.o[0m
[30.378s] [ 66%] [32mBuilding CXX object CMakeFiles/livox_ros_driver2.dir/src/comm/pub_handler.cpp.o[0m
[31.369s] [ 68%] [32mBuilding CXX object CMakeFiles/livox_ros_driver2.dir/src/parse_cfg_file/parse_cfg_file.cpp.o[0m
[31.989s] [ 70%] [32mBuilding CXX object CMakeFiles/livox_ros_driver2.dir/src/parse_cfg_file/parse_livox_lidar_cfg.cpp.o[0m
[32.635s] [ 71%] [32mBuilding CXX object CMakeFiles/livox_ros_driver2.dir/src/call_back/lidar_common_callback.cpp.o[0m
[33.163s] [ 73%] [32mBuilding CXX object CMakeFiles/livox_ros_driver2.dir/src/call_back/livox_lidar_callback.cpp.o[0m
[33.994s] [ 75%] [32mBuilding CXX object CMakeFiles/livox_ros_driver2.dir/src/lds_lidar.cpp.o[0m
[35.047s] [ 77%] [32mBuilding CXX object CMakeFiles/livox_ros_driver2.dir/src/lds.cpp.o[0m
[35.921s] [ 78%] [32mBuilding CXX object CMakeFiles/livox_ros_driver2.dir/src/driver_node.cpp.o[0m
[40.681s] [ 80%] [32mBuilding CXX object CMakeFiles/livox_ros_driver2.dir/src/lddc.cpp.o[0m
[48.731s] [ 82%] [32m[1mLinking CXX shared library liblivox_ros_driver2.so[0m
[49.279s] [ 82%] Built target livox_ros_driver2
[49.293s] [ 82%] Built target livox_interfaces2
[49.307s] [ 84%] [34m[1mGenerating Python code for ROS interfaces[0m
[49.444s] running egg_info
[49.444s] creating livox_ros_driver2.egg-info
[49.444s] writing livox_ros_driver2.egg-info/PKG-INFO
[49.444s] writing dependency_links to livox_ros_driver2.egg-info/dependency_links.txt
[49.445s] writing top-level names to livox_ros_driver2.egg-info/top_level.txt
[49.445s] writing manifest file 'livox_ros_driver2.egg-info/SOURCES.txt'
[49.446s] reading manifest file 'livox_ros_driver2.egg-info/SOURCES.txt'
[49.447s] writing manifest file 'livox_ros_driver2.egg-info/SOURCES.txt'
[49.472s] [ 84%] Built target ament_cmake_python_build_livox_ros_driver2_egg
[49.823s] [ 84%] Built target livox_interfaces2__py
[49.838s] [ 87%] [32mBuilding C object CMakeFiles/livox_interfaces2__rosidl_generator_py.dir/rosidl_generator_py/livox_ros_driver2/msg/_custom_point_s.c.o[0m
[49.838s] [ 87%] [32mBuilding C object CMakeFiles/livox_interfaces2__rosidl_generator_py.dir/rosidl_generator_py/livox_ros_driver2/msg/_custom_msg_s.c.o[0m
[49.928s] [ 89%] [32m[1mLinking C shared library rosidl_generator_py/livox_ros_driver2/liblivox_interfaces2__rosidl_generator_py.so[0m
[49.959s] [ 89%] Built target livox_interfaces2__rosidl_generator_py
[49.973s] [ 92%] [32mBuilding C object CMakeFiles/livox_ros_driver2__rosidl_typesupport_fastrtps_c__pyext.dir/rosidl_generator_py/livox_ros_driver2/_livox_ros_driver2_s.ep.rosidl_typesupport_fastrtps_c.c.o[0m
[49.973s] [ 92%] [32mBuilding C object CMakeFiles/livox_ros_driver2__rosidl_typesupport_introspection_c__pyext.dir/rosidl_generator_py/livox_ros_driver2/_livox_ros_driver2_s.ep.rosidl_typesupport_introspection_c.c.o[0m
[50.039s] [ 94%] [32m[1mLinking C shared library rosidl_generator_py/livox_ros_driver2/livox_ros_driver2_s__rosidl_typesupport_introspection_c.cpython-310-x86_64-linux-gnu.so[0m
[50.039s] [ 96%] [32m[1mLinking C shared library rosidl_generator_py/livox_ros_driver2/livox_ros_driver2_s__rosidl_typesupport_fastrtps_c.cpython-310-x86_64-linux-gnu.so[0m
[50.065s] [ 96%] Built target livox_ros_driver2__rosidl_typesupport_fastrtps_c__pyext
[50.065s] [ 96%] Built target livox_ros_driver2__rosidl_typesupport_introspection_c__pyext
[50.080s] [ 98%] [32mBuilding C object CMakeFiles/livox_ros_driver2__rosidl_typesupport_c__pyext.dir/rosidl_generator_py/livox_ros_driver2/_livox_ros_driver2_s.ep.rosidl_typesupport_c.c.o[0m
[50.144s] [100%] [32m[1mLinking C shared library rosidl_generator_py/livox_ros_driver2/livox_ros_driver2_s__rosidl_typesupport_c.cpython-310-x86_64-linux-gnu.so[0m
[50.169s] [100%] Built target livox_ros_driver2__rosidl_typesupport_c__pyext
[50.177s] Invoked command in '/home/nhs/engineer/build/livox_ros_driver2' returned '0': CMAKE_PREFIX_PATH=${CMAKE_PREFIX_PATH}:/home/nhs/engineer/install/bubble_protocol:/opt/ros/humble /usr/bin/cmake --build /home/nhs/engineer/build/livox_ros_driver2 -- -j8 -l8
[50.178s] Invoking command in '/home/nhs/engineer/build/livox_ros_driver2': CMAKE_PREFIX_PATH=${CMAKE_PREFIX_PATH}:/home/nhs/engineer/install/bubble_protocol:/opt/ros/humble /usr/bin/cmake --install /home/nhs/engineer/build/livox_ros_driver2
[50.184s] -- Install configuration: ""
[50.184s] -- Installing: /home/nhs/engineer/install/livox_ros_driver2/share/ament_index/resource_index/rosidl_interfaces/livox_ros_driver2
[50.184s] -- Installing: /home/nhs/engineer/install/livox_ros_driver2/include/livox_ros_driver2/livox_ros_driver2
[50.184s] -- Installing: /home/nhs/engineer/install/livox_ros_driver2/include/livox_ros_driver2/livox_ros_driver2/msg
[50.184s] -- Installing: /home/nhs/engineer/install/livox_ros_driver2/include/livox_ros_driver2/livox_ros_driver2/msg/custom_msg.h
[50.185s] -- Installing: /home/nhs/engineer/install/livox_ros_driver2/include/livox_ros_driver2/livox_ros_driver2/msg/rosidl_generator_c__visibility_control.h
[50.185s] -- Installing: /home/nhs/engineer/install/livox_ros_driver2/include/livox_ros_driver2/livox_ros_driver2/msg/detail
[50.185s] -- Installing: /home/nhs/engineer/install/livox_ros_driver2/include/livox_ros_driver2/livox_ros_driver2/msg/detail/custom_point__functions.h
[50.185s] -- Installing: /home/nhs/engineer/install/livox_ros_driver2/include/livox_ros_driver2/livox_ros_driver2/msg/detail/custom_point__type_support.h
[50.185s] -- Installing: /home/nhs/engineer/install/livox_ros_driver2/include/livox_ros_driver2/livox_ros_driver2/msg/detail/custom_msg__functions.c
[50.185s] -- Installing: /home/nhs/engineer/install/livox_ros_driver2/include/livox_ros_driver2/livox_ros_driver2/msg/detail/custom_msg__struct.h
[50.185s] -- Installing: /home/nhs/engineer/install/livox_ros_driver2/include/livox_ros_driver2/livox_ros_driver2/msg/detail/custom_msg__type_support.h
[50.185s] -- Installing: /home/nhs/engineer/install/livox_ros_driver2/include/livox_ros_driver2/livox_ros_driver2/msg/detail/custom_point__functions.c
[50.185s] -- Installing: /home/nhs/engineer/install/livox_ros_driver2/include/livox_ros_driver2/livox_ros_driver2/msg/detail/custom_msg__functions.h
[50.185s] -- Installing: /home/nhs/engineer/install/livox_ros_driver2/include/livox_ros_driver2/livox_ros_driver2/msg/detail/custom_point__struct.h
[50.185s] -- Installing: /home/nhs/engineer/install/livox_ros_driver2/include/livox_ros_driver2/livox_ros_driver2/msg/custom_point.h
[50.185s] -- Installing: /home/nhs/engineer/install/livox_ros_driver2/share/livox_ros_driver2/environment/library_path.sh
[50.185s] -- Installing: /home/nhs/engineer/install/livox_ros_driver2/share/livox_ros_driver2/environment/library_path.dsv
[50.185s] -- Installing: /home/nhs/engineer/install/livox_ros_driver2/lib/liblivox_ros_driver2__rosidl_generator_c.so
[50.185s] -- Set runtime path of "/home/nhs/engineer/install/livox_ros_driver2/lib/liblivox_ros_driver2__rosidl_generator_c.so" to ""
[50.186s] -- Up-to-date: /home/nhs/engineer/install/livox_ros_driver2/include/livox_ros_driver2/livox_ros_driver2
[50.186s] -- Up-to-date: /home/nhs/engineer/install/livox_ros_driver2/include/livox_ros_driver2/livox_ros_driver2/msg
[50.186s] -- Up-to-date: /home/nhs/engineer/install/livox_ros_driver2/include/livox_ros_driver2/livox_ros_driver2/msg/detail
[50.186s] -- Installing: /home/nhs/engineer/install/livox_ros_driver2/include/livox_ros_driver2/livox_ros_driver2/msg/detail/custom_point__rosidl_typesupport_fastrtps_c.h
[50.186s] -- Installing: /home/nhs/engineer/install/livox_ros_driver2/include/livox_ros_driver2/livox_ros_driver2/msg/detail/custom_msg__rosidl_typesupport_fastrtps_c.h
[50.186s] -- Installing: /home/nhs/engineer/install/livox_ros_driver2/include/livox_ros_driver2/livox_ros_driver2/msg/rosidl_typesupport_fastrtps_c__visibility_control.h
[50.186s] -- Installing: /home/nhs/engineer/install/livox_ros_driver2/lib/liblivox_ros_driver2__rosidl_typesupport_fastrtps_c.so
[50.186s] -- Set runtime path of "/home/nhs/engineer/install/livox_ros_driver2/lib/liblivox_ros_driver2__rosidl_typesupport_fastrtps_c.so" to ""
[50.186s] -- Up-to-date: /home/nhs/engineer/install/livox_ros_driver2/include/livox_ros_driver2/livox_ros_driver2
[50.186s] -- Up-to-date: /home/nhs/engineer/install/livox_ros_driver2/include/livox_ros_driver2/livox_ros_driver2/msg
[50.186s] -- Up-to-date: /home/nhs/engineer/install/livox_ros_driver2/include/livox_ros_driver2/livox_ros_driver2/msg/detail
[50.186s] -- Installing: /home/nhs/engineer/install/livox_ros_driver2/include/livox_ros_driver2/livox_ros_driver2/msg/detail/custom_point__rosidl_typesupport_introspection_c.h
[50.186s] -- Installing: /home/nhs/engineer/install/livox_ros_driver2/include/livox_ros_driver2/livox_ros_driver2/msg/detail/custom_msg__rosidl_typesupport_introspection_c.h
[50.186s] -- Installing: /home/nhs/engineer/install/livox_ros_driver2/include/livox_ros_driver2/livox_ros_driver2/msg/detail/custom_msg__type_support.c
[50.186s] -- Installing: /home/nhs/engineer/install/livox_ros_driver2/include/livox_ros_driver2/livox_ros_driver2/msg/detail/custom_point__type_support.c
[50.187s] -- Installing: /home/nhs/engineer/install/livox_ros_driver2/include/livox_ros_driver2/livox_ros_driver2/msg/rosidl_typesupport_introspection_c__visibility_control.h
[50.187s] -- Installing: /home/nhs/engineer/install/livox_ros_driver2/lib/liblivox_ros_driver2__rosidl_typesupport_introspection_c.so
[50.187s] -- Set runtime path of "/home/nhs/engineer/install/livox_ros_driver2/lib/liblivox_ros_driver2__rosidl_typesupport_introspection_c.so" to ""
[50.187s] -- Installing: /home/nhs/engineer/install/livox_ros_driver2/lib/liblivox_ros_driver2__rosidl_typesupport_c.so
[50.187s] -- Set runtime path of "/home/nhs/engineer/install/livox_ros_driver2/lib/liblivox_ros_driver2__rosidl_typesupport_c.so" to ""
[50.187s] -- Up-to-date: /home/nhs/engineer/install/livox_ros_driver2/include/livox_ros_driver2/livox_ros_driver2
[50.187s] -- Up-to-date: /home/nhs/engineer/install/livox_ros_driver2/include/livox_ros_driver2/livox_ros_driver2/msg
[50.187s] -- Up-to-date: /home/nhs/engineer/install/livox_ros_driver2/include/livox_ros_driver2/livox_ros_driver2/msg/detail
[50.187s] -- Installing: /home/nhs/engineer/install/livox_ros_driver2/include/livox_ros_driver2/livox_ros_driver2/msg/detail/custom_msg__type_support.hpp
[50.187s] -- Installing: /home/nhs/engineer/install/livox_ros_driver2/include/livox_ros_driver2/livox_ros_driver2/msg/detail/custom_point__struct.hpp
[50.187s] -- Installing: /home/nhs/engineer/install/livox_ros_driver2/include/livox_ros_driver2/livox_ros_driver2/msg/detail/custom_point__traits.hpp
[50.187s] -- Installing: /home/nhs/engineer/install/livox_ros_driver2/include/livox_ros_driver2/livox_ros_driver2/msg/detail/custom_msg__builder.hpp
[50.187s] -- Installing: /home/nhs/engineer/install/livox_ros_driver2/include/livox_ros_driver2/livox_ros_driver2/msg/detail/custom_point__type_support.hpp
[50.187s] -- Installing: /home/nhs/engineer/install/livox_ros_driver2/include/livox_ros_driver2/livox_ros_driver2/msg/detail/custom_msg__traits.hpp
[50.187s] -- Installing: /home/nhs/engineer/install/livox_ros_driver2/include/livox_ros_driver2/livox_ros_driver2/msg/detail/custom_msg__struct.hpp
[50.187s] -- Installing: /home/nhs/engineer/install/livox_ros_driver2/include/livox_ros_driver2/livox_ros_driver2/msg/detail/custom_point__builder.hpp
[50.188s] -- Installing: /home/nhs/engineer/install/livox_ros_driver2/include/livox_ros_driver2/livox_ros_driver2/msg/custom_point.hpp
[50.188s] -- Installing: /home/nhs/engineer/install/livox_ros_driver2/include/livox_ros_driver2/livox_ros_driver2/msg/custom_msg.hpp
[50.188s] -- Installing: /home/nhs/engineer/install/livox_ros_driver2/include/livox_ros_driver2/livox_ros_driver2/msg/rosidl_generator_cpp__visibility_control.hpp
[50.188s] -- Up-to-date: /home/nhs/engineer/install/livox_ros_driver2/include/livox_ros_driver2/livox_ros_driver2
[50.188s] -- Up-to-date: /home/nhs/engineer/install/livox_ros_driver2/include/livox_ros_driver2/livox_ros_driver2/msg
[50.188s] -- Up-to-date: /home/nhs/engineer/install/livox_ros_driver2/include/livox_ros_driver2/livox_ros_driver2/msg/detail
[50.188s] -- Installing: /home/nhs/engineer/install/livox_ros_driver2/include/livox_ros_driver2/livox_ros_driver2/msg/detail/custom_msg__rosidl_typesupport_fastrtps_cpp.hpp
[50.188s] -- Installing: /home/nhs/engineer/install/livox_ros_driver2/include/livox_ros_driver2/livox_ros_driver2/msg/detail/custom_point__rosidl_typesupport_fastrtps_cpp.hpp
[50.188s] -- Installing: /home/nhs/engineer/install/livox_ros_driver2/include/livox_ros_driver2/livox_ros_driver2/msg/detail/dds_fastrtps
[50.188s] -- Installing: /home/nhs/engineer/install/livox_ros_driver2/include/livox_ros_driver2/livox_ros_driver2/msg/rosidl_typesupport_fastrtps_cpp__visibility_control.h
[50.188s] -- Installing: /home/nhs/engineer/install/livox_ros_driver2/lib/liblivox_ros_driver2__rosidl_typesupport_fastrtps_cpp.so
[50.188s] -- Set runtime path of "/home/nhs/engineer/install/livox_ros_driver2/lib/liblivox_ros_driver2__rosidl_typesupport_fastrtps_cpp.so" to ""
[50.188s] -- Up-to-date: /home/nhs/engineer/install/livox_ros_driver2/include/livox_ros_driver2/livox_ros_driver2
[50.188s] -- Up-to-date: /home/nhs/engineer/install/livox_ros_driver2/include/livox_ros_driver2/livox_ros_driver2/msg
[50.188s] -- Up-to-date: /home/nhs/engineer/install/livox_ros_driver2/include/livox_ros_driver2/livox_ros_driver2/msg/detail
[50.188s] -- Installing: /home/nhs/engineer/install/livox_ros_driver2/include/livox_ros_driver2/livox_ros_driver2/msg/detail/custom_msg__rosidl_typesupport_introspection_cpp.hpp
[50.189s] -- Installing: /home/nhs/engineer/install/livox_ros_driver2/include/livox_ros_driver2/livox_ros_driver2/msg/detail/custom_msg__type_support.cpp
[50.189s] -- Installing: /home/nhs/engineer/install/livox_ros_driver2/include/livox_ros_driver2/livox_ros_driver2/msg/detail/custom_point__type_support.cpp
[50.189s] -- Installing: /home/nhs/engineer/install/livox_ros_driver2/include/livox_ros_driver2/livox_ros_driver2/msg/detail/custom_point__rosidl_typesupport_introspection_cpp.hpp
[50.189s] -- Installing: /home/nhs/engineer/install/livox_ros_driver2/lib/liblivox_ros_driver2__rosidl_typesupport_introspection_cpp.so
[50.189s] -- Set runtime path of "/home/nhs/engineer/install/livox_ros_driver2/lib/liblivox_ros_driver2__rosidl_typesupport_introspection_cpp.so" to ""
[50.189s] -- Installing: /home/nhs/engineer/install/livox_ros_driver2/lib/liblivox_ros_driver2__rosidl_typesupport_cpp.so
[50.189s] -- Set runtime path of "/home/nhs/engineer/install/livox_ros_driver2/lib/liblivox_ros_driver2__rosidl_typesupport_cpp.so" to ""
[50.189s] -- Installing: /home/nhs/engineer/install/livox_ros_driver2/share/livox_ros_driver2/environment/pythonpath.sh
[50.189s] -- Installing: /home/nhs/engineer/install/livox_ros_driver2/share/livox_ros_driver2/environment/pythonpath.dsv
[50.189s] -- Installing: /home/nhs/engineer/install/livox_ros_driver2/local/lib/python3.10/dist-packages/livox_ros_driver2-1.0.0-py3.10.egg-info
[50.189s] -- Installing: /home/nhs/engineer/install/livox_ros_driver2/local/lib/python3.10/dist-packages/livox_ros_driver2-1.0.0-py3.10.egg-info/dependency_links.txt
[50.189s] -- Installing: /home/nhs/engineer/install/livox_ros_driver2/local/lib/python3.10/dist-packages/livox_ros_driver2-1.0.0-py3.10.egg-info/top_level.txt
[50.189s] -- Installing: /home/nhs/engineer/install/livox_ros_driver2/local/lib/python3.10/dist-packages/livox_ros_driver2-1.0.0-py3.10.egg-info/PKG-INFO
[50.189s] -- Installing: /home/nhs/engineer/install/livox_ros_driver2/local/lib/python3.10/dist-packages/livox_ros_driver2-1.0.0-py3.10.egg-info/SOURCES.txt
[50.189s] -- Installing: /home/nhs/engineer/install/livox_ros_driver2/local/lib/python3.10/dist-packages/livox_ros_driver2
[50.190s] -- Installing: /home/nhs/engineer/install/livox_ros_driver2/local/lib/python3.10/dist-packages/livox_ros_driver2/_livox_ros_driver2_s.ep.rosidl_typesupport_c.c
[50.190s] -- Installing: /home/nhs/engineer/install/livox_ros_driver2/local/lib/python3.10/dist-packages/livox_ros_driver2/livox_ros_driver2_s__rosidl_typesupport_fastrtps_c.cpython-310-x86_64-linux-gnu.so
[50.190s] -- Installing: /home/nhs/engineer/install/livox_ros_driver2/local/lib/python3.10/dist-packages/livox_ros_driver2/liblivox_interfaces2__rosidl_generator_py.so
[50.190s] -- Installing: /home/nhs/engineer/install/livox_ros_driver2/local/lib/python3.10/dist-packages/livox_ros_driver2/livox_ros_driver2_s__rosidl_typesupport_introspection_c.cpython-310-x86_64-linux-gnu.so
[50.190s] -- Installing: /home/nhs/engineer/install/livox_ros_driver2/local/lib/python3.10/dist-packages/livox_ros_driver2/_livox_ros_driver2_s.ep.rosidl_typesupport_introspection_c.c
[50.190s] -- Installing: /home/nhs/engineer/install/livox_ros_driver2/local/lib/python3.10/dist-packages/livox_ros_driver2/__init__.py
[50.190s] -- Installing: /home/nhs/engineer/install/livox_ros_driver2/local/lib/python3.10/dist-packages/livox_ros_driver2/_livox_ros_driver2_s.ep.rosidl_typesupport_fastrtps_c.c
[50.190s] -- Installing: /home/nhs/engineer/install/livox_ros_driver2/local/lib/python3.10/dist-packages/livox_ros_driver2/msg
[50.190s] -- Installing: /home/nhs/engineer/install/livox_ros_driver2/local/lib/python3.10/dist-packages/livox_ros_driver2/msg/_custom_point_s.c
[50.190s] -- Installing: /home/nhs/engineer/install/livox_ros_driver2/local/lib/python3.10/dist-packages/livox_ros_driver2/msg/_custom_point.py
[50.190s] -- Installing: /home/nhs/engineer/install/livox_ros_driver2/local/lib/python3.10/dist-packages/livox_ros_driver2/msg/__init__.py
[50.190s] -- Installing: /home/nhs/engineer/install/livox_ros_driver2/local/lib/python3.10/dist-packages/livox_ros_driver2/msg/_custom_msg.py
[50.190s] -- Installing: /home/nhs/engineer/install/livox_ros_driver2/local/lib/python3.10/dist-packages/livox_ros_driver2/msg/_custom_msg_s.c
[50.190s] -- Installing: /home/nhs/engineer/install/livox_ros_driver2/local/lib/python3.10/dist-packages/livox_ros_driver2/livox_ros_driver2_s__rosidl_typesupport_c.cpython-310-x86_64-linux-gnu.so
[50.215s] Listing '/home/nhs/engineer/install/livox_ros_driver2/local/lib/python3.10/dist-packages/livox_ros_driver2'...
[50.215s] Compiling '/home/nhs/engineer/install/livox_ros_driver2/local/lib/python3.10/dist-packages/livox_ros_driver2/__init__.py'...
[50.215s] Listing '/home/nhs/engineer/install/livox_ros_driver2/local/lib/python3.10/dist-packages/livox_ros_driver2/msg'...
[50.215s] Compiling '/home/nhs/engineer/install/livox_ros_driver2/local/lib/python3.10/dist-packages/livox_ros_driver2/msg/__init__.py'...
[50.215s] Compiling '/home/nhs/engineer/install/livox_ros_driver2/local/lib/python3.10/dist-packages/livox_ros_driver2/msg/_custom_msg.py'...
[50.215s] Compiling '/home/nhs/engineer/install/livox_ros_driver2/local/lib/python3.10/dist-packages/livox_ros_driver2/msg/_custom_point.py'...
[50.218s] -- Installing: /home/nhs/engineer/install/livox_ros_driver2/local/lib/python3.10/dist-packages/livox_ros_driver2/livox_ros_driver2_s__rosidl_typesupport_fastrtps_c.cpython-310-x86_64-linux-gnu.so
[50.218s] -- Set runtime path of "/home/nhs/engineer/install/livox_ros_driver2/local/lib/python3.10/dist-packages/livox_ros_driver2/livox_ros_driver2_s__rosidl_typesupport_fastrtps_c.cpython-310-x86_64-linux-gnu.so" to ""
[50.218s] -- Installing: /home/nhs/engineer/install/livox_ros_driver2/local/lib/python3.10/dist-packages/livox_ros_driver2/livox_ros_driver2_s__rosidl_typesupport_introspection_c.cpython-310-x86_64-linux-gnu.so
[50.219s] -- Set runtime path of "/home/nhs/engineer/install/livox_ros_driver2/local/lib/python3.10/dist-packages/livox_ros_driver2/livox_ros_driver2_s__rosidl_typesupport_introspection_c.cpython-310-x86_64-linux-gnu.so" to ""
[50.219s] -- Installing: /home/nhs/engineer/install/livox_ros_driver2/local/lib/python3.10/dist-packages/livox_ros_driver2/livox_ros_driver2_s__rosidl_typesupport_c.cpython-310-x86_64-linux-gnu.so
[50.219s] -- Set runtime path of "/home/nhs/engineer/install/livox_ros_driver2/local/lib/python3.10/dist-packages/livox_ros_driver2/livox_ros_driver2_s__rosidl_typesupport_c.cpython-310-x86_64-linux-gnu.so" to ""
[50.219s] -- Installing: /home/nhs/engineer/install/livox_ros_driver2/lib/liblivox_interfaces2__rosidl_generator_py.so
[50.219s] -- Set runtime path of "/home/nhs/engineer/install/livox_ros_driver2/lib/liblivox_interfaces2__rosidl_generator_py.so" to ""
[50.219s] -- Installing: /home/nhs/engineer/install/livox_ros_driver2/share/livox_ros_driver2/msg/CustomPoint.idl
[50.219s] -- Installing: /home/nhs/engineer/install/livox_ros_driver2/share/livox_ros_driver2/msg/CustomMsg.idl
[50.219s] -- Installing: /home/nhs/engineer/install/livox_ros_driver2/share/livox_ros_driver2/msg/CustomPoint.msg
[50.219s] -- Installing: /home/nhs/engineer/install/livox_ros_driver2/share/livox_ros_driver2/msg/CustomMsg.msg
[50.220s] -- Installing: /home/nhs/engineer/install/livox_ros_driver2/lib/livox_ros_driver2/livox_ros_driver2_node
[50.220s] -- Set runtime path of "/home/nhs/engineer/install/livox_ros_driver2/lib/livox_ros_driver2/livox_ros_driver2_node" to ""
[50.220s] -- Installing: /home/nhs/engineer/install/livox_ros_driver2/lib/liblivox_ros_driver2.so
[50.222s] -- Set runtime path of "/home/nhs/engineer/install/livox_ros_driver2/lib/liblivox_ros_driver2.so" to ""
[50.222s] -- Installing: /home/nhs/engineer/install/livox_ros_driver2/share/livox_ros_driver2/config
[50.222s] -- Installing: /home/nhs/engineer/install/livox_ros_driver2/share/livox_ros_driver2/config/display_point_cloud_ROS2.rviz
[50.222s] -- Installing: /home/nhs/engineer/install/livox_ros_driver2/share/livox_ros_driver2/config/MID360_config.json
[50.222s] -- Installing: /home/nhs/engineer/install/livox_ros_driver2/share/livox_ros_driver2/config/display_point_cloud_ROS1.rviz
[50.222s] -- Installing: /home/nhs/engineer/install/livox_ros_driver2/share/livox_ros_driver2/config/HAP_config.json
[50.223s] -- Installing: /home/nhs/engineer/install/livox_ros_driver2/share/livox_ros_driver2/config/mixed_HAP_MID360_config.json
[50.223s] -- Installing: /home/nhs/engineer/install/livox_ros_driver2/share/livox_ros_driver2/launch_ROS2
[50.223s] -- Installing: /home/nhs/engineer/install/livox_ros_driver2/share/livox_ros_driver2/launch_ROS2/rviz_MID360_launch.py
[50.223s] -- Installing: /home/nhs/engineer/install/livox_ros_driver2/share/livox_ros_driver2/launch_ROS2/rviz_mixed.py
[50.223s] -- Installing: /home/nhs/engineer/install/livox_ros_driver2/share/livox_ros_driver2/launch_ROS2/msg_HAP_launch.py
[50.223s] -- Installing: /home/nhs/engineer/install/livox_ros_driver2/share/livox_ros_driver2/launch_ROS2/msg_MID360_custom_launch.py
[50.223s] -- Installing: /home/nhs/engineer/install/livox_ros_driver2/share/livox_ros_driver2/launch_ROS2/msg_MID360_cloud_launch.py
[50.223s] -- Installing: /home/nhs/engineer/install/livox_ros_driver2/share/livox_ros_driver2/launch_ROS2/rviz_HAP_launch.py
[50.223s] -- Installing: /home/nhs/engineer/install/livox_ros_driver2/share/ament_index/resource_index/package_run_dependencies/livox_ros_driver2
[50.223s] -- Installing: /home/nhs/engineer/install/livox_ros_driver2/share/ament_index/resource_index/parent_prefix_path/livox_ros_driver2
[50.223s] -- Installing: /home/nhs/engineer/install/livox_ros_driver2/share/livox_ros_driver2/environment/ament_prefix_path.sh
[50.224s] -- Installing: /home/nhs/engineer/install/livox_ros_driver2/share/livox_ros_driver2/environment/ament_prefix_path.dsv
[50.224s] -- Installing: /home/nhs/engineer/install/livox_ros_driver2/share/livox_ros_driver2/environment/path.sh
[50.224s] -- Installing: /home/nhs/engineer/install/livox_ros_driver2/share/livox_ros_driver2/environment/path.dsv
[50.224s] -- Installing: /home/nhs/engineer/install/livox_ros_driver2/share/livox_ros_driver2/local_setup.bash
[50.224s] -- Installing: /home/nhs/engineer/install/livox_ros_driver2/share/livox_ros_driver2/local_setup.sh
[50.224s] -- Installing: /home/nhs/engineer/install/livox_ros_driver2/share/livox_ros_driver2/local_setup.zsh
[50.224s] -- Installing: /home/nhs/engineer/install/livox_ros_driver2/share/livox_ros_driver2/local_setup.dsv
[50.224s] -- Installing: /home/nhs/engineer/install/livox_ros_driver2/share/livox_ros_driver2/package.dsv
[50.224s] -- Installing: /home/nhs/engineer/install/livox_ros_driver2/share/ament_index/resource_index/packages/livox_ros_driver2
[50.224s] -- Installing: /home/nhs/engineer/install/livox_ros_driver2/share/livox_ros_driver2/cmake/export_livox_interfaces2__rosidl_generator_cExport.cmake
[50.224s] -- Installing: /home/nhs/engineer/install/livox_ros_driver2/share/livox_ros_driver2/cmake/export_livox_interfaces2__rosidl_generator_cExport-noconfig.cmake
[50.224s] -- Installing: /home/nhs/engineer/install/livox_ros_driver2/share/livox_ros_driver2/cmake/export_livox_interfaces2__rosidl_typesupport_fastrtps_cExport.cmake
[50.224s] -- Installing: /home/nhs/engineer/install/livox_ros_driver2/share/livox_ros_driver2/cmake/export_livox_interfaces2__rosidl_typesupport_fastrtps_cExport-noconfig.cmake
[50.224s] -- Installing: /home/nhs/engineer/install/livox_ros_driver2/share/livox_ros_driver2/cmake/livox_interfaces2__rosidl_typesupport_introspection_cExport.cmake
[50.225s] -- Installing: /home/nhs/engineer/install/livox_ros_driver2/share/livox_ros_driver2/cmake/livox_interfaces2__rosidl_typesupport_introspection_cExport-noconfig.cmake
[50.225s] -- Installing: /home/nhs/engineer/install/livox_ros_driver2/share/livox_ros_driver2/cmake/livox_interfaces2__rosidl_typesupport_cExport.cmake
[50.225s] -- Installing: /home/nhs/engineer/install/livox_ros_driver2/share/livox_ros_driver2/cmake/livox_interfaces2__rosidl_typesupport_cExport-noconfig.cmake
[50.225s] -- Installing: /home/nhs/engineer/install/livox_ros_driver2/share/livox_ros_driver2/cmake/export_livox_interfaces2__rosidl_generator_cppExport.cmake
[50.225s] -- Installing: /home/nhs/engineer/install/livox_ros_driver2/share/livox_ros_driver2/cmake/export_livox_interfaces2__rosidl_typesupport_fastrtps_cppExport.cmake
[50.225s] -- Installing: /home/nhs/engineer/install/livox_ros_driver2/share/livox_ros_driver2/cmake/export_livox_interfaces2__rosidl_typesupport_fastrtps_cppExport-noconfig.cmake
[50.225s] -- Installing: /home/nhs/engineer/install/livox_ros_driver2/share/livox_ros_driver2/cmake/livox_interfaces2__rosidl_typesupport_introspection_cppExport.cmake
[50.225s] -- Installing: /home/nhs/engineer/install/livox_ros_driver2/share/livox_ros_driver2/cmake/livox_interfaces2__rosidl_typesupport_introspection_cppExport-noconfig.cmake
[50.225s] -- Installing: /home/nhs/engineer/install/livox_ros_driver2/share/livox_ros_driver2/cmake/livox_interfaces2__rosidl_typesupport_cppExport.cmake
[50.225s] -- Installing: /home/nhs/engineer/install/livox_ros_driver2/share/livox_ros_driver2/cmake/livox_interfaces2__rosidl_typesupport_cppExport-noconfig.cmake
[50.225s] -- Installing: /home/nhs/engineer/install/livox_ros_driver2/share/livox_ros_driver2/cmake/export_livox_interfaces2__rosidl_generator_pyExport.cmake
[50.225s] -- Installing: /home/nhs/engineer/install/livox_ros_driver2/share/livox_ros_driver2/cmake/export_livox_interfaces2__rosidl_generator_pyExport-noconfig.cmake
[50.225s] -- Installing: /home/nhs/engineer/install/livox_ros_driver2/share/ament_index/resource_index/rclcpp_components/livox_ros_driver2
[50.225s] -- Installing: /home/nhs/engineer/install/livox_ros_driver2/share/livox_ros_driver2/cmake/rosidl_cmake-extras.cmake
[50.226s] -- Installing: /home/nhs/engineer/install/livox_ros_driver2/share/livox_ros_driver2/cmake/ament_cmake_export_dependencies-extras.cmake
[50.226s] -- Installing: /home/nhs/engineer/install/livox_ros_driver2/share/livox_ros_driver2/cmake/ament_cmake_export_include_directories-extras.cmake
[50.226s] -- Installing: /home/nhs/engineer/install/livox_ros_driver2/share/livox_ros_driver2/cmake/ament_cmake_export_libraries-extras.cmake
[50.226s] -- Installing: /home/nhs/engineer/install/livox_ros_driver2/share/livox_ros_driver2/cmake/ament_cmake_export_targets-extras.cmake
[50.226s] -- Installing: /home/nhs/engineer/install/livox_ros_driver2/share/livox_ros_driver2/cmake/rosidl_cmake_export_typesupport_targets-extras.cmake
[50.226s] -- Installing: /home/nhs/engineer/install/livox_ros_driver2/share/livox_ros_driver2/cmake/rosidl_cmake_export_typesupport_libraries-extras.cmake
[50.226s] -- Installing: /home/nhs/engineer/install/livox_ros_driver2/share/livox_ros_driver2/cmake/livox_ros_driver2Config.cmake
[50.226s] -- Installing: /home/nhs/engineer/install/livox_ros_driver2/share/livox_ros_driver2/cmake/livox_ros_driver2Config-version.cmake
[50.226s] -- Installing: /home/nhs/engineer/install/livox_ros_driver2/share/livox_ros_driver2/package.xml
[50.228s] Invoked command in '/home/nhs/engineer/build/livox_ros_driver2' returned '0': CMAKE_PREFIX_PATH=${CMAKE_PREFIX_PATH}:/home/nhs/engineer/install/bubble_protocol:/opt/ros/humble /usr/bin/cmake --install /home/nhs/engineer/build/livox_ros_driver2
